[0] setting up environment

CommandNotFoundError: Your shell has not been properly configured to use 'conda activate'.
To initialize your shell, run

    $ conda init <SHELL_NAME>

Currently supported shells are:
  - bash
  - fish
  - tcsh
  - xonsh
  - zsh
  - powershell

See 'conda init --help' for more information and options.

IMPORTANT: You may need to close and restart your shell after running 'conda init'.


2020-03-09 22:48:40.094838: I tensorflow/stream_executor/platform/default/dso_loader.cc:42] Successfully opened dynamic library libcuda.so.1
2020-03-09 22:48:40.601731: I tensorflow/core/common_runtime/gpu/gpu_device.cc:1640] Found device 0 with properties: 
name: Tesla P100-PCIE-16GB major: 6 minor: 0 memoryClockRate(GHz): 1.3285
pciBusID: 0000:83:00.0
2020-03-09 22:48:40.604822: I tensorflow/stream_executor/platform/default/dso_loader.cc:42] Successfully opened dynamic library libcudart.so.10.0
2020-03-09 22:48:40.642772: I tensorflow/stream_executor/platform/default/dso_loader.cc:42] Successfully opened dynamic library libcublas.so.10.0
2020-03-09 22:48:40.688840: I tensorflow/stream_executor/platform/default/dso_loader.cc:42] Successfully opened dynamic library libcufft.so.10.0
2020-03-09 22:48:40.730507: I tensorflow/stream_executor/platform/default/dso_loader.cc:42] Successfully opened dynamic library libcurand.so.10.0
2020-03-09 22:48:40.781537: I tensorflow/stream_executor/platform/default/dso_loader.cc:42] Successfully opened dynamic library libcusolver.so.10.0
2020-03-09 22:48:40.804722: I tensorflow/stream_executor/platform/default/dso_loader.cc:42] Successfully opened dynamic library libcusparse.so.10.0
2020-03-09 22:48:40.867583: I tensorflow/stream_executor/platform/default/dso_loader.cc:42] Successfully opened dynamic library libcudnn.so.7
2020-03-09 22:48:40.869979: I tensorflow/core/common_runtime/gpu/gpu_device.cc:1763] Adding visible gpu devices: 0
2020-03-09 22:48:40.870582: I tensorflow/core/platform/cpu_feature_guard.cc:142] Your CPU supports instructions that this TensorFlow binary was not compiled to use: SSE4.1 SSE4.2 AVX AVX2 FMA
2020-03-09 22:48:40.881109: I tensorflow/core/platform/profile_utils/cpu_utils.cc:94] CPU Frequency: 2099945000 Hz
2020-03-09 22:48:40.884389: I tensorflow/compiler/xla/service/service.cc:168] XLA service 0x7f3af8635ec0 executing computations on platform Host. Devices:
2020-03-09 22:48:40.884417: I tensorflow/compiler/xla/service/service.cc:175]   StreamExecutor device (0): <undefined>, <undefined>
2020-03-09 22:48:40.988219: I tensorflow/compiler/xla/service/service.cc:168] XLA service 0x7f3af8694970 executing computations on platform CUDA. Devices:
2020-03-09 22:48:40.988257: I tensorflow/compiler/xla/service/service.cc:175]   StreamExecutor device (0): Tesla P100-PCIE-16GB, Compute Capability 6.0
2020-03-09 22:48:40.989897: I tensorflow/core/common_runtime/gpu/gpu_device.cc:1640] Found device 0 with properties: 
name: Tesla P100-PCIE-16GB major: 6 minor: 0 memoryClockRate(GHz): 1.3285
pciBusID: 0000:83:00.0
2020-03-09 22:48:40.989961: I tensorflow/stream_executor/platform/default/dso_loader.cc:42] Successfully opened dynamic library libcudart.so.10.0
2020-03-09 22:48:40.989985: I tensorflow/stream_executor/platform/default/dso_loader.cc:42] Successfully opened dynamic library libcublas.so.10.0
2020-03-09 22:48:40.990003: I tensorflow/stream_executor/platform/default/dso_loader.cc:42] Successfully opened dynamic library libcufft.so.10.0
2020-03-09 22:48:40.990020: I tensorflow/stream_executor/platform/default/dso_loader.cc:42] Successfully opened dynamic library libcurand.so.10.0
2020-03-09 22:48:40.990037: I tensorflow/stream_executor/platform/default/dso_loader.cc:42] Successfully opened dynamic library libcusolver.so.10.0
2020-03-09 22:48:40.990053: I tensorflow/stream_executor/platform/default/dso_loader.cc:42] Successfully opened dynamic library libcusparse.so.10.0
2020-03-09 22:48:40.990070: I tensorflow/stream_executor/platform/default/dso_loader.cc:42] Successfully opened dynamic library libcudnn.so.7
2020-03-09 22:48:40.992788: I tensorflow/core/common_runtime/gpu/gpu_device.cc:1763] Adding visible gpu devices: 0
2020-03-09 22:48:40.992830: I tensorflow/stream_executor/platform/default/dso_loader.cc:42] Successfully opened dynamic library libcudart.so.10.0
2020-03-09 22:48:40.995117: I tensorflow/core/common_runtime/gpu/gpu_device.cc:1181] Device interconnect StreamExecutor with strength 1 edge matrix:
2020-03-09 22:48:40.995136: I tensorflow/core/common_runtime/gpu/gpu_device.cc:1187]      0 
2020-03-09 22:48:40.995147: I tensorflow/core/common_runtime/gpu/gpu_device.cc:1200] 0:   N 
2020-03-09 22:48:40.997908: I tensorflow/core/common_runtime/gpu/gpu_device.cc:1326] Created TensorFlow device (/job:localhost/replica:0/task:0/device:GPU:0 with 15216 MB memory) -> physical GPU (device: 0, name: Tesla P100-PCIE-16GB, pci bus id: 0000:83:00.0, compute capability: 6.0)
/homes/nramachandra/anaconda3/envs/tf_gpu_14/lib/python3.6/site-packages/matplotlib/axes/_axes.py:6521: MatplotlibDeprecationWarning: 
The 'normed' kwarg was deprecated in Matplotlib 2.1 and will be removed in 3.1. Use 'density' instead.
  alternative="'density'", removal="3.1")
WARNING: Logging before flag parsing goes to stderr.
W0309 22:48:43.019474 139891176179520 deprecation.py:323] From /homes/nramachandra/anaconda3/envs/tf_gpu_14/lib/python3.6/site-packages/tensorflow_probability/python/internal/distribution_util.py:493: add_dispatch_support.<locals>.wrapper (from tensorflow.python.ops.array_ops) is deprecated and will be removed in a future version.
Instructions for updating:
Use tf.where in 2.0, which has the same broadcast rule as np.where
2020-03-09 22:48:44.225461: I tensorflow/stream_executor/platform/default/dso_loader.cc:42] Successfully opened dynamic library libcublas.so.10.0
(6304534, 6)
(7237871, 6)
(456685, 5)
(423353, 5)
Size of features in training data: (12000000, 5)
Size of output in training data: (12000000,)
Size of features in test data: (10000, 5)
Size of output in test data: (10000,)
Model: "sequential"
_________________________________________________________________
Layer (type)                 Output Shape              Param #   
=================================================================
dense (Dense)                (None, 128)               768       
_________________________________________________________________
dense_1 (Dense)              (None, 128)               16512     
_________________________________________________________________
dense_2 (Dense)              (None, 64)                8256      
_________________________________________________________________
dense_3 (Dense)              (None, 32)                2080      
_________________________________________________________________
dense_4 (Dense)              (None, 96)                3168      
_________________________________________________________________
mixture_normal (MixtureNorma ((None, 1), (None, 1))    0         
=================================================================
Total params: 30,784
Trainable params: 30,784
Non-trainable params: 0
_________________________________________________________________
Train on 12000000 samples, validate on 10000 samples
Epoch 1/1000
12000000/12000000 - 35s - loss: -1.7868e+00 - val_loss: -1.3550e+00
Epoch 2/1000
12000000/12000000 - 34s - loss: -2.0473e+00 - val_loss: -1.4684e+00
Epoch 3/1000
12000000/12000000 - 31s - loss: -2.1344e+00 - val_loss: -1.4275e+00
Epoch 4/1000
12000000/12000000 - 33s - loss: -2.2043e+00 - val_loss: -1.4510e+00
Epoch 5/1000
12000000/12000000 - 37s - loss: -2.2755e+00 - val_loss: -8.3605e-01
Epoch 6/1000
12000000/12000000 - 36s - loss: -2.6664e+00 - val_loss: -4.1495e-01
Epoch 7/1000
12000000/12000000 - 36s - loss: -2.7086e+00 - val_loss: -3.6550e-01
Epoch 8/1000
12000000/12000000 - 36s - loss: -2.7343e+00 - val_loss: -4.2742e-01
Epoch 9/1000
12000000/12000000 - 34s - loss: -2.7558e+00 - val_loss: -3.6884e-01
Epoch 10/1000
12000000/12000000 - 36s - loss: -2.7746e+00 - val_loss: -3.8456e-01
Epoch 11/1000
12000000/12000000 - 37s - loss: -2.7931e+00 - val_loss: -3.6893e-01
Epoch 12/1000
12000000/12000000 - 34s - loss: -2.8112e+00 - val_loss: -4.4973e-01
Epoch 13/1000
12000000/12000000 - 37s - loss: -2.8297e+00 - val_loss: -3.7997e-01
Epoch 14/1000
12000000/12000000 - 36s - loss: -2.8498e+00 - val_loss: -3.8881e-01
Epoch 15/1000
12000000/12000000 - 36s - loss: -2.8717e+00 - val_loss: -3.6104e-01
Epoch 16/1000
12000000/12000000 - 36s - loss: -2.8959e+00 - val_loss: -2.6440e-01
Epoch 17/1000
12000000/12000000 - 36s - loss: -2.9178e+00 - val_loss: -2.4518e-01
Epoch 18/1000
12000000/12000000 - 36s - loss: -2.9360e+00 - val_loss: -9.8688e-02
Epoch 19/1000
12000000/12000000 - 36s - loss: -2.9514e+00 - val_loss: -1.2196e-01
Epoch 20/1000
12000000/12000000 - 37s - loss: -2.9651e+00 - val_loss: -4.6236e-02
Epoch 21/1000
12000000/12000000 - 37s - loss: -2.9777e+00 - val_loss: -1.3937e-02
Epoch 22/1000
12000000/12000000 - 37s - loss: -2.9901e+00 - val_loss: 0.0093
Epoch 23/1000
12000000/12000000 - 38s - loss: -3.0019e+00 - val_loss: -1.2572e-02
Epoch 24/1000
12000000/12000000 - 37s - loss: -3.0127e+00 - val_loss: 0.0949
Epoch 25/1000
12000000/12000000 - 37s - loss: -3.0231e+00 - val_loss: 0.1966
Epoch 26/1000
12000000/12000000 - 37s - loss: -3.0336e+00 - val_loss: 0.1777
Epoch 27/1000
12000000/12000000 - 36s - loss: -3.0439e+00 - val_loss: 0.1881
Epoch 28/1000
12000000/12000000 - 36s - loss: -3.0532e+00 - val_loss: 0.2540
Epoch 29/1000
12000000/12000000 - 37s - loss: -3.0621e+00 - val_loss: 0.2284
Epoch 30/1000
12000000/12000000 - 38s - loss: -3.0700e+00 - val_loss: 0.3594
Epoch 31/1000
12000000/12000000 - 38s - loss: -3.0778e+00 - val_loss: 0.3022
Epoch 32/1000
12000000/12000000 - 37s - loss: -3.0851e+00 - val_loss: 0.3216
Epoch 33/1000
12000000/12000000 - 36s - loss: -3.0927e+00 - val_loss: 0.3840
Epoch 34/1000
12000000/12000000 - 37s - loss: -3.0993e+00 - val_loss: 0.4511
Epoch 35/1000
12000000/12000000 - 38s - loss: -3.1061e+00 - val_loss: 0.4139
Epoch 36/1000
12000000/12000000 - 37s - loss: -3.1123e+00 - val_loss: 0.4894
Epoch 37/1000
12000000/12000000 - 38s - loss: -3.1187e+00 - val_loss: 0.4765
Epoch 38/1000
12000000/12000000 - 36s - loss: -3.1248e+00 - val_loss: 0.4496
Epoch 39/1000
12000000/12000000 - 36s - loss: -3.1306e+00 - val_loss: 0.5403
Epoch 40/1000
12000000/12000000 - 36s - loss: -3.1369e+00 - val_loss: 0.5717
Epoch 41/1000
12000000/12000000 - 36s - loss: -3.1430e+00 - val_loss: 0.6124
Epoch 42/1000
12000000/12000000 - 36s - loss: -3.1486e+00 - val_loss: 0.5367
Epoch 43/1000
12000000/12000000 - 36s - loss: -3.1550e+00 - val_loss: 0.5337
Epoch 44/1000
12000000/12000000 - 36s - loss: -3.1671e+00 - val_loss: 0.6707
Epoch 45/1000
12000000/12000000 - 37s - loss: -3.1771e+00 - val_loss: 0.5549
Epoch 46/1000
12000000/12000000 - 37s - loss: -3.1847e+00 - val_loss: 0.7056
Epoch 47/1000
12000000/12000000 - 36s - loss: -3.1916e+00 - val_loss: 0.7420
Epoch 48/1000
12000000/12000000 - 36s - loss: -3.1969e+00 - val_loss: 0.8224
Epoch 49/1000
12000000/12000000 - 37s - loss: -3.2021e+00 - val_loss: 0.8390
Epoch 50/1000
12000000/12000000 - 37s - loss: -3.2068e+00 - val_loss: 0.8168
Epoch 51/1000
12000000/12000000 - 36s - loss: -3.2121e+00 - val_loss: 0.8809
Epoch 52/1000
12000000/12000000 - 36s - loss: -3.2169e+00 - val_loss: 0.8652
Epoch 53/1000
12000000/12000000 - 36s - loss: -3.2213e+00 - val_loss: 0.8987
Epoch 54/1000
12000000/12000000 - 35s - loss: -3.2251e+00 - val_loss: 0.8246
Epoch 55/1000
12000000/12000000 - 36s - loss: -3.2294e+00 - val_loss: 0.7774
Epoch 56/1000
12000000/12000000 - 35s - loss: -3.2335e+00 - val_loss: 0.8466
Epoch 57/1000
12000000/12000000 - 34s - loss: -3.2375e+00 - val_loss: 0.8951
Epoch 58/1000
12000000/12000000 - 36s - loss: -3.2418e+00 - val_loss: 0.9013
Epoch 59/1000
12000000/12000000 - 36s - loss: -3.2451e+00 - val_loss: 0.7852
Epoch 60/1000
12000000/12000000 - 37s - loss: -3.2494e+00 - val_loss: 0.8364
Epoch 61/1000
12000000/12000000 - 35s - loss: -3.2523e+00 - val_loss: 0.8545
Epoch 62/1000
12000000/12000000 - 36s - loss: -3.2561e+00 - val_loss: 0.7320
Epoch 63/1000
12000000/12000000 - 37s - loss: -3.2592e+00 - val_loss: 0.8607
Epoch 64/1000
12000000/12000000 - 36s - loss: -3.2624e+00 - val_loss: 0.8130
Epoch 65/1000
12000000/12000000 - 36s - loss: -3.2660e+00 - val_loss: 0.9034
Epoch 66/1000
12000000/12000000 - 36s - loss: -3.2689e+00 - val_loss: 0.8147
Epoch 67/1000
12000000/12000000 - 35s - loss: -3.2721e+00 - val_loss: 0.8203
Epoch 68/1000
12000000/12000000 - 36s - loss: -3.2751e+00 - val_loss: 0.8092
Epoch 69/1000
12000000/12000000 - 36s - loss: -3.2781e+00 - val_loss: 0.8770
Epoch 70/1000
12000000/12000000 - 36s - loss: -3.2812e+00 - val_loss: 0.7955
Epoch 71/1000
12000000/12000000 - 36s - loss: -3.2840e+00 - val_loss: 0.8411
Epoch 72/1000
12000000/12000000 - 36s - loss: -3.2867e+00 - val_loss: 0.9026
Epoch 73/1000
12000000/12000000 - 35s - loss: -3.2893e+00 - val_loss: 0.8231
Epoch 74/1000
12000000/12000000 - 35s - loss: -3.2925e+00 - val_loss: 0.7602
Epoch 75/1000
12000000/12000000 - 36s - loss: -3.2948e+00 - val_loss: 0.7861
Epoch 76/1000
12000000/12000000 - 36s - loss: -3.2974e+00 - val_loss: 0.8406
Epoch 77/1000
12000000/12000000 - 36s - loss: -3.2997e+00 - val_loss: 0.9006
Epoch 78/1000
12000000/12000000 - 37s - loss: -3.3023e+00 - val_loss: 0.8458
Epoch 79/1000
12000000/12000000 - 37s - loss: -3.3053e+00 - val_loss: 0.9248
Epoch 80/1000
12000000/12000000 - 37s - loss: -3.3074e+00 - val_loss: 0.9441
Epoch 81/1000
12000000/12000000 - 38s - loss: -3.3102e+00 - val_loss: 0.9976
Epoch 82/1000
12000000/12000000 - 36s - loss: -3.3126e+00 - val_loss: 0.9222
Epoch 83/1000
12000000/12000000 - 36s - loss: -3.3142e+00 - val_loss: 0.9051
Epoch 84/1000
12000000/12000000 - 37s - loss: -3.3165e+00 - val_loss: 0.8793
Epoch 85/1000
12000000/12000000 - 37s - loss: -3.3185e+00 - val_loss: 0.8853
Epoch 86/1000
12000000/12000000 - 36s - loss: -3.3207e+00 - val_loss: 0.9194
Epoch 87/1000
12000000/12000000 - 36s - loss: -3.3226e+00 - val_loss: 0.9952
Epoch 88/1000
12000000/12000000 - 35s - loss: -3.3245e+00 - val_loss: 0.9233
Epoch 89/1000
12000000/12000000 - 36s - loss: -3.3266e+00 - val_loss: 1.0343
Epoch 90/1000
12000000/12000000 - 37s - loss: -3.3288e+00 - val_loss: 0.8095
Epoch 91/1000
12000000/12000000 - 37s - loss: -3.3306e+00 - val_loss: 0.8193
Epoch 92/1000
12000000/12000000 - 37s - loss: -3.3325e+00 - val_loss: 0.9805
Epoch 93/1000
12000000/12000000 - 37s - loss: -3.3342e+00 - val_loss: 1.0121
Epoch 94/1000
12000000/12000000 - 36s - loss: -3.3362e+00 - val_loss: 0.9170
Epoch 95/1000
12000000/12000000 - 36s - loss: -3.3377e+00 - val_loss: 0.9303
Epoch 96/1000
12000000/12000000 - 37s - loss: -3.3397e+00 - val_loss: 1.0404
Epoch 97/1000
12000000/12000000 - 37s - loss: -3.3418e+00 - val_loss: 0.9783
Epoch 98/1000
12000000/12000000 - 37s - loss: -3.3442e+00 - val_loss: 1.0032
Epoch 99/1000
12000000/12000000 - 36s - loss: -3.3460e+00 - val_loss: 0.9932
Epoch 100/1000
12000000/12000000 - 37s - loss: -3.3475e+00 - val_loss: 0.9685
Epoch 101/1000
12000000/12000000 - 36s - loss: -3.3494e+00 - val_loss: 1.0257
Epoch 102/1000
12000000/12000000 - 36s - loss: -3.3510e+00 - val_loss: 0.8773
Epoch 103/1000
12000000/12000000 - 36s - loss: -3.3529e+00 - val_loss: 0.9684
Epoch 104/1000
12000000/12000000 - 34s - loss: -3.3544e+00 - val_loss: 0.9939
Epoch 105/1000
12000000/12000000 - 36s - loss: -3.3561e+00 - val_loss: 0.9888
Epoch 106/1000
12000000/12000000 - 36s - loss: -3.3575e+00 - val_loss: 1.0396
Epoch 107/1000
12000000/12000000 - 36s - loss: -3.3590e+00 - val_loss: 0.9683
Epoch 108/1000
12000000/12000000 - 36s - loss: -3.3613e+00 - val_loss: 1.1290
Epoch 109/1000
12000000/12000000 - 36s - loss: -3.3631e+00 - val_loss: 1.0047
Epoch 110/1000
12000000/12000000 - 36s - loss: -3.3641e+00 - val_loss: 1.0689
Epoch 111/1000
12000000/12000000 - 36s - loss: -3.3656e+00 - val_loss: 0.9437
Epoch 112/1000
12000000/12000000 - 35s - loss: -3.3677e+00 - val_loss: 1.0444
Epoch 113/1000
12000000/12000000 - 33s - loss: -3.3687e+00 - val_loss: 1.0839
Epoch 114/1000
12000000/12000000 - 36s - loss: -3.3701e+00 - val_loss: 1.0402
Epoch 115/1000
12000000/12000000 - 36s - loss: -3.3720e+00 - val_loss: 1.0442
Epoch 116/1000
12000000/12000000 - 37s - loss: -3.3736e+00 - val_loss: 0.9878
Epoch 117/1000
12000000/12000000 - 36s - loss: -3.3746e+00 - val_loss: 1.1531
Epoch 118/1000
12000000/12000000 - 34s - loss: -3.3768e+00 - val_loss: 1.1017
Epoch 119/1000
12000000/12000000 - 35s - loss: -3.3785e+00 - val_loss: 1.1305
Epoch 120/1000
12000000/12000000 - 35s - loss: -3.3798e+00 - val_loss: 1.1826
Epoch 121/1000
12000000/12000000 - 32s - loss: -3.3811e+00 - val_loss: 1.1716
Epoch 122/1000
12000000/12000000 - 34s - loss: -3.3827e+00 - val_loss: 1.1213
Epoch 123/1000
12000000/12000000 - 35s - loss: -3.3840e+00 - val_loss: 1.1318
Epoch 124/1000
12000000/12000000 - 36s - loss: -3.3859e+00 - val_loss: 1.1054
Epoch 125/1000
12000000/12000000 - 36s - loss: -3.3869e+00 - val_loss: 1.2174
Epoch 126/1000
12000000/12000000 - 37s - loss: -3.3887e+00 - val_loss: 1.1265
Epoch 127/1000
12000000/12000000 - 38s - loss: -3.3897e+00 - val_loss: 1.1927
Epoch 128/1000
12000000/12000000 - 37s - loss: -3.3911e+00 - val_loss: 1.1616
Epoch 129/1000
12000000/12000000 - 35s - loss: -3.3923e+00 - val_loss: 1.1036
Epoch 130/1000
12000000/12000000 - 35s - loss: -3.3939e+00 - val_loss: 1.1872
Epoch 131/1000
12000000/12000000 - 35s - loss: -3.3954e+00 - val_loss: 1.2550
Epoch 132/1000
12000000/12000000 - 33s - loss: -3.3971e+00 - val_loss: 1.1521
Epoch 133/1000
12000000/12000000 - 33s - loss: -3.3989e+00 - val_loss: 1.1519
Epoch 134/1000
12000000/12000000 - 36s - loss: -3.3996e+00 - val_loss: 1.2981
Epoch 135/1000
12000000/12000000 - 37s - loss: -3.4013e+00 - val_loss: 1.2031
Epoch 136/1000
12000000/12000000 - 38s - loss: -3.4027e+00 - val_loss: 1.2483
Epoch 137/1000
12000000/12000000 - 37s - loss: -3.4042e+00 - val_loss: 1.2462
Epoch 138/1000
12000000/12000000 - 38s - loss: -3.4050e+00 - val_loss: 1.2306
Epoch 139/1000
12000000/12000000 - 38s - loss: -3.4063e+00 - val_loss: 1.1716
Epoch 140/1000
12000000/12000000 - 37s - loss: -3.4078e+00 - val_loss: 1.2123
Epoch 141/1000
12000000/12000000 - 37s - loss: -3.4091e+00 - val_loss: 1.2186
Epoch 142/1000
12000000/12000000 - 37s - loss: -3.4109e+00 - val_loss: 1.2189
Epoch 143/1000
12000000/12000000 - 37s - loss: -3.4121e+00 - val_loss: 1.2555
Epoch 144/1000
12000000/12000000 - 37s - loss: -3.4137e+00 - val_loss: 1.2738
Epoch 145/1000
12000000/12000000 - 38s - loss: -3.4149e+00 - val_loss: 1.2437
Epoch 146/1000
12000000/12000000 - 37s - loss: -3.4162e+00 - val_loss: 1.1886
Epoch 147/1000
12000000/12000000 - 36s - loss: -3.4173e+00 - val_loss: 1.1927
Epoch 148/1000
12000000/12000000 - 36s - loss: -3.4196e+00 - val_loss: 1.2531
Epoch 149/1000
12000000/12000000 - 36s - loss: -3.4206e+00 - val_loss: 1.3058
Epoch 150/1000
12000000/12000000 - 38s - loss: -3.4220e+00 - val_loss: 1.3732
Epoch 151/1000
12000000/12000000 - 35s - loss: -3.4231e+00 - val_loss: 1.2757
Epoch 152/1000
12000000/12000000 - 37s - loss: -3.4246e+00 - val_loss: 1.3336
Epoch 153/1000
12000000/12000000 - 36s - loss: -3.4260e+00 - val_loss: 1.3094
Epoch 154/1000
12000000/12000000 - 38s - loss: -3.4277e+00 - val_loss: 1.3746
Epoch 155/1000
12000000/12000000 - 37s - loss: -3.4285e+00 - val_loss: 1.2934
Epoch 156/1000
12000000/12000000 - 36s - loss: -3.4299e+00 - val_loss: 1.3544
Epoch 157/1000
12000000/12000000 - 36s - loss: -3.4313e+00 - val_loss: 1.3711
Epoch 158/1000
12000000/12000000 - 37s - loss: -3.4325e+00 - val_loss: 1.3558
Epoch 159/1000
12000000/12000000 - 35s - loss: -3.4334e+00 - val_loss: 1.3707
Epoch 160/1000
12000000/12000000 - 36s - loss: -3.4351e+00 - val_loss: 1.4532
Epoch 161/1000
12000000/12000000 - 37s - loss: -3.4365e+00 - val_loss: 1.3844
Epoch 162/1000
12000000/12000000 - 37s - loss: -3.4373e+00 - val_loss: 1.4226
Epoch 163/1000
12000000/12000000 - 37s - loss: -3.4385e+00 - val_loss: 1.3513
Epoch 164/1000
12000000/12000000 - 38s - loss: -3.4397e+00 - val_loss: 1.4444
Epoch 165/1000
12000000/12000000 - 37s - loss: -3.4410e+00 - val_loss: 1.4657
Epoch 166/1000
12000000/12000000 - 37s - loss: -3.4421e+00 - val_loss: 1.4182
Epoch 167/1000
12000000/12000000 - 39s - loss: -3.4431e+00 - val_loss: 1.5263
Epoch 168/1000
12000000/12000000 - 37s - loss: -3.4440e+00 - val_loss: 1.4254
Epoch 169/1000
12000000/12000000 - 38s - loss: -3.4455e+00 - val_loss: 1.4813
Epoch 170/1000
12000000/12000000 - 37s - loss: -3.4467e+00 - val_loss: 1.5091
Epoch 171/1000
12000000/12000000 - 38s - loss: -3.4476e+00 - val_loss: 1.4608
Epoch 172/1000
12000000/12000000 - 37s - loss: -3.4488e+00 - val_loss: 1.4563
Epoch 173/1000
12000000/12000000 - 36s - loss: -3.4501e+00 - val_loss: 1.4699
Epoch 174/1000
12000000/12000000 - 36s - loss: -3.4515e+00 - val_loss: 1.4829
Epoch 175/1000
12000000/12000000 - 38s - loss: -3.4524e+00 - val_loss: 1.6275
Epoch 176/1000
12000000/12000000 - 38s - loss: -3.4535e+00 - val_loss: 1.6749
Epoch 177/1000
12000000/12000000 - 38s - loss: -3.4547e+00 - val_loss: 1.5699
Epoch 178/1000
12000000/12000000 - 38s - loss: -3.4557e+00 - val_loss: 1.5905
Epoch 179/1000
12000000/12000000 - 37s - loss: -3.4570e+00 - val_loss: 1.5825
Epoch 180/1000
12000000/12000000 - 35s - loss: -3.4580e+00 - val_loss: 1.4733
Epoch 181/1000
12000000/12000000 - 34s - loss: -3.4593e+00 - val_loss: 1.6279
Epoch 182/1000
12000000/12000000 - 33s - loss: -3.4608e+00 - val_loss: 1.6242
Epoch 183/1000
12000000/12000000 - 38s - loss: -3.4616e+00 - val_loss: 1.5342
Epoch 184/1000
12000000/12000000 - 37s - loss: -3.4625e+00 - val_loss: 1.6048
Epoch 185/1000
12000000/12000000 - 38s - loss: -3.4640e+00 - val_loss: 1.5714
Epoch 186/1000
12000000/12000000 - 38s - loss: -3.4650e+00 - val_loss: 1.6129
Epoch 187/1000
12000000/12000000 - 37s - loss: -3.4662e+00 - val_loss: 1.5541
Epoch 188/1000
12000000/12000000 - 39s - loss: -3.4672e+00 - val_loss: 1.6964
Epoch 189/1000
12000000/12000000 - 37s - loss: -3.4685e+00 - val_loss: 1.6124
Epoch 190/1000
12000000/12000000 - 35s - loss: -3.4698e+00 - val_loss: 1.6976
Epoch 191/1000
12000000/12000000 - 39s - loss: -3.4709e+00 - val_loss: 1.7183
Epoch 192/1000
12000000/12000000 - 38s - loss: -3.4717e+00 - val_loss: 1.6230
Epoch 193/1000
12000000/12000000 - 39s - loss: -3.4728e+00 - val_loss: 1.6595
Epoch 194/1000
12000000/12000000 - 37s - loss: -3.4741e+00 - val_loss: 1.6949
Epoch 195/1000
12000000/12000000 - 37s - loss: -3.4752e+00 - val_loss: 1.6651
Epoch 196/1000
12000000/12000000 - 38s - loss: -3.4759e+00 - val_loss: 1.6766
Epoch 197/1000
12000000/12000000 - 38s - loss: -3.4770e+00 - val_loss: 1.5448
Epoch 198/1000
12000000/12000000 - 38s - loss: -3.4781e+00 - val_loss: 1.7073
Epoch 199/1000
12000000/12000000 - 38s - loss: -3.4794e+00 - val_loss: 1.6847
Epoch 200/1000
12000000/12000000 - 37s - loss: -3.4803e+00 - val_loss: 1.7723
Epoch 201/1000
12000000/12000000 - 37s - loss: -3.4812e+00 - val_loss: 1.8299
Epoch 202/1000
12000000/12000000 - 32s - loss: -3.4822e+00 - val_loss: 1.6552
Epoch 203/1000
12000000/12000000 - 35s - loss: -3.4829e+00 - val_loss: 1.8279
Epoch 204/1000
12000000/12000000 - 35s - loss: -3.4841e+00 - val_loss: 1.7407
Epoch 205/1000
12000000/12000000 - 34s - loss: -3.4847e+00 - val_loss: 1.8382
Epoch 206/1000
12000000/12000000 - 34s - loss: -3.4861e+00 - val_loss: 1.8419
Epoch 207/1000
12000000/12000000 - 35s - loss: -3.4862e+00 - val_loss: 1.7664
Epoch 208/1000
12000000/12000000 - 38s - loss: -3.4875e+00 - val_loss: 1.8747
Epoch 209/1000
12000000/12000000 - 37s - loss: -3.4882e+00 - val_loss: 1.7866
Epoch 210/1000
12000000/12000000 - 37s - loss: -3.4895e+00 - val_loss: 1.7501
Epoch 211/1000
12000000/12000000 - 37s - loss: -3.4906e+00 - val_loss: 1.7433
Epoch 212/1000
12000000/12000000 - 37s - loss: -3.4909e+00 - val_loss: 1.8069
Epoch 213/1000
12000000/12000000 - 37s - loss: -3.4920e+00 - val_loss: 1.8138
Epoch 214/1000
12000000/12000000 - 37s - loss: -3.4927e+00 - val_loss: 1.8961
Epoch 215/1000
12000000/12000000 - 33s - loss: -3.4937e+00 - val_loss: 1.9472
Epoch 216/1000
12000000/12000000 - 35s - loss: -3.4944e+00 - val_loss: 1.9129
Epoch 217/1000
12000000/12000000 - 35s - loss: -3.4952e+00 - val_loss: 1.9401
Epoch 218/1000
12000000/12000000 - 36s - loss: -3.4965e+00 - val_loss: 1.9855
Epoch 219/1000
12000000/12000000 - 35s - loss: -3.4972e+00 - val_loss: 1.9319
Epoch 220/1000
12000000/12000000 - 37s - loss: -3.4979e+00 - val_loss: 1.9270
Epoch 221/1000
12000000/12000000 - 37s - loss: -3.4987e+00 - val_loss: 1.9572
Epoch 222/1000
12000000/12000000 - 36s - loss: -3.4997e+00 - val_loss: 1.8792
Epoch 223/1000
12000000/12000000 - 37s - loss: -3.5006e+00 - val_loss: 1.8395
Epoch 224/1000
12000000/12000000 - 37s - loss: -3.5012e+00 - val_loss: 1.8466
Epoch 225/1000
12000000/12000000 - 36s - loss: -3.5026e+00 - val_loss: 1.9722
Epoch 226/1000
12000000/12000000 - 36s - loss: -3.5031e+00 - val_loss: 2.0342
Epoch 227/1000
12000000/12000000 - 36s - loss: -3.5040e+00 - val_loss: 1.8286
Epoch 228/1000
12000000/12000000 - 36s - loss: -3.5049e+00 - val_loss: 1.9127
Epoch 229/1000
12000000/12000000 - 36s - loss: -3.5057e+00 - val_loss: 1.7913
Epoch 230/1000
12000000/12000000 - 37s - loss: -3.5074e+00 - val_loss: 2.0453
Epoch 231/1000
12000000/12000000 - 37s - loss: -3.5073e+00 - val_loss: 1.9101
Epoch 232/1000
12000000/12000000 - 37s - loss: -3.5084e+00 - val_loss: 2.0235
Epoch 233/1000
12000000/12000000 - 36s - loss: -3.5090e+00 - val_loss: 1.9615
Epoch 234/1000
12000000/12000000 - 35s - loss: -3.5097e+00 - val_loss: 1.9298
Epoch 235/1000
12000000/12000000 - 36s - loss: -3.5107e+00 - val_loss: 1.8892
Epoch 236/1000
12000000/12000000 - 37s - loss: -3.5113e+00 - val_loss: 1.8526
Epoch 237/1000
12000000/12000000 - 37s - loss: -3.5121e+00 - val_loss: 1.8689
Epoch 238/1000
12000000/12000000 - 35s - loss: -3.5127e+00 - val_loss: 1.9515
Epoch 239/1000
12000000/12000000 - 35s - loss: -3.5133e+00 - val_loss: 1.8143
Epoch 240/1000
12000000/12000000 - 35s - loss: -3.5142e+00 - val_loss: 1.8275
Epoch 241/1000
12000000/12000000 - 37s - loss: -3.5152e+00 - val_loss: 1.8062
Epoch 242/1000
12000000/12000000 - 36s - loss: -3.5158e+00 - val_loss: 1.8911
Epoch 243/1000
12000000/12000000 - 37s - loss: -3.5169e+00 - val_loss: 1.7331
Epoch 244/1000
12000000/12000000 - 37s - loss: -3.5178e+00 - val_loss: 1.8344
Epoch 245/1000
12000000/12000000 - 37s - loss: -3.5180e+00 - val_loss: 1.8327
Epoch 246/1000
12000000/12000000 - 36s - loss: -3.5196e+00 - val_loss: 1.8773
Epoch 247/1000
12000000/12000000 - 35s - loss: -3.5208e+00 - val_loss: 1.8003
Epoch 248/1000
12000000/12000000 - 37s - loss: -3.5212e+00 - val_loss: 1.8055
Epoch 249/1000
12000000/12000000 - 36s - loss: -3.5220e+00 - val_loss: 1.8762
Epoch 250/1000
12000000/12000000 - 37s - loss: -3.5226e+00 - val_loss: 1.9275
Epoch 251/1000
12000000/12000000 - 38s - loss: -3.5235e+00 - val_loss: 1.7470
Epoch 252/1000
12000000/12000000 - 37s - loss: -3.5241e+00 - val_loss: 1.7712
Epoch 253/1000
12000000/12000000 - 36s - loss: -3.5248e+00 - val_loss: 1.7085
Epoch 254/1000
12000000/12000000 - 38s - loss: -3.5259e+00 - val_loss: 1.8634
Epoch 255/1000
12000000/12000000 - 37s - loss: -3.5268e+00 - val_loss: 1.8165
Epoch 256/1000
12000000/12000000 - 36s - loss: -3.5271e+00 - val_loss: 1.7219
Epoch 257/1000
12000000/12000000 - 37s - loss: -3.5284e+00 - val_loss: 1.7875
Epoch 258/1000
12000000/12000000 - 36s - loss: -3.5290e+00 - val_loss: 1.8414
Epoch 259/1000
12000000/12000000 - 37s - loss: -3.5295e+00 - val_loss: 1.8765
Epoch 260/1000
12000000/12000000 - 36s - loss: -3.5304e+00 - val_loss: 1.8657
Epoch 261/1000
12000000/12000000 - 36s - loss: -3.5310e+00 - val_loss: 1.9162
Epoch 262/1000
12000000/12000000 - 36s - loss: -3.5319e+00 - val_loss: 1.8695
Epoch 263/1000
12000000/12000000 - 36s - loss: -3.5329e+00 - val_loss: 1.8403
Epoch 264/1000
12000000/12000000 - 37s - loss: -3.5340e+00 - val_loss: 1.8848
Epoch 265/1000
12000000/12000000 - 37s - loss: -3.5345e+00 - val_loss: 1.8809
Epoch 266/1000
12000000/12000000 - 36s - loss: -3.5352e+00 - val_loss: 1.9157
Epoch 267/1000
12000000/12000000 - 36s - loss: -3.5359e+00 - val_loss: 1.8792
Epoch 268/1000
12000000/12000000 - 37s - loss: -3.5369e+00 - val_loss: 1.8691
Epoch 269/1000
12000000/12000000 - 36s - loss: -3.5376e+00 - val_loss: 1.8162
Epoch 270/1000
12000000/12000000 - 36s - loss: -3.5379e+00 - val_loss: 1.8682
Epoch 271/1000
12000000/12000000 - 36s - loss: -3.5387e+00 - val_loss: 1.7489
Epoch 272/1000
12000000/12000000 - 35s - loss: -3.5400e+00 - val_loss: 1.9000
Epoch 273/1000
12000000/12000000 - 36s - loss: -3.5408e+00 - val_loss: 1.9100
Epoch 274/1000
12000000/12000000 - 36s - loss: -3.5409e+00 - val_loss: 1.7946
Epoch 275/1000
12000000/12000000 - 37s - loss: -3.5419e+00 - val_loss: 1.8291
Epoch 276/1000
12000000/12000000 - 38s - loss: -3.5426e+00 - val_loss: 1.7888
Epoch 277/1000
12000000/12000000 - 37s - loss: -3.5438e+00 - val_loss: 1.7950
Epoch 278/1000
12000000/12000000 - 36s - loss: -3.5444e+00 - val_loss: 1.8292
Epoch 279/1000
12000000/12000000 - 36s - loss: -3.5449e+00 - val_loss: 1.7824
Epoch 280/1000
12000000/12000000 - 36s - loss: -3.5454e+00 - val_loss: 1.8855
Epoch 281/1000
12000000/12000000 - 35s - loss: -3.5461e+00 - val_loss: 1.8672
Epoch 282/1000
12000000/12000000 - 34s - loss: -3.5468e+00 - val_loss: 1.9154
Epoch 283/1000
12000000/12000000 - 30s - loss: -3.5478e+00 - val_loss: 1.8639
Epoch 284/1000
12000000/12000000 - 30s - loss: -3.5486e+00 - val_loss: 1.8772
Epoch 285/1000
12000000/12000000 - 29s - loss: -3.5490e+00 - val_loss: 1.8880
Epoch 286/1000
12000000/12000000 - 29s - loss: -3.5498e+00 - val_loss: 1.8637
Epoch 287/1000
12000000/12000000 - 31s - loss: -3.5505e+00 - val_loss: 1.8130
Epoch 288/1000
12000000/12000000 - 36s - loss: -3.5509e+00 - val_loss: 1.7691
Epoch 289/1000
12000000/12000000 - 36s - loss: -3.5521e+00 - val_loss: 1.8160
Epoch 290/1000
12000000/12000000 - 36s - loss: -3.5526e+00 - val_loss: 1.8165
Epoch 291/1000
12000000/12000000 - 36s - loss: -3.5532e+00 - val_loss: 1.8976
Epoch 292/1000
12000000/12000000 - 35s - loss: -3.5537e+00 - val_loss: 1.8674
Epoch 293/1000
12000000/12000000 - 38s - loss: -3.5547e+00 - val_loss: 1.8823
Epoch 294/1000
12000000/12000000 - 39s - loss: -3.5550e+00 - val_loss: 1.8860
Epoch 295/1000
12000000/12000000 - 37s - loss: -3.5556e+00 - val_loss: 1.9655
Epoch 296/1000
12000000/12000000 - 37s - loss: -3.5565e+00 - val_loss: 1.8632
Epoch 297/1000
12000000/12000000 - 38s - loss: -3.5570e+00 - val_loss: 1.8533
Epoch 298/1000
12000000/12000000 - 38s - loss: -3.5580e+00 - val_loss: 1.9648
Epoch 299/1000
12000000/12000000 - 38s - loss: -3.5585e+00 - val_loss: 1.9514
Epoch 300/1000
12000000/12000000 - 37s - loss: -3.5594e+00 - val_loss: 1.8351
Epoch 301/1000
12000000/12000000 - 36s - loss: -3.5599e+00 - val_loss: 1.9160
Epoch 302/1000
12000000/12000000 - 37s - loss: -3.5610e+00 - val_loss: 1.8769
Epoch 303/1000
12000000/12000000 - 37s - loss: -3.5612e+00 - val_loss: 1.9655
Epoch 304/1000
12000000/12000000 - 36s - loss: -3.5618e+00 - val_loss: 1.9496
Epoch 305/1000
12000000/12000000 - 35s - loss: -3.5624e+00 - val_loss: 1.9302
Epoch 306/1000
12000000/12000000 - 36s - loss: -3.5633e+00 - val_loss: 1.9347
Epoch 307/1000
12000000/12000000 - 37s - loss: -3.5640e+00 - val_loss: 1.8771
Epoch 308/1000
12000000/12000000 - 38s - loss: -3.5642e+00 - val_loss: 1.8810
Epoch 309/1000
12000000/12000000 - 38s - loss: -3.5648e+00 - val_loss: 1.8292
Epoch 310/1000
12000000/12000000 - 36s - loss: -3.5656e+00 - val_loss: 1.9553
Epoch 311/1000
12000000/12000000 - 39s - loss: -3.5663e+00 - val_loss: 1.8681
Epoch 312/1000
12000000/12000000 - 38s - loss: -3.5669e+00 - val_loss: 1.9971
Epoch 313/1000
12000000/12000000 - 37s - loss: -3.5679e+00 - val_loss: 1.9459
Epoch 314/1000
12000000/12000000 - 37s - loss: -3.5681e+00 - val_loss: 1.9212
Epoch 315/1000
12000000/12000000 - 37s - loss: -3.5693e+00 - val_loss: 1.9192
Epoch 316/1000
12000000/12000000 - 37s - loss: -3.5698e+00 - val_loss: 2.0221
Epoch 317/1000
12000000/12000000 - 37s - loss: -3.5707e+00 - val_loss: 1.9904
Epoch 318/1000
12000000/12000000 - 34s - loss: -3.5713e+00 - val_loss: 1.9803
Epoch 319/1000
12000000/12000000 - 34s - loss: -3.5715e+00 - val_loss: 1.9307
Epoch 320/1000
12000000/12000000 - 33s - loss: -3.5726e+00 - val_loss: 1.8764
Epoch 321/1000
12000000/12000000 - 35s - loss: -3.5732e+00 - val_loss: 2.0196
Epoch 322/1000
12000000/12000000 - 35s - loss: -3.5741e+00 - val_loss: 1.9876
Epoch 323/1000
12000000/12000000 - 36s - loss: -3.5746e+00 - val_loss: 1.9578
Epoch 324/1000
12000000/12000000 - 36s - loss: -3.5758e+00 - val_loss: 2.0059
Epoch 325/1000
12000000/12000000 - 36s - loss: -3.5756e+00 - val_loss: 1.9527
Epoch 326/1000
12000000/12000000 - 36s - loss: -3.5766e+00 - val_loss: 1.9408
Epoch 327/1000
12000000/12000000 - 36s - loss: -3.5773e+00 - val_loss: 1.9103
Epoch 328/1000
12000000/12000000 - 36s - loss: -3.5783e+00 - val_loss: 2.0107
Epoch 329/1000
12000000/12000000 - 36s - loss: -3.5789e+00 - val_loss: 1.9572
Epoch 330/1000
12000000/12000000 - 37s - loss: -3.5792e+00 - val_loss: 1.9167
Epoch 331/1000
12000000/12000000 - 37s - loss: -3.5798e+00 - val_loss: 1.9368
Epoch 332/1000
12000000/12000000 - 36s - loss: -3.5803e+00 - val_loss: 2.0108
Epoch 333/1000
12000000/12000000 - 36s - loss: -3.5812e+00 - val_loss: 2.0366
Epoch 334/1000
12000000/12000000 - 38s - loss: -3.5817e+00 - val_loss: 2.0441
Epoch 335/1000
12000000/12000000 - 36s - loss: -3.5824e+00 - val_loss: 1.9982
Epoch 336/1000
12000000/12000000 - 36s - loss: -3.5832e+00 - val_loss: 1.9572
Epoch 337/1000
12000000/12000000 - 37s - loss: -3.5835e+00 - val_loss: 1.9828
Epoch 338/1000
12000000/12000000 - 36s - loss: -3.5842e+00 - val_loss: 2.0325
Epoch 339/1000
12000000/12000000 - 35s - loss: -3.5848e+00 - val_loss: 1.9892
Epoch 340/1000
12000000/12000000 - 36s - loss: -3.5851e+00 - val_loss: 1.9727
Epoch 341/1000
12000000/12000000 - 36s - loss: -3.5858e+00 - val_loss: 1.9765
Epoch 342/1000
12000000/12000000 - 37s - loss: -3.5862e+00 - val_loss: 1.9071
Epoch 343/1000
12000000/12000000 - 36s - loss: -3.5871e+00 - val_loss: 1.9800
Epoch 344/1000
12000000/12000000 - 37s - loss: -3.5877e+00 - val_loss: 1.9297
Epoch 345/1000
12000000/12000000 - 36s - loss: -3.5883e+00 - val_loss: 1.9567
Epoch 346/1000
12000000/12000000 - 37s - loss: -3.5888e+00 - val_loss: 1.8619
Epoch 347/1000
12000000/12000000 - 37s - loss: -3.5897e+00 - val_loss: 1.9606
Epoch 348/1000
12000000/12000000 - 38s - loss: -3.5899e+00 - val_loss: 1.9035
Epoch 349/1000
12000000/12000000 - 36s - loss: -3.5903e+00 - val_loss: 1.9545
Epoch 350/1000
12000000/12000000 - 33s - loss: -3.5907e+00 - val_loss: 1.9334
Epoch 351/1000
12000000/12000000 - 35s - loss: -3.5916e+00 - val_loss: 1.9596
Epoch 352/1000
12000000/12000000 - 36s - loss: -3.5921e+00 - val_loss: 2.0168
Epoch 353/1000
12000000/12000000 - 35s - loss: -3.5925e+00 - val_loss: 1.9689
Epoch 354/1000
12000000/12000000 - 35s - loss: -3.5929e+00 - val_loss: 2.0975
Epoch 355/1000
12000000/12000000 - 36s - loss: -3.5937e+00 - val_loss: 1.9628
Epoch 356/1000
12000000/12000000 - 36s - loss: -3.5944e+00 - val_loss: 1.8831
Epoch 357/1000
12000000/12000000 - 37s - loss: -3.5945e+00 - val_loss: 2.0440
Epoch 358/1000
12000000/12000000 - 36s - loss: -3.5951e+00 - val_loss: 1.9559
Epoch 359/1000
12000000/12000000 - 36s - loss: -3.5959e+00 - val_loss: 2.0143
Epoch 360/1000
12000000/12000000 - 36s - loss: -3.5965e+00 - val_loss: 2.0237
Epoch 361/1000
12000000/12000000 - 36s - loss: -3.5970e+00 - val_loss: 1.9991
Epoch 362/1000
12000000/12000000 - 36s - loss: -3.5971e+00 - val_loss: 1.9514
Epoch 363/1000
12000000/12000000 - 36s - loss: -3.5981e+00 - val_loss: 1.9903
Epoch 364/1000
12000000/12000000 - 35s - loss: -3.5982e+00 - val_loss: 2.0230
Epoch 365/1000
12000000/12000000 - 36s - loss: -3.5989e+00 - val_loss: 1.9352
Epoch 366/1000
12000000/12000000 - 37s - loss: -3.5996e+00 - val_loss: 1.8855
Epoch 367/1000
12000000/12000000 - 36s - loss: -3.5999e+00 - val_loss: 1.9357
Epoch 368/1000
12000000/12000000 - 36s - loss: -3.6007e+00 - val_loss: 1.9907
Epoch 369/1000
12000000/12000000 - 36s - loss: -3.6010e+00 - val_loss: 1.9214
Epoch 370/1000
12000000/12000000 - 37s - loss: -3.6017e+00 - val_loss: 2.0381
Epoch 371/1000
12000000/12000000 - 37s - loss: -3.6021e+00 - val_loss: 1.9190
Epoch 372/1000
12000000/12000000 - 37s - loss: -3.6027e+00 - val_loss: 1.9662
Epoch 373/1000
12000000/12000000 - 37s - loss: -3.6031e+00 - val_loss: 1.9801
Epoch 374/1000
12000000/12000000 - 37s - loss: -3.6037e+00 - val_loss: 1.9883
Epoch 375/1000
12000000/12000000 - 37s - loss: -3.6043e+00 - val_loss: 1.8944
Epoch 376/1000
12000000/12000000 - 37s - loss: -3.6048e+00 - val_loss: 1.9295
Epoch 377/1000
12000000/12000000 - 36s - loss: -3.6052e+00 - val_loss: 1.9897
Epoch 378/1000
12000000/12000000 - 36s - loss: -3.6053e+00 - val_loss: 2.0052
Epoch 379/1000
12000000/12000000 - 36s - loss: -3.6057e+00 - val_loss: 1.9001
Epoch 380/1000
12000000/12000000 - 36s - loss: -3.6066e+00 - val_loss: 1.8775
Epoch 381/1000
12000000/12000000 - 36s - loss: -3.6070e+00 - val_loss: 1.9276
Epoch 382/1000
12000000/12000000 - 36s - loss: -3.6074e+00 - val_loss: 1.9503
Epoch 383/1000
12000000/12000000 - 36s - loss: -3.6081e+00 - val_loss: 2.0226
Epoch 384/1000
12000000/12000000 - 36s - loss: -3.6088e+00 - val_loss: 1.9209
Epoch 385/1000
12000000/12000000 - 36s - loss: -3.6094e+00 - val_loss: 2.0440
Epoch 386/1000
12000000/12000000 - 36s - loss: -3.6097e+00 - val_loss: 1.8584
Epoch 387/1000
12000000/12000000 - 36s - loss: -3.6101e+00 - val_loss: 1.9630
Epoch 388/1000
12000000/12000000 - 36s - loss: -3.6109e+00 - val_loss: 1.9875
Epoch 389/1000
12000000/12000000 - 35s - loss: -3.6109e+00 - val_loss: 2.0040
Epoch 390/1000
12000000/12000000 - 37s - loss: -3.6119e+00 - val_loss: 2.0459
Epoch 391/1000
12000000/12000000 - 36s - loss: -3.6125e+00 - val_loss: 1.9692
Epoch 392/1000
12000000/12000000 - 36s - loss: -3.6125e+00 - val_loss: 1.8588
Epoch 393/1000
12000000/12000000 - 36s - loss: -3.6133e+00 - val_loss: 1.9363
Epoch 394/1000
12000000/12000000 - 36s - loss: -3.6138e+00 - val_loss: 1.9095
Epoch 395/1000
12000000/12000000 - 36s - loss: -3.6142e+00 - val_loss: 1.8423
Epoch 396/1000
12000000/12000000 - 36s - loss: -3.6148e+00 - val_loss: 1.9072
Epoch 397/1000
12000000/12000000 - 36s - loss: -3.6153e+00 - val_loss: 1.9949
Epoch 398/1000
12000000/12000000 - 37s - loss: -3.6157e+00 - val_loss: 1.9784
Epoch 399/1000
12000000/12000000 - 37s - loss: -3.6160e+00 - val_loss: 1.9970
Epoch 400/1000
12000000/12000000 - 36s - loss: -3.6170e+00 - val_loss: 1.9947
Epoch 401/1000
12000000/12000000 - 36s - loss: -3.6171e+00 - val_loss: 1.9427
Epoch 402/1000
12000000/12000000 - 36s - loss: -3.6174e+00 - val_loss: 1.8475
Epoch 403/1000
12000000/12000000 - 36s - loss: -3.6178e+00 - val_loss: 1.8423
Epoch 404/1000
12000000/12000000 - 36s - loss: -3.6187e+00 - val_loss: 1.9669
Epoch 405/1000
12000000/12000000 - 36s - loss: -3.6187e+00 - val_loss: 1.9235
Epoch 406/1000
12000000/12000000 - 36s - loss: -3.6194e+00 - val_loss: 1.9482
Epoch 407/1000
12000000/12000000 - 36s - loss: -3.6204e+00 - val_loss: 1.9390
Epoch 408/1000
12000000/12000000 - 36s - loss: -3.6199e+00 - val_loss: 1.8899
Epoch 409/1000
12000000/12000000 - 36s - loss: -3.6210e+00 - val_loss: 2.1087
Epoch 410/1000
12000000/12000000 - 36s - loss: -3.6213e+00 - val_loss: 1.9803
Epoch 411/1000
12000000/12000000 - 35s - loss: -3.6220e+00 - val_loss: 1.8774
Epoch 412/1000
12000000/12000000 - 35s - loss: -3.6220e+00 - val_loss: 1.9733
Epoch 413/1000
12000000/12000000 - 37s - loss: -3.6229e+00 - val_loss: 2.0469
Epoch 414/1000
12000000/12000000 - 36s - loss: -3.6228e+00 - val_loss: 1.8564
Epoch 415/1000
12000000/12000000 - 36s - loss: -3.6236e+00 - val_loss: 2.0178
Epoch 416/1000
12000000/12000000 - 36s - loss: -3.6240e+00 - val_loss: 1.9998
Epoch 417/1000
12000000/12000000 - 36s - loss: -3.6242e+00 - val_loss: 1.9023
Epoch 418/1000
12000000/12000000 - 36s - loss: -3.6250e+00 - val_loss: 1.8326
Epoch 419/1000
12000000/12000000 - 36s - loss: -3.6254e+00 - val_loss: 1.9026
Epoch 420/1000
12000000/12000000 - 36s - loss: -3.6261e+00 - val_loss: 1.9678
Epoch 421/1000
12000000/12000000 - 36s - loss: -3.6263e+00 - val_loss: 1.9894
Epoch 422/1000
12000000/12000000 - 35s - loss: -3.6270e+00 - val_loss: 1.9339
Epoch 423/1000
12000000/12000000 - 36s - loss: -3.6272e+00 - val_loss: 1.9585
Epoch 424/1000
12000000/12000000 - 36s - loss: -3.6271e+00 - val_loss: 1.8899
Epoch 425/1000
12000000/12000000 - 36s - loss: -3.6278e+00 - val_loss: 1.8275
Epoch 426/1000
12000000/12000000 - 36s - loss: -3.6283e+00 - val_loss: 1.9438
Epoch 427/1000
12000000/12000000 - 36s - loss: -3.6289e+00 - val_loss: 1.9578
Epoch 428/1000
12000000/12000000 - 35s - loss: -3.6296e+00 - val_loss: 1.9147
Epoch 429/1000
12000000/12000000 - 36s - loss: -3.6296e+00 - val_loss: 1.8608
Epoch 430/1000
12000000/12000000 - 37s - loss: -3.6301e+00 - val_loss: 1.9462
Epoch 431/1000
12000000/12000000 - 37s - loss: -3.6306e+00 - val_loss: 1.8959
Epoch 432/1000
12000000/12000000 - 36s - loss: -3.6313e+00 - val_loss: 2.0252
Epoch 433/1000
12000000/12000000 - 37s - loss: -3.6315e+00 - val_loss: 2.0457
Epoch 434/1000
12000000/12000000 - 37s - loss: -3.6314e+00 - val_loss: 1.9331
Epoch 435/1000
12000000/12000000 - 37s - loss: -3.6323e+00 - val_loss: 1.9039
Epoch 436/1000
12000000/12000000 - 37s - loss: -3.6329e+00 - val_loss: 1.9827
Epoch 437/1000
12000000/12000000 - 37s - loss: -3.6330e+00 - val_loss: 1.9028
Epoch 438/1000
12000000/12000000 - 37s - loss: -3.6337e+00 - val_loss: 1.9261
Epoch 439/1000
12000000/12000000 - 36s - loss: -3.6342e+00 - val_loss: 1.8593
Epoch 440/1000
12000000/12000000 - 36s - loss: -3.6343e+00 - val_loss: 1.9609
Epoch 441/1000
12000000/12000000 - 37s - loss: -3.6352e+00 - val_loss: 1.9216
Epoch 442/1000
12000000/12000000 - 36s - loss: -3.6356e+00 - val_loss: 2.0173
Epoch 443/1000
12000000/12000000 - 36s - loss: -3.6360e+00 - val_loss: 1.8537
Epoch 444/1000
12000000/12000000 - 36s - loss: -3.6364e+00 - val_loss: 1.8302
Epoch 445/1000
12000000/12000000 - 35s - loss: -3.6372e+00 - val_loss: 1.9657
Epoch 446/1000
12000000/12000000 - 36s - loss: -3.6372e+00 - val_loss: 2.0008
Epoch 447/1000
12000000/12000000 - 36s - loss: -3.6381e+00 - val_loss: 1.9013
Epoch 448/1000
12000000/12000000 - 36s - loss: -3.6382e+00 - val_loss: 1.9290
Epoch 449/1000
12000000/12000000 - 36s - loss: -3.6387e+00 - val_loss: 1.9164
Epoch 450/1000
12000000/12000000 - 36s - loss: -3.6387e+00 - val_loss: 1.9184
Epoch 451/1000
12000000/12000000 - 36s - loss: -3.6393e+00 - val_loss: 1.8981
Epoch 452/1000
12000000/12000000 - 37s - loss: -3.6400e+00 - val_loss: 1.9873
Epoch 453/1000
12000000/12000000 - 37s - loss: -3.6401e+00 - val_loss: 1.9461
Epoch 454/1000
12000000/12000000 - 35s - loss: -3.6411e+00 - val_loss: 2.0030
Epoch 455/1000
12000000/12000000 - 34s - loss: -3.6413e+00 - val_loss: 2.0135
Epoch 456/1000
12000000/12000000 - 37s - loss: -3.6419e+00 - val_loss: 1.8659
Epoch 457/1000
12000000/12000000 - 39s - loss: -3.6421e+00 - val_loss: 1.9286
Epoch 458/1000
12000000/12000000 - 38s - loss: -3.6422e+00 - val_loss: 1.9907
Epoch 459/1000
12000000/12000000 - 37s - loss: -3.6431e+00 - val_loss: 1.9202
Epoch 460/1000
12000000/12000000 - 37s - loss: -3.6431e+00 - val_loss: 1.9477
Epoch 461/1000
12000000/12000000 - 35s - loss: -3.6436e+00 - val_loss: 1.8784
Epoch 462/1000
12000000/12000000 - 37s - loss: -3.6440e+00 - val_loss: 1.9937
Epoch 463/1000
12000000/12000000 - 34s - loss: -3.6442e+00 - val_loss: 1.9559
Epoch 464/1000
12000000/12000000 - 36s - loss: -3.6453e+00 - val_loss: 1.8971
Epoch 465/1000
12000000/12000000 - 37s - loss: -3.6455e+00 - val_loss: 2.0986
Epoch 466/1000
12000000/12000000 - 37s - loss: -3.6456e+00 - val_loss: 2.0143
Epoch 467/1000
12000000/12000000 - 36s - loss: -3.6460e+00 - val_loss: 2.0572
Epoch 468/1000
12000000/12000000 - 36s - loss: -3.6463e+00 - val_loss: 1.9024
Epoch 469/1000
12000000/12000000 - 36s - loss: -3.6471e+00 - val_loss: 1.9080
Epoch 470/1000
12000000/12000000 - 35s - loss: -3.6475e+00 - val_loss: 1.9599
Epoch 471/1000
12000000/12000000 - 35s - loss: -3.6480e+00 - val_loss: 1.9103
Epoch 472/1000
12000000/12000000 - 36s - loss: -3.6483e+00 - val_loss: 1.9286
Epoch 473/1000
12000000/12000000 - 38s - loss: -3.6484e+00 - val_loss: 2.0181
Epoch 474/1000
12000000/12000000 - 37s - loss: -3.6485e+00 - val_loss: 2.0645
Epoch 475/1000
12000000/12000000 - 37s - loss: -3.6489e+00 - val_loss: 2.0946
Epoch 476/1000
12000000/12000000 - 37s - loss: -3.6494e+00 - val_loss: 1.9626
Epoch 477/1000
12000000/12000000 - 36s - loss: -3.6501e+00 - val_loss: 1.8793
Epoch 478/1000
12000000/12000000 - 36s - loss: -3.6502e+00 - val_loss: 1.9878
Epoch 479/1000
12000000/12000000 - 36s - loss: -3.6506e+00 - val_loss: 1.9647
Epoch 480/1000
12000000/12000000 - 32s - loss: -3.6509e+00 - val_loss: 2.0467
Epoch 481/1000
12000000/12000000 - 35s - loss: -3.6512e+00 - val_loss: 2.0715
Epoch 482/1000
12000000/12000000 - 35s - loss: -3.6522e+00 - val_loss: 1.9910
Epoch 483/1000
12000000/12000000 - 36s - loss: -3.6525e+00 - val_loss: 2.1094
Epoch 484/1000
12000000/12000000 - 34s - loss: -3.6531e+00 - val_loss: 1.8748
Epoch 485/1000
12000000/12000000 - 35s - loss: -3.6533e+00 - val_loss: 2.0483
Epoch 486/1000
12000000/12000000 - 36s - loss: -3.6541e+00 - val_loss: 1.9535
Epoch 487/1000
12000000/12000000 - 36s - loss: -3.6539e+00 - val_loss: 1.9568
Epoch 488/1000
12000000/12000000 - 36s - loss: -3.6543e+00 - val_loss: 2.1263
Epoch 489/1000
12000000/12000000 - 35s - loss: -3.6550e+00 - val_loss: 2.0616
Epoch 490/1000
12000000/12000000 - 36s - loss: -3.6555e+00 - val_loss: 1.9253
Epoch 491/1000
12000000/12000000 - 35s - loss: -3.6554e+00 - val_loss: 1.9805
Epoch 492/1000
12000000/12000000 - 37s - loss: -3.6558e+00 - val_loss: 1.9002
Epoch 493/1000
12000000/12000000 - 35s - loss: -3.6560e+00 - val_loss: 2.0086
Epoch 494/1000
12000000/12000000 - 35s - loss: -3.6568e+00 - val_loss: 2.0295
Epoch 495/1000
12000000/12000000 - 36s - loss: -3.6571e+00 - val_loss: 1.9054
Epoch 496/1000
12000000/12000000 - 36s - loss: -3.6576e+00 - val_loss: 1.9642
Epoch 497/1000
12000000/12000000 - 35s - loss: -3.6577e+00 - val_loss: 1.9407
Epoch 498/1000
12000000/12000000 - 36s - loss: -3.6582e+00 - val_loss: 2.0471
Epoch 499/1000
12000000/12000000 - 37s - loss: -3.6584e+00 - val_loss: 2.0926
Epoch 500/1000
12000000/12000000 - 36s - loss: -3.6588e+00 - val_loss: 1.9195
Epoch 501/1000
12000000/12000000 - 36s - loss: -3.6590e+00 - val_loss: 2.0168
Epoch 502/1000
12000000/12000000 - 37s - loss: -3.6598e+00 - val_loss: 1.9993
Epoch 503/1000
12000000/12000000 - 36s - loss: -3.6599e+00 - val_loss: 2.1640
Epoch 504/1000
12000000/12000000 - 37s - loss: -3.6603e+00 - val_loss: 2.1316
Epoch 505/1000
12000000/12000000 - 37s - loss: -3.6609e+00 - val_loss: 2.0009
Epoch 506/1000
12000000/12000000 - 36s - loss: -3.6611e+00 - val_loss: 2.0297
Epoch 507/1000
12000000/12000000 - 36s - loss: -3.6612e+00 - val_loss: 2.1611
Epoch 508/1000
12000000/12000000 - 37s - loss: -3.6619e+00 - val_loss: 2.0097
Epoch 509/1000
12000000/12000000 - 38s - loss: -3.6627e+00 - val_loss: 1.9174
Epoch 510/1000
12000000/12000000 - 36s - loss: -3.6626e+00 - val_loss: 2.0706
Epoch 511/1000
12000000/12000000 - 36s - loss: -3.6629e+00 - val_loss: 2.1064
Epoch 512/1000
12000000/12000000 - 37s - loss: -3.6632e+00 - val_loss: 2.0036
Epoch 513/1000
12000000/12000000 - 37s - loss: -3.6637e+00 - val_loss: 2.1108
Epoch 514/1000
12000000/12000000 - 37s - loss: -3.6640e+00 - val_loss: 1.9986
Epoch 515/1000
12000000/12000000 - 38s - loss: -3.6648e+00 - val_loss: 1.9191
Epoch 516/1000
12000000/12000000 - 36s - loss: -3.6649e+00 - val_loss: 1.9961
Epoch 517/1000
12000000/12000000 - 35s - loss: -3.6654e+00 - val_loss: 1.9900
Epoch 518/1000
12000000/12000000 - 35s - loss: -3.6652e+00 - val_loss: 1.9538
Epoch 519/1000
12000000/12000000 - 33s - loss: -3.6658e+00 - val_loss: 1.9626
Epoch 520/1000
12000000/12000000 - 35s - loss: -3.6663e+00 - val_loss: 2.0778
Epoch 521/1000
12000000/12000000 - 36s - loss: -3.6664e+00 - val_loss: 2.0296
Epoch 522/1000
12000000/12000000 - 36s - loss: -3.6672e+00 - val_loss: 1.9584
Epoch 523/1000
12000000/12000000 - 35s - loss: -3.6671e+00 - val_loss: 1.9152
Epoch 524/1000
12000000/12000000 - 36s - loss: -3.6676e+00 - val_loss: 1.9880
Epoch 525/1000
12000000/12000000 - 34s - loss: -3.6681e+00 - val_loss: 2.0494
Epoch 526/1000
12000000/12000000 - 32s - loss: -3.6685e+00 - val_loss: 2.0129
Epoch 527/1000
12000000/12000000 - 34s - loss: -3.6689e+00 - val_loss: 1.9956
Epoch 528/1000
12000000/12000000 - 35s - loss: -3.6691e+00 - val_loss: 2.0090
Epoch 529/1000
12000000/12000000 - 34s - loss: -3.6701e+00 - val_loss: 1.8962
Epoch 530/1000
12000000/12000000 - 36s - loss: -3.6699e+00 - val_loss: 1.9862
Epoch 531/1000
12000000/12000000 - 35s - loss: -3.6708e+00 - val_loss: 2.0284
Epoch 532/1000
12000000/12000000 - 37s - loss: -3.6705e+00 - val_loss: 2.0649
Epoch 533/1000
12000000/12000000 - 37s - loss: -3.6710e+00 - val_loss: 2.0235
Epoch 534/1000
12000000/12000000 - 38s - loss: -3.6718e+00 - val_loss: 2.0629
Epoch 535/1000
12000000/12000000 - 37s - loss: -3.6718e+00 - val_loss: 1.9966
Epoch 536/1000
12000000/12000000 - 37s - loss: -3.6725e+00 - val_loss: 1.8686
Epoch 537/1000
12000000/12000000 - 37s - loss: -3.6727e+00 - val_loss: 2.0305
Epoch 538/1000
12000000/12000000 - 37s - loss: -3.6731e+00 - val_loss: 1.9955
Epoch 539/1000
12000000/12000000 - 38s - loss: -3.6735e+00 - val_loss: 1.9972
Epoch 540/1000
12000000/12000000 - 37s - loss: -3.6746e+00 - val_loss: 2.0789
Epoch 541/1000
12000000/12000000 - 37s - loss: -3.6742e+00 - val_loss: 2.0085
Epoch 542/1000
12000000/12000000 - 37s - loss: -3.6746e+00 - val_loss: 2.0178
Epoch 543/1000
12000000/12000000 - 38s - loss: -3.6744e+00 - val_loss: 1.9656
Epoch 544/1000
12000000/12000000 - 37s - loss: -3.6751e+00 - val_loss: 1.8972
Epoch 545/1000
12000000/12000000 - 37s - loss: -3.6754e+00 - val_loss: 1.9682
Epoch 546/1000
12000000/12000000 - 37s - loss: -3.6757e+00 - val_loss: 2.0330
Epoch 547/1000
12000000/12000000 - 35s - loss: -3.6763e+00 - val_loss: 1.9514
Epoch 548/1000
12000000/12000000 - 37s - loss: -3.6761e+00 - val_loss: 1.9475
Epoch 549/1000
12000000/12000000 - 36s - loss: -3.6769e+00 - val_loss: 1.9986
Epoch 550/1000
12000000/12000000 - 37s - loss: -3.6773e+00 - val_loss: 2.0732
Epoch 551/1000
12000000/12000000 - 36s - loss: -3.6775e+00 - val_loss: 1.9648
Epoch 552/1000
12000000/12000000 - 36s - loss: -3.6781e+00 - val_loss: 1.9867
Epoch 553/1000
12000000/12000000 - 36s - loss: -3.6784e+00 - val_loss: 1.9616
Epoch 554/1000
12000000/12000000 - 37s - loss: -3.6790e+00 - val_loss: 2.0336
Epoch 555/1000
12000000/12000000 - 37s - loss: -3.6794e+00 - val_loss: 2.0012
Epoch 556/1000
12000000/12000000 - 37s - loss: -3.6794e+00 - val_loss: 1.9403
Epoch 557/1000
12000000/12000000 - 35s - loss: -3.6799e+00 - val_loss: 2.0248
Epoch 558/1000
12000000/12000000 - 34s - loss: -3.6802e+00 - val_loss: 1.9331
Epoch 559/1000
12000000/12000000 - 33s - loss: -3.6804e+00 - val_loss: 1.9368
Epoch 560/1000
12000000/12000000 - 36s - loss: -3.6811e+00 - val_loss: 1.9818
Epoch 561/1000
12000000/12000000 - 36s - loss: -3.6816e+00 - val_loss: 2.0114
Epoch 562/1000
12000000/12000000 - 36s - loss: -3.6816e+00 - val_loss: 1.9939
Epoch 563/1000
12000000/12000000 - 36s - loss: -3.6820e+00 - val_loss: 1.8741
Epoch 564/1000
12000000/12000000 - 37s - loss: -3.6821e+00 - val_loss: 1.9736
Epoch 565/1000
12000000/12000000 - 38s - loss: -3.6821e+00 - val_loss: 1.9859
Epoch 566/1000
12000000/12000000 - 38s - loss: -3.6826e+00 - val_loss: 2.0213
Epoch 567/1000
12000000/12000000 - 38s - loss: -3.6831e+00 - val_loss: 2.0305
Epoch 568/1000
12000000/12000000 - 37s - loss: -3.6835e+00 - val_loss: 2.0619
Epoch 569/1000
12000000/12000000 - 36s - loss: -3.6839e+00 - val_loss: 2.0442
Epoch 570/1000
12000000/12000000 - 37s - loss: -3.6841e+00 - val_loss: 1.9752
Epoch 571/1000
12000000/12000000 - 37s - loss: -3.6844e+00 - val_loss: 1.8716
Epoch 572/1000
12000000/12000000 - 37s - loss: -3.6847e+00 - val_loss: 2.0461
Epoch 573/1000
12000000/12000000 - 37s - loss: -3.6847e+00 - val_loss: 1.9723
Epoch 574/1000
12000000/12000000 - 34s - loss: -3.6856e+00 - val_loss: 1.9536
Epoch 575/1000
12000000/12000000 - 33s - loss: -3.6861e+00 - val_loss: 2.1152
Epoch 576/1000
12000000/12000000 - 36s - loss: -3.6861e+00 - val_loss: 2.0370
Epoch 577/1000
12000000/12000000 - 34s - loss: -3.6865e+00 - val_loss: 2.0638
Epoch 578/1000
12000000/12000000 - 35s - loss: -3.6867e+00 - val_loss: 2.0178
Epoch 579/1000
12000000/12000000 - 33s - loss: -3.6869e+00 - val_loss: 1.9890
Epoch 580/1000
12000000/12000000 - 34s - loss: -3.6874e+00 - val_loss: 1.9417
Epoch 581/1000
12000000/12000000 - 36s - loss: -3.6876e+00 - val_loss: 1.9957
Epoch 582/1000
12000000/12000000 - 36s - loss: -3.6883e+00 - val_loss: 2.0246
Epoch 583/1000
12000000/12000000 - 36s - loss: -3.6885e+00 - val_loss: 2.0127
Epoch 584/1000
12000000/12000000 - 37s - loss: -3.6888e+00 - val_loss: 2.0128
Epoch 585/1000
12000000/12000000 - 37s - loss: -3.6892e+00 - val_loss: 2.0226
Epoch 586/1000
12000000/12000000 - 36s - loss: -3.6894e+00 - val_loss: 1.9469
Epoch 587/1000
12000000/12000000 - 36s - loss: -3.6898e+00 - val_loss: 1.9771
Epoch 588/1000
12000000/12000000 - 35s - loss: -3.6900e+00 - val_loss: 1.9148
Epoch 589/1000
12000000/12000000 - 37s - loss: -3.6902e+00 - val_loss: 1.9788
Epoch 590/1000
12000000/12000000 - 38s - loss: -3.6909e+00 - val_loss: 2.0815
Epoch 591/1000
12000000/12000000 - 37s - loss: -3.6911e+00 - val_loss: 1.9230
Epoch 592/1000
12000000/12000000 - 38s - loss: -3.6916e+00 - val_loss: 1.9178
Epoch 593/1000
12000000/12000000 - 37s - loss: -3.6913e+00 - val_loss: 1.9771
Epoch 594/1000
12000000/12000000 - 37s - loss: -3.6923e+00 - val_loss: 1.9921
Epoch 595/1000
12000000/12000000 - 37s - loss: -3.6922e+00 - val_loss: 2.0321
Epoch 596/1000
12000000/12000000 - 37s - loss: -3.6927e+00 - val_loss: 2.0494
Epoch 597/1000
12000000/12000000 - 37s - loss: -3.6931e+00 - val_loss: 1.8629
Epoch 598/1000
12000000/12000000 - 38s - loss: -3.6934e+00 - val_loss: 2.0160
Epoch 599/1000
12000000/12000000 - 37s - loss: -3.6940e+00 - val_loss: 1.9181
Epoch 600/1000
12000000/12000000 - 36s - loss: -3.6943e+00 - val_loss: 1.9075
Epoch 601/1000
12000000/12000000 - 38s - loss: -3.6942e+00 - val_loss: 2.0245
Epoch 602/1000
12000000/12000000 - 38s - loss: -3.6951e+00 - val_loss: 2.1051
Epoch 603/1000
12000000/12000000 - 38s - loss: -3.6948e+00 - val_loss: 1.9574
Epoch 604/1000
12000000/12000000 - 38s - loss: -3.6955e+00 - val_loss: 1.9993
Epoch 605/1000
12000000/12000000 - 38s - loss: -3.6958e+00 - val_loss: 2.0719
Epoch 606/1000
12000000/12000000 - 36s - loss: -3.6961e+00 - val_loss: 2.0741
Epoch 607/1000
12000000/12000000 - 37s - loss: -3.6963e+00 - val_loss: 1.8853
Epoch 608/1000
12000000/12000000 - 38s - loss: -3.6968e+00 - val_loss: 1.9423
Epoch 609/1000
12000000/12000000 - 38s - loss: -3.6968e+00 - val_loss: 1.9234
Epoch 610/1000
12000000/12000000 - 38s - loss: -3.6971e+00 - val_loss: 1.9702
Epoch 611/1000
12000000/12000000 - 37s - loss: -3.6976e+00 - val_loss: 2.0241
Epoch 612/1000
12000000/12000000 - 39s - loss: -3.6982e+00 - val_loss: 2.0546
Epoch 613/1000
12000000/12000000 - 38s - loss: -3.6982e+00 - val_loss: 2.0130
Epoch 614/1000
12000000/12000000 - 36s - loss: -3.6989e+00 - val_loss: 2.0137
Epoch 615/1000
12000000/12000000 - 36s - loss: -3.6992e+00 - val_loss: 2.0399
Epoch 616/1000
12000000/12000000 - 38s - loss: -3.6997e+00 - val_loss: 1.9952
Epoch 617/1000
12000000/12000000 - 36s - loss: -3.7000e+00 - val_loss: 1.9748
Epoch 618/1000
12000000/12000000 - 37s - loss: -3.7007e+00 - val_loss: 2.0258
Epoch 619/1000
12000000/12000000 - 36s - loss: -3.7007e+00 - val_loss: 1.9735
Epoch 620/1000
12000000/12000000 - 37s - loss: -3.7010e+00 - val_loss: 1.9154
Epoch 621/1000
12000000/12000000 - 36s - loss: -3.7016e+00 - val_loss: 1.9083
Epoch 622/1000
12000000/12000000 - 37s - loss: -3.7016e+00 - val_loss: 2.0249
Epoch 623/1000
12000000/12000000 - 36s - loss: -3.7022e+00 - val_loss: 1.9132
Epoch 624/1000
12000000/12000000 - 36s - loss: -3.7023e+00 - val_loss: 1.9414
Epoch 625/1000
12000000/12000000 - 35s - loss: -3.7024e+00 - val_loss: 1.9858
Epoch 626/1000
12000000/12000000 - 35s - loss: -3.7029e+00 - val_loss: 1.9589
Epoch 627/1000
12000000/12000000 - 36s - loss: -3.7031e+00 - val_loss: 1.9819
Epoch 628/1000
12000000/12000000 - 36s - loss: -3.7035e+00 - val_loss: 1.9548
Epoch 629/1000
12000000/12000000 - 37s - loss: -3.7039e+00 - val_loss: 1.9324
Epoch 630/1000
12000000/12000000 - 36s - loss: -3.7043e+00 - val_loss: 2.0022
Epoch 631/1000
12000000/12000000 - 33s - loss: -3.7046e+00 - val_loss: 1.8648
Epoch 632/1000
12000000/12000000 - 35s - loss: -3.7049e+00 - val_loss: 1.9403
Epoch 633/1000
12000000/12000000 - 36s - loss: -3.7050e+00 - val_loss: 2.0439
Epoch 634/1000
12000000/12000000 - 35s - loss: -3.7054e+00 - val_loss: 1.9436
Epoch 635/1000
12000000/12000000 - 34s - loss: -3.7057e+00 - val_loss: 1.9807
Epoch 636/1000
12000000/12000000 - 35s - loss: -3.7063e+00 - val_loss: 1.9787
Epoch 637/1000
12000000/12000000 - 34s - loss: -3.7065e+00 - val_loss: 2.0180
Epoch 638/1000
12000000/12000000 - 36s - loss: -3.7069e+00 - val_loss: 1.9306
Epoch 639/1000
12000000/12000000 - 37s - loss: -3.7072e+00 - val_loss: 1.9786
Epoch 640/1000
12000000/12000000 - 37s - loss: -3.7074e+00 - val_loss: 2.0159
Epoch 641/1000
12000000/12000000 - 35s - loss: -3.7080e+00 - val_loss: 1.9965
Epoch 642/1000
12000000/12000000 - 36s - loss: -3.7079e+00 - val_loss: 1.9306
Epoch 643/1000
12000000/12000000 - 35s - loss: -3.7084e+00 - val_loss: 1.9480
Epoch 644/1000
12000000/12000000 - 34s - loss: -3.7088e+00 - val_loss: 1.9301
Epoch 645/1000
12000000/12000000 - 37s - loss: -3.7089e+00 - val_loss: 1.9607
Epoch 646/1000
12000000/12000000 - 37s - loss: -3.7093e+00 - val_loss: 2.0786
Epoch 647/1000
12000000/12000000 - 37s - loss: -3.7097e+00 - val_loss: 1.9061
Epoch 648/1000
12000000/12000000 - 32s - loss: -3.7100e+00 - val_loss: 1.9803
Epoch 649/1000
12000000/12000000 - 37s - loss: -3.7106e+00 - val_loss: 1.8545
Epoch 650/1000
12000000/12000000 - 36s - loss: -3.7105e+00 - val_loss: 1.9878
Epoch 651/1000
12000000/12000000 - 35s - loss: -3.7112e+00 - val_loss: 1.9459
Epoch 652/1000
12000000/12000000 - 36s - loss: -3.7113e+00 - val_loss: 1.9211
Epoch 653/1000
12000000/12000000 - 37s - loss: -3.7118e+00 - val_loss: 1.9350
Epoch 654/1000
12000000/12000000 - 38s - loss: -3.7119e+00 - val_loss: 1.9895
Epoch 655/1000
12000000/12000000 - 38s - loss: -3.7121e+00 - val_loss: 1.8863
Epoch 656/1000
12000000/12000000 - 35s - loss: -3.7125e+00 - val_loss: 1.9451
Epoch 657/1000
12000000/12000000 - 36s - loss: -3.7131e+00 - val_loss: 1.8452
Epoch 658/1000
12000000/12000000 - 37s - loss: -3.7131e+00 - val_loss: 1.8448
Epoch 659/1000
12000000/12000000 - 37s - loss: -3.7133e+00 - val_loss: 1.8903
Epoch 660/1000
12000000/12000000 - 36s - loss: -3.7137e+00 - val_loss: 1.9780
Epoch 661/1000
12000000/12000000 - 36s - loss: -3.7141e+00 - val_loss: 2.0269
Epoch 662/1000
12000000/12000000 - 38s - loss: -3.7144e+00 - val_loss: 1.9078
Epoch 663/1000
12000000/12000000 - 36s - loss: -3.7150e+00 - val_loss: 1.9031
Epoch 664/1000
12000000/12000000 - 37s - loss: -3.7150e+00 - val_loss: 1.9446
Epoch 665/1000
12000000/12000000 - 36s - loss: -3.7151e+00 - val_loss: 1.8289
Epoch 666/1000
12000000/12000000 - 37s - loss: -3.7157e+00 - val_loss: 1.9462
Epoch 667/1000
12000000/12000000 - 37s - loss: -3.7159e+00 - val_loss: 1.8892
Epoch 668/1000
12000000/12000000 - 37s - loss: -3.7163e+00 - val_loss: 1.8967
Epoch 669/1000
12000000/12000000 - 38s - loss: -3.7167e+00 - val_loss: 1.9110
Epoch 670/1000
12000000/12000000 - 37s - loss: -3.7173e+00 - val_loss: 1.8987
Epoch 671/1000
12000000/12000000 - 37s - loss: -3.7177e+00 - val_loss: 1.8736
Epoch 672/1000
12000000/12000000 - 37s - loss: -3.7175e+00 - val_loss: 1.8892
Epoch 673/1000
12000000/12000000 - 37s - loss: -3.7179e+00 - val_loss: 1.9778
Epoch 674/1000
12000000/12000000 - 37s - loss: -3.7180e+00 - val_loss: 1.9229
Epoch 675/1000
12000000/12000000 - 37s - loss: -3.7187e+00 - val_loss: 1.9455
Epoch 676/1000
12000000/12000000 - 37s - loss: -3.7188e+00 - val_loss: 1.8481
Epoch 677/1000
12000000/12000000 - 37s - loss: -3.7192e+00 - val_loss: 1.8850
Epoch 678/1000
12000000/12000000 - 37s - loss: -3.7195e+00 - val_loss: 1.9579
Epoch 679/1000
12000000/12000000 - 37s - loss: -3.7196e+00 - val_loss: 1.9677
Epoch 680/1000
12000000/12000000 - 38s - loss: -3.7200e+00 - val_loss: 1.9580
Epoch 681/1000
12000000/12000000 - 36s - loss: -3.7205e+00 - val_loss: 1.9412
Epoch 682/1000
12000000/12000000 - 37s - loss: -3.7207e+00 - val_loss: 1.8080
Epoch 683/1000
12000000/12000000 - 37s - loss: -3.7210e+00 - val_loss: 1.8760
Epoch 684/1000
12000000/12000000 - 37s - loss: -3.7215e+00 - val_loss: 1.9726
Epoch 685/1000
12000000/12000000 - 37s - loss: -3.7213e+00 - val_loss: 1.8915
Epoch 686/1000
12000000/12000000 - 36s - loss: -3.7219e+00 - val_loss: 1.9553
Epoch 687/1000
12000000/12000000 - 37s - loss: -3.7224e+00 - val_loss: 1.9028
Epoch 688/1000
12000000/12000000 - 39s - loss: -3.7229e+00 - val_loss: 1.9846
Epoch 689/1000
12000000/12000000 - 37s - loss: -3.7230e+00 - val_loss: 1.9607
Epoch 690/1000
12000000/12000000 - 37s - loss: -3.7236e+00 - val_loss: 1.9324
Epoch 691/1000
12000000/12000000 - 37s - loss: -3.7235e+00 - val_loss: 1.9987
Epoch 692/1000
12000000/12000000 - 38s - loss: -3.7241e+00 - val_loss: 1.9567
Epoch 693/1000
12000000/12000000 - 38s - loss: -3.7246e+00 - val_loss: 1.8907
Epoch 694/1000
12000000/12000000 - 37s - loss: -3.7254e+00 - val_loss: 1.9637
Epoch 695/1000
12000000/12000000 - 37s - loss: -3.7250e+00 - val_loss: 1.9424
Epoch 696/1000
12000000/12000000 - 36s - loss: -3.7251e+00 - val_loss: 1.8464
Epoch 697/1000
12000000/12000000 - 37s - loss: -3.7256e+00 - val_loss: 1.9328
Epoch 698/1000
12000000/12000000 - 38s - loss: -3.7262e+00 - val_loss: 1.9427
Epoch 699/1000
12000000/12000000 - 34s - loss: -3.7267e+00 - val_loss: 1.8725
Epoch 700/1000
12000000/12000000 - 37s - loss: -3.7268e+00 - val_loss: 1.9618
Epoch 701/1000
12000000/12000000 - 36s - loss: -3.7268e+00 - val_loss: 1.9809
Epoch 702/1000
12000000/12000000 - 36s - loss: -3.7271e+00 - val_loss: 1.9647
Epoch 703/1000
12000000/12000000 - 35s - loss: -3.7272e+00 - val_loss: 1.9944
Epoch 704/1000
12000000/12000000 - 34s - loss: -3.7276e+00 - val_loss: 1.9726
Epoch 705/1000
12000000/12000000 - 36s - loss: -3.7275e+00 - val_loss: 1.9018
Epoch 706/1000
12000000/12000000 - 37s - loss: -3.7283e+00 - val_loss: 1.9663
Epoch 707/1000
12000000/12000000 - 36s - loss: -3.7284e+00 - val_loss: 1.9348
Epoch 708/1000
12000000/12000000 - 36s - loss: -3.7288e+00 - val_loss: 1.9732
Epoch 709/1000
12000000/12000000 - 34s - loss: -3.7294e+00 - val_loss: 2.0547
Epoch 710/1000
12000000/12000000 - 34s - loss: -3.7291e+00 - val_loss: 2.0442
Epoch 711/1000
12000000/12000000 - 34s - loss: -3.7298e+00 - val_loss: 1.9627
Epoch 712/1000
12000000/12000000 - 35s - loss: -3.7301e+00 - val_loss: 1.9209
Epoch 713/1000
12000000/12000000 - 37s - loss: -3.7304e+00 - val_loss: 2.0040
Epoch 714/1000
12000000/12000000 - 37s - loss: -3.7305e+00 - val_loss: 2.0278
Epoch 715/1000
12000000/12000000 - 36s - loss: -3.7309e+00 - val_loss: 1.9642
Epoch 716/1000
12000000/12000000 - 35s - loss: -3.7311e+00 - val_loss: 1.9917
Epoch 717/1000
12000000/12000000 - 35s - loss: -3.7316e+00 - val_loss: 1.8033
Epoch 718/1000
12000000/12000000 - 35s - loss: -3.7315e+00 - val_loss: 2.0476
Epoch 719/1000
12000000/12000000 - 35s - loss: -3.7319e+00 - val_loss: 1.9554
Epoch 720/1000
12000000/12000000 - 34s - loss: -3.7327e+00 - val_loss: 2.0088
Epoch 721/1000
12000000/12000000 - 35s - loss: -3.7327e+00 - val_loss: 1.9483
Epoch 722/1000
12000000/12000000 - 36s - loss: -3.7327e+00 - val_loss: 2.0163
Epoch 723/1000
12000000/12000000 - 36s - loss: -3.7333e+00 - val_loss: 1.9548
Epoch 724/1000
12000000/12000000 - 36s - loss: -3.7337e+00 - val_loss: 2.0180
Epoch 725/1000
12000000/12000000 - 36s - loss: -3.7337e+00 - val_loss: 1.9372
Epoch 726/1000
12000000/12000000 - 35s - loss: -3.7341e+00 - val_loss: 1.9434
Epoch 727/1000
12000000/12000000 - 36s - loss: -3.7344e+00 - val_loss: 2.0342
Epoch 728/1000
12000000/12000000 - 36s - loss: -3.7343e+00 - val_loss: 1.9936
Epoch 729/1000
12000000/12000000 - 36s - loss: -3.7348e+00 - val_loss: 1.9662
Epoch 730/1000
12000000/12000000 - 36s - loss: -3.7356e+00 - val_loss: 2.0078
Epoch 731/1000
12000000/12000000 - 35s - loss: -3.7350e+00 - val_loss: 1.9602
Epoch 732/1000
12000000/12000000 - 36s - loss: -3.7358e+00 - val_loss: 2.0229
Epoch 733/1000
12000000/12000000 - 35s - loss: -3.7360e+00 - val_loss: 1.9818
Epoch 734/1000
12000000/12000000 - 34s - loss: -3.7364e+00 - val_loss: 2.0515
Epoch 735/1000
12000000/12000000 - 36s - loss: -3.7364e+00 - val_loss: 1.9952
Epoch 736/1000
12000000/12000000 - 36s - loss: -3.7370e+00 - val_loss: 1.9940
Epoch 737/1000
12000000/12000000 - 34s - loss: -3.7373e+00 - val_loss: 2.0438
Epoch 738/1000
12000000/12000000 - 34s - loss: -3.7375e+00 - val_loss: 2.0050
Epoch 739/1000
12000000/12000000 - 36s - loss: -3.7379e+00 - val_loss: 2.0757
Epoch 740/1000
12000000/12000000 - 37s - loss: -3.7382e+00 - val_loss: 2.0142
Epoch 741/1000
12000000/12000000 - 36s - loss: -3.7385e+00 - val_loss: 1.9835
Epoch 742/1000
12000000/12000000 - 35s - loss: -3.7387e+00 - val_loss: 1.9387
Epoch 743/1000
12000000/12000000 - 35s - loss: -3.7393e+00 - val_loss: 1.9691
Epoch 744/1000
12000000/12000000 - 36s - loss: -3.7395e+00 - val_loss: 2.0218
Epoch 745/1000
12000000/12000000 - 37s - loss: -3.7397e+00 - val_loss: 2.0095
Epoch 746/1000
12000000/12000000 - 37s - loss: -3.7398e+00 - val_loss: 2.0721
Epoch 747/1000
12000000/12000000 - 36s - loss: -3.7405e+00 - val_loss: 2.0661
Epoch 748/1000
12000000/12000000 - 36s - loss: -3.7409e+00 - val_loss: 1.9906
Epoch 749/1000
12000000/12000000 - 37s - loss: -3.7408e+00 - val_loss: 2.1168
Epoch 750/1000
12000000/12000000 - 36s - loss: -3.7415e+00 - val_loss: 2.0994
Epoch 751/1000
12000000/12000000 - 36s - loss: -3.7412e+00 - val_loss: 2.0434
Epoch 752/1000
12000000/12000000 - 36s - loss: -3.7418e+00 - val_loss: 2.0257
Epoch 753/1000
12000000/12000000 - 36s - loss: -3.7419e+00 - val_loss: 2.0125
Epoch 754/1000
12000000/12000000 - 37s - loss: -3.7424e+00 - val_loss: 2.1104
Epoch 755/1000
12000000/12000000 - 37s - loss: -3.7426e+00 - val_loss: 2.1415
Epoch 756/1000
12000000/12000000 - 37s - loss: -3.7429e+00 - val_loss: 2.0925
Epoch 757/1000
12000000/12000000 - 36s - loss: -3.7429e+00 - val_loss: 2.0799
Epoch 758/1000
12000000/12000000 - 36s - loss: -3.7437e+00 - val_loss: 2.1032
Epoch 759/1000
12000000/12000000 - 36s - loss: -3.7441e+00 - val_loss: 2.0261
Epoch 760/1000
12000000/12000000 - 36s - loss: -3.7437e+00 - val_loss: 1.9934
Epoch 761/1000
12000000/12000000 - 36s - loss: -3.7443e+00 - val_loss: 2.0299
Epoch 762/1000
12000000/12000000 - 36s - loss: -3.7446e+00 - val_loss: 2.0931
Epoch 763/1000
12000000/12000000 - 37s - loss: -3.7450e+00 - val_loss: 2.0968
Epoch 764/1000
12000000/12000000 - 38s - loss: -3.7452e+00 - val_loss: 2.0063
Epoch 765/1000
12000000/12000000 - 36s - loss: -3.7455e+00 - val_loss: 1.9717
Epoch 766/1000
12000000/12000000 - 36s - loss: -3.7452e+00 - val_loss: 1.9855
Epoch 767/1000
12000000/12000000 - 37s - loss: -3.7458e+00 - val_loss: 2.1274
Epoch 768/1000
12000000/12000000 - 36s - loss: -3.7462e+00 - val_loss: 2.0984
Epoch 769/1000
12000000/12000000 - 36s - loss: -3.7465e+00 - val_loss: 2.0170
Epoch 770/1000
12000000/12000000 - 36s - loss: -3.7470e+00 - val_loss: 2.1316
Epoch 771/1000
12000000/12000000 - 36s - loss: -3.7477e+00 - val_loss: 2.0795
Epoch 772/1000
12000000/12000000 - 36s - loss: -3.7476e+00 - val_loss: 2.0352
Epoch 773/1000
12000000/12000000 - 36s - loss: -3.7478e+00 - val_loss: 2.0679
Epoch 774/1000
12000000/12000000 - 36s - loss: -3.7482e+00 - val_loss: 2.0879
Epoch 775/1000
12000000/12000000 - 36s - loss: -3.7481e+00 - val_loss: 2.0525
Epoch 776/1000
12000000/12000000 - 37s - loss: -3.7486e+00 - val_loss: 2.1230
Epoch 777/1000
12000000/12000000 - 35s - loss: -3.7489e+00 - val_loss: 2.1480
Epoch 778/1000
12000000/12000000 - 33s - loss: -3.7492e+00 - val_loss: 2.1305
Epoch 779/1000
12000000/12000000 - 33s - loss: -3.7497e+00 - val_loss: 2.1121
Epoch 780/1000
12000000/12000000 - 35s - loss: -3.7496e+00 - val_loss: 2.1190
Epoch 781/1000
12000000/12000000 - 32s - loss: -3.7505e+00 - val_loss: 2.0602
Epoch 782/1000
12000000/12000000 - 31s - loss: -3.7505e+00 - val_loss: 2.1103
Epoch 783/1000
12000000/12000000 - 34s - loss: -3.7507e+00 - val_loss: 2.0709
Epoch 784/1000
12000000/12000000 - 32s - loss: -3.7506e+00 - val_loss: 2.0467
Epoch 785/1000
12000000/12000000 - 33s - loss: -3.7511e+00 - val_loss: 2.1204
Epoch 786/1000
12000000/12000000 - 33s - loss: -3.7515e+00 - val_loss: 2.1331
Epoch 787/1000
12000000/12000000 - 33s - loss: -3.7513e+00 - val_loss: 2.0756
Epoch 788/1000
12000000/12000000 - 35s - loss: -3.7523e+00 - val_loss: 2.1107
Epoch 789/1000
12000000/12000000 - 36s - loss: -3.7522e+00 - val_loss: 2.1193
Epoch 790/1000
12000000/12000000 - 36s - loss: -3.7522e+00 - val_loss: 2.0691
Epoch 791/1000
12000000/12000000 - 36s - loss: -3.7527e+00 - val_loss: 2.1024
Epoch 792/1000
12000000/12000000 - 36s - loss: -3.7531e+00 - val_loss: 2.1502
Epoch 793/1000
12000000/12000000 - 36s - loss: -3.7532e+00 - val_loss: 2.1460
Epoch 794/1000
12000000/12000000 - 36s - loss: -3.7535e+00 - val_loss: 2.0738
Epoch 795/1000
12000000/12000000 - 36s - loss: -3.7539e+00 - val_loss: 2.0896
Epoch 796/1000
12000000/12000000 - 36s - loss: -3.7538e+00 - val_loss: 2.1365
Epoch 797/1000
12000000/12000000 - 36s - loss: -3.7544e+00 - val_loss: 2.1896
Epoch 798/1000
12000000/12000000 - 33s - loss: -3.7545e+00 - val_loss: 2.2068
Epoch 799/1000
12000000/12000000 - 34s - loss: -3.7551e+00 - val_loss: 2.2003
Epoch 800/1000
12000000/12000000 - 35s - loss: -3.7552e+00 - val_loss: 2.0307
Epoch 801/1000
12000000/12000000 - 35s - loss: -3.7557e+00 - val_loss: 2.1358
Epoch 802/1000
12000000/12000000 - 36s - loss: -3.7557e+00 - val_loss: 2.1689
Epoch 803/1000
12000000/12000000 - 37s - loss: -3.7559e+00 - val_loss: 2.0099
Epoch 804/1000
12000000/12000000 - 37s - loss: -3.7560e+00 - val_loss: 2.2597
Epoch 805/1000
12000000/12000000 - 36s - loss: -3.7565e+00 - val_loss: 2.1513
Epoch 806/1000
12000000/12000000 - 36s - loss: -3.7569e+00 - val_loss: 2.0403
Epoch 807/1000
12000000/12000000 - 37s - loss: -3.7569e+00 - val_loss: 2.1027
Epoch 808/1000
12000000/12000000 - 36s - loss: -3.7572e+00 - val_loss: 2.1332
Epoch 809/1000
12000000/12000000 - 35s - loss: -3.7577e+00 - val_loss: 2.1314
Epoch 810/1000
12000000/12000000 - 36s - loss: -3.7579e+00 - val_loss: 2.1521
Epoch 811/1000
12000000/12000000 - 37s - loss: -3.7582e+00 - val_loss: 2.0981
Epoch 812/1000
12000000/12000000 - 38s - loss: -3.7587e+00 - val_loss: 2.1256
Epoch 813/1000
12000000/12000000 - 39s - loss: -3.7588e+00 - val_loss: 1.9913
Epoch 814/1000
12000000/12000000 - 36s - loss: -3.7590e+00 - val_loss: 2.1275
Epoch 815/1000
12000000/12000000 - 36s - loss: -3.7593e+00 - val_loss: 2.1436
Epoch 816/1000
12000000/12000000 - 37s - loss: -3.7596e+00 - val_loss: 2.1429
Epoch 817/1000
12000000/12000000 - 35s - loss: -3.7596e+00 - val_loss: 2.1771
Epoch 818/1000
12000000/12000000 - 35s - loss: -3.7605e+00 - val_loss: 2.1092
Epoch 819/1000
12000000/12000000 - 35s - loss: -3.7605e+00 - val_loss: 2.1717
Epoch 820/1000
12000000/12000000 - 37s - loss: -3.7607e+00 - val_loss: 2.0678
Epoch 821/1000
12000000/12000000 - 37s - loss: -3.7611e+00 - val_loss: 2.1782
Epoch 822/1000
12000000/12000000 - 39s - loss: -3.7611e+00 - val_loss: 2.0431
Epoch 823/1000
12000000/12000000 - 37s - loss: -3.7617e+00 - val_loss: 2.0430
Epoch 824/1000
12000000/12000000 - 36s - loss: -3.7620e+00 - val_loss: 2.2025
Epoch 825/1000
12000000/12000000 - 36s - loss: -3.7618e+00 - val_loss: 2.0226
Epoch 826/1000
12000000/12000000 - 36s - loss: -3.7626e+00 - val_loss: 2.0919
Epoch 827/1000
12000000/12000000 - 36s - loss: -3.7626e+00 - val_loss: 2.0599
Epoch 828/1000
12000000/12000000 - 37s - loss: -3.7626e+00 - val_loss: 2.1368
Epoch 829/1000
12000000/12000000 - 36s - loss: -3.7629e+00 - val_loss: 2.1315
Epoch 830/1000
12000000/12000000 - 34s - loss: -3.7633e+00 - val_loss: 2.1653
Epoch 831/1000
12000000/12000000 - 36s - loss: -3.7638e+00 - val_loss: 2.0436
Epoch 832/1000
12000000/12000000 - 37s - loss: -3.7641e+00 - val_loss: 2.1406
Epoch 833/1000
12000000/12000000 - 37s - loss: -3.7639e+00 - val_loss: 2.2238
Epoch 834/1000
12000000/12000000 - 37s - loss: -3.7646e+00 - val_loss: 2.2070
Epoch 835/1000
12000000/12000000 - 36s - loss: -3.7647e+00 - val_loss: 2.2115
Epoch 836/1000
12000000/12000000 - 35s - loss: -3.7650e+00 - val_loss: 2.1353
Epoch 837/1000
12000000/12000000 - 36s - loss: -3.7654e+00 - val_loss: 2.1580
Epoch 838/1000
12000000/12000000 - 36s - loss: -3.7655e+00 - val_loss: 2.0531
Epoch 839/1000
12000000/12000000 - 37s - loss: -3.7660e+00 - val_loss: 2.1887
Epoch 840/1000
12000000/12000000 - 36s - loss: -3.7660e+00 - val_loss: 2.1899
Epoch 841/1000
12000000/12000000 - 36s - loss: -3.7661e+00 - val_loss: 2.2780
Epoch 842/1000
12000000/12000000 - 36s - loss: -3.7664e+00 - val_loss: 2.1538
Epoch 843/1000
12000000/12000000 - 36s - loss: -3.7669e+00 - val_loss: 2.2404
Epoch 844/1000
12000000/12000000 - 36s - loss: -3.7669e+00 - val_loss: 2.2441
Epoch 845/1000
12000000/12000000 - 36s - loss: -3.7673e+00 - val_loss: 2.2419
Epoch 846/1000
12000000/12000000 - 36s - loss: -3.7675e+00 - val_loss: 2.1460
Epoch 847/1000
12000000/12000000 - 36s - loss: -3.7680e+00 - val_loss: 2.1500
Epoch 848/1000
12000000/12000000 - 37s - loss: -3.7684e+00 - val_loss: 2.1846
Epoch 849/1000
12000000/12000000 - 37s - loss: -3.7688e+00 - val_loss: 2.0914
Epoch 850/1000
12000000/12000000 - 36s - loss: -3.7692e+00 - val_loss: 2.1425
Epoch 851/1000
12000000/12000000 - 38s - loss: -3.7693e+00 - val_loss: 2.2139
Epoch 852/1000
12000000/12000000 - 37s - loss: -3.7697e+00 - val_loss: 2.1571
Epoch 853/1000
12000000/12000000 - 35s - loss: -3.7696e+00 - val_loss: 2.1763
Epoch 854/1000
12000000/12000000 - 35s - loss: -3.7702e+00 - val_loss: 2.1819
Epoch 855/1000
12000000/12000000 - 36s - loss: -3.7705e+00 - val_loss: 2.2274
Epoch 856/1000
12000000/12000000 - 37s - loss: -3.7706e+00 - val_loss: 2.1105
Epoch 857/1000
12000000/12000000 - 32s - loss: -3.7706e+00 - val_loss: 2.2150
Epoch 858/1000
12000000/12000000 - 32s - loss: -3.7710e+00 - val_loss: 2.1777
Epoch 859/1000
12000000/12000000 - 31s - loss: -3.7710e+00 - val_loss: 2.1844
Epoch 860/1000
12000000/12000000 - 28s - loss: -3.7714e+00 - val_loss: 2.1599
Epoch 861/1000
12000000/12000000 - 32s - loss: -3.7719e+00 - val_loss: 2.2450
Epoch 862/1000
12000000/12000000 - 35s - loss: -3.7720e+00 - val_loss: 2.1681
Epoch 863/1000
12000000/12000000 - 36s - loss: -3.7722e+00 - val_loss: 2.1067
Epoch 864/1000
12000000/12000000 - 31s - loss: -3.7724e+00 - val_loss: 2.2664
Epoch 865/1000
12000000/12000000 - 36s - loss: -3.7727e+00 - val_loss: 2.1857
Epoch 866/1000
12000000/12000000 - 36s - loss: -3.7735e+00 - val_loss: 2.1171
Epoch 867/1000
12000000/12000000 - 33s - loss: -3.7735e+00 - val_loss: 2.1715
Epoch 868/1000
12000000/12000000 - 35s - loss: -3.7737e+00 - val_loss: 2.2120
Epoch 869/1000
12000000/12000000 - 33s - loss: -3.7739e+00 - val_loss: 2.2128
Epoch 870/1000
12000000/12000000 - 35s - loss: -3.7742e+00 - val_loss: 2.1500
Epoch 871/1000
12000000/12000000 - 33s - loss: -3.7745e+00 - val_loss: 2.1954
Epoch 872/1000
12000000/12000000 - 35s - loss: -3.7748e+00 - val_loss: 2.1968
Epoch 873/1000
12000000/12000000 - 37s - loss: -3.7749e+00 - val_loss: 2.1426
Epoch 874/1000
12000000/12000000 - 37s - loss: -3.7751e+00 - val_loss: 2.1933
Epoch 875/1000
12000000/12000000 - 35s - loss: -3.7753e+00 - val_loss: 2.2326
Epoch 876/1000
12000000/12000000 - 36s - loss: -3.7755e+00 - val_loss: 2.3197
Epoch 877/1000
12000000/12000000 - 35s - loss: -3.7762e+00 - val_loss: 2.3496
Epoch 878/1000
12000000/12000000 - 37s - loss: -3.7764e+00 - val_loss: 2.3182
Epoch 879/1000
12000000/12000000 - 37s - loss: -3.7762e+00 - val_loss: 2.3153
Epoch 880/1000
12000000/12000000 - 37s - loss: -3.7770e+00 - val_loss: 2.2485
Epoch 881/1000
12000000/12000000 - 38s - loss: -3.7770e+00 - val_loss: 2.2114
Epoch 882/1000
12000000/12000000 - 38s - loss: -3.7774e+00 - val_loss: 2.3165
Epoch 883/1000
12000000/12000000 - 37s - loss: -3.7774e+00 - val_loss: 2.2558
Epoch 884/1000
12000000/12000000 - 38s - loss: -3.7777e+00 - val_loss: 2.2482
Epoch 885/1000
12000000/12000000 - 38s - loss: -3.7781e+00 - val_loss: 2.2262
Epoch 886/1000
12000000/12000000 - 38s - loss: -3.7783e+00 - val_loss: 2.2636
Epoch 887/1000
12000000/12000000 - 37s - loss: -3.7787e+00 - val_loss: 2.2747
Epoch 888/1000
12000000/12000000 - 36s - loss: -3.7789e+00 - val_loss: 2.2774
Epoch 889/1000
12000000/12000000 - 38s - loss: -3.7789e+00 - val_loss: 2.2729
Epoch 890/1000
12000000/12000000 - 38s - loss: -3.7794e+00 - val_loss: 2.3356
Epoch 891/1000
12000000/12000000 - 37s - loss: -3.7791e+00 - val_loss: 2.1860
Epoch 892/1000
12000000/12000000 - 37s - loss: -3.7794e+00 - val_loss: 2.2860
Epoch 893/1000
12000000/12000000 - 37s - loss: -3.7800e+00 - val_loss: 2.2689
Epoch 894/1000
12000000/12000000 - 36s - loss: -3.7800e+00 - val_loss: 2.2835
Epoch 895/1000
12000000/12000000 - 34s - loss: -3.7808e+00 - val_loss: 2.3378
Epoch 896/1000
12000000/12000000 - 36s - loss: -3.7807e+00 - val_loss: 2.3425
Epoch 897/1000
12000000/12000000 - 36s - loss: -3.7812e+00 - val_loss: 2.2346
Epoch 898/1000
12000000/12000000 - 36s - loss: -3.7815e+00 - val_loss: 2.2602
Epoch 899/1000
12000000/12000000 - 36s - loss: -3.7816e+00 - val_loss: 2.2964
Epoch 900/1000
12000000/12000000 - 38s - loss: -3.7816e+00 - val_loss: 2.3160
Epoch 901/1000
12000000/12000000 - 37s - loss: -3.7821e+00 - val_loss: 2.2606
Epoch 902/1000
12000000/12000000 - 36s - loss: -3.7825e+00 - val_loss: 2.3342
Epoch 903/1000
12000000/12000000 - 37s - loss: -3.7824e+00 - val_loss: 2.3264
Epoch 904/1000
12000000/12000000 - 35s - loss: -3.7826e+00 - val_loss: 2.2744
Epoch 905/1000
12000000/12000000 - 35s - loss: -3.7833e+00 - val_loss: 2.2132
Epoch 906/1000
12000000/12000000 - 35s - loss: -3.7833e+00 - val_loss: 2.3799
Epoch 907/1000
12000000/12000000 - 35s - loss: -3.7837e+00 - val_loss: 2.3274
Epoch 908/1000
12000000/12000000 - 36s - loss: -3.7836e+00 - val_loss: 2.1909
Epoch 909/1000
12000000/12000000 - 37s - loss: -3.7844e+00 - val_loss: 2.2561
Epoch 910/1000
12000000/12000000 - 37s - loss: -3.7839e+00 - val_loss: 2.2850
Epoch 911/1000
12000000/12000000 - 37s - loss: -3.7848e+00 - val_loss: 2.3544
Epoch 912/1000
12000000/12000000 - 36s - loss: -3.7846e+00 - val_loss: 2.3967
Epoch 913/1000
12000000/12000000 - 38s - loss: -3.7851e+00 - val_loss: 2.2996
Epoch 914/1000
12000000/12000000 - 38s - loss: -3.7851e+00 - val_loss: 2.2727
Epoch 915/1000
12000000/12000000 - 35s - loss: -3.7853e+00 - val_loss: 2.3049
Epoch 916/1000
12000000/12000000 - 35s - loss: -3.7858e+00 - val_loss: 2.3360
Epoch 917/1000
12000000/12000000 - 36s - loss: -3.7861e+00 - val_loss: 2.2924
Epoch 918/1000
12000000/12000000 - 37s - loss: -3.7862e+00 - val_loss: 2.2953
Epoch 919/1000
12000000/12000000 - 37s - loss: -3.7865e+00 - val_loss: 2.2704
Epoch 920/1000
12000000/12000000 - 37s - loss: -3.7868e+00 - val_loss: 2.2753
Epoch 921/1000
12000000/12000000 - 37s - loss: -3.7875e+00 - val_loss: 2.3207
Epoch 922/1000
12000000/12000000 - 37s - loss: -3.7873e+00 - val_loss: 2.2937
Epoch 923/1000
12000000/12000000 - 37s - loss: -3.7876e+00 - val_loss: 2.3099
Epoch 924/1000
12000000/12000000 - 36s - loss: -3.7879e+00 - val_loss: 2.2465
Epoch 925/1000
12000000/12000000 - 36s - loss: -3.7881e+00 - val_loss: 2.3211
Epoch 926/1000
12000000/12000000 - 36s - loss: -3.7884e+00 - val_loss: 2.2702
Epoch 927/1000
12000000/12000000 - 36s - loss: -3.7887e+00 - val_loss: 2.2207
Epoch 928/1000
12000000/12000000 - 36s - loss: -3.7888e+00 - val_loss: 2.2859
Epoch 929/1000
12000000/12000000 - 37s - loss: -3.7890e+00 - val_loss: 2.1865
Epoch 930/1000
12000000/12000000 - 36s - loss: -3.7895e+00 - val_loss: 2.3405
Epoch 931/1000
12000000/12000000 - 36s - loss: -3.7897e+00 - val_loss: 2.3130
Epoch 932/1000
12000000/12000000 - 36s - loss: -3.7899e+00 - val_loss: 2.2449
Epoch 933/1000
12000000/12000000 - 36s - loss: -3.7901e+00 - val_loss: 2.2389
Epoch 934/1000
12000000/12000000 - 35s - loss: -3.7905e+00 - val_loss: 2.3145
Epoch 935/1000
12000000/12000000 - 37s - loss: -3.7907e+00 - val_loss: 2.3449
Epoch 936/1000
12000000/12000000 - 36s - loss: -3.7908e+00 - val_loss: 2.2905
Epoch 937/1000
12000000/12000000 - 36s - loss: -3.7913e+00 - val_loss: 2.3870
Epoch 938/1000
12000000/12000000 - 38s - loss: -3.7916e+00 - val_loss: 2.2640
Epoch 939/1000
12000000/12000000 - 38s - loss: -3.7916e+00 - val_loss: 2.3032
Epoch 940/1000
12000000/12000000 - 38s - loss: -3.7917e+00 - val_loss: 2.3169
Epoch 941/1000
12000000/12000000 - 38s - loss: -3.7922e+00 - val_loss: 2.2691
Epoch 942/1000
12000000/12000000 - 35s - loss: -3.7927e+00 - val_loss: 2.3632
Epoch 943/1000
12000000/12000000 - 36s - loss: -3.7926e+00 - val_loss: 2.2891
Epoch 944/1000
12000000/12000000 - 37s - loss: -3.7928e+00 - val_loss: 2.2168
Epoch 945/1000
12000000/12000000 - 37s - loss: -3.7930e+00 - val_loss: 2.3969
Epoch 946/1000
12000000/12000000 - 37s - loss: -3.7932e+00 - val_loss: 2.2962
Epoch 947/1000
12000000/12000000 - 38s - loss: -3.7936e+00 - val_loss: 2.2943
Epoch 948/1000
12000000/12000000 - 37s - loss: -3.7940e+00 - val_loss: 2.2770
Epoch 949/1000
12000000/12000000 - 37s - loss: -3.7943e+00 - val_loss: 2.3181
Epoch 950/1000
12000000/12000000 - 38s - loss: -3.7943e+00 - val_loss: 2.2690
Epoch 951/1000
12000000/12000000 - 37s - loss: -3.7944e+00 - val_loss: 2.3573
Epoch 952/1000
12000000/12000000 - 38s - loss: -3.7948e+00 - val_loss: 2.3395
Epoch 953/1000
12000000/12000000 - 38s - loss: -3.7948e+00 - val_loss: 2.3444
Epoch 954/1000
12000000/12000000 - 38s - loss: -3.7953e+00 - val_loss: 2.3499
Epoch 955/1000
12000000/12000000 - 39s - loss: -3.7957e+00 - val_loss: 2.3091
Epoch 956/1000
12000000/12000000 - 37s - loss: -3.7959e+00 - val_loss: 2.2471
Epoch 957/1000
12000000/12000000 - 38s - loss: -3.7963e+00 - val_loss: 2.3936
Epoch 958/1000
12000000/12000000 - 38s - loss: -3.7966e+00 - val_loss: 2.2382
Epoch 959/1000
12000000/12000000 - 37s - loss: -3.7963e+00 - val_loss: 2.3263
Epoch 960/1000
12000000/12000000 - 39s - loss: -3.7968e+00 - val_loss: 2.2814
Epoch 961/1000
12000000/12000000 - 36s - loss: -3.7973e+00 - val_loss: 2.3482
Epoch 962/1000
12000000/12000000 - 36s - loss: -3.7975e+00 - val_loss: 2.3200
Epoch 963/1000
12000000/12000000 - 35s - loss: -3.7983e+00 - val_loss: 2.3147
Epoch 964/1000
12000000/12000000 - 36s - loss: -3.7981e+00 - val_loss: 2.3044
Epoch 965/1000
12000000/12000000 - 35s - loss: -3.7988e+00 - val_loss: 2.3110
Epoch 966/1000
12000000/12000000 - 35s - loss: -3.7990e+00 - val_loss: 2.2661
Epoch 967/1000
12000000/12000000 - 34s - loss: -3.7988e+00 - val_loss: 2.4007
Epoch 968/1000
12000000/12000000 - 35s - loss: -3.7993e+00 - val_loss: 2.3985
Epoch 969/1000
12000000/12000000 - 38s - loss: -3.7995e+00 - val_loss: 2.3379
Epoch 970/1000
12000000/12000000 - 38s - loss: -3.7997e+00 - val_loss: 2.3925
Epoch 971/1000
12000000/12000000 - 37s - loss: -3.7995e+00 - val_loss: 2.3204
Epoch 972/1000
12000000/12000000 - 38s - loss: -3.8002e+00 - val_loss: 2.3088
Epoch 973/1000
12000000/12000000 - 37s - loss: -3.8002e+00 - val_loss: 2.2858
Epoch 974/1000
12000000/12000000 - 36s - loss: -3.8007e+00 - val_loss: 2.3888
Epoch 975/1000
12000000/12000000 - 36s - loss: -3.8010e+00 - val_loss: 2.3679
Epoch 976/1000
12000000/12000000 - 37s - loss: -3.8010e+00 - val_loss: 2.4056
Epoch 977/1000
12000000/12000000 - 36s - loss: -3.8012e+00 - val_loss: 2.3371
Epoch 978/1000
12000000/12000000 - 35s - loss: -3.8015e+00 - val_loss: 2.4155
Epoch 979/1000
12000000/12000000 - 36s - loss: -3.8016e+00 - val_loss: 2.3393
Epoch 980/1000
12000000/12000000 - 37s - loss: -3.8024e+00 - val_loss: 2.3822
Epoch 981/1000
12000000/12000000 - 37s - loss: -3.8025e+00 - val_loss: 2.3749
Epoch 982/1000
12000000/12000000 - 38s - loss: -3.8028e+00 - val_loss: 2.4427
Epoch 983/1000
12000000/12000000 - 38s - loss: -3.8029e+00 - val_loss: 2.2435
Epoch 984/1000
12000000/12000000 - 37s - loss: -3.8033e+00 - val_loss: 2.3901
Epoch 985/1000
12000000/12000000 - 36s - loss: -3.8034e+00 - val_loss: 2.3399
Epoch 986/1000
12000000/12000000 - 34s - loss: -3.8036e+00 - val_loss: 2.4047
Epoch 987/1000
12000000/12000000 - 33s - loss: -3.8039e+00 - val_loss: 2.2012
Epoch 988/1000
12000000/12000000 - 36s - loss: -3.8045e+00 - val_loss: 2.3915
Epoch 989/1000
12000000/12000000 - 36s - loss: -3.8044e+00 - val_loss: 2.3235
Epoch 990/1000
12000000/12000000 - 36s - loss: -3.8047e+00 - val_loss: 2.3959
Epoch 991/1000
12000000/12000000 - 37s - loss: -3.8048e+00 - val_loss: 2.3606
Epoch 992/1000
12000000/12000000 - 38s - loss: -3.8052e+00 - val_loss: 2.3523
Epoch 993/1000
12000000/12000000 - 38s - loss: -3.8053e+00 - val_loss: 2.4036
Epoch 994/1000
12000000/12000000 - 38s - loss: -3.8055e+00 - val_loss: 2.3433
Epoch 995/1000
12000000/12000000 - 37s - loss: -3.8062e+00 - val_loss: 2.4068
Epoch 996/1000
12000000/12000000 - 36s - loss: -3.8059e+00 - val_loss: 2.3778
Epoch 997/1000
12000000/12000000 - 35s - loss: -3.8063e+00 - val_loss: 2.2886
Epoch 998/1000
12000000/12000000 - 36s - loss: -3.8069e+00 - val_loss: 2.2953
Epoch 999/1000
12000000/12000000 - 36s - loss: -3.8071e+00 - val_loss: 2.3583
Epoch 1000/1000
12000000/12000000 - 37s - loss: -3.8072e+00 - val_loss: 2.2818
W0310 08:51:36.345736 139891176179520 legend.py:1289] No handles with labels found to put in legend.
W0310 08:51:36.356225 139891176179520 legend.py:1289] No handles with labels found to put in legend.
W0310 08:51:36.411651 139891176179520 legend.py:1289] No handles with labels found to put in legend.
W0310 08:51:36.420140 139891176179520 legend.py:1289] No handles with labels found to put in legend.
/homes/nramachandra/anaconda3/envs/tf_gpu_14/lib/python3.6/site-packages/matplotlib/figure.py:98: MatplotlibDeprecationWarning: 
Adding an axes using the same arguments as a previous axes currently reuses the earlier instance.  In a future version, a new instance will always be created and returned.  Meanwhile, this warning can be suppressed, and the future behavior ensured, by passing a unique label to each axes instance.
  "Adding an axes using the same arguments as a previous axes "
W0310 08:51:36.492258 139891176179520 legend.py:1289] No handles with labels found to put in legend.
[4, 18, 81]
0
1
2
[4, 18, 81]
0
1
2
/homes/nramachandra/anaconda3/envs/tf_gpu_14/lib/python3.6/site-packages/matplotlib/axes/_axes.py:6521: MatplotlibDeprecationWarning: 
The 'normed' kwarg was deprecated in Matplotlib 2.1 and will be removed in 3.1. Use 'density' instead.
  alternative="'density'", removal="3.1")
mdn_4_tf2.py:828: RuntimeWarning: divide by zero encountered in true_divide
  plt.plot(x, np.exp(logps[:,-i])/prior.pdf(x), label='posterior under flat prior')
/homes/nramachandra/anaconda3/envs/tf_gpu_14/lib/python3.6/site-packages/matplotlib/pyplot.py:1479: UserWarning: Attempted to set non-positive bottom ylim on a log-scaled axis.
Invalid limit will be ignored.
  ret = ax.set_ylim(*args, **kwargs)
/homes/nramachandra/anaconda3/envs/tf_gpu_14/lib/python3.6/site-packages/matplotlib/axes/_base.py:4371: UserWarning: aspect is not supported for Axes with xscale=linear, yscale=log
  self.apply_aspect()
/homes/nramachandra/anaconda3/envs/tf_gpu_14/lib/python3.6/site-packages/matplotlib/axes/_base.py:2575: UserWarning: aspect is not supported for Axes with xscale=linear, yscale=log
  self.apply_aspect()
/homes/nramachandra/anaconda3/envs/tf_gpu_14/lib/python3.6/site-packages/matplotlib/axes/_base.py:848: UserWarning: aspect is not supported for Axes with xscale=linear, yscale=log
  self.apply_aspect()
mdn_4_tf2.py:902: RuntimeWarning: divide by zero encountered in true_divide
  corrected_posterior = np.exp(logps)/(prior.pdf(x).reshape((-1,1)))
mdn_4_tf2.py:904: RuntimeWarning: invalid value encountered in true_divide
  y_pred_prior_mean = simps(x.reshape((-1,1))*corrected_posterior, x,axis=0)/simps(corrected_posterior,x,axis=0 )
/homes/nramachandra/anaconda3/envs/tf_gpu_14/lib/python3.6/site-packages/numpy/lib/function_base.py:3826: RuntimeWarning: Invalid value encountered in percentile
  interpolation=interpolation)
[36210] End job
