[0] setting up environment
2020-02-05 21:41:37.988326: I tensorflow/core/platform/cpu_feature_guard.cc:141] Your CPU supports instructions that this TensorFlow binary was not compiled to use: SSE4.1 SSE4.2 AVX AVX2 FMA
2020-02-05 21:41:38.007207: I tensorflow/core/platform/profile_utils/cpu_utils.cc:94] CPU Frequency: 2099815000 Hz
2020-02-05 21:41:38.013289: I tensorflow/compiler/xla/service/service.cc:150] XLA service 0x7f4b8db2b650 executing computations on platform Host. Devices:
2020-02-05 21:41:38.013351: I tensorflow/compiler/xla/service/service.cc:158]   StreamExecutor device (0): <undefined>, <undefined>
2020-02-05 21:41:38.738642: I tensorflow/compiler/xla/service/service.cc:150] XLA service 0x7f4b8dbdaed0 executing computations on platform CUDA. Devices:
2020-02-05 21:41:38.738687: I tensorflow/compiler/xla/service/service.cc:158]   StreamExecutor device (0): Tesla P100-PCIE-16GB, Compute Capability 6.0
2020-02-05 21:41:38.738929: I tensorflow/core/common_runtime/gpu/gpu_device.cc:1433] Found device 0 with properties: 
name: Tesla P100-PCIE-16GB major: 6 minor: 0 memoryClockRate(GHz): 1.3285
pciBusID: 0000:83:00.0
totalMemory: 15.90GiB freeMemory: 15.64GiB
2020-02-05 21:41:38.738957: I tensorflow/core/common_runtime/gpu/gpu_device.cc:1512] Adding visible gpu devices: 0
2020-02-05 21:41:38.742756: I tensorflow/core/common_runtime/gpu/gpu_device.cc:984] Device interconnect StreamExecutor with strength 1 edge matrix:
2020-02-05 21:41:38.742782: I tensorflow/core/common_runtime/gpu/gpu_device.cc:990]      0 
2020-02-05 21:41:38.742791: I tensorflow/core/common_runtime/gpu/gpu_device.cc:1003] 0:   N 
2020-02-05 21:41:38.742944: I tensorflow/core/common_runtime/gpu/gpu_device.cc:1115] Created TensorFlow device (/job:localhost/replica:0/task:0/device:GPU:0 with 15216 MB memory) -> physical GPU (device: 0, name: Tesla P100-PCIE-16GB, pci bus id: 0000:83:00.0, compute capability: 6.0)
2020-02-05 21:41:50.588991: I tensorflow/stream_executor/dso_loader.cc:152] successfully opened CUDA library libcublas.so.10.0 locally

WARNING: The TensorFlow contrib module will not be included in TensorFlow 2.0.
For more information, please see:
  * https://github.com/tensorflow/community/blob/master/rfcs/20180907-contrib-sunset.md
  * https://github.com/tensorflow/addons
If you depend on functionality not listed there, please file an issue.

=~=~=~=~=~=~=~=~=~=~=~=~=~=~=~=~=~=~=~=~
=~=~=~=~=~=~=~=~=~=~=~=~=~=~=~=~=~=~=~=~
Size of features in training data: (2900000, 5)
Size of output in training data: (2900000,)
Size of features in test data: (499, 5)
Size of output in test data: (499,)
[[ 0.94340991  0.20019531  0.18018319]
 [ 0.24705818  0.03231759  0.01092209]
 [ 0.62860974  0.16947257  0.19529916]
 ...
 [ 0.25919798  0.02683296  0.01105583]
 [-0.00528434  0.01117339  0.00315212]
 [ 0.56784876  0.19543853  0.20191868]]
[175646, 31242, 1247110, 270081, 310411, 1883471]
[421, 327, 31, 36, 147, 58]
[9200] End job
