[0] setting up environment
2020-02-01 21:21:12.136611: I tensorflow/core/platform/cpu_feature_guard.cc:141] Your CPU supports instructions that this TensorFlow binary was not compiled to use: SSE4.1 SSE4.2 AVX AVX2 FMA
2020-02-01 21:21:12.154190: I tensorflow/core/platform/profile_utils/cpu_utils.cc:94] CPU Frequency: 2100065000 Hz
2020-02-01 21:21:12.159913: I tensorflow/compiler/xla/service/service.cc:150] XLA service 0x7fea1f91a890 executing computations on platform Host. Devices:
2020-02-01 21:21:12.159973: I tensorflow/compiler/xla/service/service.cc:158]   StreamExecutor device (0): <undefined>, <undefined>
2020-02-01 21:21:12.932875: I tensorflow/compiler/xla/service/service.cc:150] XLA service 0x7fea1f9ca110 executing computations on platform CUDA. Devices:
2020-02-01 21:21:12.932920: I tensorflow/compiler/xla/service/service.cc:158]   StreamExecutor device (0): Tesla P100-PCIE-16GB, Compute Capability 6.0
2020-02-01 21:21:12.933165: I tensorflow/core/common_runtime/gpu/gpu_device.cc:1433] Found device 0 with properties: 
name: Tesla P100-PCIE-16GB major: 6 minor: 0 memoryClockRate(GHz): 1.3285
pciBusID: 0000:83:00.0
totalMemory: 15.90GiB freeMemory: 15.64GiB
2020-02-01 21:21:12.933193: I tensorflow/core/common_runtime/gpu/gpu_device.cc:1512] Adding visible gpu devices: 0
2020-02-01 21:21:12.936638: I tensorflow/core/common_runtime/gpu/gpu_device.cc:984] Device interconnect StreamExecutor with strength 1 edge matrix:
2020-02-01 21:21:12.936661: I tensorflow/core/common_runtime/gpu/gpu_device.cc:990]      0 
2020-02-01 21:21:12.936671: I tensorflow/core/common_runtime/gpu/gpu_device.cc:1003] 0:   N 
2020-02-01 21:21:12.936827: I tensorflow/core/common_runtime/gpu/gpu_device.cc:1115] Created TensorFlow device (/job:localhost/replica:0/task:0/device:GPU:0 with 15216 MB memory) -> physical GPU (device: 0, name: Tesla P100-PCIE-16GB, pci bus id: 0000:83:00.0, compute capability: 6.0)
2020-02-01 21:22:01.284765: I tensorflow/stream_executor/dso_loader.cc:152] successfully opened CUDA library libcublas.so.10.0 locally

WARNING: The TensorFlow contrib module will not be included in TensorFlow 2.0.
For more information, please see:
  * https://github.com/tensorflow/community/blob/master/rfcs/20180907-contrib-sunset.md
  * https://github.com/tensorflow/addons
If you depend on functionality not listed there, please file an issue.

=~=~=~=~=~=~=~=~=~=~=~=~=~=~=~=~=~=~=~=~
=~=~=~=~=~=~=~=~=~=~=~=~=~=~=~=~=~=~=~=~
Size of features in training data: (12000000, 5)
Size of output in training data: (12000000,)
Size of features in test data: (499, 5)
Size of output in test data: (499,)
[[0.15696758 0.06702407 0.20044305]
 [0.14309974 0.01031434 0.19773408]
 [0.03072414 0.01196942 0.19272941]
 ...
 [0.21463888 0.18978709 0.2227528 ]
 [0.45687982 0.24918376 0.21584225]
 [0.07096725 0.02762874 0.19410362]]
[7199775, 6178968, 9400566, 3608229, 9118701, 4075607]
[451, 329, 456, 228, 468, 454]
[124617] End job
