[0] setting up environment

CommandNotFoundError: Your shell has not been properly configured to use 'conda activate'.
To initialize your shell, run

    $ conda init <SHELL_NAME>

Currently supported shells are:
  - bash
  - fish
  - tcsh
  - xonsh
  - zsh
  - powershell

See 'conda init --help' for more information and options.

IMPORTANT: You may need to close and restart your shell after running 'conda init'.


2020-03-09 22:48:28.182721: I tensorflow/stream_executor/platform/default/dso_loader.cc:42] Successfully opened dynamic library libcuda.so.1
2020-03-09 22:48:28.696969: I tensorflow/core/common_runtime/gpu/gpu_device.cc:1640] Found device 0 with properties: 
name: Tesla P100-PCIE-16GB major: 6 minor: 0 memoryClockRate(GHz): 1.3285
pciBusID: 0000:83:00.0
2020-03-09 22:48:28.700673: I tensorflow/stream_executor/platform/default/dso_loader.cc:42] Successfully opened dynamic library libcudart.so.10.0
2020-03-09 22:48:28.745773: I tensorflow/stream_executor/platform/default/dso_loader.cc:42] Successfully opened dynamic library libcublas.so.10.0
2020-03-09 22:48:28.777022: I tensorflow/stream_executor/platform/default/dso_loader.cc:42] Successfully opened dynamic library libcufft.so.10.0
2020-03-09 22:48:28.840964: I tensorflow/stream_executor/platform/default/dso_loader.cc:42] Successfully opened dynamic library libcurand.so.10.0
2020-03-09 22:48:28.881595: I tensorflow/stream_executor/platform/default/dso_loader.cc:42] Successfully opened dynamic library libcusolver.so.10.0
2020-03-09 22:48:28.906477: I tensorflow/stream_executor/platform/default/dso_loader.cc:42] Successfully opened dynamic library libcusparse.so.10.0
2020-03-09 22:48:29.014651: I tensorflow/stream_executor/platform/default/dso_loader.cc:42] Successfully opened dynamic library libcudnn.so.7
2020-03-09 22:48:29.018651: I tensorflow/core/common_runtime/gpu/gpu_device.cc:1763] Adding visible gpu devices: 0
2020-03-09 22:48:29.019391: I tensorflow/core/platform/cpu_feature_guard.cc:142] Your CPU supports instructions that this TensorFlow binary was not compiled to use: SSE4.1 SSE4.2 AVX AVX2 FMA
2020-03-09 22:48:29.031340: I tensorflow/core/platform/profile_utils/cpu_utils.cc:94] CPU Frequency: 2099815000 Hz
2020-03-09 22:48:29.035103: I tensorflow/compiler/xla/service/service.cc:168] XLA service 0x7f3ee10b1710 executing computations on platform Host. Devices:
2020-03-09 22:48:29.035136: I tensorflow/compiler/xla/service/service.cc:175]   StreamExecutor device (0): <undefined>, <undefined>
2020-03-09 22:48:29.145084: I tensorflow/compiler/xla/service/service.cc:168] XLA service 0x7f3ee11101b0 executing computations on platform CUDA. Devices:
2020-03-09 22:48:29.145139: I tensorflow/compiler/xla/service/service.cc:175]   StreamExecutor device (0): Tesla P100-PCIE-16GB, Compute Capability 6.0
2020-03-09 22:48:29.147628: I tensorflow/core/common_runtime/gpu/gpu_device.cc:1640] Found device 0 with properties: 
name: Tesla P100-PCIE-16GB major: 6 minor: 0 memoryClockRate(GHz): 1.3285
pciBusID: 0000:83:00.0
2020-03-09 22:48:29.147702: I tensorflow/stream_executor/platform/default/dso_loader.cc:42] Successfully opened dynamic library libcudart.so.10.0
2020-03-09 22:48:29.147731: I tensorflow/stream_executor/platform/default/dso_loader.cc:42] Successfully opened dynamic library libcublas.so.10.0
2020-03-09 22:48:29.147754: I tensorflow/stream_executor/platform/default/dso_loader.cc:42] Successfully opened dynamic library libcufft.so.10.0
2020-03-09 22:48:29.147777: I tensorflow/stream_executor/platform/default/dso_loader.cc:42] Successfully opened dynamic library libcurand.so.10.0
2020-03-09 22:48:29.147800: I tensorflow/stream_executor/platform/default/dso_loader.cc:42] Successfully opened dynamic library libcusolver.so.10.0
2020-03-09 22:48:29.147822: I tensorflow/stream_executor/platform/default/dso_loader.cc:42] Successfully opened dynamic library libcusparse.so.10.0
2020-03-09 22:48:29.147847: I tensorflow/stream_executor/platform/default/dso_loader.cc:42] Successfully opened dynamic library libcudnn.so.7
2020-03-09 22:48:29.152107: I tensorflow/core/common_runtime/gpu/gpu_device.cc:1763] Adding visible gpu devices: 0
2020-03-09 22:48:29.152161: I tensorflow/stream_executor/platform/default/dso_loader.cc:42] Successfully opened dynamic library libcudart.so.10.0
2020-03-09 22:48:29.155529: I tensorflow/core/common_runtime/gpu/gpu_device.cc:1181] Device interconnect StreamExecutor with strength 1 edge matrix:
2020-03-09 22:48:29.155552: I tensorflow/core/common_runtime/gpu/gpu_device.cc:1187]      0 
2020-03-09 22:48:29.155567: I tensorflow/core/common_runtime/gpu/gpu_device.cc:1200] 0:   N 
2020-03-09 22:48:29.159688: I tensorflow/core/common_runtime/gpu/gpu_device.cc:1326] Created TensorFlow device (/job:localhost/replica:0/task:0/device:GPU:0 with 15216 MB memory) -> physical GPU (device: 0, name: Tesla P100-PCIE-16GB, pci bus id: 0000:83:00.0, compute capability: 6.0)
/homes/nramachandra/anaconda3/envs/tf_gpu_14/lib/python3.6/site-packages/matplotlib/axes/_axes.py:6521: MatplotlibDeprecationWarning: 
The 'normed' kwarg was deprecated in Matplotlib 2.1 and will be removed in 3.1. Use 'density' instead.
  alternative="'density'", removal="3.1")
WARNING: Logging before flag parsing goes to stderr.
W0309 22:48:31.222035 139907940894528 deprecation.py:323] From /homes/nramachandra/anaconda3/envs/tf_gpu_14/lib/python3.6/site-packages/tensorflow_probability/python/internal/distribution_util.py:493: add_dispatch_support.<locals>.wrapper (from tensorflow.python.ops.array_ops) is deprecated and will be removed in a future version.
Instructions for updating:
Use tf.where in 2.0, which has the same broadcast rule as np.where
2020-03-09 22:48:32.480060: I tensorflow/stream_executor/platform/default/dso_loader.cc:42] Successfully opened dynamic library libcublas.so.10.0
(6304534, 6)
(7237871, 6)
(456685, 5)
(423353, 5)
Size of features in training data: (12000000, 5)
Size of output in training data: (12000000,)
Size of features in test data: (10000, 5)
Size of output in test data: (10000,)
Model: "sequential"
_________________________________________________________________
Layer (type)                 Output Shape              Param #   
=================================================================
dense (Dense)                (None, 128)               768       
_________________________________________________________________
dense_1 (Dense)              (None, 128)               16512     
_________________________________________________________________
dense_2 (Dense)              (None, 64)                8256      
_________________________________________________________________
dense_3 (Dense)              (None, 32)                2080      
_________________________________________________________________
dense_4 (Dense)              (None, 9)                 297       
_________________________________________________________________
mixture_normal (MixtureNorma ((None, 1), (None, 1))    0         
=================================================================
Total params: 27,913
Trainable params: 27,913
Non-trainable params: 0
_________________________________________________________________
Train on 12000000 samples, validate on 10000 samples
Epoch 1/1000
12000000/12000000 - 35s - loss: -1.8207e+00 - val_loss: -5.3375e-01
Epoch 2/1000
12000000/12000000 - 33s - loss: -2.1401e+00 - val_loss: 0.1508
Epoch 3/1000
12000000/12000000 - 32s - loss: -2.2665e+00 - val_loss: -8.5343e-02
Epoch 4/1000
12000000/12000000 - 34s - loss: -2.3534e+00 - val_loss: 0.2117
Epoch 5/1000
12000000/12000000 - 30s - loss: -2.4120e+00 - val_loss: 0.2295
Epoch 6/1000
12000000/12000000 - 36s - loss: -2.6772e+00 - val_loss: 0.9283
Epoch 7/1000
12000000/12000000 - 33s - loss: -2.7090e+00 - val_loss: 1.1695
Epoch 8/1000
12000000/12000000 - 35s - loss: -2.7297e+00 - val_loss: 1.0513
Epoch 9/1000
12000000/12000000 - 36s - loss: -2.7469e+00 - val_loss: 1.0951
Epoch 10/1000
12000000/12000000 - 33s - loss: -2.7623e+00 - val_loss: 1.0956
Epoch 11/1000
12000000/12000000 - 31s - loss: -2.7760e+00 - val_loss: 1.1948
Epoch 12/1000
12000000/12000000 - 30s - loss: -2.7887e+00 - val_loss: 1.1016
Epoch 13/1000
12000000/12000000 - 34s - loss: -2.8004e+00 - val_loss: 1.1007
Epoch 14/1000
12000000/12000000 - 35s - loss: -2.8114e+00 - val_loss: 1.3274
Epoch 15/1000
12000000/12000000 - 36s - loss: -2.8218e+00 - val_loss: 1.2793
Epoch 16/1000
12000000/12000000 - 36s - loss: -2.8319e+00 - val_loss: 1.4455
Epoch 17/1000
12000000/12000000 - 37s - loss: -2.8414e+00 - val_loss: 1.3612
Epoch 18/1000
12000000/12000000 - 32s - loss: -2.8509e+00 - val_loss: 1.2752
Epoch 19/1000
12000000/12000000 - 34s - loss: -2.8600e+00 - val_loss: 1.3503
Epoch 20/1000
12000000/12000000 - 36s - loss: -2.8687e+00 - val_loss: 1.2349
Epoch 21/1000
12000000/12000000 - 33s - loss: -2.8774e+00 - val_loss: 1.4274
Epoch 22/1000
12000000/12000000 - 37s - loss: -2.8856e+00 - val_loss: 1.5415
Epoch 23/1000
12000000/12000000 - 33s - loss: -2.8940e+00 - val_loss: 1.4582
Epoch 24/1000
12000000/12000000 - 32s - loss: -2.9023e+00 - val_loss: 1.3867
Epoch 25/1000
12000000/12000000 - 34s - loss: -2.9108e+00 - val_loss: 1.6203
Epoch 26/1000
12000000/12000000 - 32s - loss: -2.9197e+00 - val_loss: 1.5036
Epoch 27/1000
12000000/12000000 - 32s - loss: -2.9288e+00 - val_loss: 1.5389
Epoch 28/1000
12000000/12000000 - 36s - loss: -2.9375e+00 - val_loss: 1.6724
Epoch 29/1000
12000000/12000000 - 33s - loss: -2.9455e+00 - val_loss: 1.5128
Epoch 30/1000
12000000/12000000 - 36s - loss: -2.9536e+00 - val_loss: 1.6422
Epoch 31/1000
12000000/12000000 - 37s - loss: -2.9610e+00 - val_loss: 1.6821
Epoch 32/1000
12000000/12000000 - 36s - loss: -2.9682e+00 - val_loss: 1.7452
Epoch 33/1000
12000000/12000000 - 32s - loss: -2.9751e+00 - val_loss: 1.6873
Epoch 34/1000
12000000/12000000 - 30s - loss: -2.9815e+00 - val_loss: 1.6987
Epoch 35/1000
12000000/12000000 - 30s - loss: -2.9874e+00 - val_loss: 1.6631
Epoch 36/1000
12000000/12000000 - 34s - loss: -2.9934e+00 - val_loss: 1.7568
Epoch 37/1000
12000000/12000000 - 32s - loss: -2.9991e+00 - val_loss: 1.7253
Epoch 38/1000
12000000/12000000 - 35s - loss: -3.0049e+00 - val_loss: 1.8336
Epoch 39/1000
12000000/12000000 - 34s - loss: -3.0101e+00 - val_loss: 1.7101
Epoch 40/1000
12000000/12000000 - 32s - loss: -3.0150e+00 - val_loss: 2.0286
Epoch 41/1000
12000000/12000000 - 36s - loss: -3.0204e+00 - val_loss: 1.7618
Epoch 42/1000
12000000/12000000 - 33s - loss: -3.0251e+00 - val_loss: 1.8327
Epoch 43/1000
12000000/12000000 - 35s - loss: -3.0301e+00 - val_loss: 2.1099
Epoch 44/1000
12000000/12000000 - 37s - loss: -3.0348e+00 - val_loss: 2.1721
Epoch 45/1000
12000000/12000000 - 36s - loss: -3.0399e+00 - val_loss: 2.0574
Epoch 46/1000
12000000/12000000 - 34s - loss: -3.0440e+00 - val_loss: 1.7139
Epoch 47/1000
12000000/12000000 - 35s - loss: -3.0482e+00 - val_loss: 1.9214
Epoch 48/1000
12000000/12000000 - 35s - loss: -3.0522e+00 - val_loss: 2.0250
Epoch 49/1000
12000000/12000000 - 35s - loss: -3.0560e+00 - val_loss: 2.0996
Epoch 50/1000
12000000/12000000 - 36s - loss: -3.0597e+00 - val_loss: 1.8372
Epoch 51/1000
12000000/12000000 - 33s - loss: -3.0637e+00 - val_loss: 1.9170
Epoch 52/1000
12000000/12000000 - 33s - loss: -3.0670e+00 - val_loss: 1.9427
Epoch 53/1000
12000000/12000000 - 30s - loss: -3.0702e+00 - val_loss: 1.9516
Epoch 54/1000
12000000/12000000 - 32s - loss: -3.0739e+00 - val_loss: 1.9926
Epoch 55/1000
12000000/12000000 - 30s - loss: -3.0773e+00 - val_loss: 2.0318
Epoch 56/1000
12000000/12000000 - 31s - loss: -3.0805e+00 - val_loss: 1.9401
Epoch 57/1000
12000000/12000000 - 34s - loss: -3.0836e+00 - val_loss: 1.9572
Epoch 58/1000
12000000/12000000 - 32s - loss: -3.0870e+00 - val_loss: 2.0070
Epoch 59/1000
12000000/12000000 - 35s - loss: -3.0898e+00 - val_loss: 2.0719
Epoch 60/1000
12000000/12000000 - 35s - loss: -3.0930e+00 - val_loss: 2.0150
Epoch 61/1000
12000000/12000000 - 36s - loss: -3.0960e+00 - val_loss: 1.9512
Epoch 62/1000
12000000/12000000 - 35s - loss: -3.0989e+00 - val_loss: 1.8406
Epoch 63/1000
12000000/12000000 - 32s - loss: -3.1019e+00 - val_loss: 1.8943
Epoch 64/1000
12000000/12000000 - 33s - loss: -3.1055e+00 - val_loss: 1.9324
Epoch 65/1000
12000000/12000000 - 34s - loss: -3.1084e+00 - val_loss: 1.9492
Epoch 66/1000
12000000/12000000 - 36s - loss: -3.1110e+00 - val_loss: 2.0589
Epoch 67/1000
12000000/12000000 - 34s - loss: -3.1139e+00 - val_loss: 1.8587
Epoch 68/1000
12000000/12000000 - 36s - loss: -3.1168e+00 - val_loss: 2.0208
Epoch 69/1000
12000000/12000000 - 36s - loss: -3.1197e+00 - val_loss: 2.0562
Epoch 70/1000
12000000/12000000 - 33s - loss: -3.1227e+00 - val_loss: 1.9605
Epoch 71/1000
12000000/12000000 - 35s - loss: -3.1254e+00 - val_loss: 2.0103
Epoch 72/1000
12000000/12000000 - 37s - loss: -3.1280e+00 - val_loss: 1.8191
Epoch 73/1000
12000000/12000000 - 36s - loss: -3.1310e+00 - val_loss: 2.0358
Epoch 74/1000
12000000/12000000 - 33s - loss: -3.1337e+00 - val_loss: 1.9775
Epoch 75/1000
12000000/12000000 - 31s - loss: -3.1366e+00 - val_loss: 2.0711
Epoch 76/1000
12000000/12000000 - 31s - loss: -3.1394e+00 - val_loss: 2.1775
Epoch 77/1000
12000000/12000000 - 37s - loss: -3.1424e+00 - val_loss: 1.9933
Epoch 78/1000
12000000/12000000 - 36s - loss: -3.1453e+00 - val_loss: 1.9122
Epoch 79/1000
12000000/12000000 - 33s - loss: -3.1479e+00 - val_loss: 2.0302
Epoch 80/1000
12000000/12000000 - 31s - loss: -3.1507e+00 - val_loss: 2.1908
Epoch 81/1000
12000000/12000000 - 31s - loss: -3.1540e+00 - val_loss: 1.9831
Epoch 82/1000
12000000/12000000 - 34s - loss: -3.1564e+00 - val_loss: 1.9107
Epoch 83/1000
12000000/12000000 - 30s - loss: -3.1592e+00 - val_loss: 2.1610
Epoch 84/1000
12000000/12000000 - 29s - loss: -3.1617e+00 - val_loss: 1.9590
Epoch 85/1000
12000000/12000000 - 30s - loss: -3.1643e+00 - val_loss: 2.0006
Epoch 86/1000
12000000/12000000 - 36s - loss: -3.1670e+00 - val_loss: 1.9831
Epoch 87/1000
12000000/12000000 - 34s - loss: -3.1699e+00 - val_loss: 2.0870
Epoch 88/1000
12000000/12000000 - 31s - loss: -3.1723e+00 - val_loss: 2.0532
Epoch 89/1000
12000000/12000000 - 32s - loss: -3.1749e+00 - val_loss: 1.8601
Epoch 90/1000
12000000/12000000 - 30s - loss: -3.1776e+00 - val_loss: 1.9380
Epoch 91/1000
12000000/12000000 - 32s - loss: -3.1804e+00 - val_loss: 2.0493
Epoch 92/1000
12000000/12000000 - 30s - loss: -3.1824e+00 - val_loss: 1.8780
Epoch 93/1000
12000000/12000000 - 30s - loss: -3.1849e+00 - val_loss: 2.2930
Epoch 94/1000
12000000/12000000 - 30s - loss: -3.1874e+00 - val_loss: 2.1275
Epoch 95/1000
12000000/12000000 - 37s - loss: -3.1897e+00 - val_loss: 1.9655
Epoch 96/1000
12000000/12000000 - 33s - loss: -3.1921e+00 - val_loss: 2.3662
Epoch 97/1000
12000000/12000000 - 31s - loss: -3.1947e+00 - val_loss: 1.9994
Epoch 98/1000
12000000/12000000 - 33s - loss: -3.1966e+00 - val_loss: 2.1405
Epoch 99/1000
12000000/12000000 - 35s - loss: -3.1992e+00 - val_loss: 2.1024
Epoch 100/1000
12000000/12000000 - 35s - loss: -3.2014e+00 - val_loss: 2.1185
Epoch 101/1000
12000000/12000000 - 35s - loss: -3.2034e+00 - val_loss: 1.9398
Epoch 102/1000
12000000/12000000 - 32s - loss: -3.2057e+00 - val_loss: 2.3531
Epoch 103/1000
12000000/12000000 - 32s - loss: -3.2082e+00 - val_loss: 2.0852
Epoch 104/1000
12000000/12000000 - 34s - loss: -3.2096e+00 - val_loss: 2.1697
Epoch 105/1000
12000000/12000000 - 32s - loss: -3.2125e+00 - val_loss: 2.0754
Epoch 106/1000
12000000/12000000 - 33s - loss: -3.2140e+00 - val_loss: 2.0934
Epoch 107/1000
12000000/12000000 - 36s - loss: -3.2156e+00 - val_loss: 2.2293
Epoch 108/1000
12000000/12000000 - 33s - loss: -3.2179e+00 - val_loss: 2.3770
Epoch 109/1000
12000000/12000000 - 30s - loss: -3.2194e+00 - val_loss: 2.3183
Epoch 110/1000
12000000/12000000 - 30s - loss: -3.2217e+00 - val_loss: 2.3243
Epoch 111/1000
12000000/12000000 - 31s - loss: -3.2233e+00 - val_loss: 2.3359
Epoch 112/1000
12000000/12000000 - 32s - loss: -3.2252e+00 - val_loss: 1.9825
Epoch 113/1000
12000000/12000000 - 33s - loss: -3.2276e+00 - val_loss: 1.9541
Epoch 114/1000
12000000/12000000 - 37s - loss: -3.2288e+00 - val_loss: 2.0013
Epoch 115/1000
12000000/12000000 - 31s - loss: -3.2310e+00 - val_loss: 2.0781
Epoch 116/1000
12000000/12000000 - 33s - loss: -3.2325e+00 - val_loss: 2.2196
Epoch 117/1000
12000000/12000000 - 30s - loss: -3.2345e+00 - val_loss: 1.8165
Epoch 118/1000
12000000/12000000 - 30s - loss: -3.2358e+00 - val_loss: 2.0917
Epoch 119/1000
12000000/12000000 - 30s - loss: -3.2378e+00 - val_loss: 2.1499
Epoch 120/1000
12000000/12000000 - 33s - loss: -3.2397e+00 - val_loss: 2.1443
Epoch 121/1000
12000000/12000000 - 30s - loss: -3.2412e+00 - val_loss: 2.1649
Epoch 122/1000
12000000/12000000 - 30s - loss: -3.2422e+00 - val_loss: 2.5870
Epoch 123/1000
12000000/12000000 - 35s - loss: -3.2442e+00 - val_loss: 2.0893
Epoch 124/1000
12000000/12000000 - 34s - loss: -3.2459e+00 - val_loss: 2.1441
Epoch 125/1000
12000000/12000000 - 36s - loss: -3.2476e+00 - val_loss: 2.2293
Epoch 126/1000
12000000/12000000 - 35s - loss: -3.2495e+00 - val_loss: 2.2494
Epoch 127/1000
12000000/12000000 - 34s - loss: -3.2506e+00 - val_loss: 2.0683
Epoch 128/1000
12000000/12000000 - 35s - loss: -3.2522e+00 - val_loss: 2.2296
Epoch 129/1000
12000000/12000000 - 31s - loss: -3.2538e+00 - val_loss: 2.2772
Epoch 130/1000
12000000/12000000 - 35s - loss: -3.2556e+00 - val_loss: 2.1060
Epoch 131/1000
12000000/12000000 - 35s - loss: -3.2572e+00 - val_loss: 1.9100
Epoch 132/1000
12000000/12000000 - 35s - loss: -3.2582e+00 - val_loss: 2.0089
Epoch 133/1000
12000000/12000000 - 32s - loss: -3.2601e+00 - val_loss: 2.2034
Epoch 134/1000
12000000/12000000 - 34s - loss: -3.2616e+00 - val_loss: 2.3870
Epoch 135/1000
12000000/12000000 - 35s - loss: -3.2631e+00 - val_loss: 2.0294
Epoch 136/1000
12000000/12000000 - 35s - loss: -3.2643e+00 - val_loss: 2.1470
Epoch 137/1000
12000000/12000000 - 31s - loss: -3.2662e+00 - val_loss: 2.0085
Epoch 138/1000
12000000/12000000 - 33s - loss: -3.2674e+00 - val_loss: 2.0806
Epoch 139/1000
12000000/12000000 - 31s - loss: -3.2691e+00 - val_loss: 2.0610
Epoch 140/1000
12000000/12000000 - 32s - loss: -3.2704e+00 - val_loss: 2.0835
Epoch 141/1000
12000000/12000000 - 35s - loss: -3.2717e+00 - val_loss: 2.1192
Epoch 142/1000
12000000/12000000 - 34s - loss: -3.2735e+00 - val_loss: 2.3605
Epoch 143/1000
12000000/12000000 - 31s - loss: -3.2750e+00 - val_loss: 2.2094
Epoch 144/1000
12000000/12000000 - 32s - loss: -3.2762e+00 - val_loss: 2.1374
Epoch 145/1000
12000000/12000000 - 34s - loss: -3.2775e+00 - val_loss: 2.0406
Epoch 146/1000
12000000/12000000 - 33s - loss: -3.2788e+00 - val_loss: 2.3732
Epoch 147/1000
12000000/12000000 - 32s - loss: -3.2804e+00 - val_loss: 2.1407
Epoch 148/1000
12000000/12000000 - 33s - loss: -3.2817e+00 - val_loss: 2.2895
Epoch 149/1000
12000000/12000000 - 33s - loss: -3.2832e+00 - val_loss: 1.9918
Epoch 150/1000
12000000/12000000 - 36s - loss: -3.2845e+00 - val_loss: 2.3051
Epoch 151/1000
12000000/12000000 - 35s - loss: -3.2854e+00 - val_loss: 2.1785
Epoch 152/1000
12000000/12000000 - 33s - loss: -3.2871e+00 - val_loss: 2.2119
Epoch 153/1000
12000000/12000000 - 33s - loss: -3.2887e+00 - val_loss: 2.3432
Epoch 154/1000
12000000/12000000 - 31s - loss: -3.2897e+00 - val_loss: 2.2388
Epoch 155/1000
12000000/12000000 - 36s - loss: -3.2910e+00 - val_loss: 2.1871
Epoch 156/1000
12000000/12000000 - 36s - loss: -3.2928e+00 - val_loss: 2.3860
Epoch 157/1000
12000000/12000000 - 30s - loss: -3.2939e+00 - val_loss: 2.3002
Epoch 158/1000
12000000/12000000 - 31s - loss: -3.2950e+00 - val_loss: 2.0566
Epoch 159/1000
12000000/12000000 - 36s - loss: -3.2967e+00 - val_loss: 2.3302
Epoch 160/1000
12000000/12000000 - 35s - loss: -3.2983e+00 - val_loss: 2.3996
Epoch 161/1000
12000000/12000000 - 31s - loss: -3.2992e+00 - val_loss: 2.1222
Epoch 162/1000
12000000/12000000 - 30s - loss: -3.3002e+00 - val_loss: 2.2103
Epoch 163/1000
12000000/12000000 - 32s - loss: -3.3023e+00 - val_loss: 2.2887
Epoch 164/1000
12000000/12000000 - 35s - loss: -3.3027e+00 - val_loss: 2.3071
Epoch 165/1000
12000000/12000000 - 35s - loss: -3.3044e+00 - val_loss: 2.4730
Epoch 166/1000
12000000/12000000 - 34s - loss: -3.3055e+00 - val_loss: 2.2140
Epoch 167/1000
12000000/12000000 - 31s - loss: -3.3074e+00 - val_loss: 2.3058
Epoch 168/1000
12000000/12000000 - 37s - loss: -3.3083e+00 - val_loss: 1.9019
Epoch 169/1000
12000000/12000000 - 34s - loss: -3.3094e+00 - val_loss: 2.3140
Epoch 170/1000
12000000/12000000 - 33s - loss: -3.3114e+00 - val_loss: 2.2450
Epoch 171/1000
12000000/12000000 - 36s - loss: -3.3120e+00 - val_loss: 2.3335
Epoch 172/1000
12000000/12000000 - 36s - loss: -3.3133e+00 - val_loss: 2.0959
Epoch 173/1000
12000000/12000000 - 34s - loss: -3.3146e+00 - val_loss: 2.2378
Epoch 174/1000
12000000/12000000 - 37s - loss: -3.3154e+00 - val_loss: 2.1578
Epoch 175/1000
12000000/12000000 - 36s - loss: -3.3169e+00 - val_loss: 2.2959
Epoch 176/1000
12000000/12000000 - 36s - loss: -3.3185e+00 - val_loss: 2.2053
Epoch 177/1000
12000000/12000000 - 36s - loss: -3.3189e+00 - val_loss: 2.2442
Epoch 178/1000
12000000/12000000 - 37s - loss: -3.3195e+00 - val_loss: 2.3775
Epoch 179/1000
12000000/12000000 - 33s - loss: -3.3211e+00 - val_loss: 2.2166
Epoch 180/1000
12000000/12000000 - 30s - loss: -3.3221e+00 - val_loss: 1.9960
Epoch 181/1000
12000000/12000000 - 32s - loss: -3.3231e+00 - val_loss: 2.2865
Epoch 182/1000
12000000/12000000 - 30s - loss: -3.3246e+00 - val_loss: 2.2104
Epoch 183/1000
12000000/12000000 - 33s - loss: -3.3256e+00 - val_loss: 2.2796
Epoch 184/1000
12000000/12000000 - 30s - loss: -3.3267e+00 - val_loss: 1.9123
Epoch 185/1000
12000000/12000000 - 35s - loss: -3.3280e+00 - val_loss: 2.3004
Epoch 186/1000
12000000/12000000 - 34s - loss: -3.3289e+00 - val_loss: 2.2603
Epoch 187/1000
12000000/12000000 - 32s - loss: -3.3301e+00 - val_loss: 2.2310
Epoch 188/1000
12000000/12000000 - 31s - loss: -3.3307e+00 - val_loss: 2.2533
Epoch 189/1000
12000000/12000000 - 33s - loss: -3.3318e+00 - val_loss: 2.1494
Epoch 190/1000
12000000/12000000 - 33s - loss: -3.3334e+00 - val_loss: 2.3996
Epoch 191/1000
12000000/12000000 - 31s - loss: -3.3340e+00 - val_loss: 2.2127
Epoch 192/1000
12000000/12000000 - 31s - loss: -3.3351e+00 - val_loss: 1.9780
Epoch 193/1000
12000000/12000000 - 33s - loss: -3.3363e+00 - val_loss: 2.1853
Epoch 194/1000
12000000/12000000 - 29s - loss: -3.3374e+00 - val_loss: 2.3681
Epoch 195/1000
12000000/12000000 - 31s - loss: -3.3384e+00 - val_loss: 2.3221
Epoch 196/1000
12000000/12000000 - 31s - loss: -3.3392e+00 - val_loss: 2.3730
Epoch 197/1000
12000000/12000000 - 36s - loss: -3.3404e+00 - val_loss: 2.1177
Epoch 198/1000
12000000/12000000 - 31s - loss: -3.3414e+00 - val_loss: 1.9991
Epoch 199/1000
12000000/12000000 - 33s - loss: -3.3423e+00 - val_loss: 1.9453
Epoch 200/1000
12000000/12000000 - 32s - loss: -3.3437e+00 - val_loss: 2.1443
Epoch 201/1000
12000000/12000000 - 34s - loss: -3.3442e+00 - val_loss: 2.0663
Epoch 202/1000
12000000/12000000 - 33s - loss: -3.3454e+00 - val_loss: 2.0440
Epoch 203/1000
12000000/12000000 - 33s - loss: -3.3461e+00 - val_loss: 2.0738
Epoch 204/1000
12000000/12000000 - 34s - loss: -3.3472e+00 - val_loss: 2.2629
Epoch 205/1000
12000000/12000000 - 31s - loss: -3.3483e+00 - val_loss: 2.2718
Epoch 206/1000
12000000/12000000 - 35s - loss: -3.3488e+00 - val_loss: 2.2659
Epoch 207/1000
12000000/12000000 - 32s - loss: -3.3501e+00 - val_loss: 2.2752
Epoch 208/1000
12000000/12000000 - 36s - loss: -3.3513e+00 - val_loss: 2.1054
Epoch 209/1000
12000000/12000000 - 37s - loss: -3.3519e+00 - val_loss: 2.0157
Epoch 210/1000
12000000/12000000 - 33s - loss: -3.3526e+00 - val_loss: 2.1871
Epoch 211/1000
12000000/12000000 - 34s - loss: -3.3537e+00 - val_loss: 2.2159
Epoch 212/1000
12000000/12000000 - 35s - loss: -3.3548e+00 - val_loss: 2.4093
Epoch 213/1000
12000000/12000000 - 32s - loss: -3.3555e+00 - val_loss: 2.0848
Epoch 214/1000
12000000/12000000 - 31s - loss: -3.3565e+00 - val_loss: 2.1943
Epoch 215/1000
12000000/12000000 - 31s - loss: -3.3576e+00 - val_loss: 2.2043
Epoch 216/1000
12000000/12000000 - 30s - loss: -3.3584e+00 - val_loss: 2.0750
Epoch 217/1000
12000000/12000000 - 29s - loss: -3.3590e+00 - val_loss: 2.1444
Epoch 218/1000
12000000/12000000 - 29s - loss: -3.3600e+00 - val_loss: 2.1062
Epoch 219/1000
12000000/12000000 - 31s - loss: -3.3613e+00 - val_loss: 2.4084
Epoch 220/1000
12000000/12000000 - 31s - loss: -3.3619e+00 - val_loss: 2.3016
Epoch 221/1000
12000000/12000000 - 31s - loss: -3.3634e+00 - val_loss: 2.4702
Epoch 222/1000
12000000/12000000 - 31s - loss: -3.3637e+00 - val_loss: 2.1484
Epoch 223/1000
12000000/12000000 - 35s - loss: -3.3646e+00 - val_loss: 2.2428
Epoch 224/1000
12000000/12000000 - 31s - loss: -3.3652e+00 - val_loss: 2.0847
Epoch 225/1000
12000000/12000000 - 30s - loss: -3.3668e+00 - val_loss: 2.3222
Epoch 226/1000
12000000/12000000 - 31s - loss: -3.3679e+00 - val_loss: 2.2734
Epoch 227/1000
12000000/12000000 - 34s - loss: -3.3683e+00 - val_loss: 2.2959
Epoch 228/1000
12000000/12000000 - 32s - loss: -3.3693e+00 - val_loss: 2.1411
Epoch 229/1000
12000000/12000000 - 31s - loss: -3.3698e+00 - val_loss: 2.3171
Epoch 230/1000
12000000/12000000 - 31s - loss: -3.3709e+00 - val_loss: 2.1740
Epoch 231/1000
12000000/12000000 - 31s - loss: -3.3718e+00 - val_loss: 2.3200
Epoch 232/1000
12000000/12000000 - 34s - loss: -3.3721e+00 - val_loss: 2.0952
Epoch 233/1000
12000000/12000000 - 35s - loss: -3.3733e+00 - val_loss: 2.2698
Epoch 234/1000
12000000/12000000 - 30s - loss: -3.3740e+00 - val_loss: 2.2885
Epoch 235/1000
12000000/12000000 - 31s - loss: -3.3748e+00 - val_loss: 2.2165
Epoch 236/1000
12000000/12000000 - 31s - loss: -3.3760e+00 - val_loss: 2.1814
Epoch 237/1000
12000000/12000000 - 31s - loss: -3.3766e+00 - val_loss: 2.1991
Epoch 238/1000
12000000/12000000 - 31s - loss: -3.3768e+00 - val_loss: 2.3285
Epoch 239/1000
12000000/12000000 - 32s - loss: -3.3781e+00 - val_loss: 2.0487
Epoch 240/1000
12000000/12000000 - 33s - loss: -3.3789e+00 - val_loss: 2.4349
Epoch 241/1000
12000000/12000000 - 33s - loss: -3.3792e+00 - val_loss: 2.2560
Epoch 242/1000
12000000/12000000 - 31s - loss: -3.3802e+00 - val_loss: 2.0343
Epoch 243/1000
12000000/12000000 - 31s - loss: -3.3810e+00 - val_loss: 2.1110
Epoch 244/1000
12000000/12000000 - 31s - loss: -3.3822e+00 - val_loss: 2.5207
Epoch 245/1000
12000000/12000000 - 33s - loss: -3.3827e+00 - val_loss: 2.0731
Epoch 246/1000
12000000/12000000 - 32s - loss: -3.3834e+00 - val_loss: 2.2862
Epoch 247/1000
12000000/12000000 - 32s - loss: -3.3840e+00 - val_loss: 2.4883
Epoch 248/1000
12000000/12000000 - 33s - loss: -3.3849e+00 - val_loss: 2.5089
Epoch 249/1000
12000000/12000000 - 35s - loss: -3.3855e+00 - val_loss: 2.4567
Epoch 250/1000
12000000/12000000 - 34s - loss: -3.3867e+00 - val_loss: 1.8630
Epoch 251/1000
12000000/12000000 - 35s - loss: -3.3872e+00 - val_loss: 2.4871
Epoch 252/1000
12000000/12000000 - 34s - loss: -3.3877e+00 - val_loss: 2.2704
Epoch 253/1000
12000000/12000000 - 31s - loss: -3.3887e+00 - val_loss: 2.2737
Epoch 254/1000
12000000/12000000 - 30s - loss: -3.3896e+00 - val_loss: 2.2987
Epoch 255/1000
12000000/12000000 - 31s - loss: -3.3907e+00 - val_loss: 2.4694
Epoch 256/1000
12000000/12000000 - 35s - loss: -3.3907e+00 - val_loss: 2.2740
Epoch 257/1000
12000000/12000000 - 37s - loss: -3.3919e+00 - val_loss: 2.4256
Epoch 258/1000
12000000/12000000 - 38s - loss: -3.3926e+00 - val_loss: 2.3556
Epoch 259/1000
12000000/12000000 - 37s - loss: -3.3931e+00 - val_loss: 2.2482
Epoch 260/1000
12000000/12000000 - 38s - loss: -3.3941e+00 - val_loss: 2.3213
Epoch 261/1000
12000000/12000000 - 38s - loss: -3.3949e+00 - val_loss: 2.3900
Epoch 262/1000
12000000/12000000 - 38s - loss: -3.3948e+00 - val_loss: 2.3281
Epoch 263/1000
12000000/12000000 - 38s - loss: -3.3958e+00 - val_loss: 2.0394
Epoch 264/1000
12000000/12000000 - 37s - loss: -3.3965e+00 - val_loss: 2.3491
Epoch 265/1000
12000000/12000000 - 36s - loss: -3.3975e+00 - val_loss: 2.1120
Epoch 266/1000
12000000/12000000 - 37s - loss: -3.3982e+00 - val_loss: 2.4293
Epoch 267/1000
12000000/12000000 - 37s - loss: -3.3988e+00 - val_loss: 2.4940
Epoch 268/1000
12000000/12000000 - 37s - loss: -3.3998e+00 - val_loss: 2.1524
Epoch 269/1000
12000000/12000000 - 37s - loss: -3.4001e+00 - val_loss: 1.9702
Epoch 270/1000
12000000/12000000 - 37s - loss: -3.4009e+00 - val_loss: 2.3244
Epoch 271/1000
12000000/12000000 - 36s - loss: -3.4016e+00 - val_loss: 2.2227
Epoch 272/1000
12000000/12000000 - 37s - loss: -3.4025e+00 - val_loss: 2.3752
Epoch 273/1000
12000000/12000000 - 37s - loss: -3.4029e+00 - val_loss: 2.0611
Epoch 274/1000
12000000/12000000 - 38s - loss: -3.4038e+00 - val_loss: 2.4490
Epoch 275/1000
12000000/12000000 - 37s - loss: -3.4044e+00 - val_loss: 2.5886
Epoch 276/1000
12000000/12000000 - 36s - loss: -3.4048e+00 - val_loss: 2.0584
Epoch 277/1000
12000000/12000000 - 37s - loss: -3.4055e+00 - val_loss: 1.9885
Epoch 278/1000
12000000/12000000 - 34s - loss: -3.4068e+00 - val_loss: 2.2171
Epoch 279/1000
12000000/12000000 - 32s - loss: -3.4070e+00 - val_loss: 2.1158
Epoch 280/1000
12000000/12000000 - 35s - loss: -3.4078e+00 - val_loss: 2.4228
Epoch 281/1000
12000000/12000000 - 31s - loss: -3.4085e+00 - val_loss: 2.4734
Epoch 282/1000
12000000/12000000 - 35s - loss: -3.4093e+00 - val_loss: 2.4784
Epoch 283/1000
12000000/12000000 - 32s - loss: -3.4103e+00 - val_loss: 2.3924
Epoch 284/1000
12000000/12000000 - 33s - loss: -3.4105e+00 - val_loss: 2.3634
Epoch 285/1000
12000000/12000000 - 35s - loss: -3.4113e+00 - val_loss: 2.1924
Epoch 286/1000
12000000/12000000 - 35s - loss: -3.4121e+00 - val_loss: 2.2593
Epoch 287/1000
12000000/12000000 - 33s - loss: -3.4126e+00 - val_loss: 2.3992
Epoch 288/1000
12000000/12000000 - 31s - loss: -3.4129e+00 - val_loss: 2.5135
Epoch 289/1000
12000000/12000000 - 31s - loss: -3.4140e+00 - val_loss: 2.1913
Epoch 290/1000
12000000/12000000 - 34s - loss: -3.4142e+00 - val_loss: 2.3004
Epoch 291/1000
12000000/12000000 - 34s - loss: -3.4151e+00 - val_loss: 2.3177
Epoch 292/1000
12000000/12000000 - 36s - loss: -3.4154e+00 - val_loss: 2.1773
Epoch 293/1000
12000000/12000000 - 36s - loss: -3.4161e+00 - val_loss: 2.4986
Epoch 294/1000
12000000/12000000 - 32s - loss: -3.4165e+00 - val_loss: 2.3575
Epoch 295/1000
12000000/12000000 - 30s - loss: -3.4179e+00 - val_loss: 2.1314
Epoch 296/1000
12000000/12000000 - 32s - loss: -3.4184e+00 - val_loss: 2.2131
Epoch 297/1000
12000000/12000000 - 31s - loss: -3.4188e+00 - val_loss: 2.1784
Epoch 298/1000
12000000/12000000 - 31s - loss: -3.4193e+00 - val_loss: 2.4139
Epoch 299/1000
12000000/12000000 - 31s - loss: -3.4205e+00 - val_loss: 2.4614
Epoch 300/1000
12000000/12000000 - 31s - loss: -3.4213e+00 - val_loss: 2.2027
Epoch 301/1000
12000000/12000000 - 33s - loss: -3.4217e+00 - val_loss: 2.2111
Epoch 302/1000
12000000/12000000 - 34s - loss: -3.4220e+00 - val_loss: 2.3351
Epoch 303/1000
12000000/12000000 - 35s - loss: -3.4227e+00 - val_loss: 2.2094
Epoch 304/1000
12000000/12000000 - 36s - loss: -3.4232e+00 - val_loss: 2.1202
Epoch 305/1000
12000000/12000000 - 36s - loss: -3.4240e+00 - val_loss: 2.1996
Epoch 306/1000
12000000/12000000 - 37s - loss: -3.4246e+00 - val_loss: 2.5263
Epoch 307/1000
12000000/12000000 - 34s - loss: -3.4249e+00 - val_loss: 2.3890
Epoch 308/1000
12000000/12000000 - 31s - loss: -3.4260e+00 - val_loss: 2.3786
Epoch 309/1000
12000000/12000000 - 35s - loss: -3.4261e+00 - val_loss: 2.5523
Epoch 310/1000
12000000/12000000 - 29s - loss: -3.4271e+00 - val_loss: 2.5180
Epoch 311/1000
12000000/12000000 - 32s - loss: -3.4272e+00 - val_loss: 2.5507
Epoch 312/1000
12000000/12000000 - 37s - loss: -3.4283e+00 - val_loss: 2.5732
Epoch 313/1000
12000000/12000000 - 36s - loss: -3.4288e+00 - val_loss: 2.2661
Epoch 314/1000
12000000/12000000 - 34s - loss: -3.4293e+00 - val_loss: 2.3801
Epoch 315/1000
12000000/12000000 - 33s - loss: -3.4298e+00 - val_loss: 2.4534
Epoch 316/1000
12000000/12000000 - 36s - loss: -3.4306e+00 - val_loss: 2.2432
Epoch 317/1000
12000000/12000000 - 35s - loss: -3.4307e+00 - val_loss: 2.3189
Epoch 318/1000
12000000/12000000 - 32s - loss: -3.4316e+00 - val_loss: 2.4581
Epoch 319/1000
12000000/12000000 - 34s - loss: -3.4324e+00 - val_loss: 2.3811
Epoch 320/1000
12000000/12000000 - 35s - loss: -3.4324e+00 - val_loss: 2.3963
Epoch 321/1000
12000000/12000000 - 32s - loss: -3.4335e+00 - val_loss: 2.3951
Epoch 322/1000
12000000/12000000 - 35s - loss: -3.4341e+00 - val_loss: 2.5050
Epoch 323/1000
12000000/12000000 - 31s - loss: -3.4350e+00 - val_loss: 2.4040
Epoch 324/1000
12000000/12000000 - 32s - loss: -3.4350e+00 - val_loss: 2.4830
Epoch 325/1000
12000000/12000000 - 35s - loss: -3.4359e+00 - val_loss: 2.2079
Epoch 326/1000
12000000/12000000 - 32s - loss: -3.4364e+00 - val_loss: 2.2540
Epoch 327/1000
12000000/12000000 - 32s - loss: -3.4371e+00 - val_loss: 2.3776
Epoch 328/1000
12000000/12000000 - 32s - loss: -3.4373e+00 - val_loss: 2.4694
Epoch 329/1000
12000000/12000000 - 32s - loss: -3.4376e+00 - val_loss: 2.2885
Epoch 330/1000
12000000/12000000 - 31s - loss: -3.4383e+00 - val_loss: 2.4917
Epoch 331/1000
12000000/12000000 - 34s - loss: -3.4392e+00 - val_loss: 2.5756
Epoch 332/1000
12000000/12000000 - 35s - loss: -3.4398e+00 - val_loss: 2.4066
Epoch 333/1000
12000000/12000000 - 32s - loss: -3.4405e+00 - val_loss: 2.4649
Epoch 334/1000
12000000/12000000 - 30s - loss: -3.4412e+00 - val_loss: 2.4908
Epoch 335/1000
12000000/12000000 - 34s - loss: -3.4419e+00 - val_loss: 2.3662
Epoch 336/1000
12000000/12000000 - 32s - loss: -3.4421e+00 - val_loss: 2.1513
Epoch 337/1000
12000000/12000000 - 36s - loss: -3.4426e+00 - val_loss: 2.2166
Epoch 338/1000
12000000/12000000 - 35s - loss: -3.4434e+00 - val_loss: 2.3633
Epoch 339/1000
12000000/12000000 - 37s - loss: -3.4439e+00 - val_loss: 2.3861
Epoch 340/1000
12000000/12000000 - 33s - loss: -3.4445e+00 - val_loss: 2.1995
Epoch 341/1000
12000000/12000000 - 34s - loss: -3.4451e+00 - val_loss: 2.3018
Epoch 342/1000
12000000/12000000 - 32s - loss: -3.4454e+00 - val_loss: 2.2300
Epoch 343/1000
12000000/12000000 - 32s - loss: -3.4461e+00 - val_loss: 2.4746
Epoch 344/1000
12000000/12000000 - 31s - loss: -3.4464e+00 - val_loss: 2.5507
Epoch 345/1000
12000000/12000000 - 30s - loss: -3.4470e+00 - val_loss: 2.3611
Epoch 346/1000
12000000/12000000 - 31s - loss: -3.4479e+00 - val_loss: 2.4876
Epoch 347/1000
12000000/12000000 - 34s - loss: -3.4484e+00 - val_loss: 2.4971
Epoch 348/1000
12000000/12000000 - 33s - loss: -3.4495e+00 - val_loss: 2.4324
Epoch 349/1000
12000000/12000000 - 33s - loss: -3.4500e+00 - val_loss: 2.3184
Epoch 350/1000
12000000/12000000 - 30s - loss: -3.4508e+00 - val_loss: 2.4026
Epoch 351/1000
12000000/12000000 - 30s - loss: -3.4513e+00 - val_loss: 2.3415
Epoch 352/1000
12000000/12000000 - 30s - loss: -3.4513e+00 - val_loss: 2.3871
Epoch 353/1000
12000000/12000000 - 30s - loss: -3.4521e+00 - val_loss: 2.1372
Epoch 354/1000
12000000/12000000 - 30s - loss: -3.4521e+00 - val_loss: 2.3930
Epoch 355/1000
12000000/12000000 - 30s - loss: -3.4533e+00 - val_loss: 2.4620
Epoch 356/1000
12000000/12000000 - 30s - loss: -3.4536e+00 - val_loss: 2.5343
Epoch 357/1000
12000000/12000000 - 33s - loss: -3.4542e+00 - val_loss: 2.5915
Epoch 358/1000
12000000/12000000 - 32s - loss: -3.4550e+00 - val_loss: 2.5313
Epoch 359/1000
12000000/12000000 - 34s - loss: -3.4547e+00 - val_loss: 2.5757
Epoch 360/1000
12000000/12000000 - 33s - loss: -3.4559e+00 - val_loss: 2.4354
Epoch 361/1000
12000000/12000000 - 33s - loss: -3.4564e+00 - val_loss: 2.0714
Epoch 362/1000
12000000/12000000 - 31s - loss: -3.4569e+00 - val_loss: 2.3006
Epoch 363/1000
12000000/12000000 - 32s - loss: -3.4574e+00 - val_loss: 2.4261
Epoch 364/1000
12000000/12000000 - 30s - loss: -3.4580e+00 - val_loss: 2.4713
Epoch 365/1000
12000000/12000000 - 31s - loss: -3.4584e+00 - val_loss: 2.4401
Epoch 366/1000
12000000/12000000 - 32s - loss: -3.4587e+00 - val_loss: 2.3477
Epoch 367/1000
12000000/12000000 - 35s - loss: -3.4593e+00 - val_loss: 2.2966
Epoch 368/1000
12000000/12000000 - 36s - loss: -3.4598e+00 - val_loss: 2.2427
Epoch 369/1000
12000000/12000000 - 35s - loss: -3.4603e+00 - val_loss: 2.2569
Epoch 370/1000
12000000/12000000 - 30s - loss: -3.4609e+00 - val_loss: 2.3167
Epoch 371/1000
12000000/12000000 - 32s - loss: -3.4611e+00 - val_loss: 2.3907
Epoch 372/1000
12000000/12000000 - 32s - loss: -3.4618e+00 - val_loss: 2.5163
Epoch 373/1000
12000000/12000000 - 33s - loss: -3.4622e+00 - val_loss: 2.4390
Epoch 374/1000
12000000/12000000 - 34s - loss: -3.4631e+00 - val_loss: 2.4310
Epoch 375/1000
12000000/12000000 - 36s - loss: -3.4634e+00 - val_loss: 2.3028
Epoch 376/1000
12000000/12000000 - 35s - loss: -3.4639e+00 - val_loss: 2.3293
Epoch 377/1000
12000000/12000000 - 33s - loss: -3.4646e+00 - val_loss: 2.4348
Epoch 378/1000
12000000/12000000 - 31s - loss: -3.4654e+00 - val_loss: 2.5245
Epoch 379/1000
12000000/12000000 - 33s - loss: -3.4656e+00 - val_loss: 2.4162
Epoch 380/1000
12000000/12000000 - 32s - loss: -3.4661e+00 - val_loss: 2.3026
Epoch 381/1000
12000000/12000000 - 32s - loss: -3.4664e+00 - val_loss: 2.5750
Epoch 382/1000
12000000/12000000 - 35s - loss: -3.4673e+00 - val_loss: 2.2804
Epoch 383/1000
12000000/12000000 - 30s - loss: -3.4675e+00 - val_loss: 2.3123
Epoch 384/1000
12000000/12000000 - 30s - loss: -3.4681e+00 - val_loss: 2.3937
Epoch 385/1000
12000000/12000000 - 32s - loss: -3.4686e+00 - val_loss: 2.3044
Epoch 386/1000
12000000/12000000 - 36s - loss: -3.4692e+00 - val_loss: 2.2625
Epoch 387/1000
12000000/12000000 - 36s - loss: -3.4695e+00 - val_loss: 2.2219
Epoch 388/1000
12000000/12000000 - 33s - loss: -3.4700e+00 - val_loss: 2.4070
Epoch 389/1000
12000000/12000000 - 33s - loss: -3.4706e+00 - val_loss: 2.3085
Epoch 390/1000
12000000/12000000 - 35s - loss: -3.4709e+00 - val_loss: 2.4115
Epoch 391/1000
12000000/12000000 - 33s - loss: -3.4707e+00 - val_loss: 2.2958
Epoch 392/1000
12000000/12000000 - 33s - loss: -3.4720e+00 - val_loss: 2.3165
Epoch 393/1000
12000000/12000000 - 33s - loss: -3.4727e+00 - val_loss: 2.2503
Epoch 394/1000
12000000/12000000 - 37s - loss: -3.4731e+00 - val_loss: 2.2944
Epoch 395/1000
12000000/12000000 - 35s - loss: -3.4730e+00 - val_loss: 2.1345
Epoch 396/1000
12000000/12000000 - 34s - loss: -3.4740e+00 - val_loss: 2.2947
Epoch 397/1000
12000000/12000000 - 36s - loss: -3.4739e+00 - val_loss: 2.2155
Epoch 398/1000
12000000/12000000 - 32s - loss: -3.4746e+00 - val_loss: 2.2805
Epoch 399/1000
12000000/12000000 - 32s - loss: -3.4753e+00 - val_loss: 2.1851
Epoch 400/1000
12000000/12000000 - 32s - loss: -3.4756e+00 - val_loss: 2.3169
Epoch 401/1000
12000000/12000000 - 31s - loss: -3.4763e+00 - val_loss: 2.1226
Epoch 402/1000
12000000/12000000 - 35s - loss: -3.4762e+00 - val_loss: 2.2346
Epoch 403/1000
12000000/12000000 - 36s - loss: -3.4770e+00 - val_loss: 2.2623
Epoch 404/1000
12000000/12000000 - 36s - loss: -3.4774e+00 - val_loss: 2.1933
Epoch 405/1000
12000000/12000000 - 34s - loss: -3.4779e+00 - val_loss: 2.1241
Epoch 406/1000
12000000/12000000 - 34s - loss: -3.4783e+00 - val_loss: 2.3787
Epoch 407/1000
12000000/12000000 - 35s - loss: -3.4786e+00 - val_loss: 2.2375
Epoch 408/1000
12000000/12000000 - 35s - loss: -3.4791e+00 - val_loss: 2.5864
Epoch 409/1000
12000000/12000000 - 34s - loss: -3.4796e+00 - val_loss: 2.1350
Epoch 410/1000
12000000/12000000 - 34s - loss: -3.4803e+00 - val_loss: 2.0378
Epoch 411/1000
12000000/12000000 - 33s - loss: -3.4805e+00 - val_loss: 2.2319
Epoch 412/1000
12000000/12000000 - 32s - loss: -3.4812e+00 - val_loss: 2.3809
Epoch 413/1000
12000000/12000000 - 34s - loss: -3.4813e+00 - val_loss: 2.4450
Epoch 414/1000
12000000/12000000 - 36s - loss: -3.4821e+00 - val_loss: 2.2907
Epoch 415/1000
12000000/12000000 - 32s - loss: -3.4822e+00 - val_loss: 2.3198
Epoch 416/1000
12000000/12000000 - 32s - loss: -3.4827e+00 - val_loss: 2.2984
Epoch 417/1000
12000000/12000000 - 34s - loss: -3.4831e+00 - val_loss: 2.1741
Epoch 418/1000
12000000/12000000 - 34s - loss: -3.4839e+00 - val_loss: 2.1777
Epoch 419/1000
12000000/12000000 - 35s - loss: -3.4845e+00 - val_loss: 2.1230
Epoch 420/1000
12000000/12000000 - 33s - loss: -3.4846e+00 - val_loss: 2.1728
Epoch 421/1000
12000000/12000000 - 32s - loss: -3.4851e+00 - val_loss: 2.2733
Epoch 422/1000
12000000/12000000 - 31s - loss: -3.4859e+00 - val_loss: 2.1524
Epoch 423/1000
12000000/12000000 - 32s - loss: -3.4862e+00 - val_loss: 2.1267
Epoch 424/1000
12000000/12000000 - 31s - loss: -3.4867e+00 - val_loss: 2.1075
Epoch 425/1000
12000000/12000000 - 32s - loss: -3.4870e+00 - val_loss: 2.1337
Epoch 426/1000
12000000/12000000 - 33s - loss: -3.4873e+00 - val_loss: 2.2005
Epoch 427/1000
12000000/12000000 - 36s - loss: -3.4882e+00 - val_loss: 2.2010
Epoch 428/1000
12000000/12000000 - 33s - loss: -3.4887e+00 - val_loss: 2.1447
Epoch 429/1000
12000000/12000000 - 35s - loss: -3.4887e+00 - val_loss: 2.2053
Epoch 430/1000
12000000/12000000 - 34s - loss: -3.4896e+00 - val_loss: 2.0184
Epoch 431/1000
12000000/12000000 - 34s - loss: -3.4897e+00 - val_loss: 1.8604
Epoch 432/1000
12000000/12000000 - 36s - loss: -3.4902e+00 - val_loss: 1.8333
Epoch 433/1000
12000000/12000000 - 34s - loss: -3.4908e+00 - val_loss: 2.1620
Epoch 434/1000
12000000/12000000 - 32s - loss: -3.4912e+00 - val_loss: 2.1587
Epoch 435/1000
12000000/12000000 - 34s - loss: -3.4920e+00 - val_loss: 2.2298
Epoch 436/1000
12000000/12000000 - 31s - loss: -3.4921e+00 - val_loss: 2.2513
Epoch 437/1000
12000000/12000000 - 34s - loss: -3.4931e+00 - val_loss: 2.0108
Epoch 438/1000
12000000/12000000 - 33s - loss: -3.4924e+00 - val_loss: 2.2475
Epoch 439/1000
12000000/12000000 - 34s - loss: -3.4937e+00 - val_loss: 2.3020
Epoch 440/1000
12000000/12000000 - 35s - loss: -3.4935e+00 - val_loss: 2.2285
Epoch 441/1000
12000000/12000000 - 33s - loss: -3.4944e+00 - val_loss: 2.0913
Epoch 442/1000
12000000/12000000 - 35s - loss: -3.4951e+00 - val_loss: 2.1316
Epoch 443/1000
12000000/12000000 - 36s - loss: -3.4951e+00 - val_loss: 2.1315
Epoch 444/1000
12000000/12000000 - 31s - loss: -3.4957e+00 - val_loss: 2.2939
Epoch 445/1000
12000000/12000000 - 31s - loss: -3.4965e+00 - val_loss: 1.9801
Epoch 446/1000
12000000/12000000 - 32s - loss: -3.4961e+00 - val_loss: 2.0418
Epoch 447/1000
12000000/12000000 - 36s - loss: -3.4970e+00 - val_loss: 2.1738
Epoch 448/1000
12000000/12000000 - 34s - loss: -3.4971e+00 - val_loss: 2.0617
Epoch 449/1000
12000000/12000000 - 34s - loss: -3.4978e+00 - val_loss: 2.1406
Epoch 450/1000
12000000/12000000 - 34s - loss: -3.4980e+00 - val_loss: 2.1537
Epoch 451/1000
12000000/12000000 - 30s - loss: -3.4983e+00 - val_loss: 2.0089
Epoch 452/1000
12000000/12000000 - 32s - loss: -3.4992e+00 - val_loss: 2.0423
Epoch 453/1000
12000000/12000000 - 33s - loss: -3.4993e+00 - val_loss: 2.1861
Epoch 454/1000
12000000/12000000 - 34s - loss: -3.5002e+00 - val_loss: 2.1877
Epoch 455/1000
12000000/12000000 - 30s - loss: -3.5005e+00 - val_loss: 1.9790
Epoch 456/1000
12000000/12000000 - 33s - loss: -3.5010e+00 - val_loss: 1.8852
Epoch 457/1000
12000000/12000000 - 30s - loss: -3.5014e+00 - val_loss: 2.0468
Epoch 458/1000
12000000/12000000 - 30s - loss: -3.5015e+00 - val_loss: 1.9768
Epoch 459/1000
12000000/12000000 - 30s - loss: -3.5021e+00 - val_loss: 2.0824
Epoch 460/1000
12000000/12000000 - 30s - loss: -3.5026e+00 - val_loss: 2.1032
Epoch 461/1000
12000000/12000000 - 30s - loss: -3.5029e+00 - val_loss: 2.0313
Epoch 462/1000
12000000/12000000 - 30s - loss: -3.5034e+00 - val_loss: 1.9529
Epoch 463/1000
12000000/12000000 - 30s - loss: -3.5040e+00 - val_loss: 2.0930
Epoch 464/1000
12000000/12000000 - 33s - loss: -3.5040e+00 - val_loss: 2.1471
Epoch 465/1000
12000000/12000000 - 32s - loss: -3.5048e+00 - val_loss: 2.1294
Epoch 466/1000
12000000/12000000 - 33s - loss: -3.5054e+00 - val_loss: 2.0331
Epoch 467/1000
12000000/12000000 - 31s - loss: -3.5055e+00 - val_loss: 2.1194
Epoch 468/1000
12000000/12000000 - 33s - loss: -3.5057e+00 - val_loss: 2.0163
Epoch 469/1000
12000000/12000000 - 32s - loss: -3.5063e+00 - val_loss: 2.0530
Epoch 470/1000
12000000/12000000 - 32s - loss: -3.5066e+00 - val_loss: 2.1994
Epoch 471/1000
12000000/12000000 - 32s - loss: -3.5073e+00 - val_loss: 1.8672
Epoch 472/1000
12000000/12000000 - 35s - loss: -3.5076e+00 - val_loss: 2.0273
Epoch 473/1000
12000000/12000000 - 36s - loss: -3.5081e+00 - val_loss: 1.9644
Epoch 474/1000
12000000/12000000 - 31s - loss: -3.5085e+00 - val_loss: 2.1192
Epoch 475/1000
12000000/12000000 - 31s - loss: -3.5088e+00 - val_loss: 2.1435
Epoch 476/1000
12000000/12000000 - 34s - loss: -3.5096e+00 - val_loss: 2.1182
Epoch 477/1000
12000000/12000000 - 28s - loss: -3.5097e+00 - val_loss: 1.9199
Epoch 478/1000
12000000/12000000 - 31s - loss: -3.5099e+00 - val_loss: 1.9619
Epoch 479/1000
12000000/12000000 - 30s - loss: -3.5103e+00 - val_loss: 2.0690
Epoch 480/1000
12000000/12000000 - 30s - loss: -3.5106e+00 - val_loss: 1.9827
Epoch 481/1000
12000000/12000000 - 34s - loss: -3.5110e+00 - val_loss: 1.9037
Epoch 482/1000
12000000/12000000 - 32s - loss: -3.5116e+00 - val_loss: 2.0310
Epoch 483/1000
12000000/12000000 - 29s - loss: -3.5117e+00 - val_loss: 2.0319
Epoch 484/1000
12000000/12000000 - 30s - loss: -3.5128e+00 - val_loss: 1.8671
Epoch 485/1000
12000000/12000000 - 34s - loss: -3.5128e+00 - val_loss: 2.1577
Epoch 486/1000
12000000/12000000 - 34s - loss: -3.5135e+00 - val_loss: 2.0488
Epoch 487/1000
12000000/12000000 - 31s - loss: -3.5137e+00 - val_loss: 2.0698
Epoch 488/1000
12000000/12000000 - 31s - loss: -3.5142e+00 - val_loss: 2.0034
Epoch 489/1000
12000000/12000000 - 30s - loss: -3.5148e+00 - val_loss: 1.9824
Epoch 490/1000
12000000/12000000 - 31s - loss: -3.5150e+00 - val_loss: 1.9534
Epoch 491/1000
12000000/12000000 - 31s - loss: -3.5155e+00 - val_loss: 1.8548
Epoch 492/1000
12000000/12000000 - 34s - loss: -3.5159e+00 - val_loss: 2.0307
Epoch 493/1000
12000000/12000000 - 36s - loss: -3.5161e+00 - val_loss: 1.9947
Epoch 494/1000
12000000/12000000 - 34s - loss: -3.5166e+00 - val_loss: 2.0533
Epoch 495/1000
12000000/12000000 - 36s - loss: -3.5168e+00 - val_loss: 2.0850
Epoch 496/1000
12000000/12000000 - 32s - loss: -3.5169e+00 - val_loss: 1.8591
Epoch 497/1000
12000000/12000000 - 31s - loss: -3.5178e+00 - val_loss: 1.9697
Epoch 498/1000
12000000/12000000 - 31s - loss: -3.5180e+00 - val_loss: 1.8464
Epoch 499/1000
12000000/12000000 - 31s - loss: -3.5188e+00 - val_loss: 1.9500
Epoch 500/1000
12000000/12000000 - 33s - loss: -3.5190e+00 - val_loss: 2.0353
Epoch 501/1000
12000000/12000000 - 32s - loss: -3.5195e+00 - val_loss: 2.0233
Epoch 502/1000
12000000/12000000 - 33s - loss: -3.5196e+00 - val_loss: 1.8795
Epoch 503/1000
12000000/12000000 - 35s - loss: -3.5201e+00 - val_loss: 2.1209
Epoch 504/1000
12000000/12000000 - 35s - loss: -3.5204e+00 - val_loss: 2.0677
Epoch 505/1000
12000000/12000000 - 33s - loss: -3.5210e+00 - val_loss: 2.0396
Epoch 506/1000
12000000/12000000 - 34s - loss: -3.5208e+00 - val_loss: 2.0713
Epoch 507/1000
12000000/12000000 - 36s - loss: -3.5219e+00 - val_loss: 2.0972
Epoch 508/1000
12000000/12000000 - 32s - loss: -3.5220e+00 - val_loss: 1.9408
Epoch 509/1000
12000000/12000000 - 33s - loss: -3.5223e+00 - val_loss: 1.9652
Epoch 510/1000
12000000/12000000 - 36s - loss: -3.5228e+00 - val_loss: 1.8727
Epoch 511/1000
12000000/12000000 - 34s - loss: -3.5230e+00 - val_loss: 2.0121
Epoch 512/1000
12000000/12000000 - 36s - loss: -3.5238e+00 - val_loss: 2.0428
Epoch 513/1000
12000000/12000000 - 34s - loss: -3.5245e+00 - val_loss: 1.9136
Epoch 514/1000
12000000/12000000 - 33s - loss: -3.5246e+00 - val_loss: 1.8772
Epoch 515/1000
12000000/12000000 - 35s - loss: -3.5247e+00 - val_loss: 2.0229
Epoch 516/1000
12000000/12000000 - 30s - loss: -3.5251e+00 - val_loss: 2.0976
Epoch 517/1000
12000000/12000000 - 31s - loss: -3.5256e+00 - val_loss: 1.8971
Epoch 518/1000
12000000/12000000 - 32s - loss: -3.5258e+00 - val_loss: 1.9203
Epoch 519/1000
12000000/12000000 - 32s - loss: -3.5265e+00 - val_loss: 1.8847
Epoch 520/1000
12000000/12000000 - 33s - loss: -3.5266e+00 - val_loss: 1.9955
Epoch 521/1000
12000000/12000000 - 36s - loss: -3.5271e+00 - val_loss: 1.8593
Epoch 522/1000
12000000/12000000 - 33s - loss: -3.5272e+00 - val_loss: 1.9858
Epoch 523/1000
12000000/12000000 - 30s - loss: -3.5279e+00 - val_loss: 1.9376
Epoch 524/1000
12000000/12000000 - 32s - loss: -3.5286e+00 - val_loss: 1.9312
Epoch 525/1000
12000000/12000000 - 30s - loss: -3.5288e+00 - val_loss: 1.8378
Epoch 526/1000
12000000/12000000 - 33s - loss: -3.5296e+00 - val_loss: 1.9044
Epoch 527/1000
12000000/12000000 - 31s - loss: -3.5301e+00 - val_loss: 1.9125
Epoch 528/1000
12000000/12000000 - 31s - loss: -3.5302e+00 - val_loss: 1.9524
Epoch 529/1000
12000000/12000000 - 32s - loss: -3.5305e+00 - val_loss: 1.8658
Epoch 530/1000
12000000/12000000 - 31s - loss: -3.5309e+00 - val_loss: 1.8896
Epoch 531/1000
12000000/12000000 - 35s - loss: -3.5313e+00 - val_loss: 1.8459
Epoch 532/1000
12000000/12000000 - 34s - loss: -3.5318e+00 - val_loss: 1.9654
Epoch 533/1000
12000000/12000000 - 32s - loss: -3.5319e+00 - val_loss: 1.9247
Epoch 534/1000
12000000/12000000 - 31s - loss: -3.5324e+00 - val_loss: 1.8939
Epoch 535/1000
12000000/12000000 - 32s - loss: -3.5324e+00 - val_loss: 1.9766
Epoch 536/1000
12000000/12000000 - 33s - loss: -3.5330e+00 - val_loss: 1.9127
Epoch 537/1000
12000000/12000000 - 31s - loss: -3.5340e+00 - val_loss: 2.0286
Epoch 538/1000
12000000/12000000 - 31s - loss: -3.5343e+00 - val_loss: 1.8761
Epoch 539/1000
12000000/12000000 - 30s - loss: -3.5344e+00 - val_loss: 2.0606
Epoch 540/1000
12000000/12000000 - 34s - loss: -3.5350e+00 - val_loss: 1.9871
Epoch 541/1000
12000000/12000000 - 33s - loss: -3.5354e+00 - val_loss: 1.8883
Epoch 542/1000
12000000/12000000 - 33s - loss: -3.5353e+00 - val_loss: 2.0313
Epoch 543/1000
12000000/12000000 - 31s - loss: -3.5357e+00 - val_loss: 2.0637
Epoch 544/1000
12000000/12000000 - 31s - loss: -3.5368e+00 - val_loss: 1.8719
Epoch 545/1000
12000000/12000000 - 32s - loss: -3.5367e+00 - val_loss: 1.9895
Epoch 546/1000
12000000/12000000 - 33s - loss: -3.5372e+00 - val_loss: 1.8954
Epoch 547/1000
12000000/12000000 - 33s - loss: -3.5374e+00 - val_loss: 1.9458
Epoch 548/1000
12000000/12000000 - 35s - loss: -3.5379e+00 - val_loss: 1.9071
Epoch 549/1000
12000000/12000000 - 36s - loss: -3.5381e+00 - val_loss: 1.9828
Epoch 550/1000
12000000/12000000 - 37s - loss: -3.5383e+00 - val_loss: 2.0523
Epoch 551/1000
12000000/12000000 - 34s - loss: -3.5389e+00 - val_loss: 1.9339
Epoch 552/1000
12000000/12000000 - 33s - loss: -3.5396e+00 - val_loss: 1.8884
Epoch 553/1000
12000000/12000000 - 33s - loss: -3.5395e+00 - val_loss: 1.8879
Epoch 554/1000
12000000/12000000 - 31s - loss: -3.5400e+00 - val_loss: 1.6604
Epoch 555/1000
12000000/12000000 - 31s - loss: -3.5404e+00 - val_loss: 2.0251
Epoch 556/1000
12000000/12000000 - 33s - loss: -3.5408e+00 - val_loss: 1.9265
Epoch 557/1000
12000000/12000000 - 31s - loss: -3.5412e+00 - val_loss: 1.9392
Epoch 558/1000
12000000/12000000 - 36s - loss: -3.5415e+00 - val_loss: 1.9310
Epoch 559/1000
12000000/12000000 - 37s - loss: -3.5421e+00 - val_loss: 1.9323
Epoch 560/1000
12000000/12000000 - 37s - loss: -3.5421e+00 - val_loss: 1.9878
Epoch 561/1000
12000000/12000000 - 37s - loss: -3.5427e+00 - val_loss: 1.9566
Epoch 562/1000
12000000/12000000 - 34s - loss: -3.5429e+00 - val_loss: 1.6954
Epoch 563/1000
12000000/12000000 - 32s - loss: -3.5438e+00 - val_loss: 1.9531
Epoch 564/1000
12000000/12000000 - 30s - loss: -3.5439e+00 - val_loss: 1.9909
Epoch 565/1000
12000000/12000000 - 29s - loss: -3.5441e+00 - val_loss: 1.8783
Epoch 566/1000
12000000/12000000 - 32s - loss: -3.5448e+00 - val_loss: 2.0511
Epoch 567/1000
12000000/12000000 - 34s - loss: -3.5448e+00 - val_loss: 1.8717
Epoch 568/1000
12000000/12000000 - 36s - loss: -3.5454e+00 - val_loss: 2.0049
Epoch 569/1000
12000000/12000000 - 33s - loss: -3.5452e+00 - val_loss: 1.8735
Epoch 570/1000
12000000/12000000 - 36s - loss: -3.5458e+00 - val_loss: 1.9207
Epoch 571/1000
12000000/12000000 - 33s - loss: -3.5458e+00 - val_loss: 2.0198
Epoch 572/1000
12000000/12000000 - 32s - loss: -3.5463e+00 - val_loss: 1.8340
Epoch 573/1000
12000000/12000000 - 31s - loss: -3.5468e+00 - val_loss: 2.0442
Epoch 574/1000
12000000/12000000 - 34s - loss: -3.5473e+00 - val_loss: 1.9735
Epoch 575/1000
12000000/12000000 - 31s - loss: -3.5475e+00 - val_loss: 2.0149
Epoch 576/1000
12000000/12000000 - 34s - loss: -3.5474e+00 - val_loss: 2.0763
Epoch 577/1000
12000000/12000000 - 36s - loss: -3.5478e+00 - val_loss: 1.9515
Epoch 578/1000
12000000/12000000 - 36s - loss: -3.5486e+00 - val_loss: 1.8408
Epoch 579/1000
12000000/12000000 - 32s - loss: -3.5494e+00 - val_loss: 1.9860
Epoch 580/1000
12000000/12000000 - 33s - loss: -3.5492e+00 - val_loss: 2.0921
Epoch 581/1000
12000000/12000000 - 34s - loss: -3.5500e+00 - val_loss: 2.0866
Epoch 582/1000
12000000/12000000 - 33s - loss: -3.5499e+00 - val_loss: 1.8930
Epoch 583/1000
12000000/12000000 - 31s - loss: -3.5506e+00 - val_loss: 2.0368
Epoch 584/1000
12000000/12000000 - 31s - loss: -3.5511e+00 - val_loss: 2.0257
Epoch 585/1000
12000000/12000000 - 33s - loss: -3.5513e+00 - val_loss: 1.9715
Epoch 586/1000
12000000/12000000 - 34s - loss: -3.5515e+00 - val_loss: 1.9657
Epoch 587/1000
12000000/12000000 - 37s - loss: -3.5516e+00 - val_loss: 1.9842
Epoch 588/1000
12000000/12000000 - 37s - loss: -3.5524e+00 - val_loss: 2.0411
Epoch 589/1000
12000000/12000000 - 35s - loss: -3.5525e+00 - val_loss: 1.9731
Epoch 590/1000
12000000/12000000 - 35s - loss: -3.5530e+00 - val_loss: 2.1080
Epoch 591/1000
12000000/12000000 - 31s - loss: -3.5530e+00 - val_loss: 1.8808
Epoch 592/1000
12000000/12000000 - 31s - loss: -3.5537e+00 - val_loss: 1.9709
Epoch 593/1000
12000000/12000000 - 35s - loss: -3.5540e+00 - val_loss: 1.9819
Epoch 594/1000
12000000/12000000 - 34s - loss: -3.5544e+00 - val_loss: 1.9850
Epoch 595/1000
12000000/12000000 - 30s - loss: -3.5549e+00 - val_loss: 2.0141
Epoch 596/1000
12000000/12000000 - 30s - loss: -3.5551e+00 - val_loss: 2.0457
Epoch 597/1000
12000000/12000000 - 30s - loss: -3.5554e+00 - val_loss: 1.9173
Epoch 598/1000
12000000/12000000 - 29s - loss: -3.5556e+00 - val_loss: 2.0323
Epoch 599/1000
12000000/12000000 - 30s - loss: -3.5560e+00 - val_loss: 1.8665
Epoch 600/1000
12000000/12000000 - 33s - loss: -3.5565e+00 - val_loss: 2.0205
Epoch 601/1000
12000000/12000000 - 32s - loss: -3.5566e+00 - val_loss: 2.0564
Epoch 602/1000
12000000/12000000 - 32s - loss: -3.5574e+00 - val_loss: 2.0906
Epoch 603/1000
12000000/12000000 - 34s - loss: -3.5574e+00 - val_loss: 2.1363
Epoch 604/1000
12000000/12000000 - 36s - loss: -3.5577e+00 - val_loss: 1.9981
Epoch 605/1000
12000000/12000000 - 32s - loss: -3.5582e+00 - val_loss: 2.1788
Epoch 606/1000
12000000/12000000 - 32s - loss: -3.5578e+00 - val_loss: 1.8700
Epoch 607/1000
12000000/12000000 - 34s - loss: -3.5586e+00 - val_loss: 2.1602
Epoch 608/1000
12000000/12000000 - 31s - loss: -3.5589e+00 - val_loss: 1.9902
Epoch 609/1000
12000000/12000000 - 32s - loss: -3.5597e+00 - val_loss: 1.9437
Epoch 610/1000
12000000/12000000 - 35s - loss: -3.5602e+00 - val_loss: 2.0861
Epoch 611/1000
12000000/12000000 - 34s - loss: -3.5598e+00 - val_loss: 1.9973
Epoch 612/1000
12000000/12000000 - 35s - loss: -3.5610e+00 - val_loss: 2.0369
Epoch 613/1000
12000000/12000000 - 36s - loss: -3.5610e+00 - val_loss: 2.0631
Epoch 614/1000
12000000/12000000 - 37s - loss: -3.5609e+00 - val_loss: 1.9763
Epoch 615/1000
12000000/12000000 - 37s - loss: -3.5618e+00 - val_loss: 2.0584
Epoch 616/1000
12000000/12000000 - 37s - loss: -3.5621e+00 - val_loss: 2.0778
Epoch 617/1000
12000000/12000000 - 35s - loss: -3.5618e+00 - val_loss: 1.9795
Epoch 618/1000
12000000/12000000 - 34s - loss: -3.5625e+00 - val_loss: 2.0089
Epoch 619/1000
12000000/12000000 - 35s - loss: -3.5627e+00 - val_loss: 2.0937
Epoch 620/1000
12000000/12000000 - 37s - loss: -3.5631e+00 - val_loss: 1.9094
Epoch 621/1000
12000000/12000000 - 36s - loss: -3.5635e+00 - val_loss: 2.0308
Epoch 622/1000
12000000/12000000 - 31s - loss: -3.5639e+00 - val_loss: 1.9996
Epoch 623/1000
12000000/12000000 - 34s - loss: -3.5639e+00 - val_loss: 2.2535
Epoch 624/1000
12000000/12000000 - 32s - loss: -3.5650e+00 - val_loss: 2.0572
Epoch 625/1000
12000000/12000000 - 32s - loss: -3.5647e+00 - val_loss: 2.0097
Epoch 626/1000
12000000/12000000 - 36s - loss: -3.5656e+00 - val_loss: 2.2186
Epoch 627/1000
12000000/12000000 - 32s - loss: -3.5657e+00 - val_loss: 2.0206
Epoch 628/1000
12000000/12000000 - 37s - loss: -3.5658e+00 - val_loss: 2.0675
Epoch 629/1000
12000000/12000000 - 33s - loss: -3.5664e+00 - val_loss: 2.0982
Epoch 630/1000
12000000/12000000 - 37s - loss: -3.5664e+00 - val_loss: 2.0398
Epoch 631/1000
12000000/12000000 - 33s - loss: -3.5670e+00 - val_loss: 2.0217
Epoch 632/1000
12000000/12000000 - 34s - loss: -3.5675e+00 - val_loss: 2.2107
Epoch 633/1000
12000000/12000000 - 32s - loss: -3.5674e+00 - val_loss: 2.0307
Epoch 634/1000
12000000/12000000 - 36s - loss: -3.5677e+00 - val_loss: 1.8509
Epoch 635/1000
12000000/12000000 - 34s - loss: -3.5680e+00 - val_loss: 2.0264
Epoch 636/1000
12000000/12000000 - 35s - loss: -3.5687e+00 - val_loss: 2.0569
Epoch 637/1000
12000000/12000000 - 33s - loss: -3.5690e+00 - val_loss: 2.1629
Epoch 638/1000
12000000/12000000 - 31s - loss: -3.5693e+00 - val_loss: 2.0396
Epoch 639/1000
12000000/12000000 - 36s - loss: -3.5695e+00 - val_loss: 1.9827
Epoch 640/1000
12000000/12000000 - 36s - loss: -3.5701e+00 - val_loss: 1.9704
Epoch 641/1000
12000000/12000000 - 36s - loss: -3.5697e+00 - val_loss: 2.3173
Epoch 642/1000
12000000/12000000 - 35s - loss: -3.5704e+00 - val_loss: 2.1215
Epoch 643/1000
12000000/12000000 - 35s - loss: -3.5709e+00 - val_loss: 2.1139
Epoch 644/1000
12000000/12000000 - 35s - loss: -3.5711e+00 - val_loss: 2.1002
Epoch 645/1000
12000000/12000000 - 32s - loss: -3.5712e+00 - val_loss: 2.1732
Epoch 646/1000
12000000/12000000 - 32s - loss: -3.5719e+00 - val_loss: 2.0143
Epoch 647/1000
12000000/12000000 - 36s - loss: -3.5720e+00 - val_loss: 2.1096
Epoch 648/1000
12000000/12000000 - 35s - loss: -3.5721e+00 - val_loss: 2.1212
Epoch 649/1000
12000000/12000000 - 32s - loss: -3.5726e+00 - val_loss: 2.0546
Epoch 650/1000
12000000/12000000 - 30s - loss: -3.5725e+00 - val_loss: 2.0187
Epoch 651/1000
12000000/12000000 - 32s - loss: -3.5730e+00 - val_loss: 2.1168
Epoch 652/1000
12000000/12000000 - 33s - loss: -3.5734e+00 - val_loss: 2.0030
Epoch 653/1000
12000000/12000000 - 31s - loss: -3.5743e+00 - val_loss: 2.1573
Epoch 654/1000
12000000/12000000 - 33s - loss: -3.5741e+00 - val_loss: 2.0208
Epoch 655/1000
12000000/12000000 - 31s - loss: -3.5746e+00 - val_loss: 2.0935
Epoch 656/1000
12000000/12000000 - 34s - loss: -3.5752e+00 - val_loss: 2.1048
Epoch 657/1000
12000000/12000000 - 35s - loss: -3.5750e+00 - val_loss: 1.9468
Epoch 658/1000
12000000/12000000 - 32s - loss: -3.5753e+00 - val_loss: 2.1585
Epoch 659/1000
12000000/12000000 - 33s - loss: -3.5755e+00 - val_loss: 2.0962
Epoch 660/1000
12000000/12000000 - 33s - loss: -3.5762e+00 - val_loss: 2.1759
Epoch 661/1000
12000000/12000000 - 34s - loss: -3.5761e+00 - val_loss: 2.2273
Epoch 662/1000
12000000/12000000 - 33s - loss: -3.5765e+00 - val_loss: 2.2012
Epoch 663/1000
12000000/12000000 - 31s - loss: -3.5769e+00 - val_loss: 2.0518
Epoch 664/1000
12000000/12000000 - 30s - loss: -3.5775e+00 - val_loss: 2.1977
Epoch 665/1000
12000000/12000000 - 31s - loss: -3.5774e+00 - val_loss: 2.2726
Epoch 666/1000
12000000/12000000 - 36s - loss: -3.5777e+00 - val_loss: 2.1942
Epoch 667/1000
12000000/12000000 - 33s - loss: -3.5785e+00 - val_loss: 2.1541
Epoch 668/1000
12000000/12000000 - 32s - loss: -3.5787e+00 - val_loss: 2.0956
Epoch 669/1000
12000000/12000000 - 34s - loss: -3.5791e+00 - val_loss: 2.0553
Epoch 670/1000
12000000/12000000 - 30s - loss: -3.5787e+00 - val_loss: 2.0841
Epoch 671/1000
12000000/12000000 - 31s - loss: -3.5794e+00 - val_loss: 2.1997
Epoch 672/1000
12000000/12000000 - 36s - loss: -3.5801e+00 - val_loss: 2.0093
Epoch 673/1000
12000000/12000000 - 33s - loss: -3.5798e+00 - val_loss: 2.2303
Epoch 674/1000
12000000/12000000 - 31s - loss: -3.5804e+00 - val_loss: 2.3171
Epoch 675/1000
12000000/12000000 - 34s - loss: -3.5805e+00 - val_loss: 2.1897
Epoch 676/1000
12000000/12000000 - 31s - loss: -3.5809e+00 - val_loss: 2.2661
Epoch 677/1000
12000000/12000000 - 30s - loss: -3.5811e+00 - val_loss: 2.1332
Epoch 678/1000
12000000/12000000 - 31s - loss: -3.5810e+00 - val_loss: 2.1172
Epoch 679/1000
12000000/12000000 - 31s - loss: -3.5811e+00 - val_loss: 2.1301
Epoch 680/1000
12000000/12000000 - 36s - loss: -3.5814e+00 - val_loss: 2.2394
Epoch 681/1000
12000000/12000000 - 34s - loss: -3.5821e+00 - val_loss: 2.1628
Epoch 682/1000
12000000/12000000 - 32s - loss: -3.5825e+00 - val_loss: 2.1828
Epoch 683/1000
12000000/12000000 - 35s - loss: -3.5828e+00 - val_loss: 2.2116
Epoch 684/1000
12000000/12000000 - 36s - loss: -3.5831e+00 - val_loss: 2.1454
Epoch 685/1000
12000000/12000000 - 36s - loss: -3.5834e+00 - val_loss: 2.2061
Epoch 686/1000
12000000/12000000 - 37s - loss: -3.5838e+00 - val_loss: 2.1339
Epoch 687/1000
12000000/12000000 - 36s - loss: -3.5834e+00 - val_loss: 1.9176
Epoch 688/1000
12000000/12000000 - 36s - loss: -3.5844e+00 - val_loss: 2.3121
Epoch 689/1000
12000000/12000000 - 30s - loss: -3.5841e+00 - val_loss: 2.0607
Epoch 690/1000
12000000/12000000 - 29s - loss: -3.5847e+00 - val_loss: 2.2028
Epoch 691/1000
12000000/12000000 - 30s - loss: -3.5851e+00 - val_loss: 2.0516
Epoch 692/1000
12000000/12000000 - 31s - loss: -3.5850e+00 - val_loss: 2.0981
Epoch 693/1000
12000000/12000000 - 34s - loss: -3.5855e+00 - val_loss: 2.2267
Epoch 694/1000
12000000/12000000 - 35s - loss: -3.5860e+00 - val_loss: 2.3605
Epoch 695/1000
12000000/12000000 - 36s - loss: -3.5862e+00 - val_loss: 2.2854
Epoch 696/1000
12000000/12000000 - 35s - loss: -3.5863e+00 - val_loss: 2.0651
Epoch 697/1000
12000000/12000000 - 32s - loss: -3.5866e+00 - val_loss: 2.1213
Epoch 698/1000
12000000/12000000 - 35s - loss: -3.5867e+00 - val_loss: 2.0136
Epoch 699/1000
12000000/12000000 - 32s - loss: -3.5873e+00 - val_loss: 2.2376
Epoch 700/1000
12000000/12000000 - 34s - loss: -3.5870e+00 - val_loss: 2.1614
Epoch 701/1000
12000000/12000000 - 35s - loss: -3.5874e+00 - val_loss: 2.0718
Epoch 702/1000
12000000/12000000 - 34s - loss: -3.5882e+00 - val_loss: 2.0552
Epoch 703/1000
12000000/12000000 - 30s - loss: -3.5883e+00 - val_loss: 2.1742
Epoch 704/1000
12000000/12000000 - 29s - loss: -3.5886e+00 - val_loss: 1.9395
Epoch 705/1000
12000000/12000000 - 30s - loss: -3.5888e+00 - val_loss: 2.2088
Epoch 706/1000
12000000/12000000 - 30s - loss: -3.5888e+00 - val_loss: 2.1448
Epoch 707/1000
12000000/12000000 - 29s - loss: -3.5897e+00 - val_loss: 2.1556
Epoch 708/1000
12000000/12000000 - 30s - loss: -3.5893e+00 - val_loss: 2.0849
Epoch 709/1000
12000000/12000000 - 32s - loss: -3.5902e+00 - val_loss: 2.1874
Epoch 710/1000
12000000/12000000 - 32s - loss: -3.5902e+00 - val_loss: 2.2645
Epoch 711/1000
12000000/12000000 - 33s - loss: -3.5907e+00 - val_loss: 2.1479
Epoch 712/1000
12000000/12000000 - 35s - loss: -3.5912e+00 - val_loss: 2.2339
Epoch 713/1000
12000000/12000000 - 35s - loss: -3.5912e+00 - val_loss: 2.0656
Epoch 714/1000
12000000/12000000 - 30s - loss: -3.5917e+00 - val_loss: 2.0344
Epoch 715/1000
12000000/12000000 - 33s - loss: -3.5919e+00 - val_loss: 2.1772
Epoch 716/1000
12000000/12000000 - 36s - loss: -3.5919e+00 - val_loss: 2.2002
Epoch 717/1000
12000000/12000000 - 33s - loss: -3.5921e+00 - val_loss: 2.0474
Epoch 718/1000
12000000/12000000 - 31s - loss: -3.5925e+00 - val_loss: 2.2082
Epoch 719/1000
12000000/12000000 - 32s - loss: -3.5928e+00 - val_loss: 2.2999
Epoch 720/1000
12000000/12000000 - 31s - loss: -3.5931e+00 - val_loss: 2.2073
Epoch 721/1000
12000000/12000000 - 36s - loss: -3.5931e+00 - val_loss: 2.2145
Epoch 722/1000
12000000/12000000 - 36s - loss: -3.5938e+00 - val_loss: 2.2248
Epoch 723/1000
12000000/12000000 - 37s - loss: -3.5934e+00 - val_loss: 2.2399
Epoch 724/1000
12000000/12000000 - 37s - loss: -3.5940e+00 - val_loss: 1.9966
Epoch 725/1000
12000000/12000000 - 33s - loss: -3.5940e+00 - val_loss: 2.1527
Epoch 726/1000
12000000/12000000 - 31s - loss: -3.5947e+00 - val_loss: 2.2631
Epoch 727/1000
12000000/12000000 - 31s - loss: -3.5947e+00 - val_loss: 2.0922
Epoch 728/1000
12000000/12000000 - 31s - loss: -3.5953e+00 - val_loss: 2.0716
Epoch 729/1000
12000000/12000000 - 32s - loss: -3.5956e+00 - val_loss: 2.2029
Epoch 730/1000
12000000/12000000 - 35s - loss: -3.5955e+00 - val_loss: 2.0758
Epoch 731/1000
12000000/12000000 - 32s - loss: -3.5958e+00 - val_loss: 2.0646
Epoch 732/1000
12000000/12000000 - 33s - loss: -3.5961e+00 - val_loss: 2.1855
Epoch 733/1000
12000000/12000000 - 31s - loss: -3.5965e+00 - val_loss: 2.2744
Epoch 734/1000
12000000/12000000 - 30s - loss: -3.5970e+00 - val_loss: 2.2161
Epoch 735/1000
12000000/12000000 - 33s - loss: -3.5971e+00 - val_loss: 2.1849
Epoch 736/1000
12000000/12000000 - 34s - loss: -3.5970e+00 - val_loss: 2.1552
Epoch 737/1000
12000000/12000000 - 32s - loss: -3.5975e+00 - val_loss: 2.1700
Epoch 738/1000
12000000/12000000 - 32s - loss: -3.5976e+00 - val_loss: 2.1131
Epoch 739/1000
12000000/12000000 - 36s - loss: -3.5982e+00 - val_loss: 2.1190
Epoch 740/1000
12000000/12000000 - 33s - loss: -3.5984e+00 - val_loss: 2.1690
Epoch 741/1000
12000000/12000000 - 30s - loss: -3.5987e+00 - val_loss: 2.0724
Epoch 742/1000
12000000/12000000 - 30s - loss: -3.5988e+00 - val_loss: 2.0995
Epoch 743/1000
12000000/12000000 - 33s - loss: -3.5989e+00 - val_loss: 2.0639
Epoch 744/1000
12000000/12000000 - 32s - loss: -3.5994e+00 - val_loss: 2.1733
Epoch 745/1000
12000000/12000000 - 31s - loss: -3.5996e+00 - val_loss: 2.1245
Epoch 746/1000
12000000/12000000 - 31s - loss: -3.6002e+00 - val_loss: 2.2681
Epoch 747/1000
12000000/12000000 - 31s - loss: -3.6001e+00 - val_loss: 2.0784
Epoch 748/1000
12000000/12000000 - 34s - loss: -3.6009e+00 - val_loss: 2.1271
Epoch 749/1000
12000000/12000000 - 34s - loss: -3.6002e+00 - val_loss: 2.2889
Epoch 750/1000
12000000/12000000 - 31s - loss: -3.6011e+00 - val_loss: 2.2646
Epoch 751/1000
12000000/12000000 - 35s - loss: -3.6010e+00 - val_loss: 2.2006
Epoch 752/1000
12000000/12000000 - 36s - loss: -3.6015e+00 - val_loss: 2.2639
Epoch 753/1000
12000000/12000000 - 36s - loss: -3.6019e+00 - val_loss: 2.2388
Epoch 754/1000
12000000/12000000 - 31s - loss: -3.6019e+00 - val_loss: 2.1043
Epoch 755/1000
12000000/12000000 - 32s - loss: -3.6022e+00 - val_loss: 2.3000
Epoch 756/1000
12000000/12000000 - 35s - loss: -3.6023e+00 - val_loss: 2.1292
Epoch 757/1000
12000000/12000000 - 36s - loss: -3.6026e+00 - val_loss: 2.1844
Epoch 758/1000
12000000/12000000 - 35s - loss: -3.6029e+00 - val_loss: 2.1132
Epoch 759/1000
12000000/12000000 - 35s - loss: -3.6036e+00 - val_loss: 2.2391
Epoch 760/1000
12000000/12000000 - 38s - loss: -3.6034e+00 - val_loss: 2.1723
Epoch 761/1000
12000000/12000000 - 32s - loss: -3.6039e+00 - val_loss: 2.2941
Epoch 762/1000
12000000/12000000 - 30s - loss: -3.6041e+00 - val_loss: 2.2735
Epoch 763/1000
12000000/12000000 - 31s - loss: -3.6044e+00 - val_loss: 2.2751
Epoch 764/1000
12000000/12000000 - 31s - loss: -3.6044e+00 - val_loss: 2.3013
Epoch 765/1000
12000000/12000000 - 34s - loss: -3.6047e+00 - val_loss: 2.0619
Epoch 766/1000
12000000/12000000 - 34s - loss: -3.6047e+00 - val_loss: 2.1428
Epoch 767/1000
12000000/12000000 - 34s - loss: -3.6050e+00 - val_loss: 2.1608
Epoch 768/1000
12000000/12000000 - 37s - loss: -3.6058e+00 - val_loss: 2.1811
Epoch 769/1000
12000000/12000000 - 35s - loss: -3.6061e+00 - val_loss: 2.2048
Epoch 770/1000
12000000/12000000 - 35s - loss: -3.6056e+00 - val_loss: 2.1084
Epoch 771/1000
12000000/12000000 - 35s - loss: -3.6066e+00 - val_loss: 2.1080
Epoch 772/1000
12000000/12000000 - 31s - loss: -3.6071e+00 - val_loss: 2.0502
Epoch 773/1000
12000000/12000000 - 31s - loss: -3.6067e+00 - val_loss: 2.0247
Epoch 774/1000
12000000/12000000 - 36s - loss: -3.6073e+00 - val_loss: 2.2372
Epoch 775/1000
12000000/12000000 - 37s - loss: -3.6071e+00 - val_loss: 2.0373
Epoch 776/1000
12000000/12000000 - 32s - loss: -3.6082e+00 - val_loss: 1.9904
Epoch 777/1000
12000000/12000000 - 33s - loss: -3.6077e+00 - val_loss: 2.0451
Epoch 778/1000
12000000/12000000 - 31s - loss: -3.6079e+00 - val_loss: 2.1343
Epoch 779/1000
12000000/12000000 - 34s - loss: -3.6084e+00 - val_loss: 2.2491
Epoch 780/1000
12000000/12000000 - 30s - loss: -3.6088e+00 - val_loss: 2.1617
Epoch 781/1000
12000000/12000000 - 30s - loss: -3.6090e+00 - val_loss: 2.2306
Epoch 782/1000
12000000/12000000 - 29s - loss: -3.6092e+00 - val_loss: 2.0576
Epoch 783/1000
12000000/12000000 - 31s - loss: -3.6093e+00 - val_loss: 2.1065
Epoch 784/1000
12000000/12000000 - 34s - loss: -3.6098e+00 - val_loss: 2.1822
Epoch 785/1000
12000000/12000000 - 32s - loss: -3.6098e+00 - val_loss: 2.1055
Epoch 786/1000
12000000/12000000 - 33s - loss: -3.6104e+00 - val_loss: 2.0123
Epoch 787/1000
12000000/12000000 - 31s - loss: -3.6103e+00 - val_loss: 2.2428
Epoch 788/1000
12000000/12000000 - 33s - loss: -3.6104e+00 - val_loss: 2.1838
Epoch 789/1000
12000000/12000000 - 32s - loss: -3.6109e+00 - val_loss: 2.1085
Epoch 790/1000
12000000/12000000 - 32s - loss: -3.6113e+00 - val_loss: 2.1873
Epoch 791/1000
12000000/12000000 - 32s - loss: -3.6115e+00 - val_loss: 2.1675
Epoch 792/1000
12000000/12000000 - 32s - loss: -3.6115e+00 - val_loss: 2.2117
Epoch 793/1000
12000000/12000000 - 35s - loss: -3.6118e+00 - val_loss: 2.1513
Epoch 794/1000
12000000/12000000 - 34s - loss: -3.6120e+00 - val_loss: 2.1101
Epoch 795/1000
12000000/12000000 - 32s - loss: -3.6123e+00 - val_loss: 2.1696
Epoch 796/1000
12000000/12000000 - 34s - loss: -3.6125e+00 - val_loss: 2.0299
Epoch 797/1000
12000000/12000000 - 34s - loss: -3.6133e+00 - val_loss: 2.0985
Epoch 798/1000
12000000/12000000 - 35s - loss: -3.6127e+00 - val_loss: 2.2531
Epoch 799/1000
12000000/12000000 - 31s - loss: -3.6138e+00 - val_loss: 2.1047
Epoch 800/1000
12000000/12000000 - 32s - loss: -3.6138e+00 - val_loss: 2.1424
Epoch 801/1000
12000000/12000000 - 31s - loss: -3.6142e+00 - val_loss: 2.2104
Epoch 802/1000
12000000/12000000 - 35s - loss: -3.6142e+00 - val_loss: 2.1801
Epoch 803/1000
12000000/12000000 - 33s - loss: -3.6145e+00 - val_loss: 2.0607
Epoch 804/1000
12000000/12000000 - 31s - loss: -3.6147e+00 - val_loss: 1.9765
Epoch 805/1000
12000000/12000000 - 35s - loss: -3.6148e+00 - val_loss: 2.2095
Epoch 806/1000
12000000/12000000 - 30s - loss: -3.6151e+00 - val_loss: 2.1264
Epoch 807/1000
12000000/12000000 - 34s - loss: -3.6154e+00 - val_loss: 2.1601
Epoch 808/1000
12000000/12000000 - 35s - loss: -3.6149e+00 - val_loss: 2.1780
Epoch 809/1000
12000000/12000000 - 36s - loss: -3.6160e+00 - val_loss: 2.1933
Epoch 810/1000
12000000/12000000 - 31s - loss: -3.6161e+00 - val_loss: 2.1062
Epoch 811/1000
12000000/12000000 - 32s - loss: -3.6161e+00 - val_loss: 2.1538
Epoch 812/1000
12000000/12000000 - 34s - loss: -3.6165e+00 - val_loss: 2.1023
Epoch 813/1000
12000000/12000000 - 31s - loss: -3.6169e+00 - val_loss: 2.1212
Epoch 814/1000
12000000/12000000 - 31s - loss: -3.6170e+00 - val_loss: 2.2880
Epoch 815/1000
12000000/12000000 - 32s - loss: -3.6169e+00 - val_loss: 2.1092
Epoch 816/1000
12000000/12000000 - 33s - loss: -3.6170e+00 - val_loss: 2.1192
Epoch 817/1000
12000000/12000000 - 33s - loss: -3.6177e+00 - val_loss: 1.9473
Epoch 818/1000
12000000/12000000 - 35s - loss: -3.6178e+00 - val_loss: 2.2741
Epoch 819/1000
12000000/12000000 - 33s - loss: -3.6180e+00 - val_loss: 2.1095
Epoch 820/1000
12000000/12000000 - 35s - loss: -3.6181e+00 - val_loss: 2.0476
Epoch 821/1000
12000000/12000000 - 37s - loss: -3.6188e+00 - val_loss: 2.0538
Epoch 822/1000
12000000/12000000 - 36s - loss: -3.6192e+00 - val_loss: 2.1039
Epoch 823/1000
12000000/12000000 - 32s - loss: -3.6191e+00 - val_loss: 2.1366
Epoch 824/1000
12000000/12000000 - 35s - loss: -3.6194e+00 - val_loss: 2.1113
Epoch 825/1000
12000000/12000000 - 36s - loss: -3.6197e+00 - val_loss: 2.1748
Epoch 826/1000
12000000/12000000 - 35s - loss: -3.6198e+00 - val_loss: 2.1770
Epoch 827/1000
12000000/12000000 - 33s - loss: -3.6199e+00 - val_loss: 2.1552
Epoch 828/1000
12000000/12000000 - 32s - loss: -3.6208e+00 - val_loss: 1.9344
Epoch 829/1000
12000000/12000000 - 34s - loss: -3.6209e+00 - val_loss: 1.7890
Epoch 830/1000
12000000/12000000 - 34s - loss: -3.6206e+00 - val_loss: 2.0252
Epoch 831/1000
12000000/12000000 - 35s - loss: -3.6211e+00 - val_loss: 2.0950
Epoch 832/1000
12000000/12000000 - 36s - loss: -3.6213e+00 - val_loss: 2.1074
Epoch 833/1000
12000000/12000000 - 31s - loss: -3.6214e+00 - val_loss: 2.1268
Epoch 834/1000
12000000/12000000 - 35s - loss: -3.6225e+00 - val_loss: 2.2083
Epoch 835/1000
12000000/12000000 - 30s - loss: -3.6219e+00 - val_loss: 2.0015
Epoch 836/1000
12000000/12000000 - 34s - loss: -3.6226e+00 - val_loss: 2.1084
Epoch 837/1000
12000000/12000000 - 34s - loss: -3.6226e+00 - val_loss: 2.0621
Epoch 838/1000
12000000/12000000 - 36s - loss: -3.6232e+00 - val_loss: 2.0862
Epoch 839/1000
12000000/12000000 - 36s - loss: -3.6227e+00 - val_loss: 2.1320
Epoch 840/1000
12000000/12000000 - 32s - loss: -3.6232e+00 - val_loss: 2.1265
Epoch 841/1000
12000000/12000000 - 30s - loss: -3.6229e+00 - val_loss: 2.2467
Epoch 842/1000
12000000/12000000 - 29s - loss: -3.6235e+00 - val_loss: 2.0609
Epoch 843/1000
12000000/12000000 - 30s - loss: -3.6234e+00 - val_loss: 2.1380
Epoch 844/1000
12000000/12000000 - 31s - loss: -3.6244e+00 - val_loss: 2.2611
Epoch 845/1000
12000000/12000000 - 30s - loss: -3.6245e+00 - val_loss: 2.0689
Epoch 846/1000
12000000/12000000 - 29s - loss: -3.6243e+00 - val_loss: 2.1019
Epoch 847/1000
12000000/12000000 - 30s - loss: -3.6246e+00 - val_loss: 2.0853
Epoch 848/1000
12000000/12000000 - 36s - loss: -3.6249e+00 - val_loss: 1.9903
Epoch 849/1000
12000000/12000000 - 35s - loss: -3.6252e+00 - val_loss: 2.0837
Epoch 850/1000
12000000/12000000 - 33s - loss: -3.6252e+00 - val_loss: 2.0148
Epoch 851/1000
12000000/12000000 - 34s - loss: -3.6260e+00 - val_loss: 2.1230
Epoch 852/1000
12000000/12000000 - 31s - loss: -3.6261e+00 - val_loss: 2.0539
Epoch 853/1000
12000000/12000000 - 32s - loss: -3.6260e+00 - val_loss: 2.0192
Epoch 854/1000
12000000/12000000 - 37s - loss: -3.6262e+00 - val_loss: 2.1426
Epoch 855/1000
12000000/12000000 - 35s - loss: -3.6263e+00 - val_loss: 2.0000
Epoch 856/1000
12000000/12000000 - 35s - loss: -3.6271e+00 - val_loss: 2.0806
Epoch 857/1000
12000000/12000000 - 36s - loss: -3.6268e+00 - val_loss: 1.9910
Epoch 858/1000
12000000/12000000 - 34s - loss: -3.6273e+00 - val_loss: 2.0979
Epoch 859/1000
12000000/12000000 - 33s - loss: -3.6279e+00 - val_loss: 2.0632
Epoch 860/1000
12000000/12000000 - 33s - loss: -3.6277e+00 - val_loss: 2.0740
Epoch 861/1000
12000000/12000000 - 34s - loss: -3.6282e+00 - val_loss: 2.1184
Epoch 862/1000
12000000/12000000 - 33s - loss: -3.6281e+00 - val_loss: 2.0784
Epoch 863/1000
12000000/12000000 - 35s - loss: -3.6287e+00 - val_loss: 2.1570
Epoch 864/1000
12000000/12000000 - 32s - loss: -3.6287e+00 - val_loss: 2.1184
Epoch 865/1000
12000000/12000000 - 34s - loss: -3.6290e+00 - val_loss: 2.0954
Epoch 866/1000
12000000/12000000 - 34s - loss: -3.6290e+00 - val_loss: 2.1412
Epoch 867/1000
12000000/12000000 - 31s - loss: -3.6291e+00 - val_loss: 2.1641
Epoch 868/1000
12000000/12000000 - 32s - loss: -3.6295e+00 - val_loss: 1.9829
Epoch 869/1000
12000000/12000000 - 30s - loss: -3.6299e+00 - val_loss: 2.0956
Epoch 870/1000
12000000/12000000 - 30s - loss: -3.6301e+00 - val_loss: 2.1490
Epoch 871/1000
12000000/12000000 - 30s - loss: -3.6302e+00 - val_loss: 1.9530
Epoch 872/1000
12000000/12000000 - 30s - loss: -3.6304e+00 - val_loss: 2.1175
Epoch 873/1000
12000000/12000000 - 34s - loss: -3.6306e+00 - val_loss: 2.1240
Epoch 874/1000
12000000/12000000 - 35s - loss: -3.6306e+00 - val_loss: 2.0402
Epoch 875/1000
12000000/12000000 - 37s - loss: -3.6313e+00 - val_loss: 1.9116
Epoch 876/1000
12000000/12000000 - 32s - loss: -3.6312e+00 - val_loss: 2.1172
Epoch 877/1000
12000000/12000000 - 35s - loss: -3.6315e+00 - val_loss: 1.9465
Epoch 878/1000
12000000/12000000 - 30s - loss: -3.6317e+00 - val_loss: 2.0011
Epoch 879/1000
12000000/12000000 - 36s - loss: -3.6317e+00 - val_loss: 1.9798
Epoch 880/1000
12000000/12000000 - 32s - loss: -3.6321e+00 - val_loss: 2.1555
Epoch 881/1000
12000000/12000000 - 32s - loss: -3.6324e+00 - val_loss: 2.0999
Epoch 882/1000
12000000/12000000 - 31s - loss: -3.6327e+00 - val_loss: 2.1881
Epoch 883/1000
12000000/12000000 - 33s - loss: -3.6330e+00 - val_loss: 2.0577
Epoch 884/1000
12000000/12000000 - 36s - loss: -3.6334e+00 - val_loss: 2.0412
Epoch 885/1000
12000000/12000000 - 35s - loss: -3.6332e+00 - val_loss: 2.2258
Epoch 886/1000
12000000/12000000 - 32s - loss: -3.6335e+00 - val_loss: 1.9373
Epoch 887/1000
12000000/12000000 - 32s - loss: -3.6340e+00 - val_loss: 2.1120
Epoch 888/1000
12000000/12000000 - 33s - loss: -3.6343e+00 - val_loss: 2.0791
Epoch 889/1000
12000000/12000000 - 34s - loss: -3.6341e+00 - val_loss: 2.0866
Epoch 890/1000
12000000/12000000 - 31s - loss: -3.6341e+00 - val_loss: 1.9814
Epoch 891/1000
12000000/12000000 - 29s - loss: -3.6351e+00 - val_loss: 1.9920
Epoch 892/1000
12000000/12000000 - 29s - loss: -3.6345e+00 - val_loss: 1.9470
Epoch 893/1000
12000000/12000000 - 33s - loss: -3.6350e+00 - val_loss: 2.0991
Epoch 894/1000
12000000/12000000 - 34s - loss: -3.6354e+00 - val_loss: 2.0661
Epoch 895/1000
12000000/12000000 - 31s - loss: -3.6355e+00 - val_loss: 2.0473
Epoch 896/1000
12000000/12000000 - 33s - loss: -3.6358e+00 - val_loss: 1.9178
Epoch 897/1000
12000000/12000000 - 30s - loss: -3.6358e+00 - val_loss: 1.8865
Epoch 898/1000
12000000/12000000 - 31s - loss: -3.6361e+00 - val_loss: 2.1353
Epoch 899/1000
12000000/12000000 - 31s - loss: -3.6364e+00 - val_loss: 2.1268
Epoch 900/1000
12000000/12000000 - 35s - loss: -3.6366e+00 - val_loss: 2.0950
Epoch 901/1000
12000000/12000000 - 31s - loss: -3.6367e+00 - val_loss: 2.0058
Epoch 902/1000
12000000/12000000 - 34s - loss: -3.6373e+00 - val_loss: 2.0746
Epoch 903/1000
12000000/12000000 - 35s - loss: -3.6372e+00 - val_loss: 2.1808
Epoch 904/1000
12000000/12000000 - 34s - loss: -3.6374e+00 - val_loss: 1.8944
Epoch 905/1000
12000000/12000000 - 32s - loss: -3.6377e+00 - val_loss: 1.9850
Epoch 906/1000
12000000/12000000 - 29s - loss: -3.6380e+00 - val_loss: 2.0152
Epoch 907/1000
12000000/12000000 - 31s - loss: -3.6384e+00 - val_loss: 1.9516
Epoch 908/1000
12000000/12000000 - 34s - loss: -3.6383e+00 - val_loss: 1.9783
Epoch 909/1000
12000000/12000000 - 34s - loss: -3.6388e+00 - val_loss: 2.1061
Epoch 910/1000
12000000/12000000 - 34s - loss: -3.6387e+00 - val_loss: 1.9941
Epoch 911/1000
12000000/12000000 - 34s - loss: -3.6393e+00 - val_loss: 1.9862
Epoch 912/1000
12000000/12000000 - 37s - loss: -3.6393e+00 - val_loss: 2.1365
Epoch 913/1000
12000000/12000000 - 33s - loss: -3.6397e+00 - val_loss: 1.8511
Epoch 914/1000
12000000/12000000 - 35s - loss: -3.6401e+00 - val_loss: 2.0098
Epoch 915/1000
12000000/12000000 - 36s - loss: -3.6398e+00 - val_loss: 2.1090
Epoch 916/1000
12000000/12000000 - 36s - loss: -3.6400e+00 - val_loss: 2.0476
Epoch 917/1000
12000000/12000000 - 36s - loss: -3.6404e+00 - val_loss: 2.0561
Epoch 918/1000
12000000/12000000 - 31s - loss: -3.6404e+00 - val_loss: 1.8351
Epoch 919/1000
12000000/12000000 - 30s - loss: -3.6405e+00 - val_loss: 2.1080
Epoch 920/1000
12000000/12000000 - 32s - loss: -3.6407e+00 - val_loss: 1.9829
Epoch 921/1000
12000000/12000000 - 34s - loss: -3.6414e+00 - val_loss: 2.0309
Epoch 922/1000
12000000/12000000 - 33s - loss: -3.6414e+00 - val_loss: 2.0227
Epoch 923/1000
12000000/12000000 - 32s - loss: -3.6422e+00 - val_loss: 2.0150
Epoch 924/1000
12000000/12000000 - 35s - loss: -3.6419e+00 - val_loss: 2.0175
Epoch 925/1000
12000000/12000000 - 33s - loss: -3.6425e+00 - val_loss: 2.0215
Epoch 926/1000
12000000/12000000 - 30s - loss: -3.6424e+00 - val_loss: 1.9676
Epoch 927/1000
12000000/12000000 - 32s - loss: -3.6427e+00 - val_loss: 2.0519
Epoch 928/1000
12000000/12000000 - 30s - loss: -3.6433e+00 - val_loss: 1.8884
Epoch 929/1000
12000000/12000000 - 30s - loss: -3.6432e+00 - val_loss: 2.0610
Epoch 930/1000
12000000/12000000 - 37s - loss: -3.6433e+00 - val_loss: 2.0242
Epoch 931/1000
12000000/12000000 - 33s - loss: -3.6440e+00 - val_loss: 2.1351
Epoch 932/1000
12000000/12000000 - 31s - loss: -3.6440e+00 - val_loss: 2.0503
Epoch 933/1000
12000000/12000000 - 32s - loss: -3.6446e+00 - val_loss: 2.0430
Epoch 934/1000
12000000/12000000 - 30s - loss: -3.6439e+00 - val_loss: 2.1533
Epoch 935/1000
12000000/12000000 - 32s - loss: -3.6444e+00 - val_loss: 1.9936
Epoch 936/1000
12000000/12000000 - 33s - loss: -3.6454e+00 - val_loss: 2.0659
Epoch 937/1000
12000000/12000000 - 33s - loss: -3.6452e+00 - val_loss: 2.0344
Epoch 938/1000
12000000/12000000 - 31s - loss: -3.6451e+00 - val_loss: 2.0546
Epoch 939/1000
12000000/12000000 - 35s - loss: -3.6455e+00 - val_loss: 1.9399
Epoch 940/1000
12000000/12000000 - 35s - loss: -3.6457e+00 - val_loss: 2.1314
Epoch 941/1000
12000000/12000000 - 36s - loss: -3.6462e+00 - val_loss: 2.0299
Epoch 942/1000
12000000/12000000 - 34s - loss: -3.6470e+00 - val_loss: 1.9375
Epoch 943/1000
12000000/12000000 - 34s - loss: -3.6463e+00 - val_loss: 2.0647
Epoch 944/1000
12000000/12000000 - 32s - loss: -3.6467e+00 - val_loss: 2.1359
Epoch 945/1000
12000000/12000000 - 31s - loss: -3.6471e+00 - val_loss: 2.1499
Epoch 946/1000
12000000/12000000 - 35s - loss: -3.6470e+00 - val_loss: 2.0835
Epoch 947/1000
12000000/12000000 - 32s - loss: -3.6474e+00 - val_loss: 2.0815
Epoch 948/1000
12000000/12000000 - 36s - loss: -3.6476e+00 - val_loss: 2.2250
Epoch 949/1000
12000000/12000000 - 37s - loss: -3.6475e+00 - val_loss: 2.0655
Epoch 950/1000
12000000/12000000 - 35s - loss: -3.6479e+00 - val_loss: 2.0922
Epoch 951/1000
12000000/12000000 - 33s - loss: -3.6480e+00 - val_loss: 2.0858
Epoch 952/1000
12000000/12000000 - 35s - loss: -3.6484e+00 - val_loss: 1.9892
Epoch 953/1000
12000000/12000000 - 36s - loss: -3.6484e+00 - val_loss: 2.0550
Epoch 954/1000
12000000/12000000 - 32s - loss: -3.6486e+00 - val_loss: 2.2076
Epoch 955/1000
12000000/12000000 - 33s - loss: -3.6488e+00 - val_loss: 2.1303
Epoch 956/1000
12000000/12000000 - 32s - loss: -3.6490e+00 - val_loss: 2.0646
Epoch 957/1000
12000000/12000000 - 36s - loss: -3.6491e+00 - val_loss: 2.0698
Epoch 958/1000
12000000/12000000 - 32s - loss: -3.6494e+00 - val_loss: 2.0344
Epoch 959/1000
12000000/12000000 - 33s - loss: -3.6496e+00 - val_loss: 2.0934
Epoch 960/1000
12000000/12000000 - 38s - loss: -3.6500e+00 - val_loss: 2.0772
Epoch 961/1000
12000000/12000000 - 37s - loss: -3.6504e+00 - val_loss: 2.1102
Epoch 962/1000
12000000/12000000 - 33s - loss: -3.6505e+00 - val_loss: 1.9285
Epoch 963/1000
12000000/12000000 - 33s - loss: -3.6503e+00 - val_loss: 2.0537
Epoch 964/1000
12000000/12000000 - 34s - loss: -3.6508e+00 - val_loss: 2.0171
Epoch 965/1000
12000000/12000000 - 37s - loss: -3.6511e+00 - val_loss: 2.0645
Epoch 966/1000
12000000/12000000 - 35s - loss: -3.6509e+00 - val_loss: 2.0234
Epoch 967/1000
12000000/12000000 - 35s - loss: -3.6515e+00 - val_loss: 2.1732
Epoch 968/1000
12000000/12000000 - 35s - loss: -3.6508e+00 - val_loss: 1.9993
Epoch 969/1000
12000000/12000000 - 36s - loss: -3.6519e+00 - val_loss: 2.0513
Epoch 970/1000
12000000/12000000 - 34s - loss: -3.6520e+00 - val_loss: 2.1829
Epoch 971/1000
12000000/12000000 - 36s - loss: -3.6519e+00 - val_loss: 2.1035
Epoch 972/1000
12000000/12000000 - 33s - loss: -3.6526e+00 - val_loss: 2.2137
Epoch 973/1000
12000000/12000000 - 32s - loss: -3.6531e+00 - val_loss: 2.0169
Epoch 974/1000
12000000/12000000 - 36s - loss: -3.6535e+00 - val_loss: 2.0493
Epoch 975/1000
12000000/12000000 - 33s - loss: -3.6541e+00 - val_loss: 2.0889
Epoch 976/1000
12000000/12000000 - 32s - loss: -3.6537e+00 - val_loss: 2.1996
Epoch 977/1000
12000000/12000000 - 33s - loss: -3.6541e+00 - val_loss: 2.1105
Epoch 978/1000
12000000/12000000 - 33s - loss: -3.6539e+00 - val_loss: 2.2238
Epoch 979/1000
12000000/12000000 - 33s - loss: -3.6545e+00 - val_loss: 1.9805
Epoch 980/1000
12000000/12000000 - 32s - loss: -3.6549e+00 - val_loss: 2.1394
Epoch 981/1000
12000000/12000000 - 31s - loss: -3.6547e+00 - val_loss: 2.1604
Epoch 982/1000
12000000/12000000 - 31s - loss: -3.6552e+00 - val_loss: 2.1442
Epoch 983/1000
12000000/12000000 - 33s - loss: -3.6549e+00 - val_loss: 2.0604
Epoch 984/1000
12000000/12000000 - 35s - loss: -3.6554e+00 - val_loss: 2.1409
Epoch 985/1000
12000000/12000000 - 32s - loss: -3.6552e+00 - val_loss: 2.2085
Epoch 986/1000
12000000/12000000 - 34s - loss: -3.6560e+00 - val_loss: 2.2016
Epoch 987/1000
12000000/12000000 - 30s - loss: -3.6565e+00 - val_loss: 1.9474
Epoch 988/1000
12000000/12000000 - 31s - loss: -3.6561e+00 - val_loss: 2.0429
Epoch 989/1000
12000000/12000000 - 29s - loss: -3.6567e+00 - val_loss: 2.0244
Epoch 990/1000
12000000/12000000 - 29s - loss: -3.6567e+00 - val_loss: 2.0924
Epoch 991/1000
12000000/12000000 - 30s - loss: -3.6569e+00 - val_loss: 2.0448
Epoch 992/1000
12000000/12000000 - 33s - loss: -3.6570e+00 - val_loss: 2.0937
Epoch 993/1000
12000000/12000000 - 36s - loss: -3.6574e+00 - val_loss: 2.0508
Epoch 994/1000
12000000/12000000 - 35s - loss: -3.6576e+00 - val_loss: 2.1810
Epoch 995/1000
12000000/12000000 - 35s - loss: -3.6580e+00 - val_loss: 2.1664
Epoch 996/1000
12000000/12000000 - 33s - loss: -3.6579e+00 - val_loss: 2.0219
Epoch 997/1000
12000000/12000000 - 34s - loss: -3.6582e+00 - val_loss: 2.0037
Epoch 998/1000
12000000/12000000 - 31s - loss: -3.6590e+00 - val_loss: 2.0848
Epoch 999/1000
12000000/12000000 - 35s - loss: -3.6590e+00 - val_loss: 2.1887
Epoch 1000/1000
12000000/12000000 - 35s - loss: -3.6591e+00 - val_loss: 2.1703
W0310 08:00:57.397171 139907940894528 legend.py:1289] No handles with labels found to put in legend.
W0310 08:00:57.401517 139907940894528 legend.py:1289] No handles with labels found to put in legend.
W0310 08:00:57.436661 139907940894528 legend.py:1289] No handles with labels found to put in legend.
W0310 08:00:57.439851 139907940894528 legend.py:1289] No handles with labels found to put in legend.
/homes/nramachandra/anaconda3/envs/tf_gpu_14/lib/python3.6/site-packages/matplotlib/figure.py:98: MatplotlibDeprecationWarning: 
Adding an axes using the same arguments as a previous axes currently reuses the earlier instance.  In a future version, a new instance will always be created and returned.  Meanwhile, this warning can be suppressed, and the future behavior ensured, by passing a unique label to each axes instance.
  "Adding an axes using the same arguments as a previous axes "
W0310 08:00:57.496099 139907940894528 legend.py:1289] No handles with labels found to put in legend.
[4, 18, 81]
0
1
2
[4, 18, 81]
0
1
2
/homes/nramachandra/anaconda3/envs/tf_gpu_14/lib/python3.6/site-packages/matplotlib/axes/_axes.py:6521: MatplotlibDeprecationWarning: 
The 'normed' kwarg was deprecated in Matplotlib 2.1 and will be removed in 3.1. Use 'density' instead.
  alternative="'density'", removal="3.1")
mdn_4_tf2.py:828: RuntimeWarning: divide by zero encountered in true_divide
  plt.plot(x, np.exp(logps[:,-i])/prior.pdf(x), label='posterior under flat prior')
/homes/nramachandra/anaconda3/envs/tf_gpu_14/lib/python3.6/site-packages/matplotlib/pyplot.py:1479: UserWarning: Attempted to set non-positive bottom ylim on a log-scaled axis.
Invalid limit will be ignored.
  ret = ax.set_ylim(*args, **kwargs)
/homes/nramachandra/anaconda3/envs/tf_gpu_14/lib/python3.6/site-packages/matplotlib/axes/_base.py:4371: UserWarning: aspect is not supported for Axes with xscale=linear, yscale=log
  self.apply_aspect()
/homes/nramachandra/anaconda3/envs/tf_gpu_14/lib/python3.6/site-packages/matplotlib/axes/_base.py:2575: UserWarning: aspect is not supported for Axes with xscale=linear, yscale=log
  self.apply_aspect()
/homes/nramachandra/anaconda3/envs/tf_gpu_14/lib/python3.6/site-packages/matplotlib/axes/_base.py:848: UserWarning: aspect is not supported for Axes with xscale=linear, yscale=log
  self.apply_aspect()
mdn_4_tf2.py:902: RuntimeWarning: divide by zero encountered in true_divide
  corrected_posterior = np.exp(logps)/(prior.pdf(x).reshape((-1,1)))
mdn_4_tf2.py:902: RuntimeWarning: invalid value encountered in true_divide
  corrected_posterior = np.exp(logps)/(prior.pdf(x).reshape((-1,1)))
mdn_4_tf2.py:904: RuntimeWarning: invalid value encountered in true_divide
  y_pred_prior_mean = simps(x.reshape((-1,1))*corrected_posterior, x,axis=0)/simps(corrected_posterior,x,axis=0 )
/homes/nramachandra/anaconda3/envs/tf_gpu_14/lib/python3.6/site-packages/numpy/lib/function_base.py:3826: RuntimeWarning: Invalid value encountered in percentile
  interpolation=interpolation)
[33184] End job
