[0] setting up environment
2019-12-17 17:36:29.361640: I tensorflow/core/platform/cpu_feature_guard.cc:141] Your CPU supports instructions that this TensorFlow binary was not compiled to use: SSE4.1 SSE4.2 AVX AVX2 FMA
2019-12-17 17:36:29.377709: I tensorflow/core/platform/profile_utils/cpu_utils.cc:94] CPU Frequency: 2099925000 Hz
2019-12-17 17:36:29.382762: I tensorflow/compiler/xla/service/service.cc:150] XLA service 0x7f8ab040c330 executing computations on platform Host. Devices:
2019-12-17 17:36:29.382820: I tensorflow/compiler/xla/service/service.cc:158]   StreamExecutor device (0): <undefined>, <undefined>
2019-12-17 17:36:30.090284: I tensorflow/compiler/xla/service/service.cc:150] XLA service 0x7f8ab04bbbe0 executing computations on platform CUDA. Devices:
2019-12-17 17:36:30.090320: I tensorflow/compiler/xla/service/service.cc:158]   StreamExecutor device (0): Tesla P100-PCIE-16GB, Compute Capability 6.0
2019-12-17 17:36:30.090501: I tensorflow/core/common_runtime/gpu/gpu_device.cc:1433] Found device 0 with properties: 
name: Tesla P100-PCIE-16GB major: 6 minor: 0 memoryClockRate(GHz): 1.3285
pciBusID: 0000:83:00.0
totalMemory: 15.90GiB freeMemory: 15.64GiB
2019-12-17 17:36:30.090520: I tensorflow/core/common_runtime/gpu/gpu_device.cc:1512] Adding visible gpu devices: 0
2019-12-17 17:36:30.093694: I tensorflow/core/common_runtime/gpu/gpu_device.cc:984] Device interconnect StreamExecutor with strength 1 edge matrix:
2019-12-17 17:36:30.093718: I tensorflow/core/common_runtime/gpu/gpu_device.cc:990]      0 
2019-12-17 17:36:30.093728: I tensorflow/core/common_runtime/gpu/gpu_device.cc:1003] 0:   N 
2019-12-17 17:36:30.093882: I tensorflow/core/common_runtime/gpu/gpu_device.cc:1115] Created TensorFlow device (/job:localhost/replica:0/task:0/device:GPU:0 with 15216 MB memory) -> physical GPU (device: 0, name: Tesla P100-PCIE-16GB, pci bus id: 0000:83:00.0, compute capability: 6.0)
2019-12-17 17:36:32.978501: I tensorflow/stream_executor/dso_loader.cc:152] successfully opened CUDA library libcublas.so.10.0 locally

WARNING: The TensorFlow contrib module will not be included in TensorFlow 2.0.
For more information, please see:
  * https://github.com/tensorflow/community/blob/master/rfcs/20180907-contrib-sunset.md
  * https://github.com/tensorflow/addons
If you depend on functionality not listed there, please file an issue.

=~=~=~=~=~=~=~=~=~=~=~=~=~=~=~=~=~=~=~=~
=~=~=~=~=~=~=~=~=~=~=~=~=~=~=~=~=~=~=~=~
Size of features in training data: (2000, 14)
Size of output in training data: (2000,)
Size of features in test data: (50, 14)
Size of output in test data: (50,)
[[-0.47583359 -0.10839183  0.56381553]
 [-0.46557929 -0.10550481  0.51613373]
 [-0.45529559 -0.06926479  0.58059643]
 ...
 [-0.47015784 -0.07249555  0.59761388]
 [-0.36861236 -0.12000826  0.41981655]
 [-0.42506469 -0.04699199  0.45029376]]
[1081, 686, 936, 829, 1230, 641]
[8, 31, 35, 2, 31, 9]
/homes/nramachandra/anaconda3/envs/tf_gpu/lib/python3.6/site-packages/matplotlib/figure.py:445: UserWarning: Matplotlib is currently using agg, which is a non-GUI backend, so cannot show the figure.
  % get_backend())
[15] End job
