[0] setting up environment
2019-09-18 13:03:30.667766: I tensorflow/core/platform/cpu_feature_guard.cc:141] Your CPU supports instructions that this TensorFlow binary was not compiled to use: SSE4.1 SSE4.2 AVX AVX2 FMA
2019-09-18 13:03:30.683321: I tensorflow/core/platform/profile_utils/cpu_utils.cc:94] CPU Frequency: 2099925000 Hz
2019-09-18 13:03:30.689030: I tensorflow/compiler/xla/service/service.cc:150] XLA service 0x7f55ff993cc0 executing computations on platform Host. Devices:
2019-09-18 13:03:30.689089: I tensorflow/compiler/xla/service/service.cc:158]   StreamExecutor device (0): <undefined>, <undefined>
2019-09-18 13:03:31.435072: I tensorflow/compiler/xla/service/service.cc:150] XLA service 0x7f55ffa43590 executing computations on platform CUDA. Devices:
2019-09-18 13:03:31.435119: I tensorflow/compiler/xla/service/service.cc:158]   StreamExecutor device (0): Tesla P100-PCIE-16GB, Compute Capability 6.0
2019-09-18 13:03:31.435384: I tensorflow/core/common_runtime/gpu/gpu_device.cc:1433] Found device 0 with properties: 
name: Tesla P100-PCIE-16GB major: 6 minor: 0 memoryClockRate(GHz): 1.3285
pciBusID: 0000:83:00.0
totalMemory: 15.90GiB freeMemory: 15.64GiB
2019-09-18 13:03:31.435412: I tensorflow/core/common_runtime/gpu/gpu_device.cc:1512] Adding visible gpu devices: 0
2019-09-18 13:03:31.438869: I tensorflow/core/common_runtime/gpu/gpu_device.cc:984] Device interconnect StreamExecutor with strength 1 edge matrix:
2019-09-18 13:03:31.438893: I tensorflow/core/common_runtime/gpu/gpu_device.cc:990]      0 
2019-09-18 13:03:31.438902: I tensorflow/core/common_runtime/gpu/gpu_device.cc:1003] 0:   N 
2019-09-18 13:03:31.439044: I tensorflow/core/common_runtime/gpu/gpu_device.cc:1115] Created TensorFlow device (/job:localhost/replica:0/task:0/device:GPU:0 with 15216 MB memory) -> physical GPU (device: 0, name: Tesla P100-PCIE-16GB, pci bus id: 0000:83:00.0, compute capability: 6.0)
2019-09-18 13:03:35.764887: I tensorflow/stream_executor/dso_loader.cc:152] successfully opened CUDA library libcublas.so.10.0 locally

WARNING: The TensorFlow contrib module will not be included in TensorFlow 2.0.
For more information, please see:
  * https://github.com/tensorflow/community/blob/master/rfcs/20180907-contrib-sunset.md
  * https://github.com/tensorflow/addons
If you depend on functionality not listed there, please file an issue.

=~=~=~=~=~=~=~=~=~=~=~=~=~=~=~=~=~=~=~=~
=~=~=~=~=~=~=~=~=~=~=~=~=~=~=~=~=~=~=~=~
(6304534, 6)
(7237871, 6)
(456685, 5)
(423353, 5)
Size of features in training data: (800000, 5)
Size of output in training data: (800000,)
Size of features in test data: (4999, 5)
Size of output in test data: (4999,)
[[0.58699482 0.11743439 0.1338376 ]
 [0.59953861 0.12905007 0.12477441]
 [0.59008482 0.08265721 0.06541915]
 ...
 [0.53440035 0.0586402  0.05655386]
 [0.53377301 0.05861591 0.05616628]
 [0.62660731 0.16127984 0.14522037]]
[398688, 232498, 642643, 441423, 738713, 295934]
[3126, 86, 2198, 1487, 4349, 2136]
/homes/nramachandra/anaconda3/envs/tf_gpu/lib/python3.6/site-packages/matplotlib/figure.py:445: UserWarning: Matplotlib is currently using agg, which is a non-GUI backend, so cannot show the figure.
  % get_backend())
[1426] End job
