[0] setting up environment
2019-11-25 22:27:03.966859: I tensorflow/core/platform/cpu_feature_guard.cc:141] Your CPU supports instructions that this TensorFlow binary was not compiled to use: SSE4.1 SSE4.2 AVX AVX2 FMA
2019-11-25 22:27:03.987056: I tensorflow/core/platform/profile_utils/cpu_utils.cc:94] CPU Frequency: 2099925000 Hz
2019-11-25 22:27:03.992333: I tensorflow/compiler/xla/service/service.cc:150] XLA service 0x7f5a565092b0 executing computations on platform Host. Devices:
2019-11-25 22:27:03.992395: I tensorflow/compiler/xla/service/service.cc:158]   StreamExecutor device (0): <undefined>, <undefined>
2019-11-25 22:27:04.749361: I tensorflow/compiler/xla/service/service.cc:150] XLA service 0x7f5a565b8b60 executing computations on platform CUDA. Devices:
2019-11-25 22:27:04.749412: I tensorflow/compiler/xla/service/service.cc:158]   StreamExecutor device (0): Tesla P100-PCIE-16GB, Compute Capability 6.0
2019-11-25 22:27:04.749677: I tensorflow/core/common_runtime/gpu/gpu_device.cc:1433] Found device 0 with properties: 
name: Tesla P100-PCIE-16GB major: 6 minor: 0 memoryClockRate(GHz): 1.3285
pciBusID: 0000:83:00.0
totalMemory: 15.90GiB freeMemory: 15.64GiB
2019-11-25 22:27:04.749705: I tensorflow/core/common_runtime/gpu/gpu_device.cc:1512] Adding visible gpu devices: 0
2019-11-25 22:27:04.753338: I tensorflow/core/common_runtime/gpu/gpu_device.cc:984] Device interconnect StreamExecutor with strength 1 edge matrix:
2019-11-25 22:27:04.753363: I tensorflow/core/common_runtime/gpu/gpu_device.cc:990]      0 
2019-11-25 22:27:04.753373: I tensorflow/core/common_runtime/gpu/gpu_device.cc:1003] 0:   N 
2019-11-25 22:27:04.753536: I tensorflow/core/common_runtime/gpu/gpu_device.cc:1115] Created TensorFlow device (/job:localhost/replica:0/task:0/device:GPU:0 with 15216 MB memory) -> physical GPU (device: 0, name: Tesla P100-PCIE-16GB, pci bus id: 0000:83:00.0, compute capability: 6.0)
2019-11-25 22:27:14.043468: I tensorflow/stream_executor/dso_loader.cc:152] successfully opened CUDA library libcublas.so.10.0 locally

WARNING: The TensorFlow contrib module will not be included in TensorFlow 2.0.
For more information, please see:
  * https://github.com/tensorflow/community/blob/master/rfcs/20180907-contrib-sunset.md
  * https://github.com/tensorflow/addons
If you depend on functionality not listed there, please file an issue.

=~=~=~=~=~=~=~=~=~=~=~=~=~=~=~=~=~=~=~=~
=~=~=~=~=~=~=~=~=~=~=~=~=~=~=~=~=~=~=~=~
hub_mod_Synthetic_False_lr_0.0001_dr0.01_step100_ne100000_k3_nt800000
(6304534, 6)
(7237871, 6)
(456685, 5)
(423353, 5)
Size of features in training data: (800000, 5)
Size of output in training data: (800000,)
Size of features in test data: (4999, 5)
Size of output in test data: (4999,)
[[0.08600737 0.06149387 0.46975976]
 [0.053326   0.01895329 0.54324928]
 [0.10277469 0.06994181 0.4894983 ]
 ...
 [0.1118713  0.1069431  0.43739274]
 [0.01376643 0.01917788 0.50416248]
 [0.04484689 0.00959835 0.49134326]]
[418940, 755502, 535005, 10405, 430708, 393891]
[4859, 1342, 3757, 288, 4133, 3786]
/homes/nramachandra/anaconda3/envs/tf_gpu/lib/python3.6/site-packages/matplotlib/figure.py:445: UserWarning: Matplotlib is currently using agg, which is a non-GUI backend, so cannot show the figure.
  % get_backend())
[7069] End job
