[0] setting up environment

CommandNotFoundError: Your shell has not been properly configured to use 'conda activate'.
To initialize your shell, run

    $ conda init <SHELL_NAME>

Currently supported shells are:
  - bash
  - fish
  - tcsh
  - xonsh
  - zsh
  - powershell

See 'conda init --help' for more information and options.

IMPORTANT: You may need to close and restart your shell after running 'conda init'.


2020-03-10 21:57:07.746187: I tensorflow/stream_executor/platform/default/dso_loader.cc:42] Successfully opened dynamic library libcuda.so.1
2020-03-10 21:57:08.256820: I tensorflow/core/common_runtime/gpu/gpu_device.cc:1640] Found device 0 with properties: 
name: Tesla P100-PCIE-16GB major: 6 minor: 0 memoryClockRate(GHz): 1.3285
pciBusID: 0000:83:00.0
2020-03-10 21:57:08.311255: I tensorflow/stream_executor/platform/default/dso_loader.cc:42] Successfully opened dynamic library libcudart.so.10.0
2020-03-10 21:57:08.326594: I tensorflow/stream_executor/platform/default/dso_loader.cc:42] Successfully opened dynamic library libcublas.so.10.0
2020-03-10 21:57:08.347508: I tensorflow/stream_executor/platform/default/dso_loader.cc:42] Successfully opened dynamic library libcufft.so.10.0
2020-03-10 21:57:08.391359: I tensorflow/stream_executor/platform/default/dso_loader.cc:42] Successfully opened dynamic library libcurand.so.10.0
2020-03-10 21:57:08.433444: I tensorflow/stream_executor/platform/default/dso_loader.cc:42] Successfully opened dynamic library libcusolver.so.10.0
2020-03-10 21:57:08.461738: I tensorflow/stream_executor/platform/default/dso_loader.cc:42] Successfully opened dynamic library libcusparse.so.10.0
2020-03-10 21:57:08.488036: I tensorflow/stream_executor/platform/default/dso_loader.cc:42] Successfully opened dynamic library libcudnn.so.7
2020-03-10 21:57:08.492243: I tensorflow/core/common_runtime/gpu/gpu_device.cc:1763] Adding visible gpu devices: 0
2020-03-10 21:57:08.493208: I tensorflow/core/platform/cpu_feature_guard.cc:142] Your CPU supports instructions that this TensorFlow binary was not compiled to use: SSE4.1 SSE4.2 AVX AVX2 FMA
2020-03-10 21:57:08.510015: I tensorflow/core/platform/profile_utils/cpu_utils.cc:94] CPU Frequency: 2099815000 Hz
2020-03-10 21:57:08.514796: I tensorflow/compiler/xla/service/service.cc:168] XLA service 0x7fdabf8c8790 executing computations on platform Host. Devices:
2020-03-10 21:57:08.514835: I tensorflow/compiler/xla/service/service.cc:175]   StreamExecutor device (0): <undefined>, <undefined>
2020-03-10 21:57:08.669601: I tensorflow/compiler/xla/service/service.cc:168] XLA service 0x7fdabf927230 executing computations on platform CUDA. Devices:
2020-03-10 21:57:08.669643: I tensorflow/compiler/xla/service/service.cc:175]   StreamExecutor device (0): Tesla P100-PCIE-16GB, Compute Capability 6.0
2020-03-10 21:57:08.671840: I tensorflow/core/common_runtime/gpu/gpu_device.cc:1640] Found device 0 with properties: 
name: Tesla P100-PCIE-16GB major: 6 minor: 0 memoryClockRate(GHz): 1.3285
pciBusID: 0000:83:00.0
2020-03-10 21:57:08.671909: I tensorflow/stream_executor/platform/default/dso_loader.cc:42] Successfully opened dynamic library libcudart.so.10.0
2020-03-10 21:57:08.671935: I tensorflow/stream_executor/platform/default/dso_loader.cc:42] Successfully opened dynamic library libcublas.so.10.0
2020-03-10 21:57:08.671955: I tensorflow/stream_executor/platform/default/dso_loader.cc:42] Successfully opened dynamic library libcufft.so.10.0
2020-03-10 21:57:08.671975: I tensorflow/stream_executor/platform/default/dso_loader.cc:42] Successfully opened dynamic library libcurand.so.10.0
2020-03-10 21:57:08.671995: I tensorflow/stream_executor/platform/default/dso_loader.cc:42] Successfully opened dynamic library libcusolver.so.10.0
2020-03-10 21:57:08.672015: I tensorflow/stream_executor/platform/default/dso_loader.cc:42] Successfully opened dynamic library libcusparse.so.10.0
2020-03-10 21:57:08.672035: I tensorflow/stream_executor/platform/default/dso_loader.cc:42] Successfully opened dynamic library libcudnn.so.7
2020-03-10 21:57:08.677401: I tensorflow/core/common_runtime/gpu/gpu_device.cc:1763] Adding visible gpu devices: 0
2020-03-10 21:57:08.677462: I tensorflow/stream_executor/platform/default/dso_loader.cc:42] Successfully opened dynamic library libcudart.so.10.0
2020-03-10 21:57:08.680399: I tensorflow/core/common_runtime/gpu/gpu_device.cc:1181] Device interconnect StreamExecutor with strength 1 edge matrix:
2020-03-10 21:57:08.680422: I tensorflow/core/common_runtime/gpu/gpu_device.cc:1187]      0 
2020-03-10 21:57:08.680435: I tensorflow/core/common_runtime/gpu/gpu_device.cc:1200] 0:   N 
2020-03-10 21:57:08.684132: I tensorflow/core/common_runtime/gpu/gpu_device.cc:1326] Created TensorFlow device (/job:localhost/replica:0/task:0/device:GPU:0 with 15216 MB memory) -> physical GPU (device: 0, name: Tesla P100-PCIE-16GB, pci bus id: 0000:83:00.0, compute capability: 6.0)
/homes/nramachandra/anaconda3/envs/tf_gpu_14/lib/python3.6/site-packages/matplotlib/axes/_axes.py:6521: MatplotlibDeprecationWarning: 
The 'normed' kwarg was deprecated in Matplotlib 2.1 and will be removed in 3.1. Use 'density' instead.
  alternative="'density'", removal="3.1")
WARNING: Logging before flag parsing goes to stderr.
W0310 21:57:09.941807 140577392871232 deprecation.py:323] From /homes/nramachandra/anaconda3/envs/tf_gpu_14/lib/python3.6/site-packages/tensorflow_probability/python/internal/distribution_util.py:493: add_dispatch_support.<locals>.wrapper (from tensorflow.python.ops.array_ops) is deprecated and will be removed in a future version.
Instructions for updating:
Use tf.where in 2.0, which has the same broadcast rule as np.where
2020-03-10 21:57:11.197222: I tensorflow/stream_executor/platform/default/dso_loader.cc:42] Successfully opened dynamic library libcublas.so.10.0
(6304534, 6)
(7237871, 6)
(456685, 5)
(423353, 5)
Size of features in training data: (12000000, 5)
Size of output in training data: (12000000,)
Size of features in test data: (10000, 5)
Size of output in test data: (10000,)
Model: "sequential"
_________________________________________________________________
Layer (type)                 Output Shape              Param #   
=================================================================
dense (Dense)                (None, 128)               768       
_________________________________________________________________
dense_1 (Dense)              (None, 128)               16512     
_________________________________________________________________
dense_2 (Dense)              (None, 64)                8256      
_________________________________________________________________
dense_3 (Dense)              (None, 32)                2080      
_________________________________________________________________
dense_4 (Dense)              (None, 48)                1584      
_________________________________________________________________
mixture_normal (MixtureNorma ((None, 1), (None, 1))    0         
=================================================================
Total params: 29,200
Trainable params: 29,200
Non-trainable params: 0
_________________________________________________________________
Train on 12000000 samples, validate on 10000 samples
Epoch 1/1000
12000000/12000000 - 38s - loss: -1.8839e+00 - val_loss: -1.5408e+00
Epoch 2/1000
12000000/12000000 - 37s - loss: -2.1841e+00 - val_loss: -1.0586e+00
Epoch 3/1000
12000000/12000000 - 38s - loss: -2.2986e+00 - val_loss: -1.3132e+00
Epoch 4/1000
12000000/12000000 - 38s - loss: -2.3774e+00 - val_loss: -7.8339e-01
Epoch 5/1000
12000000/12000000 - 38s - loss: -2.4407e+00 - val_loss: -5.8823e-01
Epoch 6/1000
12000000/12000000 - 36s - loss: -2.7428e+00 - val_loss: 0.0338
Epoch 7/1000
12000000/12000000 - 34s - loss: -2.7904e+00 - val_loss: 0.0953
Epoch 8/1000
12000000/12000000 - 38s - loss: -2.8312e+00 - val_loss: -2.6063e-02
Epoch 9/1000
12000000/12000000 - 39s - loss: -2.8719e+00 - val_loss: 0.0804
Epoch 10/1000
12000000/12000000 - 38s - loss: -2.9082e+00 - val_loss: 0.0999
Epoch 11/1000
12000000/12000000 - 39s - loss: -2.9372e+00 - val_loss: 0.1107
Epoch 12/1000
12000000/12000000 - 33s - loss: -2.9613e+00 - val_loss: 0.1534
Epoch 13/1000
12000000/12000000 - 33s - loss: -2.9818e+00 - val_loss: 0.2037
Epoch 14/1000
12000000/12000000 - 33s - loss: -2.9998e+00 - val_loss: 0.1784
Epoch 15/1000
12000000/12000000 - 35s - loss: -3.0159e+00 - val_loss: 0.2490
Epoch 16/1000
12000000/12000000 - 38s - loss: -3.0306e+00 - val_loss: 0.2359
Epoch 17/1000
12000000/12000000 - 40s - loss: -3.0437e+00 - val_loss: 0.2998
Epoch 18/1000
12000000/12000000 - 37s - loss: -3.0561e+00 - val_loss: 0.3364
Epoch 19/1000
12000000/12000000 - 36s - loss: -3.0675e+00 - val_loss: 0.2569
Epoch 20/1000
12000000/12000000 - 37s - loss: -3.0783e+00 - val_loss: 0.3214
Epoch 21/1000
12000000/12000000 - 39s - loss: -3.0888e+00 - val_loss: 0.3745
Epoch 22/1000
12000000/12000000 - 38s - loss: -3.0977e+00 - val_loss: 0.2758
Epoch 23/1000
12000000/12000000 - 37s - loss: -3.1070e+00 - val_loss: 0.4127
Epoch 24/1000
12000000/12000000 - 38s - loss: -3.1154e+00 - val_loss: 0.3986
Epoch 25/1000
12000000/12000000 - 38s - loss: -3.1229e+00 - val_loss: 0.3315
Epoch 26/1000
12000000/12000000 - 37s - loss: -3.1301e+00 - val_loss: 0.3750
Epoch 27/1000
12000000/12000000 - 39s - loss: -3.1378e+00 - val_loss: 0.3342
Epoch 28/1000
12000000/12000000 - 36s - loss: -3.1448e+00 - val_loss: 0.4317
Epoch 29/1000
12000000/12000000 - 35s - loss: -3.1514e+00 - val_loss: 0.3710
Epoch 30/1000
12000000/12000000 - 33s - loss: -3.1573e+00 - val_loss: 0.4444
Epoch 31/1000
12000000/12000000 - 33s - loss: -3.1636e+00 - val_loss: 0.4807
Epoch 32/1000
12000000/12000000 - 38s - loss: -3.1700e+00 - val_loss: 0.4513
Epoch 33/1000
12000000/12000000 - 34s - loss: -3.1751e+00 - val_loss: 0.4639
Epoch 34/1000
12000000/12000000 - 37s - loss: -3.1810e+00 - val_loss: 0.5560
Epoch 35/1000
12000000/12000000 - 36s - loss: -3.1857e+00 - val_loss: 0.5704
Epoch 36/1000
12000000/12000000 - 38s - loss: -3.1910e+00 - val_loss: 0.5006
Epoch 37/1000
12000000/12000000 - 36s - loss: -3.1958e+00 - val_loss: 0.5139
Epoch 38/1000
12000000/12000000 - 35s - loss: -3.2017e+00 - val_loss: 0.5723
Epoch 39/1000
12000000/12000000 - 31s - loss: -3.2064e+00 - val_loss: 0.5430
Epoch 40/1000
12000000/12000000 - 35s - loss: -3.2108e+00 - val_loss: 0.6033
Epoch 41/1000
12000000/12000000 - 38s - loss: -3.2157e+00 - val_loss: 0.5921
Epoch 42/1000
12000000/12000000 - 35s - loss: -3.2199e+00 - val_loss: 0.5785
Epoch 43/1000
12000000/12000000 - 37s - loss: -3.2252e+00 - val_loss: 0.4774
Epoch 44/1000
12000000/12000000 - 38s - loss: -3.2294e+00 - val_loss: 0.5346
Epoch 45/1000
12000000/12000000 - 37s - loss: -3.2340e+00 - val_loss: 0.6355
Epoch 46/1000
12000000/12000000 - 35s - loss: -3.2384e+00 - val_loss: 0.6511
Epoch 47/1000
12000000/12000000 - 37s - loss: -3.2428e+00 - val_loss: 0.5386
Epoch 48/1000
12000000/12000000 - 35s - loss: -3.2475e+00 - val_loss: 0.5273
Epoch 49/1000
12000000/12000000 - 38s - loss: -3.2510e+00 - val_loss: 0.5902
Epoch 50/1000
12000000/12000000 - 37s - loss: -3.2552e+00 - val_loss: 0.5546
Epoch 51/1000
12000000/12000000 - 35s - loss: -3.2597e+00 - val_loss: 0.4083
Epoch 52/1000
12000000/12000000 - 37s - loss: -3.2635e+00 - val_loss: 0.5511
Epoch 53/1000
12000000/12000000 - 38s - loss: -3.2675e+00 - val_loss: 0.5811
Epoch 54/1000
12000000/12000000 - 37s - loss: -3.2713e+00 - val_loss: 0.5614
Epoch 55/1000
12000000/12000000 - 34s - loss: -3.2753e+00 - val_loss: 0.5733
Epoch 56/1000
12000000/12000000 - 36s - loss: -3.2791e+00 - val_loss: 0.5377
Epoch 57/1000
12000000/12000000 - 37s - loss: -3.2825e+00 - val_loss: 0.5464
Epoch 58/1000
12000000/12000000 - 35s - loss: -3.2861e+00 - val_loss: 0.5350
Epoch 59/1000
12000000/12000000 - 38s - loss: -3.2896e+00 - val_loss: 0.5890
Epoch 60/1000
12000000/12000000 - 35s - loss: -3.2934e+00 - val_loss: 0.6045
Epoch 61/1000
12000000/12000000 - 36s - loss: -3.2972e+00 - val_loss: 0.4995
Epoch 62/1000
12000000/12000000 - 38s - loss: -3.3006e+00 - val_loss: 0.5113
Epoch 63/1000
12000000/12000000 - 35s - loss: -3.3035e+00 - val_loss: 0.6070
Epoch 64/1000
12000000/12000000 - 38s - loss: -3.3069e+00 - val_loss: 0.5034
Epoch 65/1000
12000000/12000000 - 35s - loss: -3.3101e+00 - val_loss: 0.5454
Epoch 66/1000
12000000/12000000 - 36s - loss: -3.3131e+00 - val_loss: 0.5266
Epoch 67/1000
12000000/12000000 - 33s - loss: -3.3160e+00 - val_loss: 0.5910
Epoch 68/1000
12000000/12000000 - 32s - loss: -3.3194e+00 - val_loss: 0.5623
Epoch 69/1000
12000000/12000000 - 35s - loss: -3.3227e+00 - val_loss: 0.6332
Epoch 70/1000
12000000/12000000 - 36s - loss: -3.3258e+00 - val_loss: 0.5650
Epoch 71/1000
12000000/12000000 - 36s - loss: -3.3288e+00 - val_loss: 0.6276
Epoch 72/1000
12000000/12000000 - 36s - loss: -3.3321e+00 - val_loss: 0.6140
Epoch 73/1000
12000000/12000000 - 38s - loss: -3.3349e+00 - val_loss: 0.7124
Epoch 74/1000
12000000/12000000 - 38s - loss: -3.3385e+00 - val_loss: 0.6847
Epoch 75/1000
12000000/12000000 - 37s - loss: -3.3415e+00 - val_loss: 0.6306
Epoch 76/1000
12000000/12000000 - 33s - loss: -3.3443e+00 - val_loss: 0.7111
Epoch 77/1000
12000000/12000000 - 38s - loss: -3.3472e+00 - val_loss: 0.6815
Epoch 78/1000
12000000/12000000 - 38s - loss: -3.3499e+00 - val_loss: 0.5799
Epoch 79/1000
12000000/12000000 - 34s - loss: -3.3531e+00 - val_loss: 0.7001
Epoch 80/1000
12000000/12000000 - 37s - loss: -3.3559e+00 - val_loss: 0.7826
Epoch 81/1000
12000000/12000000 - 32s - loss: -3.3588e+00 - val_loss: 0.8034
Epoch 82/1000
12000000/12000000 - 37s - loss: -3.3619e+00 - val_loss: 0.6955
Epoch 83/1000
12000000/12000000 - 36s - loss: -3.3645e+00 - val_loss: 0.7682
Epoch 84/1000
12000000/12000000 - 37s - loss: -3.3676e+00 - val_loss: 0.7267
Epoch 85/1000
12000000/12000000 - 37s - loss: -3.3713e+00 - val_loss: 0.8001
Epoch 86/1000
12000000/12000000 - 36s - loss: -3.3745e+00 - val_loss: 0.8258
Epoch 87/1000
12000000/12000000 - 39s - loss: -3.3766e+00 - val_loss: 0.7641
Epoch 88/1000
12000000/12000000 - 37s - loss: -3.3797e+00 - val_loss: 0.8631
Epoch 89/1000
12000000/12000000 - 36s - loss: -3.3819e+00 - val_loss: 0.8133
Epoch 90/1000
12000000/12000000 - 37s - loss: -3.3852e+00 - val_loss: 0.7914
Epoch 91/1000
12000000/12000000 - 36s - loss: -3.3878e+00 - val_loss: 0.8363
Epoch 92/1000
12000000/12000000 - 36s - loss: -3.3907e+00 - val_loss: 0.8561
Epoch 93/1000
12000000/12000000 - 37s - loss: -3.3929e+00 - val_loss: 0.8329
Epoch 94/1000
12000000/12000000 - 36s - loss: -3.3952e+00 - val_loss: 0.8066
Epoch 95/1000
12000000/12000000 - 36s - loss: -3.3972e+00 - val_loss: 0.8606
Epoch 96/1000
12000000/12000000 - 38s - loss: -3.3995e+00 - val_loss: 0.8713
Epoch 97/1000
12000000/12000000 - 37s - loss: -3.4020e+00 - val_loss: 0.9223
Epoch 98/1000
12000000/12000000 - 36s - loss: -3.4045e+00 - val_loss: 0.9473
Epoch 99/1000
12000000/12000000 - 37s - loss: -3.4065e+00 - val_loss: 0.7327
Epoch 100/1000
12000000/12000000 - 35s - loss: -3.4088e+00 - val_loss: 0.8380
Epoch 101/1000
12000000/12000000 - 37s - loss: -3.4108e+00 - val_loss: 0.8974
Epoch 102/1000
12000000/12000000 - 35s - loss: -3.4127e+00 - val_loss: 0.9650
Epoch 103/1000
12000000/12000000 - 32s - loss: -3.4148e+00 - val_loss: 0.7733
Epoch 104/1000
12000000/12000000 - 38s - loss: -3.4166e+00 - val_loss: 0.9209
Epoch 105/1000
12000000/12000000 - 38s - loss: -3.4188e+00 - val_loss: 0.9306
Epoch 106/1000
12000000/12000000 - 37s - loss: -3.4205e+00 - val_loss: 0.9560
Epoch 107/1000
12000000/12000000 - 36s - loss: -3.4225e+00 - val_loss: 0.9819
Epoch 108/1000
12000000/12000000 - 35s - loss: -3.4244e+00 - val_loss: 0.9548
Epoch 109/1000
12000000/12000000 - 36s - loss: -3.4265e+00 - val_loss: 0.9530
Epoch 110/1000
12000000/12000000 - 38s - loss: -3.4280e+00 - val_loss: 0.9356
Epoch 111/1000
12000000/12000000 - 37s - loss: -3.4298e+00 - val_loss: 0.9626
Epoch 112/1000
12000000/12000000 - 38s - loss: -3.4316e+00 - val_loss: 0.9177
Epoch 113/1000
12000000/12000000 - 36s - loss: -3.4334e+00 - val_loss: 1.0103
Epoch 114/1000
12000000/12000000 - 38s - loss: -3.4355e+00 - val_loss: 1.0031
Epoch 115/1000
12000000/12000000 - 39s - loss: -3.4375e+00 - val_loss: 0.9800
Epoch 116/1000
12000000/12000000 - 37s - loss: -3.4387e+00 - val_loss: 0.9342
Epoch 117/1000
12000000/12000000 - 35s - loss: -3.4404e+00 - val_loss: 0.9569
Epoch 118/1000
12000000/12000000 - 38s - loss: -3.4421e+00 - val_loss: 0.9149
Epoch 119/1000
12000000/12000000 - 34s - loss: -3.4439e+00 - val_loss: 0.9828
Epoch 120/1000
12000000/12000000 - 36s - loss: -3.4457e+00 - val_loss: 0.9397
Epoch 121/1000
12000000/12000000 - 38s - loss: -3.4471e+00 - val_loss: 0.9903
Epoch 122/1000
12000000/12000000 - 34s - loss: -3.4491e+00 - val_loss: 0.8836
Epoch 123/1000
12000000/12000000 - 37s - loss: -3.4513e+00 - val_loss: 1.0554
Epoch 124/1000
12000000/12000000 - 36s - loss: -3.4530e+00 - val_loss: 0.8595
Epoch 125/1000
12000000/12000000 - 35s - loss: -3.4541e+00 - val_loss: 0.8485
Epoch 126/1000
12000000/12000000 - 36s - loss: -3.4556e+00 - val_loss: 0.9254
Epoch 127/1000
12000000/12000000 - 33s - loss: -3.4572e+00 - val_loss: 0.9931
Epoch 128/1000
12000000/12000000 - 33s - loss: -3.4587e+00 - val_loss: 1.0430
Epoch 129/1000
12000000/12000000 - 37s - loss: -3.4603e+00 - val_loss: 0.9453
Epoch 130/1000
12000000/12000000 - 37s - loss: -3.4617e+00 - val_loss: 0.9312
Epoch 131/1000
12000000/12000000 - 36s - loss: -3.4632e+00 - val_loss: 0.9473
Epoch 132/1000
12000000/12000000 - 39s - loss: -3.4645e+00 - val_loss: 0.9265
Epoch 133/1000
12000000/12000000 - 35s - loss: -3.4663e+00 - val_loss: 0.9405
Epoch 134/1000
12000000/12000000 - 38s - loss: -3.4676e+00 - val_loss: 0.9870
Epoch 135/1000
12000000/12000000 - 33s - loss: -3.4688e+00 - val_loss: 0.9734
Epoch 136/1000
12000000/12000000 - 34s - loss: -3.4700e+00 - val_loss: 0.8713
Epoch 137/1000
12000000/12000000 - 35s - loss: -3.4717e+00 - val_loss: 0.8468
Epoch 138/1000
12000000/12000000 - 34s - loss: -3.4730e+00 - val_loss: 0.9372
Epoch 139/1000
12000000/12000000 - 36s - loss: -3.4745e+00 - val_loss: 0.9510
Epoch 140/1000
12000000/12000000 - 37s - loss: -3.4755e+00 - val_loss: 0.8884
Epoch 141/1000
12000000/12000000 - 38s - loss: -3.4772e+00 - val_loss: 0.9467
Epoch 142/1000
12000000/12000000 - 39s - loss: -3.4784e+00 - val_loss: 0.9040
Epoch 143/1000
12000000/12000000 - 34s - loss: -3.4799e+00 - val_loss: 0.8316
Epoch 144/1000
12000000/12000000 - 37s - loss: -3.4816e+00 - val_loss: 0.9197
Epoch 145/1000
12000000/12000000 - 38s - loss: -3.4825e+00 - val_loss: 0.9025
Epoch 146/1000
12000000/12000000 - 36s - loss: -3.4840e+00 - val_loss: 0.9514
Epoch 147/1000
12000000/12000000 - 32s - loss: -3.4852e+00 - val_loss: 0.9181
Epoch 148/1000
12000000/12000000 - 36s - loss: -3.4867e+00 - val_loss: 0.8441
Epoch 149/1000
12000000/12000000 - 39s - loss: -3.4879e+00 - val_loss: 0.9020
Epoch 150/1000
12000000/12000000 - 38s - loss: -3.4896e+00 - val_loss: 0.9540
Epoch 151/1000
12000000/12000000 - 37s - loss: -3.4904e+00 - val_loss: 0.8896
Epoch 152/1000
12000000/12000000 - 36s - loss: -3.4921e+00 - val_loss: 0.9884
Epoch 153/1000
12000000/12000000 - 37s - loss: -3.4930e+00 - val_loss: 0.8845
Epoch 154/1000
12000000/12000000 - 36s - loss: -3.4943e+00 - val_loss: 0.8932
Epoch 155/1000
12000000/12000000 - 38s - loss: -3.4955e+00 - val_loss: 0.8467
Epoch 156/1000
12000000/12000000 - 35s - loss: -3.4968e+00 - val_loss: 0.8923
Epoch 157/1000
12000000/12000000 - 35s - loss: -3.4981e+00 - val_loss: 0.8506
Epoch 158/1000
12000000/12000000 - 34s - loss: -3.4994e+00 - val_loss: 0.9005
Epoch 159/1000
12000000/12000000 - 35s - loss: -3.5004e+00 - val_loss: 0.9561
Epoch 160/1000
12000000/12000000 - 37s - loss: -3.5016e+00 - val_loss: 0.8882
Epoch 161/1000
12000000/12000000 - 36s - loss: -3.5029e+00 - val_loss: 0.8681
Epoch 162/1000
12000000/12000000 - 36s - loss: -3.5042e+00 - val_loss: 0.8925
Epoch 163/1000
12000000/12000000 - 38s - loss: -3.5056e+00 - val_loss: 0.9168
Epoch 164/1000
12000000/12000000 - 35s - loss: -3.5065e+00 - val_loss: 0.9013
Epoch 165/1000
12000000/12000000 - 38s - loss: -3.5078e+00 - val_loss: 0.9051
Epoch 166/1000
12000000/12000000 - 36s - loss: -3.5091e+00 - val_loss: 0.9463
Epoch 167/1000
12000000/12000000 - 35s - loss: -3.5098e+00 - val_loss: 0.8666
Epoch 168/1000
12000000/12000000 - 33s - loss: -3.5110e+00 - val_loss: 0.9716
Epoch 169/1000
12000000/12000000 - 36s - loss: -3.5125e+00 - val_loss: 0.8680
Epoch 170/1000
12000000/12000000 - 35s - loss: -3.5135e+00 - val_loss: 0.8973
Epoch 171/1000
12000000/12000000 - 34s - loss: -3.5150e+00 - val_loss: 0.9348
Epoch 172/1000
12000000/12000000 - 38s - loss: -3.5156e+00 - val_loss: 0.9146
Epoch 173/1000
12000000/12000000 - 38s - loss: -3.5172e+00 - val_loss: 0.9763
Epoch 174/1000
12000000/12000000 - 38s - loss: -3.5181e+00 - val_loss: 0.9330
Epoch 175/1000
12000000/12000000 - 37s - loss: -3.5197e+00 - val_loss: 1.0206
Epoch 176/1000
12000000/12000000 - 38s - loss: -3.5208e+00 - val_loss: 0.9777
Epoch 177/1000
12000000/12000000 - 37s - loss: -3.5223e+00 - val_loss: 0.9464
Epoch 178/1000
12000000/12000000 - 36s - loss: -3.5230e+00 - val_loss: 0.8805
Epoch 179/1000
12000000/12000000 - 34s - loss: -3.5240e+00 - val_loss: 0.8710
Epoch 180/1000
12000000/12000000 - 38s - loss: -3.5254e+00 - val_loss: 0.9720
Epoch 181/1000
12000000/12000000 - 38s - loss: -3.5264e+00 - val_loss: 0.8075
Epoch 182/1000
12000000/12000000 - 38s - loss: -3.5276e+00 - val_loss: 0.9456
Epoch 183/1000
12000000/12000000 - 37s - loss: -3.5289e+00 - val_loss: 0.9427
Epoch 184/1000
12000000/12000000 - 36s - loss: -3.5299e+00 - val_loss: 0.8771
Epoch 185/1000
12000000/12000000 - 35s - loss: -3.5309e+00 - val_loss: 0.9000
Epoch 186/1000
12000000/12000000 - 32s - loss: -3.5318e+00 - val_loss: 0.7415
Epoch 187/1000
12000000/12000000 - 32s - loss: -3.5329e+00 - val_loss: 0.8764
Epoch 188/1000
12000000/12000000 - 35s - loss: -3.5339e+00 - val_loss: 0.9038
Epoch 189/1000
12000000/12000000 - 36s - loss: -3.5350e+00 - val_loss: 0.9077
Epoch 190/1000
12000000/12000000 - 38s - loss: -3.5365e+00 - val_loss: 0.8132
Epoch 191/1000
12000000/12000000 - 38s - loss: -3.5378e+00 - val_loss: 0.9697
Epoch 192/1000
12000000/12000000 - 38s - loss: -3.5385e+00 - val_loss: 0.8972
Epoch 193/1000
12000000/12000000 - 37s - loss: -3.5394e+00 - val_loss: 0.9688
Epoch 194/1000
12000000/12000000 - 36s - loss: -3.5406e+00 - val_loss: 0.9223
Epoch 195/1000
12000000/12000000 - 34s - loss: -3.5418e+00 - val_loss: 1.0840
Epoch 196/1000
12000000/12000000 - 35s - loss: -3.5425e+00 - val_loss: 0.9249
Epoch 197/1000
12000000/12000000 - 35s - loss: -3.5440e+00 - val_loss: 0.9167
Epoch 198/1000
12000000/12000000 - 37s - loss: -3.5449e+00 - val_loss: 0.8851
Epoch 199/1000
12000000/12000000 - 37s - loss: -3.5458e+00 - val_loss: 0.9590
Epoch 200/1000
12000000/12000000 - 36s - loss: -3.5474e+00 - val_loss: 0.9878
Epoch 201/1000
12000000/12000000 - 36s - loss: -3.5485e+00 - val_loss: 0.8093
Epoch 202/1000
12000000/12000000 - 34s - loss: -3.5493e+00 - val_loss: 0.9089
Epoch 203/1000
12000000/12000000 - 37s - loss: -3.5510e+00 - val_loss: 0.9910
Epoch 204/1000
12000000/12000000 - 34s - loss: -3.5525e+00 - val_loss: 0.9632
Epoch 205/1000
12000000/12000000 - 36s - loss: -3.5536e+00 - val_loss: 0.9100
Epoch 206/1000
12000000/12000000 - 36s - loss: -3.5541e+00 - val_loss: 0.9423
Epoch 207/1000
12000000/12000000 - 38s - loss: -3.5552e+00 - val_loss: 1.0137
Epoch 208/1000
12000000/12000000 - 36s - loss: -3.5562e+00 - val_loss: 0.9648
Epoch 209/1000
12000000/12000000 - 36s - loss: -3.5572e+00 - val_loss: 0.9796
Epoch 210/1000
12000000/12000000 - 36s - loss: -3.5580e+00 - val_loss: 1.1176
Epoch 211/1000
12000000/12000000 - 35s - loss: -3.5591e+00 - val_loss: 0.9845
Epoch 212/1000
12000000/12000000 - 32s - loss: -3.5600e+00 - val_loss: 0.9457
Epoch 213/1000
12000000/12000000 - 35s - loss: -3.5608e+00 - val_loss: 1.0181
Epoch 214/1000
12000000/12000000 - 33s - loss: -3.5620e+00 - val_loss: 0.9462
Epoch 215/1000
12000000/12000000 - 37s - loss: -3.5631e+00 - val_loss: 0.9767
Epoch 216/1000
12000000/12000000 - 37s - loss: -3.5641e+00 - val_loss: 0.9567
Epoch 217/1000
12000000/12000000 - 38s - loss: -3.5652e+00 - val_loss: 0.9294
Epoch 218/1000
12000000/12000000 - 38s - loss: -3.5661e+00 - val_loss: 0.8041
Epoch 219/1000
12000000/12000000 - 36s - loss: -3.5672e+00 - val_loss: 1.0922
Epoch 220/1000
12000000/12000000 - 37s - loss: -3.5683e+00 - val_loss: 1.0185
Epoch 221/1000
12000000/12000000 - 37s - loss: -3.5691e+00 - val_loss: 0.8743
Epoch 222/1000
12000000/12000000 - 38s - loss: -3.5700e+00 - val_loss: 0.9558
Epoch 223/1000
12000000/12000000 - 38s - loss: -3.5708e+00 - val_loss: 1.0025
Epoch 224/1000
12000000/12000000 - 38s - loss: -3.5717e+00 - val_loss: 0.9662
Epoch 225/1000
12000000/12000000 - 37s - loss: -3.5730e+00 - val_loss: 0.9543
Epoch 226/1000
12000000/12000000 - 38s - loss: -3.5737e+00 - val_loss: 1.0267
Epoch 227/1000
12000000/12000000 - 33s - loss: -3.5748e+00 - val_loss: 0.9579
Epoch 228/1000
12000000/12000000 - 38s - loss: -3.5756e+00 - val_loss: 0.9338
Epoch 229/1000
12000000/12000000 - 38s - loss: -3.5765e+00 - val_loss: 0.9523
Epoch 230/1000
12000000/12000000 - 35s - loss: -3.5778e+00 - val_loss: 0.8870
Epoch 231/1000
12000000/12000000 - 38s - loss: -3.5789e+00 - val_loss: 0.9496
Epoch 232/1000
12000000/12000000 - 36s - loss: -3.5800e+00 - val_loss: 1.0041
Epoch 233/1000
12000000/12000000 - 35s - loss: -3.5806e+00 - val_loss: 1.0692
Epoch 234/1000
12000000/12000000 - 37s - loss: -3.5818e+00 - val_loss: 1.0410
Epoch 235/1000
12000000/12000000 - 36s - loss: -3.5828e+00 - val_loss: 1.0477
Epoch 236/1000
12000000/12000000 - 35s - loss: -3.5840e+00 - val_loss: 1.0401
Epoch 237/1000
12000000/12000000 - 39s - loss: -3.5849e+00 - val_loss: 1.0851
Epoch 238/1000
12000000/12000000 - 34s - loss: -3.5858e+00 - val_loss: 0.9783
Epoch 239/1000
12000000/12000000 - 36s - loss: -3.5864e+00 - val_loss: 1.0778
Epoch 240/1000
12000000/12000000 - 38s - loss: -3.5877e+00 - val_loss: 1.0642
Epoch 241/1000
12000000/12000000 - 38s - loss: -3.5885e+00 - val_loss: 1.0077
Epoch 242/1000
12000000/12000000 - 37s - loss: -3.5897e+00 - val_loss: 1.0379
Epoch 243/1000
12000000/12000000 - 35s - loss: -3.5904e+00 - val_loss: 0.9808
Epoch 244/1000
12000000/12000000 - 37s - loss: -3.5913e+00 - val_loss: 0.8931
Epoch 245/1000
12000000/12000000 - 33s - loss: -3.5922e+00 - val_loss: 0.9230
Epoch 246/1000
12000000/12000000 - 37s - loss: -3.5931e+00 - val_loss: 1.0794
Epoch 247/1000
12000000/12000000 - 37s - loss: -3.5940e+00 - val_loss: 0.9108
Epoch 248/1000
12000000/12000000 - 36s - loss: -3.5946e+00 - val_loss: 0.9615
Epoch 249/1000
12000000/12000000 - 37s - loss: -3.5958e+00 - val_loss: 0.9740
Epoch 250/1000
12000000/12000000 - 37s - loss: -3.5968e+00 - val_loss: 0.9622
Epoch 251/1000
12000000/12000000 - 37s - loss: -3.5973e+00 - val_loss: 1.0066
Epoch 252/1000
12000000/12000000 - 34s - loss: -3.5982e+00 - val_loss: 0.9561
Epoch 253/1000
12000000/12000000 - 36s - loss: -3.5993e+00 - val_loss: 0.9248
Epoch 254/1000
12000000/12000000 - 34s - loss: -3.6002e+00 - val_loss: 0.9990
Epoch 255/1000
12000000/12000000 - 35s - loss: -3.6006e+00 - val_loss: 1.0669
Epoch 256/1000
12000000/12000000 - 37s - loss: -3.6017e+00 - val_loss: 1.1027
Epoch 257/1000
12000000/12000000 - 33s - loss: -3.6026e+00 - val_loss: 0.9998
Epoch 258/1000
12000000/12000000 - 31s - loss: -3.6035e+00 - val_loss: 1.0118
Epoch 259/1000
12000000/12000000 - 34s - loss: -3.6043e+00 - val_loss: 1.1093
Epoch 260/1000
12000000/12000000 - 36s - loss: -3.6049e+00 - val_loss: 1.0675
Epoch 261/1000
12000000/12000000 - 36s - loss: -3.6058e+00 - val_loss: 1.0626
Epoch 262/1000
12000000/12000000 - 35s - loss: -3.6068e+00 - val_loss: 0.9836
Epoch 263/1000
12000000/12000000 - 36s - loss: -3.6075e+00 - val_loss: 1.0862
Epoch 264/1000
12000000/12000000 - 38s - loss: -3.6087e+00 - val_loss: 1.0354
Epoch 265/1000
12000000/12000000 - 37s - loss: -3.6095e+00 - val_loss: 1.0169
Epoch 266/1000
12000000/12000000 - 37s - loss: -3.6105e+00 - val_loss: 1.2018
Epoch 267/1000
12000000/12000000 - 39s - loss: -3.6114e+00 - val_loss: 0.9451
Epoch 268/1000
12000000/12000000 - 36s - loss: -3.6118e+00 - val_loss: 0.9756
Epoch 269/1000
12000000/12000000 - 36s - loss: -3.6127e+00 - val_loss: 1.0364
Epoch 270/1000
12000000/12000000 - 36s - loss: -3.6138e+00 - val_loss: 1.0978
Epoch 271/1000
12000000/12000000 - 35s - loss: -3.6147e+00 - val_loss: 0.9758
Epoch 272/1000
12000000/12000000 - 37s - loss: -3.6156e+00 - val_loss: 1.0257
Epoch 273/1000
12000000/12000000 - 39s - loss: -3.6167e+00 - val_loss: 1.0655
Epoch 274/1000
12000000/12000000 - 38s - loss: -3.6176e+00 - val_loss: 1.1380
Epoch 275/1000
12000000/12000000 - 36s - loss: -3.6183e+00 - val_loss: 1.0345
Epoch 276/1000
12000000/12000000 - 37s - loss: -3.6190e+00 - val_loss: 1.0764
Epoch 277/1000
12000000/12000000 - 34s - loss: -3.6199e+00 - val_loss: 1.1294
Epoch 278/1000
12000000/12000000 - 38s - loss: -3.6204e+00 - val_loss: 1.0730
Epoch 279/1000
12000000/12000000 - 33s - loss: -3.6214e+00 - val_loss: 1.0713
Epoch 280/1000
12000000/12000000 - 33s - loss: -3.6219e+00 - val_loss: 1.0980
Epoch 281/1000
12000000/12000000 - 36s - loss: -3.6228e+00 - val_loss: 1.0760
Epoch 282/1000
12000000/12000000 - 34s - loss: -3.6237e+00 - val_loss: 1.0525
Epoch 283/1000
12000000/12000000 - 33s - loss: -3.6247e+00 - val_loss: 1.1125
Epoch 284/1000
12000000/12000000 - 37s - loss: -3.6255e+00 - val_loss: 1.0161
Epoch 285/1000
12000000/12000000 - 35s - loss: -3.6260e+00 - val_loss: 1.0668
Epoch 286/1000
12000000/12000000 - 36s - loss: -3.6272e+00 - val_loss: 1.1272
Epoch 287/1000
12000000/12000000 - 31s - loss: -3.6278e+00 - val_loss: 1.1459
Epoch 288/1000
12000000/12000000 - 32s - loss: -3.6286e+00 - val_loss: 1.0902
Epoch 289/1000
12000000/12000000 - 38s - loss: -3.6299e+00 - val_loss: 1.0579
Epoch 290/1000
12000000/12000000 - 38s - loss: -3.6308e+00 - val_loss: 1.0316
Epoch 291/1000
12000000/12000000 - 35s - loss: -3.6314e+00 - val_loss: 1.0172
Epoch 292/1000
12000000/12000000 - 33s - loss: -3.6318e+00 - val_loss: 1.0199
Epoch 293/1000
12000000/12000000 - 38s - loss: -3.6325e+00 - val_loss: 1.1099
Epoch 294/1000
12000000/12000000 - 38s - loss: -3.6334e+00 - val_loss: 1.1172
Epoch 295/1000
12000000/12000000 - 35s - loss: -3.6344e+00 - val_loss: 1.1122
Epoch 296/1000
12000000/12000000 - 35s - loss: -3.6348e+00 - val_loss: 1.0660
Epoch 297/1000
12000000/12000000 - 33s - loss: -3.6357e+00 - val_loss: 1.0340
Epoch 298/1000
12000000/12000000 - 32s - loss: -3.6364e+00 - val_loss: 1.0804
Epoch 299/1000
12000000/12000000 - 36s - loss: -3.6375e+00 - val_loss: 1.1759
Epoch 300/1000
12000000/12000000 - 34s - loss: -3.6381e+00 - val_loss: 1.0961
Epoch 301/1000
12000000/12000000 - 35s - loss: -3.6391e+00 - val_loss: 1.0552
Epoch 302/1000
12000000/12000000 - 33s - loss: -3.6397e+00 - val_loss: 1.0802
Epoch 303/1000
12000000/12000000 - 36s - loss: -3.6406e+00 - val_loss: 1.0865
Epoch 304/1000
12000000/12000000 - 35s - loss: -3.6415e+00 - val_loss: 1.0635
Epoch 305/1000
12000000/12000000 - 38s - loss: -3.6421e+00 - val_loss: 1.0738
Epoch 306/1000
12000000/12000000 - 38s - loss: -3.6426e+00 - val_loss: 1.1623
Epoch 307/1000
12000000/12000000 - 34s - loss: -3.6435e+00 - val_loss: 1.0144
Epoch 308/1000
12000000/12000000 - 31s - loss: -3.6440e+00 - val_loss: 1.0478
Epoch 309/1000
12000000/12000000 - 35s - loss: -3.6450e+00 - val_loss: 1.0731
Epoch 310/1000
12000000/12000000 - 37s - loss: -3.6454e+00 - val_loss: 1.0522
Epoch 311/1000
12000000/12000000 - 36s - loss: -3.6463e+00 - val_loss: 1.0056
Epoch 312/1000
12000000/12000000 - 34s - loss: -3.6469e+00 - val_loss: 1.0926
Epoch 313/1000
12000000/12000000 - 35s - loss: -3.6476e+00 - val_loss: 1.0821
Epoch 314/1000
12000000/12000000 - 33s - loss: -3.6481e+00 - val_loss: 1.1268
Epoch 315/1000
12000000/12000000 - 37s - loss: -3.6491e+00 - val_loss: 1.1170
Epoch 316/1000
12000000/12000000 - 33s - loss: -3.6496e+00 - val_loss: 1.0621
Epoch 317/1000
12000000/12000000 - 32s - loss: -3.6504e+00 - val_loss: 1.0736
Epoch 318/1000
12000000/12000000 - 33s - loss: -3.6510e+00 - val_loss: 1.0688
Epoch 319/1000
12000000/12000000 - 37s - loss: -3.6520e+00 - val_loss: 1.1646
Epoch 320/1000
12000000/12000000 - 37s - loss: -3.6527e+00 - val_loss: 1.1209
Epoch 321/1000
12000000/12000000 - 37s - loss: -3.6531e+00 - val_loss: 1.1150
Epoch 322/1000
12000000/12000000 - 32s - loss: -3.6539e+00 - val_loss: 0.9675
Epoch 323/1000
12000000/12000000 - 36s - loss: -3.6546e+00 - val_loss: 1.0232
Epoch 324/1000
12000000/12000000 - 38s - loss: -3.6552e+00 - val_loss: 1.1224
Epoch 325/1000
12000000/12000000 - 37s - loss: -3.6554e+00 - val_loss: 1.0757
Epoch 326/1000
12000000/12000000 - 38s - loss: -3.6563e+00 - val_loss: 1.0698
Epoch 327/1000
12000000/12000000 - 37s - loss: -3.6571e+00 - val_loss: 1.0303
Epoch 328/1000
12000000/12000000 - 38s - loss: -3.6580e+00 - val_loss: 1.0727
Epoch 329/1000
12000000/12000000 - 35s - loss: -3.6585e+00 - val_loss: 0.9076
Epoch 330/1000
12000000/12000000 - 36s - loss: -3.6591e+00 - val_loss: 0.9957
Epoch 331/1000
12000000/12000000 - 36s - loss: -3.6599e+00 - val_loss: 1.0649
Epoch 332/1000
12000000/12000000 - 38s - loss: -3.6601e+00 - val_loss: 1.1135
Epoch 333/1000
12000000/12000000 - 39s - loss: -3.6613e+00 - val_loss: 1.0554
Epoch 334/1000
12000000/12000000 - 37s - loss: -3.6618e+00 - val_loss: 1.0743
Epoch 335/1000
12000000/12000000 - 35s - loss: -3.6624e+00 - val_loss: 1.0130
Epoch 336/1000
12000000/12000000 - 36s - loss: -3.6631e+00 - val_loss: 1.0023
Epoch 337/1000
12000000/12000000 - 31s - loss: -3.6639e+00 - val_loss: 1.0362
Epoch 338/1000
12000000/12000000 - 32s - loss: -3.6647e+00 - val_loss: 1.1145
Epoch 339/1000
12000000/12000000 - 30s - loss: -3.6651e+00 - val_loss: 1.0977
Epoch 340/1000
12000000/12000000 - 30s - loss: -3.6660e+00 - val_loss: 1.1434
Epoch 341/1000
12000000/12000000 - 36s - loss: -3.6663e+00 - val_loss: 1.0825
Epoch 342/1000
12000000/12000000 - 37s - loss: -3.6670e+00 - val_loss: 1.0768
Epoch 343/1000
12000000/12000000 - 37s - loss: -3.6679e+00 - val_loss: 1.0345
Epoch 344/1000
12000000/12000000 - 37s - loss: -3.6686e+00 - val_loss: 1.0301
Epoch 345/1000
12000000/12000000 - 32s - loss: -3.6688e+00 - val_loss: 1.0597
Epoch 346/1000
12000000/12000000 - 34s - loss: -3.6697e+00 - val_loss: 1.0905
Epoch 347/1000
12000000/12000000 - 38s - loss: -3.6702e+00 - val_loss: 0.9639
Epoch 348/1000
12000000/12000000 - 38s - loss: -3.6702e+00 - val_loss: 1.1163
Epoch 349/1000
12000000/12000000 - 36s - loss: -3.6710e+00 - val_loss: 1.1480
Epoch 350/1000
12000000/12000000 - 37s - loss: -3.6720e+00 - val_loss: 1.2234
Epoch 351/1000
12000000/12000000 - 39s - loss: -3.6728e+00 - val_loss: 1.1176
Epoch 352/1000
12000000/12000000 - 37s - loss: -3.6734e+00 - val_loss: 1.0124
Epoch 353/1000
12000000/12000000 - 36s - loss: -3.6737e+00 - val_loss: 0.8939
Epoch 354/1000
12000000/12000000 - 36s - loss: -3.6745e+00 - val_loss: 1.1129
Epoch 355/1000
12000000/12000000 - 37s - loss: -3.6750e+00 - val_loss: 1.1403
Epoch 356/1000
12000000/12000000 - 37s - loss: -3.6758e+00 - val_loss: 1.1063
Epoch 357/1000
12000000/12000000 - 37s - loss: -3.6763e+00 - val_loss: 0.9951
Epoch 358/1000
12000000/12000000 - 35s - loss: -3.6771e+00 - val_loss: 1.0660
Epoch 359/1000
12000000/12000000 - 33s - loss: -3.6775e+00 - val_loss: 1.1365
Epoch 360/1000
12000000/12000000 - 37s - loss: -3.6783e+00 - val_loss: 1.1243
Epoch 361/1000
12000000/12000000 - 34s - loss: -3.6787e+00 - val_loss: 1.1265
Epoch 362/1000
12000000/12000000 - 34s - loss: -3.6792e+00 - val_loss: 1.1163
Epoch 363/1000
12000000/12000000 - 33s - loss: -3.6802e+00 - val_loss: 1.0387
Epoch 364/1000
12000000/12000000 - 33s - loss: -3.6803e+00 - val_loss: 1.1087
Epoch 365/1000
12000000/12000000 - 34s - loss: -3.6810e+00 - val_loss: 1.0927
Epoch 366/1000
12000000/12000000 - 34s - loss: -3.6815e+00 - val_loss: 1.0811
Epoch 367/1000
12000000/12000000 - 35s - loss: -3.6820e+00 - val_loss: 1.0788
Epoch 368/1000
12000000/12000000 - 34s - loss: -3.6823e+00 - val_loss: 1.1268
Epoch 369/1000
12000000/12000000 - 36s - loss: -3.6835e+00 - val_loss: 1.1421
Epoch 370/1000
12000000/12000000 - 36s - loss: -3.6836e+00 - val_loss: 1.1986
Epoch 371/1000
12000000/12000000 - 37s - loss: -3.6843e+00 - val_loss: 1.0563
Epoch 372/1000
12000000/12000000 - 34s - loss: -3.6849e+00 - val_loss: 1.2151
Epoch 373/1000
12000000/12000000 - 37s - loss: -3.6854e+00 - val_loss: 1.1773
Epoch 374/1000
12000000/12000000 - 34s - loss: -3.6859e+00 - val_loss: 1.1554
Epoch 375/1000
12000000/12000000 - 30s - loss: -3.6866e+00 - val_loss: 1.1386
Epoch 376/1000
12000000/12000000 - 33s - loss: -3.6875e+00 - val_loss: 1.1400
Epoch 377/1000
12000000/12000000 - 36s - loss: -3.6878e+00 - val_loss: 1.0973
Epoch 378/1000
12000000/12000000 - 34s - loss: -3.6883e+00 - val_loss: 1.1634
Epoch 379/1000
12000000/12000000 - 38s - loss: -3.6892e+00 - val_loss: 1.2238
Epoch 380/1000
12000000/12000000 - 32s - loss: -3.6896e+00 - val_loss: 1.0545
Epoch 381/1000
12000000/12000000 - 33s - loss: -3.6901e+00 - val_loss: 1.1375
Epoch 382/1000
12000000/12000000 - 35s - loss: -3.6906e+00 - val_loss: 1.1186
Epoch 383/1000
12000000/12000000 - 33s - loss: -3.6912e+00 - val_loss: 1.1736
Epoch 384/1000
12000000/12000000 - 32s - loss: -3.6914e+00 - val_loss: 1.0341
Epoch 385/1000
12000000/12000000 - 33s - loss: -3.6921e+00 - val_loss: 1.0585
Epoch 386/1000
12000000/12000000 - 33s - loss: -3.6927e+00 - val_loss: 1.1742
Epoch 387/1000
12000000/12000000 - 31s - loss: -3.6936e+00 - val_loss: 1.1191
Epoch 388/1000
12000000/12000000 - 30s - loss: -3.6939e+00 - val_loss: 1.1039
Epoch 389/1000
12000000/12000000 - 36s - loss: -3.6949e+00 - val_loss: 1.2570
Epoch 390/1000
12000000/12000000 - 32s - loss: -3.6949e+00 - val_loss: 1.1917
Epoch 391/1000
12000000/12000000 - 32s - loss: -3.6955e+00 - val_loss: 1.1082
Epoch 392/1000
12000000/12000000 - 33s - loss: -3.6956e+00 - val_loss: 1.2389
Epoch 393/1000
12000000/12000000 - 36s - loss: -3.6965e+00 - val_loss: 1.1305
Epoch 394/1000
12000000/12000000 - 35s - loss: -3.6970e+00 - val_loss: 1.1863
Epoch 395/1000
12000000/12000000 - 32s - loss: -3.6976e+00 - val_loss: 1.1441
Epoch 396/1000
12000000/12000000 - 30s - loss: -3.6980e+00 - val_loss: 1.1238
Epoch 397/1000
12000000/12000000 - 30s - loss: -3.6985e+00 - val_loss: 1.0767
Epoch 398/1000
12000000/12000000 - 30s - loss: -3.6990e+00 - val_loss: 1.2048
Epoch 399/1000
12000000/12000000 - 30s - loss: -3.6998e+00 - val_loss: 1.1442
Epoch 400/1000
12000000/12000000 - 30s - loss: -3.7008e+00 - val_loss: 1.0956
Epoch 401/1000
12000000/12000000 - 31s - loss: -3.7009e+00 - val_loss: 1.1857
Epoch 402/1000
12000000/12000000 - 34s - loss: -3.7014e+00 - val_loss: 1.2806
Epoch 403/1000
12000000/12000000 - 33s - loss: -3.7018e+00 - val_loss: 1.1838
Epoch 404/1000
12000000/12000000 - 37s - loss: -3.7023e+00 - val_loss: 1.1463
Epoch 405/1000
12000000/12000000 - 38s - loss: -3.7032e+00 - val_loss: 1.1827
Epoch 406/1000
12000000/12000000 - 33s - loss: -3.7037e+00 - val_loss: 1.2567
Epoch 407/1000
12000000/12000000 - 33s - loss: -3.7042e+00 - val_loss: 1.2329
Epoch 408/1000
12000000/12000000 - 34s - loss: -3.7047e+00 - val_loss: 1.1166
Epoch 409/1000
12000000/12000000 - 33s - loss: -3.7048e+00 - val_loss: 1.1400
Epoch 410/1000
12000000/12000000 - 36s - loss: -3.7058e+00 - val_loss: 1.2346
Epoch 411/1000
12000000/12000000 - 36s - loss: -3.7061e+00 - val_loss: 1.0994
Epoch 412/1000
12000000/12000000 - 32s - loss: -3.7075e+00 - val_loss: 1.2772
Epoch 413/1000
12000000/12000000 - 30s - loss: -3.7077e+00 - val_loss: 1.2570
Epoch 414/1000
12000000/12000000 - 30s - loss: -3.7080e+00 - val_loss: 1.2468
Epoch 415/1000
12000000/12000000 - 32s - loss: -3.7086e+00 - val_loss: 1.1365
Epoch 416/1000
12000000/12000000 - 37s - loss: -3.7093e+00 - val_loss: 1.2281
Epoch 417/1000
12000000/12000000 - 34s - loss: -3.7098e+00 - val_loss: 1.1980
Epoch 418/1000
12000000/12000000 - 34s - loss: -3.7104e+00 - val_loss: 1.1746
Epoch 419/1000
12000000/12000000 - 34s - loss: -3.7109e+00 - val_loss: 1.2594
Epoch 420/1000
12000000/12000000 - 39s - loss: -3.7111e+00 - val_loss: 1.1665
Epoch 421/1000
12000000/12000000 - 34s - loss: -3.7116e+00 - val_loss: 1.2628
Epoch 422/1000
12000000/12000000 - 35s - loss: -3.7124e+00 - val_loss: 1.2179
Epoch 423/1000
12000000/12000000 - 35s - loss: -3.7126e+00 - val_loss: 1.2465
Epoch 424/1000
12000000/12000000 - 34s - loss: -3.7130e+00 - val_loss: 1.1936
Epoch 425/1000
12000000/12000000 - 36s - loss: -3.7136e+00 - val_loss: 1.2939
Epoch 426/1000
12000000/12000000 - 37s - loss: -3.7143e+00 - val_loss: 1.2888
Epoch 427/1000
12000000/12000000 - 35s - loss: -3.7144e+00 - val_loss: 1.1924
Epoch 428/1000
12000000/12000000 - 37s - loss: -3.7152e+00 - val_loss: 1.2500
Epoch 429/1000
12000000/12000000 - 38s - loss: -3.7154e+00 - val_loss: 1.1936
Epoch 430/1000
12000000/12000000 - 39s - loss: -3.7160e+00 - val_loss: 1.3050
Epoch 431/1000
12000000/12000000 - 37s - loss: -3.7163e+00 - val_loss: 1.2793
Epoch 432/1000
12000000/12000000 - 33s - loss: -3.7171e+00 - val_loss: 1.2527
Epoch 433/1000
12000000/12000000 - 36s - loss: -3.7176e+00 - val_loss: 1.3035
Epoch 434/1000
12000000/12000000 - 32s - loss: -3.7176e+00 - val_loss: 1.3776
Epoch 435/1000
12000000/12000000 - 37s - loss: -3.7184e+00 - val_loss: 1.1993
Epoch 436/1000
12000000/12000000 - 36s - loss: -3.7189e+00 - val_loss: 1.3280
Epoch 437/1000
12000000/12000000 - 35s - loss: -3.7192e+00 - val_loss: 1.2415
Epoch 438/1000
12000000/12000000 - 37s - loss: -3.7198e+00 - val_loss: 1.2586
Epoch 439/1000
12000000/12000000 - 33s - loss: -3.7206e+00 - val_loss: 1.3392
Epoch 440/1000
12000000/12000000 - 36s - loss: -3.7210e+00 - val_loss: 1.1510
Epoch 441/1000
12000000/12000000 - 37s - loss: -3.7214e+00 - val_loss: 1.1768
Epoch 442/1000
12000000/12000000 - 36s - loss: -3.7217e+00 - val_loss: 1.3133
Epoch 443/1000
12000000/12000000 - 34s - loss: -3.7221e+00 - val_loss: 1.2334
Epoch 444/1000
12000000/12000000 - 36s - loss: -3.7226e+00 - val_loss: 1.1390
Epoch 445/1000
12000000/12000000 - 33s - loss: -3.7229e+00 - val_loss: 1.3972
Epoch 446/1000
12000000/12000000 - 36s - loss: -3.7236e+00 - val_loss: 1.3159
Epoch 447/1000
12000000/12000000 - 38s - loss: -3.7242e+00 - val_loss: 1.3065
Epoch 448/1000
12000000/12000000 - 39s - loss: -3.7245e+00 - val_loss: 1.3069
Epoch 449/1000
12000000/12000000 - 37s - loss: -3.7249e+00 - val_loss: 1.2549
Epoch 450/1000
12000000/12000000 - 35s - loss: -3.7256e+00 - val_loss: 1.3279
Epoch 451/1000
12000000/12000000 - 36s - loss: -3.7263e+00 - val_loss: 1.2868
Epoch 452/1000
12000000/12000000 - 35s - loss: -3.7266e+00 - val_loss: 1.2739
Epoch 453/1000
12000000/12000000 - 33s - loss: -3.7268e+00 - val_loss: 1.3766
Epoch 454/1000
12000000/12000000 - 37s - loss: -3.7275e+00 - val_loss: 1.2269
Epoch 455/1000
12000000/12000000 - 36s - loss: -3.7278e+00 - val_loss: 1.3071
Epoch 456/1000
12000000/12000000 - 39s - loss: -3.7282e+00 - val_loss: 1.1423
Epoch 457/1000
12000000/12000000 - 37s - loss: -3.7289e+00 - val_loss: 1.3448
Epoch 458/1000
12000000/12000000 - 35s - loss: -3.7291e+00 - val_loss: 1.3927
Epoch 459/1000
12000000/12000000 - 36s - loss: -3.7296e+00 - val_loss: 1.1618
Epoch 460/1000
12000000/12000000 - 32s - loss: -3.7299e+00 - val_loss: 1.3610
Epoch 461/1000
12000000/12000000 - 36s - loss: -3.7304e+00 - val_loss: 1.3453
Epoch 462/1000
12000000/12000000 - 37s - loss: -3.7307e+00 - val_loss: 1.3298
Epoch 463/1000
12000000/12000000 - 37s - loss: -3.7317e+00 - val_loss: 1.2851
Epoch 464/1000
12000000/12000000 - 35s - loss: -3.7324e+00 - val_loss: 1.2939
Epoch 465/1000
12000000/12000000 - 36s - loss: -3.7320e+00 - val_loss: 1.2645
Epoch 466/1000
12000000/12000000 - 31s - loss: -3.7329e+00 - val_loss: 1.3771
Epoch 467/1000
12000000/12000000 - 33s - loss: -3.7332e+00 - val_loss: 1.3250
Epoch 468/1000
12000000/12000000 - 33s - loss: -3.7336e+00 - val_loss: 1.3039
Epoch 469/1000
12000000/12000000 - 34s - loss: -3.7338e+00 - val_loss: 1.3006
Epoch 470/1000
12000000/12000000 - 34s - loss: -3.7344e+00 - val_loss: 1.3360
Epoch 471/1000
12000000/12000000 - 35s - loss: -3.7352e+00 - val_loss: 1.3070
Epoch 472/1000
12000000/12000000 - 36s - loss: -3.7354e+00 - val_loss: 1.3039
Epoch 473/1000
12000000/12000000 - 34s - loss: -3.7360e+00 - val_loss: 1.3871
Epoch 474/1000
12000000/12000000 - 37s - loss: -3.7362e+00 - val_loss: 1.3632
Epoch 475/1000
12000000/12000000 - 37s - loss: -3.7371e+00 - val_loss: 1.3070
Epoch 476/1000
12000000/12000000 - 33s - loss: -3.7372e+00 - val_loss: 1.2173
Epoch 477/1000
12000000/12000000 - 34s - loss: -3.7375e+00 - val_loss: 1.3601
Epoch 478/1000
12000000/12000000 - 33s - loss: -3.7381e+00 - val_loss: 1.2569
Epoch 479/1000
12000000/12000000 - 37s - loss: -3.7388e+00 - val_loss: 1.2586
Epoch 480/1000
12000000/12000000 - 37s - loss: -3.7389e+00 - val_loss: 1.2982
Epoch 481/1000
12000000/12000000 - 38s - loss: -3.7397e+00 - val_loss: 1.3715
Epoch 482/1000
12000000/12000000 - 32s - loss: -3.7397e+00 - val_loss: 1.3402
Epoch 483/1000
12000000/12000000 - 32s - loss: -3.7401e+00 - val_loss: 1.3796
Epoch 484/1000
12000000/12000000 - 36s - loss: -3.7410e+00 - val_loss: 1.3640
Epoch 485/1000
12000000/12000000 - 36s - loss: -3.7412e+00 - val_loss: 1.3834
Epoch 486/1000
12000000/12000000 - 36s - loss: -3.7418e+00 - val_loss: 1.3291
Epoch 487/1000
12000000/12000000 - 38s - loss: -3.7425e+00 - val_loss: 1.3949
Epoch 488/1000
12000000/12000000 - 32s - loss: -3.7426e+00 - val_loss: 1.3710
Epoch 489/1000
12000000/12000000 - 32s - loss: -3.7432e+00 - val_loss: 1.2679
Epoch 490/1000
12000000/12000000 - 31s - loss: -3.7435e+00 - val_loss: 1.3767
Epoch 491/1000
12000000/12000000 - 37s - loss: -3.7436e+00 - val_loss: 1.2711
Epoch 492/1000
12000000/12000000 - 38s - loss: -3.7445e+00 - val_loss: 1.3082
Epoch 493/1000
12000000/12000000 - 36s - loss: -3.7445e+00 - val_loss: 1.4562
Epoch 494/1000
12000000/12000000 - 35s - loss: -3.7451e+00 - val_loss: 1.2075
Epoch 495/1000
12000000/12000000 - 36s - loss: -3.7456e+00 - val_loss: 1.2176
Epoch 496/1000
12000000/12000000 - 33s - loss: -3.7462e+00 - val_loss: 1.3789
Epoch 497/1000
12000000/12000000 - 36s - loss: -3.7464e+00 - val_loss: 1.3611
Epoch 498/1000
12000000/12000000 - 32s - loss: -3.7469e+00 - val_loss: 1.4734
Epoch 499/1000
12000000/12000000 - 38s - loss: -3.7472e+00 - val_loss: 1.2924
Epoch 500/1000
12000000/12000000 - 35s - loss: -3.7473e+00 - val_loss: 1.3142
Epoch 501/1000
12000000/12000000 - 37s - loss: -3.7479e+00 - val_loss: 1.3778
Epoch 502/1000
12000000/12000000 - 35s - loss: -3.7486e+00 - val_loss: 1.2622
Epoch 503/1000
12000000/12000000 - 38s - loss: -3.7485e+00 - val_loss: 1.3189
Epoch 504/1000
12000000/12000000 - 37s - loss: -3.7492e+00 - val_loss: 1.3530
Epoch 505/1000
12000000/12000000 - 34s - loss: -3.7498e+00 - val_loss: 1.3194
Epoch 506/1000
12000000/12000000 - 30s - loss: -3.7502e+00 - val_loss: 1.2298
Epoch 507/1000
12000000/12000000 - 30s - loss: -3.7502e+00 - val_loss: 1.3978
Epoch 508/1000
12000000/12000000 - 31s - loss: -3.7510e+00 - val_loss: 1.3093
Epoch 509/1000
12000000/12000000 - 34s - loss: -3.7513e+00 - val_loss: 1.2815
Epoch 510/1000
12000000/12000000 - 31s - loss: -3.7520e+00 - val_loss: 1.3546
Epoch 511/1000
12000000/12000000 - 32s - loss: -3.7525e+00 - val_loss: 1.3853
Epoch 512/1000
12000000/12000000 - 32s - loss: -3.7524e+00 - val_loss: 1.3858
Epoch 513/1000
12000000/12000000 - 32s - loss: -3.7530e+00 - val_loss: 1.3288
Epoch 514/1000
12000000/12000000 - 35s - loss: -3.7533e+00 - val_loss: 1.2929
Epoch 515/1000
12000000/12000000 - 35s - loss: -3.7535e+00 - val_loss: 1.3216
Epoch 516/1000
12000000/12000000 - 34s - loss: -3.7546e+00 - val_loss: 1.3655
Epoch 517/1000
12000000/12000000 - 31s - loss: -3.7543e+00 - val_loss: 1.3500
Epoch 518/1000
12000000/12000000 - 32s - loss: -3.7549e+00 - val_loss: 1.3750
Epoch 519/1000
12000000/12000000 - 31s - loss: -3.7554e+00 - val_loss: 1.4000
Epoch 520/1000
12000000/12000000 - 33s - loss: -3.7556e+00 - val_loss: 1.4088
Epoch 521/1000
12000000/12000000 - 33s - loss: -3.7560e+00 - val_loss: 1.4123
Epoch 522/1000
12000000/12000000 - 36s - loss: -3.7563e+00 - val_loss: 1.4250
Epoch 523/1000
12000000/12000000 - 33s - loss: -3.7567e+00 - val_loss: 1.3652
Epoch 524/1000
12000000/12000000 - 31s - loss: -3.7571e+00 - val_loss: 1.4484
Epoch 525/1000
12000000/12000000 - 30s - loss: -3.7579e+00 - val_loss: 1.4228
Epoch 526/1000
12000000/12000000 - 30s - loss: -3.7579e+00 - val_loss: 1.3489
Epoch 527/1000
12000000/12000000 - 32s - loss: -3.7586e+00 - val_loss: 1.3124
Epoch 528/1000
12000000/12000000 - 31s - loss: -3.7589e+00 - val_loss: 1.4458
Epoch 529/1000
12000000/12000000 - 32s - loss: -3.7594e+00 - val_loss: 1.3330
Epoch 530/1000
12000000/12000000 - 30s - loss: -3.7597e+00 - val_loss: 1.3374
Epoch 531/1000
12000000/12000000 - 36s - loss: -3.7599e+00 - val_loss: 1.4156
Epoch 532/1000
12000000/12000000 - 34s - loss: -3.7604e+00 - val_loss: 1.1792
Epoch 533/1000
12000000/12000000 - 34s - loss: -3.7608e+00 - val_loss: 1.4744
Epoch 534/1000
12000000/12000000 - 35s - loss: -3.7611e+00 - val_loss: 1.3592
Epoch 535/1000
12000000/12000000 - 34s - loss: -3.7612e+00 - val_loss: 1.3412
Epoch 536/1000
12000000/12000000 - 38s - loss: -3.7621e+00 - val_loss: 1.3353
Epoch 537/1000
12000000/12000000 - 38s - loss: -3.7621e+00 - val_loss: 1.3627
Epoch 538/1000
12000000/12000000 - 35s - loss: -3.7625e+00 - val_loss: 1.4974
Epoch 539/1000
12000000/12000000 - 37s - loss: -3.7631e+00 - val_loss: 1.2421
Epoch 540/1000
12000000/12000000 - 38s - loss: -3.7631e+00 - val_loss: 1.3850
Epoch 541/1000
12000000/12000000 - 31s - loss: -3.7639e+00 - val_loss: 1.3277
Epoch 542/1000
12000000/12000000 - 31s - loss: -3.7640e+00 - val_loss: 1.4522
Epoch 543/1000
12000000/12000000 - 32s - loss: -3.7646e+00 - val_loss: 1.3249
Epoch 544/1000
12000000/12000000 - 31s - loss: -3.7647e+00 - val_loss: 1.4157
Epoch 545/1000
12000000/12000000 - 32s - loss: -3.7651e+00 - val_loss: 1.3595
Epoch 546/1000
12000000/12000000 - 31s - loss: -3.7652e+00 - val_loss: 1.4289
Epoch 547/1000
12000000/12000000 - 32s - loss: -3.7655e+00 - val_loss: 1.2957
Epoch 548/1000
12000000/12000000 - 31s - loss: -3.7663e+00 - val_loss: 1.3867
Epoch 549/1000
12000000/12000000 - 31s - loss: -3.7664e+00 - val_loss: 1.3960
Epoch 550/1000
12000000/12000000 - 35s - loss: -3.7672e+00 - val_loss: 1.2941
Epoch 551/1000
12000000/12000000 - 37s - loss: -3.7671e+00 - val_loss: 1.2868
Epoch 552/1000
12000000/12000000 - 38s - loss: -3.7675e+00 - val_loss: 1.3572
Epoch 553/1000
12000000/12000000 - 37s - loss: -3.7682e+00 - val_loss: 1.3851
Epoch 554/1000
12000000/12000000 - 35s - loss: -3.7683e+00 - val_loss: 1.4888
Epoch 555/1000
12000000/12000000 - 32s - loss: -3.7685e+00 - val_loss: 1.3188
Epoch 556/1000
12000000/12000000 - 37s - loss: -3.7689e+00 - val_loss: 1.4840
Epoch 557/1000
12000000/12000000 - 36s - loss: -3.7696e+00 - val_loss: 1.3828
Epoch 558/1000
12000000/12000000 - 38s - loss: -3.7699e+00 - val_loss: 1.3095
Epoch 559/1000
12000000/12000000 - 37s - loss: -3.7701e+00 - val_loss: 1.3489
Epoch 560/1000
12000000/12000000 - 35s - loss: -3.7705e+00 - val_loss: 1.3557
Epoch 561/1000
12000000/12000000 - 32s - loss: -3.7706e+00 - val_loss: 1.3436
Epoch 562/1000
12000000/12000000 - 39s - loss: -3.7709e+00 - val_loss: 1.3592
Epoch 563/1000
12000000/12000000 - 35s - loss: -3.7715e+00 - val_loss: 1.3888
Epoch 564/1000
12000000/12000000 - 39s - loss: -3.7717e+00 - val_loss: 1.3404
Epoch 565/1000
12000000/12000000 - 35s - loss: -3.7724e+00 - val_loss: 1.3177
Epoch 566/1000
12000000/12000000 - 32s - loss: -3.7723e+00 - val_loss: 1.4195
Epoch 567/1000
12000000/12000000 - 36s - loss: -3.7730e+00 - val_loss: 1.3376
Epoch 568/1000
12000000/12000000 - 32s - loss: -3.7734e+00 - val_loss: 1.4970
Epoch 569/1000
12000000/12000000 - 36s - loss: -3.7739e+00 - val_loss: 1.4150
Epoch 570/1000
12000000/12000000 - 37s - loss: -3.7741e+00 - val_loss: 1.2883
Epoch 571/1000
12000000/12000000 - 32s - loss: -3.7744e+00 - val_loss: 1.3022
Epoch 572/1000
12000000/12000000 - 35s - loss: -3.7748e+00 - val_loss: 1.4209
Epoch 573/1000
12000000/12000000 - 33s - loss: -3.7751e+00 - val_loss: 1.3848
Epoch 574/1000
12000000/12000000 - 36s - loss: -3.7754e+00 - val_loss: 1.3559
Epoch 575/1000
12000000/12000000 - 36s - loss: -3.7759e+00 - val_loss: 1.3627
Epoch 576/1000
12000000/12000000 - 38s - loss: -3.7762e+00 - val_loss: 1.3200
Epoch 577/1000
12000000/12000000 - 37s - loss: -3.7765e+00 - val_loss: 1.4292
Epoch 578/1000
12000000/12000000 - 34s - loss: -3.7766e+00 - val_loss: 1.4102
Epoch 579/1000
12000000/12000000 - 33s - loss: -3.7773e+00 - val_loss: 1.3712
Epoch 580/1000
12000000/12000000 - 32s - loss: -3.7775e+00 - val_loss: 1.3643
Epoch 581/1000
12000000/12000000 - 31s - loss: -3.7775e+00 - val_loss: 1.3484
Epoch 582/1000
12000000/12000000 - 32s - loss: -3.7779e+00 - val_loss: 1.3987
Epoch 583/1000
12000000/12000000 - 31s - loss: -3.7785e+00 - val_loss: 1.3603
Epoch 584/1000
12000000/12000000 - 29s - loss: -3.7783e+00 - val_loss: 1.4380
Epoch 585/1000
12000000/12000000 - 34s - loss: -3.7792e+00 - val_loss: 1.4165
Epoch 586/1000
12000000/12000000 - 30s - loss: -3.7796e+00 - val_loss: 1.4281
Epoch 587/1000
12000000/12000000 - 37s - loss: -3.7799e+00 - val_loss: 1.3247
Epoch 588/1000
12000000/12000000 - 35s - loss: -3.7802e+00 - val_loss: 1.4864
Epoch 589/1000
12000000/12000000 - 38s - loss: -3.7803e+00 - val_loss: 1.4989
Epoch 590/1000
12000000/12000000 - 30s - loss: -3.7806e+00 - val_loss: 1.3542
Epoch 591/1000
12000000/12000000 - 34s - loss: -3.7810e+00 - val_loss: 1.3722
Epoch 592/1000
12000000/12000000 - 33s - loss: -3.7816e+00 - val_loss: 1.3511
Epoch 593/1000
12000000/12000000 - 36s - loss: -3.7819e+00 - val_loss: 1.3872
Epoch 594/1000
12000000/12000000 - 33s - loss: -3.7822e+00 - val_loss: 1.4327
Epoch 595/1000
12000000/12000000 - 34s - loss: -3.7820e+00 - val_loss: 1.5014
Epoch 596/1000
12000000/12000000 - 34s - loss: -3.7829e+00 - val_loss: 1.4310
Epoch 597/1000
12000000/12000000 - 35s - loss: -3.7831e+00 - val_loss: 1.5216
Epoch 598/1000
12000000/12000000 - 38s - loss: -3.7831e+00 - val_loss: 1.4966
Epoch 599/1000
12000000/12000000 - 37s - loss: -3.7836e+00 - val_loss: 1.3529
Epoch 600/1000
12000000/12000000 - 35s - loss: -3.7842e+00 - val_loss: 1.3694
Epoch 601/1000
12000000/12000000 - 37s - loss: -3.7843e+00 - val_loss: 1.4031
Epoch 602/1000
12000000/12000000 - 34s - loss: -3.7842e+00 - val_loss: 1.4066
Epoch 603/1000
12000000/12000000 - 37s - loss: -3.7848e+00 - val_loss: 1.4053
Epoch 604/1000
12000000/12000000 - 37s - loss: -3.7855e+00 - val_loss: 1.4335
Epoch 605/1000
12000000/12000000 - 34s - loss: -3.7858e+00 - val_loss: 1.4943
Epoch 606/1000
12000000/12000000 - 39s - loss: -3.7856e+00 - val_loss: 1.3906
Epoch 607/1000
12000000/12000000 - 38s - loss: -3.7862e+00 - val_loss: 1.3560
Epoch 608/1000
12000000/12000000 - 32s - loss: -3.7870e+00 - val_loss: 1.4438
Epoch 609/1000
12000000/12000000 - 36s - loss: -3.7868e+00 - val_loss: 1.4800
Epoch 610/1000
12000000/12000000 - 36s - loss: -3.7876e+00 - val_loss: 1.4883
Epoch 611/1000
12000000/12000000 - 33s - loss: -3.7878e+00 - val_loss: 1.4168
Epoch 612/1000
12000000/12000000 - 35s - loss: -3.7882e+00 - val_loss: 1.3380
Epoch 613/1000
12000000/12000000 - 34s - loss: -3.7883e+00 - val_loss: 1.4809
Epoch 614/1000
12000000/12000000 - 36s - loss: -3.7886e+00 - val_loss: 1.4525
Epoch 615/1000
12000000/12000000 - 34s - loss: -3.7889e+00 - val_loss: 1.3554
Epoch 616/1000
12000000/12000000 - 37s - loss: -3.7893e+00 - val_loss: 1.4842
Epoch 617/1000
12000000/12000000 - 37s - loss: -3.7899e+00 - val_loss: 1.4401
Epoch 618/1000
12000000/12000000 - 37s - loss: -3.7901e+00 - val_loss: 1.3784
Epoch 619/1000
12000000/12000000 - 38s - loss: -3.7904e+00 - val_loss: 1.4286
Epoch 620/1000
12000000/12000000 - 36s - loss: -3.7905e+00 - val_loss: 1.4434
Epoch 621/1000
12000000/12000000 - 36s - loss: -3.7908e+00 - val_loss: 1.4145
Epoch 622/1000
12000000/12000000 - 34s - loss: -3.7915e+00 - val_loss: 1.4214
Epoch 623/1000
12000000/12000000 - 30s - loss: -3.7915e+00 - val_loss: 1.4332
Epoch 624/1000
12000000/12000000 - 36s - loss: -3.7918e+00 - val_loss: 1.4462
Epoch 625/1000
12000000/12000000 - 32s - loss: -3.7922e+00 - val_loss: 1.4774
Epoch 626/1000
12000000/12000000 - 37s - loss: -3.7927e+00 - val_loss: 1.4459
Epoch 627/1000
12000000/12000000 - 35s - loss: -3.7926e+00 - val_loss: 1.4709
Epoch 628/1000
12000000/12000000 - 33s - loss: -3.7931e+00 - val_loss: 1.4800
Epoch 629/1000
12000000/12000000 - 34s - loss: -3.7935e+00 - val_loss: 1.3415
Epoch 630/1000
12000000/12000000 - 31s - loss: -3.7939e+00 - val_loss: 1.3161
Epoch 631/1000
12000000/12000000 - 37s - loss: -3.7938e+00 - val_loss: 1.4317
Epoch 632/1000
12000000/12000000 - 33s - loss: -3.7942e+00 - val_loss: 1.4397
Epoch 633/1000
12000000/12000000 - 37s - loss: -3.7947e+00 - val_loss: 1.3720
Epoch 634/1000
12000000/12000000 - 36s - loss: -3.7952e+00 - val_loss: 1.5198
Epoch 635/1000
12000000/12000000 - 38s - loss: -3.7951e+00 - val_loss: 1.4627
Epoch 636/1000
12000000/12000000 - 37s - loss: -3.7954e+00 - val_loss: 1.4287
Epoch 637/1000
12000000/12000000 - 32s - loss: -3.7960e+00 - val_loss: 1.5365
Epoch 638/1000
12000000/12000000 - 34s - loss: -3.7963e+00 - val_loss: 1.4093
Epoch 639/1000
12000000/12000000 - 34s - loss: -3.7963e+00 - val_loss: 1.5023
Epoch 640/1000
12000000/12000000 - 31s - loss: -3.7967e+00 - val_loss: 1.3878
Epoch 641/1000
12000000/12000000 - 32s - loss: -3.7967e+00 - val_loss: 1.5665
Epoch 642/1000
12000000/12000000 - 34s - loss: -3.7977e+00 - val_loss: 1.5165
Epoch 643/1000
12000000/12000000 - 38s - loss: -3.7977e+00 - val_loss: 1.4323
Epoch 644/1000
12000000/12000000 - 37s - loss: -3.7983e+00 - val_loss: 1.4852
Epoch 645/1000
12000000/12000000 - 35s - loss: -3.7987e+00 - val_loss: 1.4798
Epoch 646/1000
12000000/12000000 - 31s - loss: -3.7990e+00 - val_loss: 1.5012
Epoch 647/1000
12000000/12000000 - 33s - loss: -3.7995e+00 - val_loss: 1.5472
Epoch 648/1000
12000000/12000000 - 34s - loss: -3.7995e+00 - val_loss: 1.4347
Epoch 649/1000
12000000/12000000 - 36s - loss: -3.7998e+00 - val_loss: 1.4748
Epoch 650/1000
12000000/12000000 - 33s - loss: -3.7998e+00 - val_loss: 1.4989
Epoch 651/1000
12000000/12000000 - 30s - loss: -3.8007e+00 - val_loss: 1.4733
Epoch 652/1000
12000000/12000000 - 34s - loss: -3.8006e+00 - val_loss: 1.5553
Epoch 653/1000
12000000/12000000 - 38s - loss: -3.8010e+00 - val_loss: 1.5119
Epoch 654/1000
12000000/12000000 - 36s - loss: -3.8009e+00 - val_loss: 1.5046
Epoch 655/1000
12000000/12000000 - 37s - loss: -3.8017e+00 - val_loss: 1.4954
Epoch 656/1000
12000000/12000000 - 37s - loss: -3.8021e+00 - val_loss: 1.5187
Epoch 657/1000
12000000/12000000 - 38s - loss: -3.8020e+00 - val_loss: 1.4413
Epoch 658/1000
12000000/12000000 - 38s - loss: -3.8029e+00 - val_loss: 1.4712
Epoch 659/1000
12000000/12000000 - 32s - loss: -3.8028e+00 - val_loss: 1.4481
Epoch 660/1000
12000000/12000000 - 38s - loss: -3.8031e+00 - val_loss: 1.5262
Epoch 661/1000
12000000/12000000 - 35s - loss: -3.8032e+00 - val_loss: 1.4404
Epoch 662/1000
12000000/12000000 - 36s - loss: -3.8038e+00 - val_loss: 1.4172
Epoch 663/1000
12000000/12000000 - 33s - loss: -3.8042e+00 - val_loss: 1.4677
Epoch 664/1000
12000000/12000000 - 30s - loss: -3.8043e+00 - val_loss: 1.5130
Epoch 665/1000
12000000/12000000 - 36s - loss: -3.8044e+00 - val_loss: 1.5466
Epoch 666/1000
12000000/12000000 - 36s - loss: -3.8046e+00 - val_loss: 1.6050
Epoch 667/1000
12000000/12000000 - 38s - loss: -3.8054e+00 - val_loss: 1.5505
Epoch 668/1000
12000000/12000000 - 38s - loss: -3.8054e+00 - val_loss: 1.4419
Epoch 669/1000
12000000/12000000 - 38s - loss: -3.8060e+00 - val_loss: 1.4787
Epoch 670/1000
12000000/12000000 - 37s - loss: -3.8062e+00 - val_loss: 1.4240
Epoch 671/1000
12000000/12000000 - 36s - loss: -3.8066e+00 - val_loss: 1.5931
Epoch 672/1000
12000000/12000000 - 35s - loss: -3.8068e+00 - val_loss: 1.5409
Epoch 673/1000
12000000/12000000 - 36s - loss: -3.8071e+00 - val_loss: 1.5012
Epoch 674/1000
12000000/12000000 - 38s - loss: -3.8075e+00 - val_loss: 1.4631
Epoch 675/1000
12000000/12000000 - 37s - loss: -3.8077e+00 - val_loss: 1.5754
Epoch 676/1000
12000000/12000000 - 36s - loss: -3.8080e+00 - val_loss: 1.5187
Epoch 677/1000
12000000/12000000 - 38s - loss: -3.8083e+00 - val_loss: 1.5131
Epoch 678/1000
12000000/12000000 - 35s - loss: -3.8085e+00 - val_loss: 1.5648
Epoch 679/1000
12000000/12000000 - 33s - loss: -3.8087e+00 - val_loss: 1.5052
Epoch 680/1000
12000000/12000000 - 34s - loss: -3.8089e+00 - val_loss: 1.4160
Epoch 681/1000
12000000/12000000 - 35s - loss: -3.8098e+00 - val_loss: 1.5034
Epoch 682/1000
12000000/12000000 - 35s - loss: -3.8100e+00 - val_loss: 1.5699
Epoch 683/1000
12000000/12000000 - 35s - loss: -3.8103e+00 - val_loss: 1.5431
Epoch 684/1000
12000000/12000000 - 33s - loss: -3.8104e+00 - val_loss: 1.6353
Epoch 685/1000
12000000/12000000 - 30s - loss: -3.8107e+00 - val_loss: 1.5117
Epoch 686/1000
12000000/12000000 - 30s - loss: -3.8112e+00 - val_loss: 1.4764
Epoch 687/1000
12000000/12000000 - 36s - loss: -3.8113e+00 - val_loss: 1.6339
Epoch 688/1000
12000000/12000000 - 35s - loss: -3.8115e+00 - val_loss: 1.5728
Epoch 689/1000
12000000/12000000 - 38s - loss: -3.8118e+00 - val_loss: 1.5409
Epoch 690/1000
12000000/12000000 - 37s - loss: -3.8125e+00 - val_loss: 1.4942
Epoch 691/1000
12000000/12000000 - 34s - loss: -3.8126e+00 - val_loss: 1.5257
Epoch 692/1000
12000000/12000000 - 37s - loss: -3.8129e+00 - val_loss: 1.5940
Epoch 693/1000
12000000/12000000 - 35s - loss: -3.8134e+00 - val_loss: 1.5179
Epoch 694/1000
12000000/12000000 - 33s - loss: -3.8137e+00 - val_loss: 1.5372
Epoch 695/1000
12000000/12000000 - 34s - loss: -3.8139e+00 - val_loss: 1.6477
Epoch 696/1000
12000000/12000000 - 35s - loss: -3.8140e+00 - val_loss: 1.5354
Epoch 697/1000
12000000/12000000 - 34s - loss: -3.8143e+00 - val_loss: 1.4952
Epoch 698/1000
12000000/12000000 - 34s - loss: -3.8146e+00 - val_loss: 1.5508
Epoch 699/1000
12000000/12000000 - 33s - loss: -3.8148e+00 - val_loss: 1.5567
Epoch 700/1000
12000000/12000000 - 32s - loss: -3.8150e+00 - val_loss: 1.6986
Epoch 701/1000
12000000/12000000 - 33s - loss: -3.8154e+00 - val_loss: 1.5433
Epoch 702/1000
12000000/12000000 - 32s - loss: -3.8159e+00 - val_loss: 1.5398
Epoch 703/1000
12000000/12000000 - 33s - loss: -3.8157e+00 - val_loss: 1.6205
Epoch 704/1000
12000000/12000000 - 30s - loss: -3.8162e+00 - val_loss: 1.4529
Epoch 705/1000
12000000/12000000 - 34s - loss: -3.8165e+00 - val_loss: 1.5865
Epoch 706/1000
12000000/12000000 - 36s - loss: -3.8166e+00 - val_loss: 1.5345
Epoch 707/1000
12000000/12000000 - 33s - loss: -3.8170e+00 - val_loss: 1.5238
Epoch 708/1000
12000000/12000000 - 34s - loss: -3.8170e+00 - val_loss: 1.5735
Epoch 709/1000
12000000/12000000 - 34s - loss: -3.8176e+00 - val_loss: 1.6102
Epoch 710/1000
12000000/12000000 - 31s - loss: -3.8178e+00 - val_loss: 1.5682
Epoch 711/1000
12000000/12000000 - 32s - loss: -3.8183e+00 - val_loss: 1.5742
Epoch 712/1000
12000000/12000000 - 35s - loss: -3.8182e+00 - val_loss: 1.6232
Epoch 713/1000
12000000/12000000 - 34s - loss: -3.8187e+00 - val_loss: 1.5105
Epoch 714/1000
12000000/12000000 - 35s - loss: -3.8189e+00 - val_loss: 1.6152
Epoch 715/1000
12000000/12000000 - 31s - loss: -3.8193e+00 - val_loss: 1.6288
Epoch 716/1000
12000000/12000000 - 35s - loss: -3.8196e+00 - val_loss: 1.6371
Epoch 717/1000
12000000/12000000 - 38s - loss: -3.8196e+00 - val_loss: 1.5958
Epoch 718/1000
12000000/12000000 - 34s - loss: -3.8201e+00 - val_loss: 1.5496
Epoch 719/1000
12000000/12000000 - 33s - loss: -3.8203e+00 - val_loss: 1.6444
Epoch 720/1000
12000000/12000000 - 34s - loss: -3.8207e+00 - val_loss: 1.6154
Epoch 721/1000
12000000/12000000 - 37s - loss: -3.8207e+00 - val_loss: 1.5509
Epoch 722/1000
12000000/12000000 - 34s - loss: -3.8216e+00 - val_loss: 1.6467
Epoch 723/1000
12000000/12000000 - 34s - loss: -3.8213e+00 - val_loss: 1.5964
Epoch 724/1000
12000000/12000000 - 33s - loss: -3.8219e+00 - val_loss: 1.5618
Epoch 725/1000
12000000/12000000 - 32s - loss: -3.8218e+00 - val_loss: 1.5394
Epoch 726/1000
12000000/12000000 - 32s - loss: -3.8224e+00 - val_loss: 1.6353
Epoch 727/1000
12000000/12000000 - 33s - loss: -3.8231e+00 - val_loss: 1.6452
Epoch 728/1000
12000000/12000000 - 34s - loss: -3.8228e+00 - val_loss: 1.5896
Epoch 729/1000
12000000/12000000 - 36s - loss: -3.8232e+00 - val_loss: 1.6063
Epoch 730/1000
12000000/12000000 - 34s - loss: -3.8235e+00 - val_loss: 1.6270
Epoch 731/1000
12000000/12000000 - 37s - loss: -3.8240e+00 - val_loss: 1.5535
Epoch 732/1000
12000000/12000000 - 38s - loss: -3.8241e+00 - val_loss: 1.6112
Epoch 733/1000
12000000/12000000 - 33s - loss: -3.8244e+00 - val_loss: 1.5645
Epoch 734/1000
12000000/12000000 - 35s - loss: -3.8248e+00 - val_loss: 1.7041
Epoch 735/1000
12000000/12000000 - 37s - loss: -3.8251e+00 - val_loss: 1.6614
Epoch 736/1000
12000000/12000000 - 35s - loss: -3.8251e+00 - val_loss: 1.6640
Epoch 737/1000
12000000/12000000 - 34s - loss: -3.8249e+00 - val_loss: 1.5481
Epoch 738/1000
12000000/12000000 - 36s - loss: -3.8259e+00 - val_loss: 1.5352
Epoch 739/1000
12000000/12000000 - 36s - loss: -3.8261e+00 - val_loss: 1.6207
Epoch 740/1000
12000000/12000000 - 37s - loss: -3.8266e+00 - val_loss: 1.6926
Epoch 741/1000
12000000/12000000 - 38s - loss: -3.8267e+00 - val_loss: 1.6358
Epoch 742/1000
12000000/12000000 - 37s - loss: -3.8271e+00 - val_loss: 1.6440
Epoch 743/1000
12000000/12000000 - 37s - loss: -3.8271e+00 - val_loss: 1.5700
Epoch 744/1000
12000000/12000000 - 36s - loss: -3.8276e+00 - val_loss: 1.5876
Epoch 745/1000
12000000/12000000 - 32s - loss: -3.8278e+00 - val_loss: 1.6817
Epoch 746/1000
12000000/12000000 - 34s - loss: -3.8279e+00 - val_loss: 1.6482
Epoch 747/1000
12000000/12000000 - 32s - loss: -3.8285e+00 - val_loss: 1.6966
Epoch 748/1000
12000000/12000000 - 37s - loss: -3.8285e+00 - val_loss: 1.5908
Epoch 749/1000
12000000/12000000 - 32s - loss: -3.8285e+00 - val_loss: 1.5470
Epoch 750/1000
12000000/12000000 - 35s - loss: -3.8288e+00 - val_loss: 1.5673
Epoch 751/1000
12000000/12000000 - 33s - loss: -3.8290e+00 - val_loss: 1.6908
Epoch 752/1000
12000000/12000000 - 34s - loss: -3.8297e+00 - val_loss: 1.6372
Epoch 753/1000
12000000/12000000 - 35s - loss: -3.8298e+00 - val_loss: 1.6580
Epoch 754/1000
12000000/12000000 - 35s - loss: -3.8302e+00 - val_loss: 1.6247
Epoch 755/1000
12000000/12000000 - 34s - loss: -3.8304e+00 - val_loss: 1.6871
Epoch 756/1000
12000000/12000000 - 33s - loss: -3.8309e+00 - val_loss: 1.7238
Epoch 757/1000
12000000/12000000 - 34s - loss: -3.8309e+00 - val_loss: 1.6316
Epoch 758/1000
12000000/12000000 - 35s - loss: -3.8315e+00 - val_loss: 1.5990
Epoch 759/1000
12000000/12000000 - 36s - loss: -3.8310e+00 - val_loss: 1.7991
Epoch 760/1000
12000000/12000000 - 35s - loss: -3.8317e+00 - val_loss: 1.7033
Epoch 761/1000
12000000/12000000 - 35s - loss: -3.8319e+00 - val_loss: 1.6003
Epoch 762/1000
12000000/12000000 - 37s - loss: -3.8324e+00 - val_loss: 1.7592
Epoch 763/1000
12000000/12000000 - 36s - loss: -3.8327e+00 - val_loss: 1.6514
Epoch 764/1000
12000000/12000000 - 33s - loss: -3.8328e+00 - val_loss: 1.6834
Epoch 765/1000
12000000/12000000 - 33s - loss: -3.8329e+00 - val_loss: 1.7316
Epoch 766/1000
12000000/12000000 - 35s - loss: -3.8335e+00 - val_loss: 1.6530
Epoch 767/1000
12000000/12000000 - 37s - loss: -3.8336e+00 - val_loss: 1.6189
Epoch 768/1000
12000000/12000000 - 32s - loss: -3.8336e+00 - val_loss: 1.6926
Epoch 769/1000
12000000/12000000 - 33s - loss: -3.8338e+00 - val_loss: 1.6134
Epoch 770/1000
12000000/12000000 - 34s - loss: -3.8345e+00 - val_loss: 1.6766
Epoch 771/1000
12000000/12000000 - 36s - loss: -3.8349e+00 - val_loss: 1.6075
Epoch 772/1000
12000000/12000000 - 35s - loss: -3.8348e+00 - val_loss: 1.6965
Epoch 773/1000
12000000/12000000 - 34s - loss: -3.8353e+00 - val_loss: 1.7165
Epoch 774/1000
12000000/12000000 - 33s - loss: -3.8356e+00 - val_loss: 1.7122
Epoch 775/1000
12000000/12000000 - 38s - loss: -3.8361e+00 - val_loss: 1.7402
Epoch 776/1000
12000000/12000000 - 36s - loss: -3.8362e+00 - val_loss: 1.6923
Epoch 777/1000
12000000/12000000 - 32s - loss: -3.8364e+00 - val_loss: 1.6955
Epoch 778/1000
12000000/12000000 - 31s - loss: -3.8366e+00 - val_loss: 1.7685
Epoch 779/1000
12000000/12000000 - 37s - loss: -3.8368e+00 - val_loss: 1.5984
Epoch 780/1000
12000000/12000000 - 34s - loss: -3.8372e+00 - val_loss: 1.7850
Epoch 781/1000
12000000/12000000 - 37s - loss: -3.8375e+00 - val_loss: 1.6422
Epoch 782/1000
12000000/12000000 - 31s - loss: -3.8377e+00 - val_loss: 1.6665
Epoch 783/1000
12000000/12000000 - 35s - loss: -3.8377e+00 - val_loss: 1.6963
Epoch 784/1000
12000000/12000000 - 36s - loss: -3.8382e+00 - val_loss: 1.6973
Epoch 785/1000
12000000/12000000 - 32s - loss: -3.8385e+00 - val_loss: 1.7648
Epoch 786/1000
12000000/12000000 - 35s - loss: -3.8387e+00 - val_loss: 1.7943
Epoch 787/1000
12000000/12000000 - 32s - loss: -3.8388e+00 - val_loss: 1.7722
Epoch 788/1000
12000000/12000000 - 37s - loss: -3.8392e+00 - val_loss: 1.7160
Epoch 789/1000
12000000/12000000 - 33s - loss: -3.8394e+00 - val_loss: 1.6378
Epoch 790/1000
12000000/12000000 - 32s - loss: -3.8398e+00 - val_loss: 1.7270
Epoch 791/1000
12000000/12000000 - 36s - loss: -3.8396e+00 - val_loss: 1.7528
Epoch 792/1000
12000000/12000000 - 38s - loss: -3.8401e+00 - val_loss: 1.6606
Epoch 793/1000
12000000/12000000 - 36s - loss: -3.8407e+00 - val_loss: 1.6848
Epoch 794/1000
12000000/12000000 - 38s - loss: -3.8409e+00 - val_loss: 1.8016
Epoch 795/1000
12000000/12000000 - 38s - loss: -3.8412e+00 - val_loss: 1.6965
Epoch 796/1000
12000000/12000000 - 36s - loss: -3.8415e+00 - val_loss: 1.7833
Epoch 797/1000
12000000/12000000 - 37s - loss: -3.8418e+00 - val_loss: 1.7466
Epoch 798/1000
12000000/12000000 - 36s - loss: -3.8417e+00 - val_loss: 1.8055
Epoch 799/1000
12000000/12000000 - 37s - loss: -3.8422e+00 - val_loss: 1.6796
Epoch 800/1000
12000000/12000000 - 38s - loss: -3.8425e+00 - val_loss: 1.7673
Epoch 801/1000
12000000/12000000 - 33s - loss: -3.8427e+00 - val_loss: 1.6221
Epoch 802/1000
12000000/12000000 - 32s - loss: -3.8427e+00 - val_loss: 1.6449
Epoch 803/1000
12000000/12000000 - 36s - loss: -3.8433e+00 - val_loss: 1.5916
Epoch 804/1000
12000000/12000000 - 34s - loss: -3.8436e+00 - val_loss: 1.6534
Epoch 805/1000
12000000/12000000 - 33s - loss: -3.8439e+00 - val_loss: 1.7289
Epoch 806/1000
12000000/12000000 - 36s - loss: -3.8442e+00 - val_loss: 1.7697
Epoch 807/1000
12000000/12000000 - 36s - loss: -3.8442e+00 - val_loss: 1.7883
Epoch 808/1000
12000000/12000000 - 32s - loss: -3.8446e+00 - val_loss: 1.7576
Epoch 809/1000
12000000/12000000 - 37s - loss: -3.8448e+00 - val_loss: 1.7399
Epoch 810/1000
12000000/12000000 - 35s - loss: -3.8453e+00 - val_loss: 1.7351
Epoch 811/1000
12000000/12000000 - 36s - loss: -3.8454e+00 - val_loss: 1.7880
Epoch 812/1000
12000000/12000000 - 34s - loss: -3.8454e+00 - val_loss: 1.7182
Epoch 813/1000
12000000/12000000 - 35s - loss: -3.8458e+00 - val_loss: 1.6962
Epoch 814/1000
12000000/12000000 - 35s - loss: -3.8459e+00 - val_loss: 1.8425
Epoch 815/1000
12000000/12000000 - 34s - loss: -3.8462e+00 - val_loss: 1.8177
Epoch 816/1000
12000000/12000000 - 37s - loss: -3.8466e+00 - val_loss: 1.8014
Epoch 817/1000
12000000/12000000 - 35s - loss: -3.8470e+00 - val_loss: 1.7612
Epoch 818/1000
12000000/12000000 - 38s - loss: -3.8472e+00 - val_loss: 1.7638
Epoch 819/1000
12000000/12000000 - 37s - loss: -3.8474e+00 - val_loss: 1.7135
Epoch 820/1000
12000000/12000000 - 36s - loss: -3.8473e+00 - val_loss: 1.7306
Epoch 821/1000
12000000/12000000 - 36s - loss: -3.8477e+00 - val_loss: 1.6764
Epoch 822/1000
12000000/12000000 - 35s - loss: -3.8480e+00 - val_loss: 1.8501
Epoch 823/1000
12000000/12000000 - 34s - loss: -3.8482e+00 - val_loss: 1.7787
Epoch 824/1000
12000000/12000000 - 31s - loss: -3.8484e+00 - val_loss: 1.7386
Epoch 825/1000
12000000/12000000 - 34s - loss: -3.8488e+00 - val_loss: 1.7623
Epoch 826/1000
12000000/12000000 - 39s - loss: -3.8490e+00 - val_loss: 1.6784
Epoch 827/1000
12000000/12000000 - 34s - loss: -3.8494e+00 - val_loss: 1.6417
Epoch 828/1000
12000000/12000000 - 32s - loss: -3.8493e+00 - val_loss: 1.7912
Epoch 829/1000
12000000/12000000 - 31s - loss: -3.8499e+00 - val_loss: 1.8186
Epoch 830/1000
12000000/12000000 - 37s - loss: -3.8500e+00 - val_loss: 1.7960
Epoch 831/1000
12000000/12000000 - 37s - loss: -3.8506e+00 - val_loss: 1.7928
Epoch 832/1000
12000000/12000000 - 31s - loss: -3.8508e+00 - val_loss: 1.7345
Epoch 833/1000
12000000/12000000 - 31s - loss: -3.8510e+00 - val_loss: 1.7242
Epoch 834/1000
12000000/12000000 - 34s - loss: -3.8513e+00 - val_loss: 1.7406
Epoch 835/1000
12000000/12000000 - 34s - loss: -3.8516e+00 - val_loss: 1.7615
Epoch 836/1000
12000000/12000000 - 33s - loss: -3.8518e+00 - val_loss: 1.7050
Epoch 837/1000
12000000/12000000 - 36s - loss: -3.8518e+00 - val_loss: 1.7799
Epoch 838/1000
12000000/12000000 - 36s - loss: -3.8521e+00 - val_loss: 1.7529
Epoch 839/1000
12000000/12000000 - 36s - loss: -3.8523e+00 - val_loss: 1.8269
Epoch 840/1000
12000000/12000000 - 36s - loss: -3.8529e+00 - val_loss: 1.7434
Epoch 841/1000
12000000/12000000 - 35s - loss: -3.8532e+00 - val_loss: 1.7110
Epoch 842/1000
12000000/12000000 - 33s - loss: -3.8528e+00 - val_loss: 1.6301
Epoch 843/1000
12000000/12000000 - 37s - loss: -3.8529e+00 - val_loss: 1.7572
Epoch 844/1000
12000000/12000000 - 37s - loss: -3.8535e+00 - val_loss: 1.7115
Epoch 845/1000
12000000/12000000 - 35s - loss: -3.8538e+00 - val_loss: 1.7071
Epoch 846/1000
12000000/12000000 - 35s - loss: -3.8542e+00 - val_loss: 1.6491
Epoch 847/1000
12000000/12000000 - 34s - loss: -3.8545e+00 - val_loss: 1.8736
Epoch 848/1000
12000000/12000000 - 38s - loss: -3.8542e+00 - val_loss: 1.7859
Epoch 849/1000
12000000/12000000 - 36s - loss: -3.8548e+00 - val_loss: 1.8632
Epoch 850/1000
12000000/12000000 - 37s - loss: -3.8551e+00 - val_loss: 1.8570
Epoch 851/1000
12000000/12000000 - 38s - loss: -3.8549e+00 - val_loss: 1.8425
Epoch 852/1000
12000000/12000000 - 36s - loss: -3.8556e+00 - val_loss: 1.8096
Epoch 853/1000
12000000/12000000 - 37s - loss: -3.8557e+00 - val_loss: 1.8158
Epoch 854/1000
12000000/12000000 - 38s - loss: -3.8558e+00 - val_loss: 1.7575
Epoch 855/1000
12000000/12000000 - 35s - loss: -3.8567e+00 - val_loss: 1.6986
Epoch 856/1000
12000000/12000000 - 34s - loss: -3.8564e+00 - val_loss: 1.8299
Epoch 857/1000
12000000/12000000 - 38s - loss: -3.8566e+00 - val_loss: 1.7622
Epoch 858/1000
12000000/12000000 - 37s - loss: -3.8569e+00 - val_loss: 1.8126
Epoch 859/1000
12000000/12000000 - 35s - loss: -3.8572e+00 - val_loss: 1.7365
Epoch 860/1000
12000000/12000000 - 36s - loss: -3.8580e+00 - val_loss: 1.8228
Epoch 861/1000
12000000/12000000 - 39s - loss: -3.8576e+00 - val_loss: 1.7849
Epoch 862/1000
12000000/12000000 - 35s - loss: -3.8581e+00 - val_loss: 1.7769
Epoch 863/1000
12000000/12000000 - 32s - loss: -3.8581e+00 - val_loss: 1.7792
Epoch 864/1000
12000000/12000000 - 34s - loss: -3.8583e+00 - val_loss: 1.7273
Epoch 865/1000
12000000/12000000 - 35s - loss: -3.8586e+00 - val_loss: 1.7840
Epoch 866/1000
12000000/12000000 - 36s - loss: -3.8591e+00 - val_loss: 1.8775
Epoch 867/1000
12000000/12000000 - 38s - loss: -3.8593e+00 - val_loss: 1.7191
Epoch 868/1000
12000000/12000000 - 37s - loss: -3.8598e+00 - val_loss: 1.8054
Epoch 869/1000
12000000/12000000 - 30s - loss: -3.8599e+00 - val_loss: 1.7851
Epoch 870/1000
12000000/12000000 - 35s - loss: -3.8597e+00 - val_loss: 1.8156
Epoch 871/1000
12000000/12000000 - 35s - loss: -3.8603e+00 - val_loss: 1.8454
Epoch 872/1000
12000000/12000000 - 34s - loss: -3.8605e+00 - val_loss: 1.8992
Epoch 873/1000
12000000/12000000 - 37s - loss: -3.8607e+00 - val_loss: 1.7911
Epoch 874/1000
12000000/12000000 - 36s - loss: -3.8608e+00 - val_loss: 1.7552
Epoch 875/1000
12000000/12000000 - 34s - loss: -3.8612e+00 - val_loss: 1.7834
Epoch 876/1000
12000000/12000000 - 34s - loss: -3.8611e+00 - val_loss: 1.8377
Epoch 877/1000
12000000/12000000 - 38s - loss: -3.8616e+00 - val_loss: 1.7582
Epoch 878/1000
12000000/12000000 - 37s - loss: -3.8619e+00 - val_loss: 1.8643
Epoch 879/1000
12000000/12000000 - 33s - loss: -3.8622e+00 - val_loss: 1.7859
Epoch 880/1000
12000000/12000000 - 38s - loss: -3.8623e+00 - val_loss: 1.7121
Epoch 881/1000
12000000/12000000 - 34s - loss: -3.8624e+00 - val_loss: 1.7784
Epoch 882/1000
12000000/12000000 - 33s - loss: -3.8631e+00 - val_loss: 1.8754
Epoch 883/1000
12000000/12000000 - 34s - loss: -3.8633e+00 - val_loss: 1.8834
Epoch 884/1000
12000000/12000000 - 36s - loss: -3.8634e+00 - val_loss: 1.8463
Epoch 885/1000
12000000/12000000 - 35s - loss: -3.8633e+00 - val_loss: 1.8067
Epoch 886/1000
12000000/12000000 - 33s - loss: -3.8637e+00 - val_loss: 1.7977
Epoch 887/1000
12000000/12000000 - 35s - loss: -3.8641e+00 - val_loss: 1.8721
Epoch 888/1000
12000000/12000000 - 33s - loss: -3.8641e+00 - val_loss: 1.8226
Epoch 889/1000
12000000/12000000 - 33s - loss: -3.8646e+00 - val_loss: 1.9618
Epoch 890/1000
12000000/12000000 - 33s - loss: -3.8645e+00 - val_loss: 1.8327
Epoch 891/1000
12000000/12000000 - 32s - loss: -3.8646e+00 - val_loss: 1.7739
Epoch 892/1000
12000000/12000000 - 32s - loss: -3.8650e+00 - val_loss: 1.8893
Epoch 893/1000
12000000/12000000 - 32s - loss: -3.8653e+00 - val_loss: 1.7625
Epoch 894/1000
12000000/12000000 - 34s - loss: -3.8656e+00 - val_loss: 1.8101
Epoch 895/1000
12000000/12000000 - 36s - loss: -3.8658e+00 - val_loss: 1.8564
Epoch 896/1000
12000000/12000000 - 39s - loss: -3.8662e+00 - val_loss: 1.8670
Epoch 897/1000
12000000/12000000 - 36s - loss: -3.8663e+00 - val_loss: 1.8667
Epoch 898/1000
12000000/12000000 - 37s - loss: -3.8665e+00 - val_loss: 1.9117
Epoch 899/1000
12000000/12000000 - 38s - loss: -3.8664e+00 - val_loss: 1.6974
Epoch 900/1000
12000000/12000000 - 37s - loss: -3.8674e+00 - val_loss: 1.8759
Epoch 901/1000
12000000/12000000 - 36s - loss: -3.8672e+00 - val_loss: 1.9200
Epoch 902/1000
12000000/12000000 - 38s - loss: -3.8676e+00 - val_loss: 1.9333
Epoch 903/1000
12000000/12000000 - 36s - loss: -3.8680e+00 - val_loss: 1.7866
Epoch 904/1000
12000000/12000000 - 30s - loss: -3.8681e+00 - val_loss: 1.7875
Epoch 905/1000
12000000/12000000 - 35s - loss: -3.8684e+00 - val_loss: 1.8498
Epoch 906/1000
12000000/12000000 - 31s - loss: -3.8684e+00 - val_loss: 1.7921
Epoch 907/1000
12000000/12000000 - 32s - loss: -3.8689e+00 - val_loss: 1.8176
Epoch 908/1000
12000000/12000000 - 33s - loss: -3.8690e+00 - val_loss: 1.7738
Epoch 909/1000
12000000/12000000 - 36s - loss: -3.8693e+00 - val_loss: 1.8818
Epoch 910/1000
12000000/12000000 - 34s - loss: -3.8695e+00 - val_loss: 1.8455
Epoch 911/1000
12000000/12000000 - 36s - loss: -3.8699e+00 - val_loss: 1.8343
Epoch 912/1000
12000000/12000000 - 40s - loss: -3.8700e+00 - val_loss: 1.8406
Epoch 913/1000
12000000/12000000 - 38s - loss: -3.8706e+00 - val_loss: 1.8794
Epoch 914/1000
12000000/12000000 - 35s - loss: -3.8704e+00 - val_loss: 1.9200
Epoch 915/1000
12000000/12000000 - 35s - loss: -3.8705e+00 - val_loss: 1.9115
Epoch 916/1000
12000000/12000000 - 36s - loss: -3.8707e+00 - val_loss: 1.8437
Epoch 917/1000
12000000/12000000 - 34s - loss: -3.8712e+00 - val_loss: 1.8669
Epoch 918/1000
12000000/12000000 - 35s - loss: -3.8712e+00 - val_loss: 1.8376
Epoch 919/1000
12000000/12000000 - 35s - loss: -3.8711e+00 - val_loss: 1.9228
Epoch 920/1000
12000000/12000000 - 35s - loss: -3.8718e+00 - val_loss: 1.8974
Epoch 921/1000
12000000/12000000 - 32s - loss: -3.8721e+00 - val_loss: 1.8124
Epoch 922/1000
12000000/12000000 - 34s - loss: -3.8722e+00 - val_loss: 1.7347
Epoch 923/1000
12000000/12000000 - 35s - loss: -3.8728e+00 - val_loss: 1.8498
Epoch 924/1000
12000000/12000000 - 34s - loss: -3.8726e+00 - val_loss: 1.8491
Epoch 925/1000
12000000/12000000 - 32s - loss: -3.8732e+00 - val_loss: 1.8746
Epoch 926/1000
12000000/12000000 - 34s - loss: -3.8730e+00 - val_loss: 1.8543
Epoch 927/1000
12000000/12000000 - 36s - loss: -3.8735e+00 - val_loss: 1.8852
Epoch 928/1000
12000000/12000000 - 38s - loss: -3.8735e+00 - val_loss: 1.8424
Epoch 929/1000
12000000/12000000 - 33s - loss: -3.8738e+00 - val_loss: 1.8739
Epoch 930/1000
12000000/12000000 - 31s - loss: -3.8741e+00 - val_loss: 1.8131
Epoch 931/1000
12000000/12000000 - 37s - loss: -3.8748e+00 - val_loss: 1.8464
Epoch 932/1000
12000000/12000000 - 33s - loss: -3.8746e+00 - val_loss: 1.9791
Epoch 933/1000
12000000/12000000 - 36s - loss: -3.8751e+00 - val_loss: 1.9416
Epoch 934/1000
12000000/12000000 - 38s - loss: -3.8750e+00 - val_loss: 1.8706
Epoch 935/1000
12000000/12000000 - 38s - loss: -3.8752e+00 - val_loss: 1.8700
Epoch 936/1000
12000000/12000000 - 37s - loss: -3.8752e+00 - val_loss: 1.8705
Epoch 937/1000
12000000/12000000 - 37s - loss: -3.8758e+00 - val_loss: 1.8263
Epoch 938/1000
12000000/12000000 - 34s - loss: -3.8759e+00 - val_loss: 1.8628
Epoch 939/1000
12000000/12000000 - 34s - loss: -3.8763e+00 - val_loss: 1.8840
Epoch 940/1000
12000000/12000000 - 36s - loss: -3.8767e+00 - val_loss: 1.8247
Epoch 941/1000
12000000/12000000 - 36s - loss: -3.8766e+00 - val_loss: 1.8162
Epoch 942/1000
12000000/12000000 - 38s - loss: -3.8772e+00 - val_loss: 1.7965
Epoch 943/1000
12000000/12000000 - 38s - loss: -3.8770e+00 - val_loss: 1.8531
Epoch 944/1000
12000000/12000000 - 34s - loss: -3.8777e+00 - val_loss: 1.8734
Epoch 945/1000
12000000/12000000 - 35s - loss: -3.8774e+00 - val_loss: 1.8346
Epoch 946/1000
12000000/12000000 - 38s - loss: -3.8779e+00 - val_loss: 1.8218
Epoch 947/1000
12000000/12000000 - 37s - loss: -3.8780e+00 - val_loss: 1.8664
Epoch 948/1000
12000000/12000000 - 35s - loss: -3.8784e+00 - val_loss: 1.8896
Epoch 949/1000
12000000/12000000 - 33s - loss: -3.8784e+00 - val_loss: 1.8860
Epoch 950/1000
12000000/12000000 - 31s - loss: -3.8788e+00 - val_loss: 1.8853
Epoch 951/1000
12000000/12000000 - 31s - loss: -3.8789e+00 - val_loss: 1.8643
Epoch 952/1000
12000000/12000000 - 33s - loss: -3.8791e+00 - val_loss: 1.7943
Epoch 953/1000
12000000/12000000 - 34s - loss: -3.8792e+00 - val_loss: 1.8770
Epoch 954/1000
12000000/12000000 - 37s - loss: -3.8799e+00 - val_loss: 1.9172
Epoch 955/1000
12000000/12000000 - 35s - loss: -3.8797e+00 - val_loss: 1.9175
Epoch 956/1000
12000000/12000000 - 36s - loss: -3.8804e+00 - val_loss: 1.9000
Epoch 957/1000
12000000/12000000 - 35s - loss: -3.8802e+00 - val_loss: 1.7260
Epoch 958/1000
12000000/12000000 - 38s - loss: -3.8803e+00 - val_loss: 1.8970
Epoch 959/1000
12000000/12000000 - 36s - loss: -3.8809e+00 - val_loss: 1.8659
Epoch 960/1000
12000000/12000000 - 32s - loss: -3.8810e+00 - val_loss: 1.9926
Epoch 961/1000
12000000/12000000 - 33s - loss: -3.8814e+00 - val_loss: 1.8124
Epoch 962/1000
12000000/12000000 - 36s - loss: -3.8815e+00 - val_loss: 1.9220
Epoch 963/1000
12000000/12000000 - 35s - loss: -3.8816e+00 - val_loss: 1.8210
Epoch 964/1000
12000000/12000000 - 35s - loss: -3.8822e+00 - val_loss: 1.9282
Epoch 965/1000
12000000/12000000 - 35s - loss: -3.8820e+00 - val_loss: 1.9093
Epoch 966/1000
12000000/12000000 - 36s - loss: -3.8822e+00 - val_loss: 1.8735
Epoch 967/1000
12000000/12000000 - 34s - loss: -3.8824e+00 - val_loss: 1.9183
Epoch 968/1000
12000000/12000000 - 39s - loss: -3.8828e+00 - val_loss: 1.8980
Epoch 969/1000
12000000/12000000 - 38s - loss: -3.8828e+00 - val_loss: 1.8564
Epoch 970/1000
12000000/12000000 - 35s - loss: -3.8836e+00 - val_loss: 1.8713
Epoch 971/1000
12000000/12000000 - 37s - loss: -3.8839e+00 - val_loss: 1.9229
Epoch 972/1000
12000000/12000000 - 38s - loss: -3.8839e+00 - val_loss: 1.7997
Epoch 973/1000
12000000/12000000 - 34s - loss: -3.8840e+00 - val_loss: 1.8906
Epoch 974/1000
12000000/12000000 - 31s - loss: -3.8846e+00 - val_loss: 1.9288
Epoch 975/1000
12000000/12000000 - 32s - loss: -3.8846e+00 - val_loss: 1.8947
Epoch 976/1000
12000000/12000000 - 33s - loss: -3.8851e+00 - val_loss: 1.9691
Epoch 977/1000
12000000/12000000 - 31s - loss: -3.8849e+00 - val_loss: 1.9412
Epoch 978/1000
12000000/12000000 - 31s - loss: -3.8854e+00 - val_loss: 1.8481
Epoch 979/1000
12000000/12000000 - 31s - loss: -3.8856e+00 - val_loss: 1.8574
Epoch 980/1000
12000000/12000000 - 37s - loss: -3.8856e+00 - val_loss: 1.8456
Epoch 981/1000
12000000/12000000 - 37s - loss: -3.8857e+00 - val_loss: 1.8992
Epoch 982/1000
12000000/12000000 - 38s - loss: -3.8864e+00 - val_loss: 1.9662
Epoch 983/1000
12000000/12000000 - 37s - loss: -3.8862e+00 - val_loss: 1.9202
Epoch 984/1000
12000000/12000000 - 32s - loss: -3.8863e+00 - val_loss: 1.8130
Epoch 985/1000
12000000/12000000 - 37s - loss: -3.8867e+00 - val_loss: 1.9241
Epoch 986/1000
12000000/12000000 - 38s - loss: -3.8868e+00 - val_loss: 2.0002
Epoch 987/1000
12000000/12000000 - 37s - loss: -3.8872e+00 - val_loss: 1.8644
Epoch 988/1000
12000000/12000000 - 37s - loss: -3.8874e+00 - val_loss: 1.9262
Epoch 989/1000
12000000/12000000 - 36s - loss: -3.8879e+00 - val_loss: 1.8727
Epoch 990/1000
12000000/12000000 - 34s - loss: -3.8878e+00 - val_loss: 1.9195
Epoch 991/1000
12000000/12000000 - 35s - loss: -3.8881e+00 - val_loss: 1.9991
Epoch 992/1000
12000000/12000000 - 36s - loss: -3.8883e+00 - val_loss: 1.9469
Epoch 993/1000
12000000/12000000 - 34s - loss: -3.8885e+00 - val_loss: 2.0090
Epoch 994/1000
12000000/12000000 - 31s - loss: -3.8891e+00 - val_loss: 1.8257
Epoch 995/1000
12000000/12000000 - 33s - loss: -3.8891e+00 - val_loss: 2.0023
Epoch 996/1000
12000000/12000000 - 34s - loss: -3.8893e+00 - val_loss: 1.9451
Epoch 997/1000
12000000/12000000 - 37s - loss: -3.8897e+00 - val_loss: 2.0013
Epoch 998/1000
12000000/12000000 - 34s - loss: -3.8897e+00 - val_loss: 1.9984
Epoch 999/1000
12000000/12000000 - 35s - loss: -3.8900e+00 - val_loss: 1.9299
Epoch 1000/1000
12000000/12000000 - 33s - loss: -3.8906e+00 - val_loss: 1.9454
W0311 07:43:36.203866 140577392871232 legend.py:1289] No handles with labels found to put in legend.
W0311 07:43:36.211074 140577392871232 legend.py:1289] No handles with labels found to put in legend.
W0311 07:43:36.260950 140577392871232 legend.py:1289] No handles with labels found to put in legend.
W0311 07:43:36.267053 140577392871232 legend.py:1289] No handles with labels found to put in legend.
/homes/nramachandra/anaconda3/envs/tf_gpu_14/lib/python3.6/site-packages/matplotlib/figure.py:98: MatplotlibDeprecationWarning: 
Adding an axes using the same arguments as a previous axes currently reuses the earlier instance.  In a future version, a new instance will always be created and returned.  Meanwhile, this warning can be suppressed, and the future behavior ensured, by passing a unique label to each axes instance.
  "Adding an axes using the same arguments as a previous axes "
W0311 07:43:36.336914 140577392871232 legend.py:1289] No handles with labels found to put in legend.
[4, 18, 81]
0
1
2
[4, 18, 81]
0
1
2
/homes/nramachandra/anaconda3/envs/tf_gpu_14/lib/python3.6/site-packages/matplotlib/axes/_axes.py:6521: MatplotlibDeprecationWarning: 
The 'normed' kwarg was deprecated in Matplotlib 2.1 and will be removed in 3.1. Use 'density' instead.
  alternative="'density'", removal="3.1")
mdn_4_tf2.py:828: RuntimeWarning: divide by zero encountered in true_divide
  plt.plot(x, np.exp(logps[:,-i])/prior.pdf(x), label='posterior under flat prior')
/homes/nramachandra/anaconda3/envs/tf_gpu_14/lib/python3.6/site-packages/matplotlib/pyplot.py:1479: UserWarning: Attempted to set non-positive bottom ylim on a log-scaled axis.
Invalid limit will be ignored.
  ret = ax.set_ylim(*args, **kwargs)
/homes/nramachandra/anaconda3/envs/tf_gpu_14/lib/python3.6/site-packages/matplotlib/axes/_base.py:4371: UserWarning: aspect is not supported for Axes with xscale=linear, yscale=log
  self.apply_aspect()
/homes/nramachandra/anaconda3/envs/tf_gpu_14/lib/python3.6/site-packages/matplotlib/axes/_base.py:2575: UserWarning: aspect is not supported for Axes with xscale=linear, yscale=log
  self.apply_aspect()
/homes/nramachandra/anaconda3/envs/tf_gpu_14/lib/python3.6/site-packages/matplotlib/axes/_base.py:848: UserWarning: aspect is not supported for Axes with xscale=linear, yscale=log
  self.apply_aspect()
mdn_4_tf2.py:902: RuntimeWarning: divide by zero encountered in true_divide
  corrected_posterior = np.exp(logps)/(prior.pdf(x).reshape((-1,1)))
mdn_4_tf2.py:902: RuntimeWarning: invalid value encountered in true_divide
  corrected_posterior = np.exp(logps)/(prior.pdf(x).reshape((-1,1)))
mdn_4_tf2.py:904: RuntimeWarning: invalid value encountered in true_divide
  y_pred_prior_mean = simps(x.reshape((-1,1))*corrected_posterior, x,axis=0)/simps(corrected_posterior,x,axis=0 )
/homes/nramachandra/anaconda3/envs/tf_gpu_14/lib/python3.6/site-packages/numpy/lib/function_base.py:3826: RuntimeWarning: Invalid value encountered in percentile
  interpolation=interpolation)
[35575] End job
