[0] setting up environment
2020-01-03 21:25:52.933913: I tensorflow/core/platform/cpu_feature_guard.cc:141] Your CPU supports instructions that this TensorFlow binary was not compiled to use: SSE4.1 SSE4.2 AVX AVX2 FMA
2020-01-03 21:25:52.953897: I tensorflow/core/platform/profile_utils/cpu_utils.cc:94] CPU Frequency: 2099925000 Hz
2020-01-03 21:25:52.960152: I tensorflow/compiler/xla/service/service.cc:150] XLA service 0x7efe47ab1ec0 executing computations on platform Host. Devices:
2020-01-03 21:25:52.960214: I tensorflow/compiler/xla/service/service.cc:158]   StreamExecutor device (0): <undefined>, <undefined>
2020-01-03 21:25:53.699481: I tensorflow/compiler/xla/service/service.cc:150] XLA service 0x7efe47b61750 executing computations on platform CUDA. Devices:
2020-01-03 21:25:53.699525: I tensorflow/compiler/xla/service/service.cc:158]   StreamExecutor device (0): Tesla P100-PCIE-16GB, Compute Capability 6.0
2020-01-03 21:25:53.699787: I tensorflow/core/common_runtime/gpu/gpu_device.cc:1433] Found device 0 with properties: 
name: Tesla P100-PCIE-16GB major: 6 minor: 0 memoryClockRate(GHz): 1.3285
pciBusID: 0000:83:00.0
totalMemory: 15.90GiB freeMemory: 15.64GiB
2020-01-03 21:25:53.699816: I tensorflow/core/common_runtime/gpu/gpu_device.cc:1512] Adding visible gpu devices: 0
2020-01-03 21:25:53.703288: I tensorflow/core/common_runtime/gpu/gpu_device.cc:984] Device interconnect StreamExecutor with strength 1 edge matrix:
2020-01-03 21:25:53.703310: I tensorflow/core/common_runtime/gpu/gpu_device.cc:990]      0 
2020-01-03 21:25:53.703320: I tensorflow/core/common_runtime/gpu/gpu_device.cc:1003] 0:   N 
2020-01-03 21:25:53.703460: I tensorflow/core/common_runtime/gpu/gpu_device.cc:1115] Created TensorFlow device (/job:localhost/replica:0/task:0/device:GPU:0 with 15216 MB memory) -> physical GPU (device: 0, name: Tesla P100-PCIE-16GB, pci bus id: 0000:83:00.0, compute capability: 6.0)
2020-01-03 21:26:03.718001: I tensorflow/stream_executor/dso_loader.cc:152] successfully opened CUDA library libcublas.so.10.0 locally

WARNING: The TensorFlow contrib module will not be included in TensorFlow 2.0.
For more information, please see:
  * https://github.com/tensorflow/community/blob/master/rfcs/20180907-contrib-sunset.md
  * https://github.com/tensorflow/addons
If you depend on functionality not listed there, please file an issue.

=~=~=~=~=~=~=~=~=~=~=~=~=~=~=~=~=~=~=~=~
=~=~=~=~=~=~=~=~=~=~=~=~=~=~=~=~=~=~=~=~
Size of features in training data: (2900000, 4)
Size of output in training data: (2900000,)
Size of features in test data: (500, 4)
Size of output in test data: (500,)
[[0.01337945 0.03630651 0.08410768]
 [0.05764179 0.07799666 0.29047809]
 [0.12442545 0.17785325 0.49522566]
 ...
 [0.02556789 0.0432308  0.20167068]
 [0.14701926 0.22334723 0.40830354]
 [0.07464198 0.10858696 0.27363002]]
[2646031, 1840137, 2508289, 2000232, 2163593, 268146]
[154, 154, 387, 299, 308, 176]
/homes/nramachandra/anaconda3/envs/tf_gpu/lib/python3.6/site-packages/matplotlib/figure.py:445: UserWarning: Matplotlib is currently using agg, which is a non-GUI backend, so cannot show the figure.
  % get_backend())
[30692] End job
