[0] setting up environment
2020-02-20 23:19:05.160008: I tensorflow/core/platform/cpu_feature_guard.cc:141] Your CPU supports instructions that this TensorFlow binary was not compiled to use: SSE4.1 SSE4.2 AVX AVX2 FMA
2020-02-20 23:19:05.177278: I tensorflow/core/platform/profile_utils/cpu_utils.cc:94] CPU Frequency: 2100065000 Hz
2020-02-20 23:19:05.182456: I tensorflow/compiler/xla/service/service.cc:150] XLA service 0x7f101e78d290 executing computations on platform Host. Devices:
2020-02-20 23:19:05.182515: I tensorflow/compiler/xla/service/service.cc:158]   StreamExecutor device (0): <undefined>, <undefined>
2020-02-20 23:19:05.896890: I tensorflow/compiler/xla/service/service.cc:150] XLA service 0x7f101e83cb40 executing computations on platform CUDA. Devices:
2020-02-20 23:19:05.896934: I tensorflow/compiler/xla/service/service.cc:158]   StreamExecutor device (0): Tesla P100-PCIE-16GB, Compute Capability 6.0
2020-02-20 23:19:05.900158: I tensorflow/core/common_runtime/gpu/gpu_device.cc:1433] Found device 0 with properties: 
name: Tesla P100-PCIE-16GB major: 6 minor: 0 memoryClockRate(GHz): 1.3285
pciBusID: 0000:83:00.0
totalMemory: 15.90GiB freeMemory: 15.64GiB
2020-02-20 23:19:05.900204: I tensorflow/core/common_runtime/gpu/gpu_device.cc:1512] Adding visible gpu devices: 0
2020-02-20 23:19:05.903782: I tensorflow/core/common_runtime/gpu/gpu_device.cc:984] Device interconnect StreamExecutor with strength 1 edge matrix:
2020-02-20 23:19:05.903807: I tensorflow/core/common_runtime/gpu/gpu_device.cc:990]      0 
2020-02-20 23:19:05.903817: I tensorflow/core/common_runtime/gpu/gpu_device.cc:1003] 0:   N 
2020-02-20 23:19:05.903966: I tensorflow/core/common_runtime/gpu/gpu_device.cc:1115] Created TensorFlow device (/job:localhost/replica:0/task:0/device:GPU:0 with 15216 MB memory) -> physical GPU (device: 0, name: Tesla P100-PCIE-16GB, pci bus id: 0000:83:00.0, compute capability: 6.0)
2020-02-20 23:19:12.197888: I tensorflow/stream_executor/dso_loader.cc:152] successfully opened CUDA library libcublas.so.10.0 locally

WARNING: The TensorFlow contrib module will not be included in TensorFlow 2.0.
For more information, please see:
  * https://github.com/tensorflow/community/blob/master/rfcs/20180907-contrib-sunset.md
  * https://github.com/tensorflow/addons
If you depend on functionality not listed there, please file an issue.

=~=~=~=~=~=~=~=~=~=~=~=~=~=~=~=~=~=~=~=~
=~=~=~=~=~=~=~=~=~=~=~=~=~=~=~=~=~=~=~=~
Train files shape (29066, 100, 5)
(11333, 100, 5)
Train files shape (with z) (1133300, 6)
Size of features in training data: (1100000, 5)
Size of output in training data: (1100000,)
Size of features in test data: (500, 5)
Size of output in test data: (500,)
[[ 0.02757339  0.05702908 -0.0052177 ]
 [ 0.00823208  0.01774896 -0.02402001]
 [ 0.00850912  0.00787936 -0.02859094]
 ...
 [ 0.02523863  0.04952889 -0.00889009]
 [ 0.00383854  0.01913731 -0.02480421]
 [ 0.00607397  0.02236617 -0.02254646]]
[633372, 767179, 682166, 353626, 21456, 877663]
[290, 193, 225, 350, 364, 99]
[587] End job
