[0] setting up environment
2020-01-14 21:08:50.000667: I tensorflow/core/platform/cpu_feature_guard.cc:141] Your CPU supports instructions that this TensorFlow binary was not compiled to use: SSE4.1 SSE4.2 AVX AVX2 FMA
2020-01-14 21:08:50.023428: I tensorflow/core/platform/profile_utils/cpu_utils.cc:94] CPU Frequency: 2099945000 Hz
2020-01-14 21:08:50.029442: I tensorflow/compiler/xla/service/service.cc:150] XLA service 0x7f5a5c79e3d0 executing computations on platform Host. Devices:
2020-01-14 21:08:50.029514: I tensorflow/compiler/xla/service/service.cc:158]   StreamExecutor device (0): <undefined>, <undefined>
2020-01-14 21:08:50.744022: I tensorflow/compiler/xla/service/service.cc:150] XLA service 0x7f5a5c84dc80 executing computations on platform CUDA. Devices:
2020-01-14 21:08:50.744084: I tensorflow/compiler/xla/service/service.cc:158]   StreamExecutor device (0): Tesla P100-PCIE-16GB, Compute Capability 6.0
2020-01-14 21:08:50.744356: I tensorflow/core/common_runtime/gpu/gpu_device.cc:1433] Found device 0 with properties: 
name: Tesla P100-PCIE-16GB major: 6 minor: 0 memoryClockRate(GHz): 1.3285
pciBusID: 0000:83:00.0
totalMemory: 15.90GiB freeMemory: 15.64GiB
2020-01-14 21:08:50.744381: I tensorflow/core/common_runtime/gpu/gpu_device.cc:1512] Adding visible gpu devices: 0
2020-01-14 21:08:50.747884: I tensorflow/core/common_runtime/gpu/gpu_device.cc:984] Device interconnect StreamExecutor with strength 1 edge matrix:
2020-01-14 21:08:50.747915: I tensorflow/core/common_runtime/gpu/gpu_device.cc:990]      0 
2020-01-14 21:08:50.747926: I tensorflow/core/common_runtime/gpu/gpu_device.cc:1003] 0:   N 
2020-01-14 21:08:50.748086: I tensorflow/core/common_runtime/gpu/gpu_device.cc:1115] Created TensorFlow device (/job:localhost/replica:0/task:0/device:GPU:0 with 15216 MB memory) -> physical GPU (device: 0, name: Tesla P100-PCIE-16GB, pci bus id: 0000:83:00.0, compute capability: 6.0)
2020-01-14 21:09:18.219248: I tensorflow/stream_executor/dso_loader.cc:152] successfully opened CUDA library libcublas.so.10.0 locally

WARNING: The TensorFlow contrib module will not be included in TensorFlow 2.0.
For more information, please see:
  * https://github.com/tensorflow/community/blob/master/rfcs/20180907-contrib-sunset.md
  * https://github.com/tensorflow/addons
If you depend on functionality not listed there, please file an issue.

=~=~=~=~=~=~=~=~=~=~=~=~=~=~=~=~=~=~=~=~
=~=~=~=~=~=~=~=~=~=~=~=~=~=~=~=~=~=~=~=~
Size of features in training data: (2900000, 15)
Size of output in training data: (2900000,)
Size of features in test data: (500, 15)
Size of output in test data: (500,)
[[-0.00135769  0.10354447  0.00715237]
 [ 0.00486192  0.05697411  0.02453377]
 [ 0.09081927  0.14142399  0.10469936]
 ...
 [ 0.08261091  0.13738107  0.09242277]
 [ 0.01897588  0.10568689  0.03924369]
 [ 0.03227952  0.46829279  0.05635867]]
[539323, 1734713, 40386, 608431, 899760, 1147337]
[275, 186, 45, 195, 250, 253]
/homes/nramachandra/anaconda3/envs/tf_gpu/lib/python3.6/site-packages/matplotlib/figure.py:445: UserWarning: Matplotlib is currently using agg, which is a non-GUI backend, so cannot show the figure.
  % get_backend())
[6233] End job
