[0] setting up environment
2019-12-19 22:57:26.310148: I tensorflow/core/platform/cpu_feature_guard.cc:141] Your CPU supports instructions that this TensorFlow binary was not compiled to use: SSE4.1 SSE4.2 AVX AVX2 FMA
2019-12-19 22:57:26.325566: I tensorflow/core/platform/profile_utils/cpu_utils.cc:94] CPU Frequency: 2099925000 Hz
2019-12-19 22:57:26.329862: I tensorflow/compiler/xla/service/service.cc:150] XLA service 0x7f8551aa2cb0 executing computations on platform Host. Devices:
2019-12-19 22:57:26.329914: I tensorflow/compiler/xla/service/service.cc:158]   StreamExecutor device (0): <undefined>, <undefined>
2019-12-19 22:57:27.024928: I tensorflow/compiler/xla/service/service.cc:150] XLA service 0x7f8551b52570 executing computations on platform CUDA. Devices:
2019-12-19 22:57:27.025002: I tensorflow/compiler/xla/service/service.cc:158]   StreamExecutor device (0): Tesla P100-PCIE-16GB, Compute Capability 6.0
2019-12-19 22:57:27.025336: I tensorflow/core/common_runtime/gpu/gpu_device.cc:1433] Found device 0 with properties: 
name: Tesla P100-PCIE-16GB major: 6 minor: 0 memoryClockRate(GHz): 1.3285
pciBusID: 0000:83:00.0
totalMemory: 15.90GiB freeMemory: 15.64GiB
2019-12-19 22:57:27.025368: I tensorflow/core/common_runtime/gpu/gpu_device.cc:1512] Adding visible gpu devices: 0
2019-12-19 22:57:27.029149: I tensorflow/core/common_runtime/gpu/gpu_device.cc:984] Device interconnect StreamExecutor with strength 1 edge matrix:
2019-12-19 22:57:27.029174: I tensorflow/core/common_runtime/gpu/gpu_device.cc:990]      0 
2019-12-19 22:57:27.029184: I tensorflow/core/common_runtime/gpu/gpu_device.cc:1003] 0:   N 
2019-12-19 22:57:27.029344: I tensorflow/core/common_runtime/gpu/gpu_device.cc:1115] Created TensorFlow device (/job:localhost/replica:0/task:0/device:GPU:0 with 15216 MB memory) -> physical GPU (device: 0, name: Tesla P100-PCIE-16GB, pci bus id: 0000:83:00.0, compute capability: 6.0)
2019-12-19 22:57:35.625466: I tensorflow/stream_executor/dso_loader.cc:152] successfully opened CUDA library libcublas.so.10.0 locally
srun: Job step aborted: Waiting up to 32 seconds for job step to finish.
srun: got SIGCONT
slurmstepd: error: *** JOB 11251 ON cp1-p CANCELLED AT 2019-12-19T23:06:12 ***
slurmstepd: error: *** STEP 11251.0 ON cp1-p CANCELLED AT 2019-12-19T23:06:12 ***
srun: forcing job termination
