[0] setting up environment
2019-09-18 13:03:43.756095: I tensorflow/core/platform/cpu_feature_guard.cc:141] Your CPU supports instructions that this TensorFlow binary was not compiled to use: SSE4.1 SSE4.2 AVX AVX2 FMA
2019-09-18 13:03:43.767688: I tensorflow/core/platform/profile_utils/cpu_utils.cc:94] CPU Frequency: 2099815000 Hz
2019-09-18 13:03:43.771418: I tensorflow/compiler/xla/service/service.cc:150] XLA service 0x7faa896046a0 executing computations on platform Host. Devices:
2019-09-18 13:03:43.771458: I tensorflow/compiler/xla/service/service.cc:158]   StreamExecutor device (0): <undefined>, <undefined>
2019-09-18 13:03:44.375344: I tensorflow/compiler/xla/service/service.cc:150] XLA service 0x7faa896b3ef0 executing computations on platform CUDA. Devices:
2019-09-18 13:03:44.375404: I tensorflow/compiler/xla/service/service.cc:158]   StreamExecutor device (0): Tesla P100-PCIE-16GB, Compute Capability 6.0
2019-09-18 13:03:44.375705: I tensorflow/core/common_runtime/gpu/gpu_device.cc:1433] Found device 0 with properties: 
name: Tesla P100-PCIE-16GB major: 6 minor: 0 memoryClockRate(GHz): 1.3285
pciBusID: 0000:83:00.0
totalMemory: 15.90GiB freeMemory: 15.64GiB
2019-09-18 13:03:44.375732: I tensorflow/core/common_runtime/gpu/gpu_device.cc:1512] Adding visible gpu devices: 0
2019-09-18 13:03:44.379140: I tensorflow/core/common_runtime/gpu/gpu_device.cc:984] Device interconnect StreamExecutor with strength 1 edge matrix:
2019-09-18 13:03:44.379163: I tensorflow/core/common_runtime/gpu/gpu_device.cc:990]      0 
2019-09-18 13:03:44.379172: I tensorflow/core/common_runtime/gpu/gpu_device.cc:1003] 0:   N 
2019-09-18 13:03:44.379318: I tensorflow/core/common_runtime/gpu/gpu_device.cc:1115] Created TensorFlow device (/job:localhost/replica:0/task:0/device:GPU:0 with 15216 MB memory) -> physical GPU (device: 0, name: Tesla P100-PCIE-16GB, pci bus id: 0000:83:00.0, compute capability: 6.0)
2019-09-18 13:03:50.636535: I tensorflow/stream_executor/dso_loader.cc:152] successfully opened CUDA library libcublas.so.10.0 locally

WARNING: The TensorFlow contrib module will not be included in TensorFlow 2.0.
For more information, please see:
  * https://github.com/tensorflow/community/blob/master/rfcs/20180907-contrib-sunset.md
  * https://github.com/tensorflow/addons
If you depend on functionality not listed there, please file an issue.

=~=~=~=~=~=~=~=~=~=~=~=~=~=~=~=~=~=~=~=~
=~=~=~=~=~=~=~=~=~=~=~=~=~=~=~=~=~=~=~=~
(6304534, 6)
(7237871, 6)
(456685, 5)
(423353, 5)
Size of features in training data: (800000, 5)
Size of output in training data: (800000,)
Size of features in test data: (5000, 5)
Size of output in test data: (5000,)
[[0.86138938 0.74152152 0.89881734]
 [0.04257725 0.057022   0.13234641]
 [0.05346052 0.06884583 0.13410336]
 ...
 [0.72156564 0.64460899 0.70614887]
 [0.33521397 0.28777794 0.35480455]
 [0.01683421 0.02079976 0.15372105]]
[382285, 721725, 553975, 519000, 231214, 562477]
[647, 1504, 638, 1470, 2905, 4188]
/homes/nramachandra/anaconda3/envs/tf_gpu/lib/python3.6/site-packages/matplotlib/figure.py:445: UserWarning: Matplotlib is currently using agg, which is a non-GUI backend, so cannot show the figure.
  % get_backend())
[1448] End job
