[0] setting up environment

CommandNotFoundError: Your shell has not been properly configured to use 'conda activate'.
To initialize your shell, run

    $ conda init <SHELL_NAME>

Currently supported shells are:
  - bash
  - fish
  - tcsh
  - xonsh
  - zsh
  - powershell

See 'conda init --help' for more information and options.

IMPORTANT: You may need to close and restart your shell after running 'conda init'.



WARNING: The TensorFlow contrib module will not be included in TensorFlow 2.0.
For more information, please see:
  * https://github.com/tensorflow/community/blob/master/rfcs/20180907-contrib-sunset.md
  * https://github.com/tensorflow/addons
If you depend on functionality not listed there, please file an issue.

Traceback (most recent call last):
  File "mdn_4_tf2.py", line 19, in <module>
    import tensorflow.compat.v2 as tf
ModuleNotFoundError: No module named 'tensorflow.compat.v2'
srun: error: cp2-p: task 0: Exited with exit code 1
[18] End job
