[0] setting up environment

CommandNotFoundError: Your shell has not been properly configured to use 'conda activate'.
To initialize your shell, run

    $ conda init <SHELL_NAME>

Currently supported shells are:
  - bash
  - fish
  - tcsh
  - xonsh
  - zsh
  - powershell

See 'conda init --help' for more information and options.

IMPORTANT: You may need to close and restart your shell after running 'conda init'.


2020-03-23 17:14:08.190203: I tensorflow/core/platform/cpu_feature_guard.cc:141] Your CPU supports instructions that this TensorFlow binary was not compiled to use: SSE4.1 SSE4.2 AVX AVX2 FMA
2020-03-23 17:14:08.208849: I tensorflow/core/platform/profile_utils/cpu_utils.cc:94] CPU Frequency: 2099815000 Hz
2020-03-23 17:14:08.214666: I tensorflow/compiler/xla/service/service.cc:150] XLA service 0x7f91ef17c980 executing computations on platform Host. Devices:
2020-03-23 17:14:08.214727: I tensorflow/compiler/xla/service/service.cc:158]   StreamExecutor device (0): <undefined>, <undefined>
2020-03-23 17:14:09.010190: I tensorflow/compiler/xla/service/service.cc:150] XLA service 0x7f91ef22c280 executing computations on platform CUDA. Devices:
2020-03-23 17:14:09.010244: I tensorflow/compiler/xla/service/service.cc:158]   StreamExecutor device (0): Tesla P100-PCIE-16GB, Compute Capability 6.0
2020-03-23 17:14:09.012205: I tensorflow/core/common_runtime/gpu/gpu_device.cc:1433] Found device 0 with properties: 
name: Tesla P100-PCIE-16GB major: 6 minor: 0 memoryClockRate(GHz): 1.3285
pciBusID: 0000:83:00.0
totalMemory: 15.90GiB freeMemory: 15.64GiB
2020-03-23 17:14:09.012262: I tensorflow/core/common_runtime/gpu/gpu_device.cc:1512] Adding visible gpu devices: 0
2020-03-23 17:14:09.015691: I tensorflow/core/common_runtime/gpu/gpu_device.cc:984] Device interconnect StreamExecutor with strength 1 edge matrix:
2020-03-23 17:14:09.015714: I tensorflow/core/common_runtime/gpu/gpu_device.cc:990]      0 
2020-03-23 17:14:09.015724: I tensorflow/core/common_runtime/gpu/gpu_device.cc:1003] 0:   N 
2020-03-23 17:14:09.015872: I tensorflow/core/common_runtime/gpu/gpu_device.cc:1115] Created TensorFlow device (/job:localhost/replica:0/task:0/device:GPU:0 with 15216 MB memory) -> physical GPU (device: 0, name: Tesla P100-PCIE-16GB, pci bus id: 0000:83:00.0, compute capability: 6.0)
2020-03-23 17:14:19.672557: I tensorflow/stream_executor/dso_loader.cc:152] successfully opened CUDA library libcublas.so.10.0 locally
WARNING: Logging before flag parsing goes to stderr.
W0323 17:18:05.567579 140264675620672 legend.py:1289] No handles with labels found to put in legend.
W0323 17:18:05.572200 140264675620672 legend.py:1289] No handles with labels found to put in legend.
/homes/nramachandra/anaconda3/envs/tf_gpu/lib/python3.6/site-packages/matplotlib/figure.py:98: MatplotlibDeprecationWarning: 
Adding an axes using the same arguments as a previous axes currently reuses the earlier instance.  In a future version, a new instance will always be created and returned.  Meanwhile, this warning can be suppressed, and the future behavior ensured, by passing a unique label to each axes instance.
  "Adding an axes using the same arguments as a previous axes "

WARNING: The TensorFlow contrib module will not be included in TensorFlow 2.0.
For more information, please see:
  * https://github.com/tensorflow/community/blob/master/rfcs/20180907-contrib-sunset.md
  * https://github.com/tensorflow/addons
If you depend on functionality not listed there, please file an issue.

=~=~=~=~=~=~=~=~=~=~=~=~=~=~=~=~=~=~=~=~
=~=~=~=~=~=~=~=~=~=~=~=~=~=~=~=~=~=~=~=~
Train files shape (29066, 100, 5)
(11333, 100, 5)
Train files shape (with z) (1133300, 6)
Size of features in training data: (1000000, 5)
Size of output in training data: (1000000,)
Size of features in test data: (20000, 5)
Size of output in test data: (20000,)
1.13.1
./saved_hubs/sdss_colmagUM_synthetic_True_lr_0.005_dr0.1_step10_ne1111_k16_nt1000000
==================== training complete====================
====================
[462, 18, 81]
0
1
2
[255] End job
