[0] setting up environment
2019-09-17 23:24:43.123643: I tensorflow/core/platform/cpu_feature_guard.cc:141] Your CPU supports instructions that this TensorFlow binary was not compiled to use: SSE4.1 SSE4.2 AVX AVX2 FMA
2019-09-17 23:24:43.135552: I tensorflow/core/platform/profile_utils/cpu_utils.cc:94] CPU Frequency: 2099815000 Hz
2019-09-17 23:24:43.139243: I tensorflow/compiler/xla/service/service.cc:150] XLA service 0x7f1a9f25d190 executing computations on platform Host. Devices:
2019-09-17 23:24:43.139284: I tensorflow/compiler/xla/service/service.cc:158]   StreamExecutor device (0): <undefined>, <undefined>
2019-09-17 23:24:43.731960: I tensorflow/compiler/xla/service/service.cc:150] XLA service 0x7f1a9f30ca30 executing computations on platform CUDA. Devices:
2019-09-17 23:24:43.732024: I tensorflow/compiler/xla/service/service.cc:158]   StreamExecutor device (0): Tesla P100-PCIE-16GB, Compute Capability 6.0
2019-09-17 23:24:43.732329: I tensorflow/core/common_runtime/gpu/gpu_device.cc:1433] Found device 0 with properties: 
name: Tesla P100-PCIE-16GB major: 6 minor: 0 memoryClockRate(GHz): 1.3285
pciBusID: 0000:83:00.0
totalMemory: 15.90GiB freeMemory: 15.64GiB
2019-09-17 23:24:43.732355: I tensorflow/core/common_runtime/gpu/gpu_device.cc:1512] Adding visible gpu devices: 0
2019-09-17 23:24:43.736119: I tensorflow/core/common_runtime/gpu/gpu_device.cc:984] Device interconnect StreamExecutor with strength 1 edge matrix:
2019-09-17 23:24:43.736146: I tensorflow/core/common_runtime/gpu/gpu_device.cc:990]      0 
2019-09-17 23:24:43.736157: I tensorflow/core/common_runtime/gpu/gpu_device.cc:1003] 0:   N 
2019-09-17 23:24:43.736327: I tensorflow/core/common_runtime/gpu/gpu_device.cc:1115] Created TensorFlow device (/job:localhost/replica:0/task:0/device:GPU:0 with 15216 MB memory) -> physical GPU (device: 0, name: Tesla P100-PCIE-16GB, pci bus id: 0000:83:00.0, compute capability: 6.0)
2019-09-17 23:24:52.634055: I tensorflow/stream_executor/dso_loader.cc:152] successfully opened CUDA library libcublas.so.10.0 locally

WARNING: The TensorFlow contrib module will not be included in TensorFlow 2.0.
For more information, please see:
  * https://github.com/tensorflow/community/blob/master/rfcs/20180907-contrib-sunset.md
  * https://github.com/tensorflow/addons
If you depend on functionality not listed there, please file an issue.

=~=~=~=~=~=~=~=~=~=~=~=~=~=~=~=~=~=~=~=~
=~=~=~=~=~=~=~=~=~=~=~=~=~=~=~=~=~=~=~=~
(6304534, 6)
(7237871, 6)
(456685, 5)
(423353, 5)
Size of features in training data: (800000, 5)
Size of output in training data: (800000,)
Size of features in test data: (5000, 5)
Size of output in test data: (5000,)
[[-0.03188009  0.02043039 -0.43740523]
 [ 0.03471939  0.02649216 -0.34703921]
 [ 0.39483166  0.19289776  0.2519305 ]
 ...
 [ 0.31494173  0.07860037 -0.00096899]
 [ 0.29348284  0.14754945  0.08458417]
 [-0.06883555  0.02259036 -0.42480969]]
[21287, 233871, 632225, 666416, 671060, 274675]
[3143, 3446, 3572, 4583, 3734, 3522]
/homes/nramachandra/anaconda3/envs/tf_gpu/lib/python3.6/site-packages/matplotlib/figure.py:445: UserWarning: Matplotlib is currently using agg, which is a non-GUI backend, so cannot show the figure.
  % get_backend())
[7047] End job
