[0] setting up environment
2020-02-20 22:56:24.925655: I tensorflow/core/platform/cpu_feature_guard.cc:141] Your CPU supports instructions that this TensorFlow binary was not compiled to use: SSE4.1 SSE4.2 AVX AVX2 FMA
2020-02-20 22:56:24.942691: I tensorflow/core/platform/profile_utils/cpu_utils.cc:94] CPU Frequency: 2099945000 Hz
2020-02-20 22:56:24.948247: I tensorflow/compiler/xla/service/service.cc:150] XLA service 0x7feed37a93c0 executing computations on platform Host. Devices:
2020-02-20 22:56:24.948308: I tensorflow/compiler/xla/service/service.cc:158]   StreamExecutor device (0): <undefined>, <undefined>
2020-02-20 22:56:26.230872: I tensorflow/compiler/xla/service/service.cc:150] XLA service 0x7feed37af030 executing computations on platform CUDA. Devices:
2020-02-20 22:56:26.230911: I tensorflow/compiler/xla/service/service.cc:158]   StreamExecutor device (0): Tesla P100-PCIE-16GB, Compute Capability 6.0
2020-02-20 22:56:26.231084: I tensorflow/core/common_runtime/gpu/gpu_device.cc:1433] Found device 0 with properties: 
name: Tesla P100-PCIE-16GB major: 6 minor: 0 memoryClockRate(GHz): 1.3285
pciBusID: 0000:83:00.0
totalMemory: 15.90GiB freeMemory: 15.64GiB
2020-02-20 22:56:26.231105: I tensorflow/core/common_runtime/gpu/gpu_device.cc:1512] Adding visible gpu devices: 0
2020-02-20 22:56:26.233063: I tensorflow/core/common_runtime/gpu/gpu_device.cc:984] Device interconnect StreamExecutor with strength 1 edge matrix:
2020-02-20 22:56:26.233079: I tensorflow/core/common_runtime/gpu/gpu_device.cc:990]      0 
2020-02-20 22:56:26.233085: I tensorflow/core/common_runtime/gpu/gpu_device.cc:1003] 0:   N 
2020-02-20 22:56:26.233166: I tensorflow/core/common_runtime/gpu/gpu_device.cc:1115] Created TensorFlow device (/job:localhost/replica:0/task:0/device:GPU:0 with 15216 MB memory) -> physical GPU (device: 0, name: Tesla P100-PCIE-16GB, pci bus id: 0000:83:00.0, compute capability: 6.0)
2020-02-20 22:56:35.425702: I tensorflow/stream_executor/dso_loader.cc:152] successfully opened CUDA library libcublas.so.10.0 locally

WARNING: The TensorFlow contrib module will not be included in TensorFlow 2.0.
For more information, please see:
  * https://github.com/tensorflow/community/blob/master/rfcs/20180907-contrib-sunset.md
  * https://github.com/tensorflow/addons
If you depend on functionality not listed there, please file an issue.

=~=~=~=~=~=~=~=~=~=~=~=~=~=~=~=~=~=~=~=~
=~=~=~=~=~=~=~=~=~=~=~=~=~=~=~=~=~=~=~=~
Train files shape (29066, 100, 5)
(11333, 100, 5)
Train files shape (with z) (1133300, 6)
Size of features in training data: (1100000, 5)
Size of output in training data: (1100000,)
Size of features in test data: (500, 5)
Size of output in test data: (500,)
[[ 0.03682871 -0.21719044  0.41418876]
 [ 0.00812438 -0.2645584   0.43924084]
 [ 0.01593066 -0.24582107  0.43104062]
 ...
 [ 0.03879478 -0.21622586  0.41317376]
 [ 0.00166833 -0.33731975  0.46734037]
 [ 0.0035046  -0.3330053   0.4672035 ]]
[256982, 395815, 458817, 956604, 411939, 650758]
[191, 233, 198, 40, 99, 217]
[614] End job
