[0] setting up environment
2020-02-11 19:31:46.126708: I tensorflow/core/platform/cpu_feature_guard.cc:141] Your CPU supports instructions that this TensorFlow binary was not compiled to use: SSE4.1 SSE4.2 AVX AVX2 FMA
2020-02-11 19:31:46.145252: I tensorflow/core/platform/profile_utils/cpu_utils.cc:94] CPU Frequency: 2099815000 Hz
2020-02-11 19:31:46.150522: I tensorflow/compiler/xla/service/service.cc:150] XLA service 0x7f966c282960 executing computations on platform Host. Devices:
2020-02-11 19:31:46.150583: I tensorflow/compiler/xla/service/service.cc:158]   StreamExecutor device (0): <undefined>, <undefined>
2020-02-11 19:31:46.871142: I tensorflow/compiler/xla/service/service.cc:150] XLA service 0x7f966c3321f0 executing computations on platform CUDA. Devices:
2020-02-11 19:31:46.871187: I tensorflow/compiler/xla/service/service.cc:158]   StreamExecutor device (0): Tesla P100-PCIE-16GB, Compute Capability 6.0
2020-02-11 19:31:46.871447: I tensorflow/core/common_runtime/gpu/gpu_device.cc:1433] Found device 0 with properties: 
name: Tesla P100-PCIE-16GB major: 6 minor: 0 memoryClockRate(GHz): 1.3285
pciBusID: 0000:83:00.0
totalMemory: 15.90GiB freeMemory: 15.64GiB
2020-02-11 19:31:46.871477: I tensorflow/core/common_runtime/gpu/gpu_device.cc:1512] Adding visible gpu devices: 0
2020-02-11 19:31:46.875223: I tensorflow/core/common_runtime/gpu/gpu_device.cc:984] Device interconnect StreamExecutor with strength 1 edge matrix:
2020-02-11 19:31:46.875247: I tensorflow/core/common_runtime/gpu/gpu_device.cc:990]      0 
2020-02-11 19:31:46.875257: I tensorflow/core/common_runtime/gpu/gpu_device.cc:1003] 0:   N 
2020-02-11 19:31:46.875414: I tensorflow/core/common_runtime/gpu/gpu_device.cc:1115] Created TensorFlow device (/job:localhost/replica:0/task:0/device:GPU:0 with 15216 MB memory) -> physical GPU (device: 0, name: Tesla P100-PCIE-16GB, pci bus id: 0000:83:00.0, compute capability: 6.0)
2020-02-11 19:31:53.227806: I tensorflow/stream_executor/dso_loader.cc:152] successfully opened CUDA library libcublas.so.10.0 locally

WARNING: The TensorFlow contrib module will not be included in TensorFlow 2.0.
For more information, please see:
  * https://github.com/tensorflow/community/blob/master/rfcs/20180907-contrib-sunset.md
  * https://github.com/tensorflow/addons
If you depend on functionality not listed there, please file an issue.

=~=~=~=~=~=~=~=~=~=~=~=~=~=~=~=~=~=~=~=~
=~=~=~=~=~=~=~=~=~=~=~=~=~=~=~=~=~=~=~=~
(11333, 100, 5)
Size of features in training data: (1100000, 5)
Size of output in training data: (1100000,)
Size of features in test data: (499, 5)
Size of output in test data: (499,)
[[0.04284143 0.09459733 0.05197684]
 [0.01813987 0.04861607 0.02368848]
 [0.0288501  0.06165495 0.03213791]
 ...
 [0.04452801 0.10735619 0.05622418]
 [0.49241285 0.74675671 0.62289778]
 [0.71261818 0.88917284 0.77688276]]
[109134, 367256, 79322, 206133, 517587, 1081407]
[108, 207, 82, 404, 174, 167]
[41185] End job
