[0] setting up environment
2020-01-14 19:14:19.052418: I tensorflow/core/platform/cpu_feature_guard.cc:141] Your CPU supports instructions that this TensorFlow binary was not compiled to use: SSE4.1 SSE4.2 AVX AVX2 FMA
2020-01-14 19:14:19.074620: I tensorflow/core/platform/profile_utils/cpu_utils.cc:94] CPU Frequency: 2099925000 Hz
2020-01-14 19:14:19.079863: I tensorflow/compiler/xla/service/service.cc:150] XLA service 0x7f0ae9d0dd60 executing computations on platform Host. Devices:
2020-01-14 19:14:19.079932: I tensorflow/compiler/xla/service/service.cc:158]   StreamExecutor device (0): <undefined>, <undefined>
2020-01-14 19:14:19.808705: I tensorflow/compiler/xla/service/service.cc:150] XLA service 0x7f0ae9dbd620 executing computations on platform CUDA. Devices:
2020-01-14 19:14:19.808793: I tensorflow/compiler/xla/service/service.cc:158]   StreamExecutor device (0): Tesla P100-PCIE-16GB, Compute Capability 6.0
2020-01-14 19:14:19.809100: I tensorflow/core/common_runtime/gpu/gpu_device.cc:1433] Found device 0 with properties: 
name: Tesla P100-PCIE-16GB major: 6 minor: 0 memoryClockRate(GHz): 1.3285
pciBusID: 0000:83:00.0
totalMemory: 15.90GiB freeMemory: 15.64GiB
2020-01-14 19:14:19.809129: I tensorflow/core/common_runtime/gpu/gpu_device.cc:1512] Adding visible gpu devices: 0
2020-01-14 19:14:19.812654: I tensorflow/core/common_runtime/gpu/gpu_device.cc:984] Device interconnect StreamExecutor with strength 1 edge matrix:
2020-01-14 19:14:19.812676: I tensorflow/core/common_runtime/gpu/gpu_device.cc:990]      0 
2020-01-14 19:14:19.812687: I tensorflow/core/common_runtime/gpu/gpu_device.cc:1003] 0:   N 
2020-01-14 19:14:19.812840: I tensorflow/core/common_runtime/gpu/gpu_device.cc:1115] Created TensorFlow device (/job:localhost/replica:0/task:0/device:GPU:0 with 15216 MB memory) -> physical GPU (device: 0, name: Tesla P100-PCIE-16GB, pci bus id: 0000:83:00.0, compute capability: 6.0)
2020-01-14 19:14:24.215536: I tensorflow/stream_executor/dso_loader.cc:152] successfully opened CUDA library libcublas.so.10.0 locally

WARNING: The TensorFlow contrib module will not be included in TensorFlow 2.0.
For more information, please see:
  * https://github.com/tensorflow/community/blob/master/rfcs/20180907-contrib-sunset.md
  * https://github.com/tensorflow/addons
If you depend on functionality not listed there, please file an issue.

=~=~=~=~=~=~=~=~=~=~=~=~=~=~=~=~=~=~=~=~
=~=~=~=~=~=~=~=~=~=~=~=~=~=~=~=~=~=~=~=~
(6304534, 6)
(7237871, 6)
(456685, 5)
(423353, 5)
Size of features in training data: (800000, 5)
Size of output in training data: (800000,)
Size of features in test data: (499, 5)
Size of output in test data: (499,)
[[0.13128573 0.5382922  0.14446071]
 [0.12210941 0.53024988 0.09677961]
 [0.12583957 0.52273803 0.12851037]
 ...
 [0.07418994 0.56669502 0.04347357]
 [0.11335847 0.53265852 0.08133568]
 [0.06502493 0.570237   0.03074739]]
[660426, 579643, 431563, 691682, 791623, 579480]
[278, 192, 99, 77, 128, 77]
/homes/nramachandra/anaconda3/envs/tf_gpu/lib/python3.6/site-packages/matplotlib/figure.py:445: UserWarning: Matplotlib is currently using agg, which is a non-GUI backend, so cannot show the figure.
  % get_backend())
[2812] End job
