[0] setting up environment
2020-01-03 23:38:51.875591: I tensorflow/core/platform/cpu_feature_guard.cc:141] Your CPU supports instructions that this TensorFlow binary was not compiled to use: SSE4.1 SSE4.2 AVX AVX2 FMA
2020-01-03 23:38:51.897605: I tensorflow/core/platform/profile_utils/cpu_utils.cc:94] CPU Frequency: 2099945000 Hz
2020-01-03 23:38:51.903740: I tensorflow/compiler/xla/service/service.cc:150] XLA service 0x7f88edc12610 executing computations on platform Host. Devices:
2020-01-03 23:38:51.903812: I tensorflow/compiler/xla/service/service.cc:158]   StreamExecutor device (0): <undefined>, <undefined>
2020-01-03 23:38:52.536112: I tensorflow/compiler/xla/service/service.cc:150] XLA service 0x7f88edcc1ea0 executing computations on platform CUDA. Devices:
2020-01-03 23:38:52.536181: I tensorflow/compiler/xla/service/service.cc:158]   StreamExecutor device (0): Tesla P100-PCIE-16GB, Compute Capability 6.0
2020-01-03 23:38:52.536500: I tensorflow/core/common_runtime/gpu/gpu_device.cc:1433] Found device 0 with properties: 
name: Tesla P100-PCIE-16GB major: 6 minor: 0 memoryClockRate(GHz): 1.3285
pciBusID: 0000:83:00.0
totalMemory: 15.90GiB freeMemory: 15.64GiB
2020-01-03 23:38:52.536530: I tensorflow/core/common_runtime/gpu/gpu_device.cc:1512] Adding visible gpu devices: 0
2020-01-03 23:38:52.540357: I tensorflow/core/common_runtime/gpu/gpu_device.cc:984] Device interconnect StreamExecutor with strength 1 edge matrix:
2020-01-03 23:38:52.540383: I tensorflow/core/common_runtime/gpu/gpu_device.cc:990]      0 
2020-01-03 23:38:52.540394: I tensorflow/core/common_runtime/gpu/gpu_device.cc:1003] 0:   N 
2020-01-03 23:38:52.540552: I tensorflow/core/common_runtime/gpu/gpu_device.cc:1115] Created TensorFlow device (/job:localhost/replica:0/task:0/device:GPU:0 with 15216 MB memory) -> physical GPU (device: 0, name: Tesla P100-PCIE-16GB, pci bus id: 0000:83:00.0, compute capability: 6.0)
2020-01-03 23:39:20.206607: I tensorflow/stream_executor/dso_loader.cc:152] successfully opened CUDA library libcublas.so.10.0 locally

WARNING: The TensorFlow contrib module will not be included in TensorFlow 2.0.
For more information, please see:
  * https://github.com/tensorflow/community/blob/master/rfcs/20180907-contrib-sunset.md
  * https://github.com/tensorflow/addons
If you depend on functionality not listed there, please file an issue.

=~=~=~=~=~=~=~=~=~=~=~=~=~=~=~=~=~=~=~=~
=~=~=~=~=~=~=~=~=~=~=~=~=~=~=~=~=~=~=~=~
Size of features in training data: (2900000, 15)
Size of output in training data: (2900000,)
Size of features in test data: (500, 15)
Size of output in test data: (500,)
[[0.36172379 0.0535654  0.07272957]
 [0.45905943 0.20760095 0.26554659]
 [0.36057742 0.08054202 0.0603521 ]
 ...
 [0.53272536 0.00791908 0.00391711]
 [0.37416067 0.3861363  0.34762784]
 [0.59526648 0.02624651 0.00424183]]
[847696, 555717, 353695, 399648, 399373, 2359051]
[85, 245, 492, 140, 160, 284]
/homes/nramachandra/anaconda3/envs/tf_gpu/lib/python3.6/site-packages/matplotlib/figure.py:445: UserWarning: Matplotlib is currently using agg, which is a non-GUI backend, so cannot show the figure.
  % get_backend())
[30888] End job
