[0] setting up environment
2019-12-10 11:39:05.884544: I tensorflow/core/platform/cpu_feature_guard.cc:141] Your CPU supports instructions that this TensorFlow binary was not compiled to use: SSE4.1 SSE4.2 AVX AVX2 FMA
2019-12-10 11:39:05.906852: I tensorflow/core/platform/profile_utils/cpu_utils.cc:94] CPU Frequency: 2099925000 Hz
2019-12-10 11:39:05.912786: I tensorflow/compiler/xla/service/service.cc:150] XLA service 0x7f3643dae790 executing computations on platform Host. Devices:
2019-12-10 11:39:05.912857: I tensorflow/compiler/xla/service/service.cc:158]   StreamExecutor device (0): <undefined>, <undefined>
2019-12-10 11:39:06.669391: I tensorflow/compiler/xla/service/service.cc:150] XLA service 0x7f3643e5e010 executing computations on platform CUDA. Devices:
2019-12-10 11:39:06.669429: I tensorflow/compiler/xla/service/service.cc:158]   StreamExecutor device (0): Tesla P100-PCIE-16GB, Compute Capability 6.0
2019-12-10 11:39:06.669614: I tensorflow/core/common_runtime/gpu/gpu_device.cc:1433] Found device 0 with properties: 
name: Tesla P100-PCIE-16GB major: 6 minor: 0 memoryClockRate(GHz): 1.3285
pciBusID: 0000:83:00.0
totalMemory: 15.90GiB freeMemory: 15.64GiB
2019-12-10 11:39:06.669635: I tensorflow/core/common_runtime/gpu/gpu_device.cc:1512] Adding visible gpu devices: 0
2019-12-10 11:39:06.673257: I tensorflow/core/common_runtime/gpu/gpu_device.cc:984] Device interconnect StreamExecutor with strength 1 edge matrix:
2019-12-10 11:39:06.673280: I tensorflow/core/common_runtime/gpu/gpu_device.cc:990]      0 
2019-12-10 11:39:06.673290: I tensorflow/core/common_runtime/gpu/gpu_device.cc:1003] 0:   N 
2019-12-10 11:39:06.673445: I tensorflow/core/common_runtime/gpu/gpu_device.cc:1115] Created TensorFlow device (/job:localhost/replica:0/task:0/device:GPU:0 with 15216 MB memory) -> physical GPU (device: 0, name: Tesla P100-PCIE-16GB, pci bus id: 0000:83:00.0, compute capability: 6.0)
2019-12-10 11:39:09.152507: I tensorflow/stream_executor/dso_loader.cc:152] successfully opened CUDA library libcublas.so.10.0 locally

WARNING: The TensorFlow contrib module will not be included in TensorFlow 2.0.
For more information, please see:
  * https://github.com/tensorflow/community/blob/master/rfcs/20180907-contrib-sunset.md
  * https://github.com/tensorflow/addons
If you depend on functionality not listed there, please file an issue.

=~=~=~=~=~=~=~=~=~=~=~=~=~=~=~=~=~=~=~=~
=~=~=~=~=~=~=~=~=~=~=~=~=~=~=~=~=~=~=~=~
hub_mod_Synthetic_False_lr_0.0001_dr0.01_step100_ne1000_k3_nt800
(6304534, 6)
(7237871, 6)
(456685, 5)
(423353, 5)
Size of features in training data: (800, 5)
Size of output in training data: (800,)
Size of features in test data: (4999, 5)
Size of output in test data: (4999,)
[[ 0.07705923  0.63235777 -0.32956565]
 [ 0.1116405   0.66453641 -0.3966312 ]
 [ 0.11705156  0.64631316 -0.40123072]
 ...
 [ 0.11816517  0.52515805 -0.36214133]
 [ 0.11197435  0.63229398 -0.38955736]
 [ 0.10867991  0.66230782 -0.38889969]]
[518, 255, 298, 683, 712, 308]
[2214, 915, 4849, 4682, 4075, 593]
/homes/nramachandra/anaconda3/envs/tf_gpu/lib/python3.6/site-packages/matplotlib/figure.py:445: UserWarning: Matplotlib is currently using agg, which is a non-GUI backend, so cannot show the figure.
  % get_backend())
Traceback (most recent call last):
  File "mdn_hub2.py", line 596, in <module>
    plot_pdfs(test_means,test_weights,test_std,train=False)
  File "mdn_hub2.py", line 335, in plot_pdfs
    axes[i].axvline(x=y_train[obj][i], color='black', alpha=0.5)
IndexError: index 2214 is out of bounds for axis 0 with size 800
srun: error: cp1-p: task 0: Exited with exit code 1
[27] End job
