[0] setting up environment
2020-01-10 19:17:55.953962: I tensorflow/core/platform/cpu_feature_guard.cc:141] Your CPU supports instructions that this TensorFlow binary was not compiled to use: SSE4.1 SSE4.2 AVX AVX2 FMA
2020-01-10 19:17:55.970761: I tensorflow/core/platform/profile_utils/cpu_utils.cc:94] CPU Frequency: 2099945000 Hz
2020-01-10 19:17:55.976479: I tensorflow/compiler/xla/service/service.cc:150] XLA service 0x7f182f64d050 executing computations on platform Host. Devices:
2020-01-10 19:17:55.976544: I tensorflow/compiler/xla/service/service.cc:158]   StreamExecutor device (0): <undefined>, <undefined>
2020-01-10 19:17:56.704211: I tensorflow/compiler/xla/service/service.cc:150] XLA service 0x7f182f6fc900 executing computations on platform CUDA. Devices:
2020-01-10 19:17:56.704276: I tensorflow/compiler/xla/service/service.cc:158]   StreamExecutor device (0): Tesla P100-PCIE-16GB, Compute Capability 6.0
2020-01-10 19:17:56.704601: I tensorflow/core/common_runtime/gpu/gpu_device.cc:1433] Found device 0 with properties: 
name: Tesla P100-PCIE-16GB major: 6 minor: 0 memoryClockRate(GHz): 1.3285
pciBusID: 0000:83:00.0
totalMemory: 15.90GiB freeMemory: 15.64GiB
2020-01-10 19:17:56.704630: I tensorflow/core/common_runtime/gpu/gpu_device.cc:1512] Adding visible gpu devices: 0
2020-01-10 19:17:56.708397: I tensorflow/core/common_runtime/gpu/gpu_device.cc:984] Device interconnect StreamExecutor with strength 1 edge matrix:
2020-01-10 19:17:56.708421: I tensorflow/core/common_runtime/gpu/gpu_device.cc:990]      0 
2020-01-10 19:17:56.708432: I tensorflow/core/common_runtime/gpu/gpu_device.cc:1003] 0:   N 
2020-01-10 19:17:56.708590: I tensorflow/core/common_runtime/gpu/gpu_device.cc:1115] Created TensorFlow device (/job:localhost/replica:0/task:0/device:GPU:0 with 15216 MB memory) -> physical GPU (device: 0, name: Tesla P100-PCIE-16GB, pci bus id: 0000:83:00.0, compute capability: 6.0)
2020-01-10 19:18:00.977381: I tensorflow/stream_executor/dso_loader.cc:152] successfully opened CUDA library libcublas.so.10.0 locally

WARNING: The TensorFlow contrib module will not be included in TensorFlow 2.0.
For more information, please see:
  * https://github.com/tensorflow/community/blob/master/rfcs/20180907-contrib-sunset.md
  * https://github.com/tensorflow/addons
If you depend on functionality not listed there, please file an issue.

=~=~=~=~=~=~=~=~=~=~=~=~=~=~=~=~=~=~=~=~
=~=~=~=~=~=~=~=~=~=~=~=~=~=~=~=~=~=~=~=~
(6304534, 6)
(7237871, 6)
(456685, 5)
(423353, 5)
Size of features in training data: (800000, 5)
Size of output in training data: (800000,)
Size of features in test data: (499, 5)
Size of output in test data: (499,)
[[0.0930683  0.06428918 0.53346218]
 [0.06529169 0.07373054 0.51170627]
 [0.09165293 0.07260265 0.52428264]
 ...
 [0.05653378 0.03744605 0.53862405]
 [0.14687969 0.13016233 0.47499614]
 [0.05056461 0.04458754 0.5353183 ]]
[289456, 627265, 166279, 163819, 487117, 410770]
[44, 11, 438, 350, 278, 443]
/homes/nramachandra/anaconda3/envs/tf_gpu/lib/python3.6/site-packages/matplotlib/figure.py:445: UserWarning: Matplotlib is currently using agg, which is a non-GUI backend, so cannot show the figure.
  % get_backend())
[7013] End job
