[0] setting up environment
2019-12-20 18:59:27.316435: I tensorflow/core/platform/cpu_feature_guard.cc:141] Your CPU supports instructions that this TensorFlow binary was not compiled to use: SSE4.1 SSE4.2 AVX AVX2 FMA
2019-12-20 18:59:27.333032: I tensorflow/core/platform/profile_utils/cpu_utils.cc:94] CPU Frequency: 2099925000 Hz
2019-12-20 18:59:27.338533: I tensorflow/compiler/xla/service/service.cc:150] XLA service 0x7f29ea119550 executing computations on platform Host. Devices:
2019-12-20 18:59:27.338592: I tensorflow/compiler/xla/service/service.cc:158]   StreamExecutor device (0): <undefined>, <undefined>
2019-12-20 18:59:28.063670: I tensorflow/compiler/xla/service/service.cc:150] XLA service 0x7f29ea1c8e00 executing computations on platform CUDA. Devices:
2019-12-20 18:59:28.063716: I tensorflow/compiler/xla/service/service.cc:158]   StreamExecutor device (0): Tesla P100-PCIE-16GB, Compute Capability 6.0
2019-12-20 18:59:28.064019: I tensorflow/core/common_runtime/gpu/gpu_device.cc:1433] Found device 0 with properties: 
name: Tesla P100-PCIE-16GB major: 6 minor: 0 memoryClockRate(GHz): 1.3285
pciBusID: 0000:83:00.0
totalMemory: 15.90GiB freeMemory: 15.64GiB
2019-12-20 18:59:28.064052: I tensorflow/core/common_runtime/gpu/gpu_device.cc:1512] Adding visible gpu devices: 0
2019-12-20 18:59:28.067776: I tensorflow/core/common_runtime/gpu/gpu_device.cc:984] Device interconnect StreamExecutor with strength 1 edge matrix:
2019-12-20 18:59:28.067800: I tensorflow/core/common_runtime/gpu/gpu_device.cc:990]      0 
2019-12-20 18:59:28.067811: I tensorflow/core/common_runtime/gpu/gpu_device.cc:1003] 0:   N 
2019-12-20 18:59:28.067980: I tensorflow/core/common_runtime/gpu/gpu_device.cc:1115] Created TensorFlow device (/job:localhost/replica:0/task:0/device:GPU:0 with 15216 MB memory) -> physical GPU (device: 0, name: Tesla P100-PCIE-16GB, pci bus id: 0000:83:00.0, compute capability: 6.0)
2019-12-20 18:59:55.632083: I tensorflow/stream_executor/dso_loader.cc:152] successfully opened CUDA library libcublas.so.10.0 locally
/homes/nramachandra/anaconda3/envs/tf_gpu/lib/python3.6/site-packages/matplotlib/figure.py:445: UserWarning: Matplotlib is currently using agg, which is a non-GUI backend, so cannot show the figure.
  % get_backend())

WARNING: The TensorFlow contrib module will not be included in TensorFlow 2.0.
For more information, please see:
  * https://github.com/tensorflow/community/blob/master/rfcs/20180907-contrib-sunset.md
  * https://github.com/tensorflow/addons
If you depend on functionality not listed there, please file an issue.

=~=~=~=~=~=~=~=~=~=~=~=~=~=~=~=~=~=~=~=~
=~=~=~=~=~=~=~=~=~=~=~=~=~=~=~=~=~=~=~=~
Size of features in training data: (2900000, 15)
Size of output in training data: (2900000,)
Size of features in test data: (500, 15)
Size of output in test data: (500,)
[[ 0.32113294  0.32646032  0.35185263]
 [ 0.00952596  0.81222134  0.99536065]
 [ 0.00552558 -0.00402812  0.06778247]
 ...
 [ 0.01265827 -0.06663478 -0.01223735]
 [ 0.2667456   0.34469981  0.34656709]
 [ 0.07257721  0.16230263  0.17007434]]
[2802899, 1210103, 2131613, 2311, 1088552, 708002]
[191, 212, 392, 67, 223, 99]
[30981] End job
