[0] setting up environment
2020-01-29 03:38:00.167714: I tensorflow/core/platform/cpu_feature_guard.cc:141] Your CPU supports instructions that this TensorFlow binary was not compiled to use: SSE4.1 SSE4.2 AVX AVX2 FMA
2020-01-29 03:38:00.184074: I tensorflow/core/platform/profile_utils/cpu_utils.cc:94] CPU Frequency: 2100065000 Hz
2020-01-29 03:38:00.189526: I tensorflow/compiler/xla/service/service.cc:150] XLA service 0x7fdc62553560 executing computations on platform Host. Devices:
2020-01-29 03:38:00.189582: I tensorflow/compiler/xla/service/service.cc:158]   StreamExecutor device (0): <undefined>, <undefined>
2020-01-29 03:38:00.905099: I tensorflow/compiler/xla/service/service.cc:150] XLA service 0x7fdc62602e10 executing computations on platform CUDA. Devices:
2020-01-29 03:38:00.905144: I tensorflow/compiler/xla/service/service.cc:158]   StreamExecutor device (0): Tesla P100-PCIE-16GB, Compute Capability 6.0
2020-01-29 03:38:00.905375: I tensorflow/core/common_runtime/gpu/gpu_device.cc:1433] Found device 0 with properties: 
name: Tesla P100-PCIE-16GB major: 6 minor: 0 memoryClockRate(GHz): 1.3285
pciBusID: 0000:83:00.0
totalMemory: 15.90GiB freeMemory: 15.64GiB
2020-01-29 03:38:00.905402: I tensorflow/core/common_runtime/gpu/gpu_device.cc:1512] Adding visible gpu devices: 0
2020-01-29 03:38:00.908927: I tensorflow/core/common_runtime/gpu/gpu_device.cc:984] Device interconnect StreamExecutor with strength 1 edge matrix:
2020-01-29 03:38:00.908953: I tensorflow/core/common_runtime/gpu/gpu_device.cc:990]      0 
2020-01-29 03:38:00.908963: I tensorflow/core/common_runtime/gpu/gpu_device.cc:1003] 0:   N 
2020-01-29 03:38:00.909134: I tensorflow/core/common_runtime/gpu/gpu_device.cc:1115] Created TensorFlow device (/job:localhost/replica:0/task:0/device:GPU:0 with 15216 MB memory) -> physical GPU (device: 0, name: Tesla P100-PCIE-16GB, pci bus id: 0000:83:00.0, compute capability: 6.0)
2020-01-29 03:38:09.795980: I tensorflow/stream_executor/dso_loader.cc:152] successfully opened CUDA library libcublas.so.10.0 locally

WARNING: The TensorFlow contrib module will not be included in TensorFlow 2.0.
For more information, please see:
  * https://github.com/tensorflow/community/blob/master/rfcs/20180907-contrib-sunset.md
  * https://github.com/tensorflow/addons
If you depend on functionality not listed there, please file an issue.

=~=~=~=~=~=~=~=~=~=~=~=~=~=~=~=~=~=~=~=~
=~=~=~=~=~=~=~=~=~=~=~=~=~=~=~=~=~=~=~=~
Size of features in training data: (800000, 5)
Size of output in training data: (800000,)
Size of features in test data: (499, 5)
Size of output in test data: (499,)
[[0.21791651 0.148959   0.24607293]
 [0.05611432 0.05200361 0.09648521]
 [0.12629152 0.09514271 0.17811858]
 ...
 [0.11281141 0.03137461 0.13093014]
 [0.42927718 0.24827862 0.31196562]
 [0.05302042 0.00207186 0.10321293]]
[233649, 369302, 172313, 199787, 445451, 737856]
[320, 36, 253, 408, 23, 481]
/homes/nramachandra/anaconda3/envs/tf_gpu/lib/python3.6/site-packages/matplotlib/figure.py:445: UserWarning: Matplotlib is currently using agg, which is a non-GUI backend, so cannot show the figure.
  % get_backend())
[7144] End job
