[0] setting up environment
2019-09-18 04:36:18.535502: I tensorflow/core/platform/cpu_feature_guard.cc:141] Your CPU supports instructions that this TensorFlow binary was not compiled to use: SSE4.1 SSE4.2 AVX AVX2 FMA
2019-09-18 04:36:18.550963: I tensorflow/core/platform/profile_utils/cpu_utils.cc:94] CPU Frequency: 2099925000 Hz
2019-09-18 04:36:18.556926: I tensorflow/compiler/xla/service/service.cc:150] XLA service 0x7f621a4f6830 executing computations on platform Host. Devices:
2019-09-18 04:36:18.556986: I tensorflow/compiler/xla/service/service.cc:158]   StreamExecutor device (0): <undefined>, <undefined>
2019-09-18 04:36:19.320602: I tensorflow/compiler/xla/service/service.cc:150] XLA service 0x7f621a5a60b0 executing computations on platform CUDA. Devices:
2019-09-18 04:36:19.320646: I tensorflow/compiler/xla/service/service.cc:158]   StreamExecutor device (0): Tesla P100-PCIE-16GB, Compute Capability 6.0
2019-09-18 04:36:19.320910: I tensorflow/core/common_runtime/gpu/gpu_device.cc:1433] Found device 0 with properties: 
name: Tesla P100-PCIE-16GB major: 6 minor: 0 memoryClockRate(GHz): 1.3285
pciBusID: 0000:83:00.0
totalMemory: 15.90GiB freeMemory: 15.64GiB
2019-09-18 04:36:19.320938: I tensorflow/core/common_runtime/gpu/gpu_device.cc:1512] Adding visible gpu devices: 0
2019-09-18 04:36:19.324641: I tensorflow/core/common_runtime/gpu/gpu_device.cc:984] Device interconnect StreamExecutor with strength 1 edge matrix:
2019-09-18 04:36:19.324666: I tensorflow/core/common_runtime/gpu/gpu_device.cc:990]      0 
2019-09-18 04:36:19.324676: I tensorflow/core/common_runtime/gpu/gpu_device.cc:1003] 0:   N 
2019-09-18 04:36:19.324835: I tensorflow/core/common_runtime/gpu/gpu_device.cc:1115] Created TensorFlow device (/job:localhost/replica:0/task:0/device:GPU:0 with 15216 MB memory) -> physical GPU (device: 0, name: Tesla P100-PCIE-16GB, pci bus id: 0000:83:00.0, compute capability: 6.0)
2019-09-18 04:36:26.879483: I tensorflow/stream_executor/dso_loader.cc:152] successfully opened CUDA library libcublas.so.10.0 locally

WARNING: The TensorFlow contrib module will not be included in TensorFlow 2.0.
For more information, please see:
  * https://github.com/tensorflow/community/blob/master/rfcs/20180907-contrib-sunset.md
  * https://github.com/tensorflow/addons
If you depend on functionality not listed there, please file an issue.

=~=~=~=~=~=~=~=~=~=~=~=~=~=~=~=~=~=~=~=~
=~=~=~=~=~=~=~=~=~=~=~=~=~=~=~=~=~=~=~=~
(6304534, 6)
(7237871, 6)
(456685, 5)
(423353, 5)
Size of features in training data: (800000, 5)
Size of output in training data: (800000,)
Size of features in test data: (5000, 5)
Size of output in test data: (5000,)
[[ 0.44502789  0.17567129  0.08016152]
 [ 0.38017335  0.077889    0.04926103]
 [ 0.87017943  0.86357025  0.64617228]
 ...
 [ 0.36883736  0.22319742  0.14297174]
 [ 0.23334952  0.06125253  0.11530707]
 [ 0.19683696 -0.24964125  0.02352345]]
[78363, 380010, 159195, 131401, 517172, 280119]
[2665, 2169, 4385, 4188, 3477, 2887]
/homes/nramachandra/anaconda3/envs/tf_gpu/lib/python3.6/site-packages/matplotlib/figure.py:445: UserWarning: Matplotlib is currently using agg, which is a non-GUI backend, so cannot show the figure.
  % get_backend())
[747] End job
