[0] setting up environment
2019-10-01 15:45:50.329104: I tensorflow/core/platform/cpu_feature_guard.cc:141] Your CPU supports instructions that this TensorFlow binary was not compiled to use: SSE4.1 SSE4.2 AVX AVX2 FMA
2019-10-01 15:45:50.338384: I tensorflow/core/platform/profile_utils/cpu_utils.cc:94] CPU Frequency: 2099925000 Hz
2019-10-01 15:45:50.342131: I tensorflow/compiler/xla/service/service.cc:150] XLA service 0x7fc105942d50 executing computations on platform Host. Devices:
2019-10-01 15:45:50.342171: I tensorflow/compiler/xla/service/service.cc:158]   StreamExecutor device (0): <undefined>, <undefined>
2019-10-01 15:45:50.995376: I tensorflow/compiler/xla/service/service.cc:150] XLA service 0x7fc1059f2610 executing computations on platform CUDA. Devices:
2019-10-01 15:45:50.995421: I tensorflow/compiler/xla/service/service.cc:158]   StreamExecutor device (0): Tesla P100-PCIE-16GB, Compute Capability 6.0
2019-10-01 15:45:50.995643: I tensorflow/core/common_runtime/gpu/gpu_device.cc:1433] Found device 0 with properties: 
name: Tesla P100-PCIE-16GB major: 6 minor: 0 memoryClockRate(GHz): 1.3285
pciBusID: 0000:83:00.0
totalMemory: 15.90GiB freeMemory: 15.64GiB
2019-10-01 15:45:50.995670: I tensorflow/core/common_runtime/gpu/gpu_device.cc:1512] Adding visible gpu devices: 0
2019-10-01 15:45:50.999271: I tensorflow/core/common_runtime/gpu/gpu_device.cc:984] Device interconnect StreamExecutor with strength 1 edge matrix:
2019-10-01 15:45:50.999295: I tensorflow/core/common_runtime/gpu/gpu_device.cc:990]      0 
2019-10-01 15:45:50.999305: I tensorflow/core/common_runtime/gpu/gpu_device.cc:1003] 0:   N 
2019-10-01 15:45:50.999460: I tensorflow/core/common_runtime/gpu/gpu_device.cc:1115] Created TensorFlow device (/job:localhost/replica:0/task:0/device:GPU:0 with 15216 MB memory) -> physical GPU (device: 0, name: Tesla P100-PCIE-16GB, pci bus id: 0000:83:00.0, compute capability: 6.0)
2019-10-01 15:45:55.281830: I tensorflow/stream_executor/dso_loader.cc:152] successfully opened CUDA library libcublas.so.10.0 locally

WARNING: The TensorFlow contrib module will not be included in TensorFlow 2.0.
For more information, please see:
  * https://github.com/tensorflow/community/blob/master/rfcs/20180907-contrib-sunset.md
  * https://github.com/tensorflow/addons
If you depend on functionality not listed there, please file an issue.

=~=~=~=~=~=~=~=~=~=~=~=~=~=~=~=~=~=~=~=~
=~=~=~=~=~=~=~=~=~=~=~=~=~=~=~=~=~=~=~=~
(6304534, 6)
(7237871, 6)
(456685, 5)
(423353, 5)
Size of features in training data: (800000, 5)
Size of output in training data: (800000,)
Size of features in test data: (4999, 5)
Size of output in test data: (4999,)
Traceback (most recent call last):
  File "mdn_hub2.py", line 545, in <module>
    
  File "/homes/nramachandra/anaconda3/envs/tf_gpu/lib/python3.6/site-packages/tensorflow_hub/module.py", line 319, in export
    self._impl.export(path, session)
  File "/homes/nramachandra/anaconda3/envs/tf_gpu/lib/python3.6/site-packages/tensorflow_hub/native_module.py", line 586, in export
    self._spec._export(path, variables_saver)  # pylint: disable=protected-access
  File "/homes/nramachandra/anaconda3/envs/tf_gpu/lib/python3.6/site-packages/tensorflow_hub/native_module.py", line 358, in _export
    overwrite=False)
  File "/homes/nramachandra/anaconda3/envs/tf_gpu/lib/python3.6/site-packages/tensorflow_hub/tf_utils.py", line 67, in atomic_write_string_to_file
    tf_v1.gfile.Rename(temp_pathname, filename, overwrite)
  File "/homes/nramachandra/anaconda3/envs/tf_gpu/lib/python3.6/site-packages/tensorflow/python/lib/io/file_io.py", line 508, in rename
    rename_v2(oldname, newname, overwrite)
  File "/homes/nramachandra/anaconda3/envs/tf_gpu/lib/python3.6/site-packages/tensorflow/python/lib/io/file_io.py", line 526, in rename_v2
    compat.as_bytes(src), compat.as_bytes(dst), overwrite, status)
  File "/homes/nramachandra/anaconda3/envs/tf_gpu/lib/python3.6/site-packages/tensorflow/python/framework/errors_impl.py", line 528, in __exit__
    c_api.TF_GetCode(self.status.status))
tensorflow.python.framework.errors_impl.AlreadyExistsError: file already exists
srun: error: cp1-p: task 0: Exited with exit code 1
[6958] End job
