[0] setting up environment
2020-01-14 20:43:54.890814: I tensorflow/core/platform/cpu_feature_guard.cc:141] Your CPU supports instructions that this TensorFlow binary was not compiled to use: SSE4.1 SSE4.2 AVX AVX2 FMA
2020-01-14 20:43:54.911333: I tensorflow/core/platform/profile_utils/cpu_utils.cc:94] CPU Frequency: 2099815000 Hz
2020-01-14 20:43:54.917356: I tensorflow/compiler/xla/service/service.cc:150] XLA service 0x7f6643f33bf0 executing computations on platform Host. Devices:
2020-01-14 20:43:54.917425: I tensorflow/compiler/xla/service/service.cc:158]   StreamExecutor device (0): <undefined>, <undefined>
2020-01-14 20:43:55.635737: I tensorflow/compiler/xla/service/service.cc:150] XLA service 0x7f6643fe34a0 executing computations on platform CUDA. Devices:
2020-01-14 20:43:55.635805: I tensorflow/compiler/xla/service/service.cc:158]   StreamExecutor device (0): Tesla P100-PCIE-16GB, Compute Capability 6.0
2020-01-14 20:43:55.636136: I tensorflow/core/common_runtime/gpu/gpu_device.cc:1433] Found device 0 with properties: 
name: Tesla P100-PCIE-16GB major: 6 minor: 0 memoryClockRate(GHz): 1.3285
pciBusID: 0000:83:00.0
totalMemory: 15.90GiB freeMemory: 15.64GiB
2020-01-14 20:43:55.636165: I tensorflow/core/common_runtime/gpu/gpu_device.cc:1512] Adding visible gpu devices: 0
2020-01-14 20:43:55.639976: I tensorflow/core/common_runtime/gpu/gpu_device.cc:984] Device interconnect StreamExecutor with strength 1 edge matrix:
2020-01-14 20:43:55.640001: I tensorflow/core/common_runtime/gpu/gpu_device.cc:990]      0 
2020-01-14 20:43:55.640012: I tensorflow/core/common_runtime/gpu/gpu_device.cc:1003] 0:   N 
2020-01-14 20:43:55.640163: I tensorflow/core/common_runtime/gpu/gpu_device.cc:1115] Created TensorFlow device (/job:localhost/replica:0/task:0/device:GPU:0 with 15216 MB memory) -> physical GPU (device: 0, name: Tesla P100-PCIE-16GB, pci bus id: 0000:83:00.0, compute capability: 6.0)
2020-01-14 20:44:03.152617: I tensorflow/stream_executor/dso_loader.cc:152] successfully opened CUDA library libcublas.so.10.0 locally

WARNING: The TensorFlow contrib module will not be included in TensorFlow 2.0.
For more information, please see:
  * https://github.com/tensorflow/community/blob/master/rfcs/20180907-contrib-sunset.md
  * https://github.com/tensorflow/addons
If you depend on functionality not listed there, please file an issue.

=~=~=~=~=~=~=~=~=~=~=~=~=~=~=~=~=~=~=~=~
=~=~=~=~=~=~=~=~=~=~=~=~=~=~=~=~=~=~=~=~
Size of features in training data: (800000, 5)
Size of output in training data: (800000,)
Size of features in test data: (499, 5)
Size of output in test data: (499,)
[[ 0.36070675  0.02833088 -1.69359242]
 [ 0.36070675  0.02833088 -1.69359242]
 [ 0.36070675  0.02833088 -1.69359242]
 ...
 [ 0.36070675  0.02833088 -1.69359242]
 [ 0.36070675  0.02833088 -1.69359242]
 [ 0.36070675  0.02833088 -1.69359242]]
[469213, 221261, 36085, 137082, 520991, 341301]
[137, 115, 165, 152, 462, 408]
/homes/nramachandra/anaconda3/envs/tf_gpu/lib/python3.6/site-packages/matplotlib/figure.py:445: UserWarning: Matplotlib is currently using agg, which is a non-GUI backend, so cannot show the figure.
  % get_backend())
[7010] End job
