[0] setting up environment
2020-02-20 22:27:12.946497: I tensorflow/core/platform/cpu_feature_guard.cc:141] Your CPU supports instructions that this TensorFlow binary was not compiled to use: SSE4.1 SSE4.2 AVX AVX2 FMA
2020-02-20 22:27:12.964186: I tensorflow/core/platform/profile_utils/cpu_utils.cc:94] CPU Frequency: 2099815000 Hz
2020-02-20 22:27:12.970316: I tensorflow/compiler/xla/service/service.cc:150] XLA service 0x7f3f49d878d0 executing computations on platform Host. Devices:
2020-02-20 22:27:12.970382: I tensorflow/compiler/xla/service/service.cc:158]   StreamExecutor device (0): <undefined>, <undefined>
2020-02-20 22:27:13.674254: I tensorflow/compiler/xla/service/service.cc:150] XLA service 0x7f3f49e37150 executing computations on platform CUDA. Devices:
2020-02-20 22:27:13.674323: I tensorflow/compiler/xla/service/service.cc:158]   StreamExecutor device (0): Tesla P100-PCIE-16GB, Compute Capability 6.0
2020-02-20 22:27:13.674641: I tensorflow/core/common_runtime/gpu/gpu_device.cc:1433] Found device 0 with properties: 
name: Tesla P100-PCIE-16GB major: 6 minor: 0 memoryClockRate(GHz): 1.3285
pciBusID: 0000:83:00.0
totalMemory: 15.90GiB freeMemory: 15.64GiB
2020-02-20 22:27:13.674672: I tensorflow/core/common_runtime/gpu/gpu_device.cc:1512] Adding visible gpu devices: 0
2020-02-20 22:27:13.678183: I tensorflow/core/common_runtime/gpu/gpu_device.cc:984] Device interconnect StreamExecutor with strength 1 edge matrix:
2020-02-20 22:27:13.678207: I tensorflow/core/common_runtime/gpu/gpu_device.cc:990]      0 
2020-02-20 22:27:13.678226: I tensorflow/core/common_runtime/gpu/gpu_device.cc:1003] 0:   N 
2020-02-20 22:27:13.678382: I tensorflow/core/common_runtime/gpu/gpu_device.cc:1115] Created TensorFlow device (/job:localhost/replica:0/task:0/device:GPU:0 with 15216 MB memory) -> physical GPU (device: 0, name: Tesla P100-PCIE-16GB, pci bus id: 0000:83:00.0, compute capability: 6.0)
2020-02-20 22:27:20.363430: I tensorflow/stream_executor/dso_loader.cc:152] successfully opened CUDA library libcublas.so.10.0 locally

WARNING: The TensorFlow contrib module will not be included in TensorFlow 2.0.
For more information, please see:
  * https://github.com/tensorflow/community/blob/master/rfcs/20180907-contrib-sunset.md
  * https://github.com/tensorflow/addons
If you depend on functionality not listed there, please file an issue.

=~=~=~=~=~=~=~=~=~=~=~=~=~=~=~=~=~=~=~=~
=~=~=~=~=~=~=~=~=~=~=~=~=~=~=~=~=~=~=~=~
Train files shape (29066, 100, 5)
(11333, 100, 5)
Train files shape (with z) (1133300, 6)
Size of features in training data: (1100000, 5)
Size of output in training data: (1100000,)
Size of features in test data: (500, 5)
Size of output in test data: (500,)
[[0.05892104 0.02288309 0.06536787]
 [0.0653505  0.0045262  0.07855046]
 [0.04884282 0.00969061 0.03720868]
 ...
 [0.05703236 0.02562749 0.03522909]
 [0.05783692 0.00516488 0.01046561]
 [0.05196228 0.00488924 0.01116032]]
[1042740, 1548, 669475, 688691, 988962, 865181]
[19, 295, 13, 110, 136, 226]
[5199] End job
