[0] setting up environment
2020-01-14 20:32:49.965351: I tensorflow/core/platform/cpu_feature_guard.cc:141] Your CPU supports instructions that this TensorFlow binary was not compiled to use: SSE4.1 SSE4.2 AVX AVX2 FMA
2020-01-14 20:32:49.985234: I tensorflow/core/platform/profile_utils/cpu_utils.cc:94] CPU Frequency: 2099815000 Hz
2020-01-14 20:32:49.991123: I tensorflow/compiler/xla/service/service.cc:150] XLA service 0x7f7bd9260680 executing computations on platform Host. Devices:
2020-01-14 20:32:49.991189: I tensorflow/compiler/xla/service/service.cc:158]   StreamExecutor device (0): <undefined>, <undefined>
2020-01-14 20:32:50.711015: I tensorflow/compiler/xla/service/service.cc:150] XLA service 0x7f7bd930ff00 executing computations on platform CUDA. Devices:
2020-01-14 20:32:50.711055: I tensorflow/compiler/xla/service/service.cc:158]   StreamExecutor device (0): Tesla P100-PCIE-16GB, Compute Capability 6.0
2020-01-14 20:32:50.711289: I tensorflow/core/common_runtime/gpu/gpu_device.cc:1433] Found device 0 with properties: 
name: Tesla P100-PCIE-16GB major: 6 minor: 0 memoryClockRate(GHz): 1.3285
pciBusID: 0000:83:00.0
totalMemory: 15.90GiB freeMemory: 15.64GiB
2020-01-14 20:32:50.711316: I tensorflow/core/common_runtime/gpu/gpu_device.cc:1512] Adding visible gpu devices: 0
2020-01-14 20:32:50.714030: I tensorflow/core/common_runtime/gpu/gpu_device.cc:984] Device interconnect StreamExecutor with strength 1 edge matrix:
2020-01-14 20:32:50.714049: I tensorflow/core/common_runtime/gpu/gpu_device.cc:990]      0 
2020-01-14 20:32:50.714057: I tensorflow/core/common_runtime/gpu/gpu_device.cc:1003] 0:   N 
2020-01-14 20:32:50.714191: I tensorflow/core/common_runtime/gpu/gpu_device.cc:1115] Created TensorFlow device (/job:localhost/replica:0/task:0/device:GPU:0 with 15216 MB memory) -> physical GPU (device: 0, name: Tesla P100-PCIE-16GB, pci bus id: 0000:83:00.0, compute capability: 6.0)

WARNING: The TensorFlow contrib module will not be included in TensorFlow 2.0.
For more information, please see:
  * https://github.com/tensorflow/community/blob/master/rfcs/20180907-contrib-sunset.md
  * https://github.com/tensorflow/addons
If you depend on functionality not listed there, please file an issue.

=~=~=~=~=~=~=~=~=~=~=~=~=~=~=~=~=~=~=~=~
=~=~=~=~=~=~=~=~=~=~=~=~=~=~=~=~=~=~=~=~
Traceback (most recent call last):
  File "mdn_mag_sdss.py", line 595, in <module>
    X_train, y_train, X_test, y_test, ymax, ymin, xmax, xmin = ReadCosmosDraw(path_program = '../../Data/fromGalaxev/photozs/datasets/', num_magI_draws=4)
  File "mdn_mag_sdss.py", line 222, in ReadCosmosDraw
    TrainfilesMagI = np.load(fileInMagI)
  File "/homes/nramachandra/anaconda3/envs/tf_gpu/lib/python3.6/site-packages/numpy/lib/npyio.py", line 415, in load
    fid = open(os_fspath(file), "rb")
FileNotFoundError: [Errno 2] No such file or directory: '../../Data/fromGalaxev/photozs/datasets/new_cosmos_sdss/all_prior_mag_sdss.npy'
srun: error: cp2-p: task 0: Exited with exit code 1
[10] End job
