[0] setting up environment
2020-01-10 19:19:18.851340: I tensorflow/core/platform/cpu_feature_guard.cc:141] Your CPU supports instructions that this TensorFlow binary was not compiled to use: SSE4.1 SSE4.2 AVX AVX2 FMA
2020-01-10 19:19:18.872662: I tensorflow/core/platform/profile_utils/cpu_utils.cc:94] CPU Frequency: 2100065000 Hz
2020-01-10 19:19:18.878283: I tensorflow/compiler/xla/service/service.cc:150] XLA service 0x7fd912ee7f90 executing computations on platform Host. Devices:
2020-01-10 19:19:18.878348: I tensorflow/compiler/xla/service/service.cc:158]   StreamExecutor device (0): <undefined>, <undefined>
2020-01-10 19:19:19.607385: I tensorflow/compiler/xla/service/service.cc:150] XLA service 0x7fd912f97800 executing computations on platform CUDA. Devices:
2020-01-10 19:19:19.607432: I tensorflow/compiler/xla/service/service.cc:158]   StreamExecutor device (0): Tesla P100-PCIE-16GB, Compute Capability 6.0
2020-01-10 19:19:19.607679: I tensorflow/core/common_runtime/gpu/gpu_device.cc:1433] Found device 0 with properties: 
name: Tesla P100-PCIE-16GB major: 6 minor: 0 memoryClockRate(GHz): 1.3285
pciBusID: 0000:83:00.0
totalMemory: 15.90GiB freeMemory: 15.64GiB
2020-01-10 19:19:19.607706: I tensorflow/core/common_runtime/gpu/gpu_device.cc:1512] Adding visible gpu devices: 0
2020-01-10 19:19:19.611373: I tensorflow/core/common_runtime/gpu/gpu_device.cc:984] Device interconnect StreamExecutor with strength 1 edge matrix:
2020-01-10 19:19:19.611398: I tensorflow/core/common_runtime/gpu/gpu_device.cc:990]      0 
2020-01-10 19:19:19.611408: I tensorflow/core/common_runtime/gpu/gpu_device.cc:1003] 0:   N 
2020-01-10 19:19:19.611556: I tensorflow/core/common_runtime/gpu/gpu_device.cc:1115] Created TensorFlow device (/job:localhost/replica:0/task:0/device:GPU:0 with 15216 MB memory) -> physical GPU (device: 0, name: Tesla P100-PCIE-16GB, pci bus id: 0000:83:00.0, compute capability: 6.0)
2020-01-10 19:19:23.940686: I tensorflow/stream_executor/dso_loader.cc:152] successfully opened CUDA library libcublas.so.10.0 locally

WARNING: The TensorFlow contrib module will not be included in TensorFlow 2.0.
For more information, please see:
  * https://github.com/tensorflow/community/blob/master/rfcs/20180907-contrib-sunset.md
  * https://github.com/tensorflow/addons
If you depend on functionality not listed there, please file an issue.

=~=~=~=~=~=~=~=~=~=~=~=~=~=~=~=~=~=~=~=~
=~=~=~=~=~=~=~=~=~=~=~=~=~=~=~=~=~=~=~=~
(6304534, 6)
(7237871, 6)
(456685, 5)
(423353, 5)
Size of features in training data: (800000, 5)
Size of output in training data: (800000,)
Size of features in test data: (499, 5)
Size of output in test data: (499,)
[[0.05196716 0.44333713 0.07640077]
 [0.02953917 0.41040381 0.06923286]
 [0.08595359 0.4336404  0.10485218]
 ...
 [0.12005655 0.43834265 0.13883479]
 [0.0193755  0.51557872 0.03374384]
 [0.23438519 0.42835466 0.23976265]]
[795280, 4571, 720846, 96440, 439970, 139882]
[131, 298, 375, 162, 275, 194]
/homes/nramachandra/anaconda3/envs/tf_gpu/lib/python3.6/site-packages/matplotlib/figure.py:445: UserWarning: Matplotlib is currently using agg, which is a non-GUI backend, so cannot show the figure.
  % get_backend())
[7015] End job
