[0] setting up environment
2020-02-20 23:36:04.501195: I tensorflow/core/platform/cpu_feature_guard.cc:141] Your CPU supports instructions that this TensorFlow binary was not compiled to use: SSE4.1 SSE4.2 AVX AVX2 FMA
2020-02-20 23:36:04.518803: I tensorflow/core/platform/profile_utils/cpu_utils.cc:94] CPU Frequency: 2099945000 Hz
2020-02-20 23:36:04.524650: I tensorflow/compiler/xla/service/service.cc:150] XLA service 0x7f8c71b934f0 executing computations on platform Host. Devices:
2020-02-20 23:36:04.524710: I tensorflow/compiler/xla/service/service.cc:158]   StreamExecutor device (0): <undefined>, <undefined>
2020-02-20 23:36:05.153706: I tensorflow/compiler/xla/service/service.cc:150] XLA service 0x7f8c71b99160 executing computations on platform CUDA. Devices:
2020-02-20 23:36:05.153743: I tensorflow/compiler/xla/service/service.cc:158]   StreamExecutor device (0): Tesla P100-PCIE-16GB, Compute Capability 6.0
2020-02-20 23:36:05.153914: I tensorflow/core/common_runtime/gpu/gpu_device.cc:1433] Found device 0 with properties: 
name: Tesla P100-PCIE-16GB major: 6 minor: 0 memoryClockRate(GHz): 1.3285
pciBusID: 0000:83:00.0
totalMemory: 15.90GiB freeMemory: 15.64GiB
2020-02-20 23:36:05.153935: I tensorflow/core/common_runtime/gpu/gpu_device.cc:1512] Adding visible gpu devices: 0
2020-02-20 23:36:05.157085: I tensorflow/core/common_runtime/gpu/gpu_device.cc:984] Device interconnect StreamExecutor with strength 1 edge matrix:
2020-02-20 23:36:05.157108: I tensorflow/core/common_runtime/gpu/gpu_device.cc:990]      0 
2020-02-20 23:36:05.157118: I tensorflow/core/common_runtime/gpu/gpu_device.cc:1003] 0:   N 
2020-02-20 23:36:05.157240: I tensorflow/core/common_runtime/gpu/gpu_device.cc:1115] Created TensorFlow device (/job:localhost/replica:0/task:0/device:GPU:0 with 15216 MB memory) -> physical GPU (device: 0, name: Tesla P100-PCIE-16GB, pci bus id: 0000:83:00.0, compute capability: 6.0)
2020-02-20 23:36:11.257982: I tensorflow/stream_executor/dso_loader.cc:152] successfully opened CUDA library libcublas.so.10.0 locally

WARNING: The TensorFlow contrib module will not be included in TensorFlow 2.0.
For more information, please see:
  * https://github.com/tensorflow/community/blob/master/rfcs/20180907-contrib-sunset.md
  * https://github.com/tensorflow/addons
If you depend on functionality not listed there, please file an issue.

=~=~=~=~=~=~=~=~=~=~=~=~=~=~=~=~=~=~=~=~
=~=~=~=~=~=~=~=~=~=~=~=~=~=~=~=~=~=~=~=~
Train files shape (29066, 100, 5)
(11333, 100, 5)
Train files shape (with z) (1133300, 6)
Size of features in training data: (1100000, 5)
Size of output in training data: (1100000,)
Size of features in test data: (500, 5)
Size of output in test data: (500,)
[[ 0.06564391 -0.00039148  0.02950637]
 [ 0.03972013  0.03670578  0.00651796]
 [ 0.04235204 -0.02517846  0.01088401]
 ...
 [ 0.05035829  0.02984801  0.02724154]
 [ 0.02489505  0.07890463  0.00571958]
 [ 0.02346194  0.07575257  0.00620401]]
[122993, 255438, 135281, 312036, 937133, 41432]
[29, 2, 97, 454, 385, 149]
[5219] End job
