[0] setting up environment
2020-01-09 19:56:39.845448: I tensorflow/core/platform/cpu_feature_guard.cc:141] Your CPU supports instructions that this TensorFlow binary was not compiled to use: SSE4.1 SSE4.2 AVX AVX2 FMA
2020-01-09 19:56:39.855354: I tensorflow/core/platform/profile_utils/cpu_utils.cc:94] CPU Frequency: 2099925000 Hz
2020-01-09 19:56:39.858727: I tensorflow/compiler/xla/service/service.cc:150] XLA service 0x7ff94fe80650 executing computations on platform Host. Devices:
2020-01-09 19:56:39.858788: I tensorflow/compiler/xla/service/service.cc:158]   StreamExecutor device (0): <undefined>, <undefined>
2020-01-09 19:56:40.466347: I tensorflow/compiler/xla/service/service.cc:150] XLA service 0x7ff94ff2fed0 executing computations on platform CUDA. Devices:
2020-01-09 19:56:40.466396: I tensorflow/compiler/xla/service/service.cc:158]   StreamExecutor device (0): Tesla P100-PCIE-16GB, Compute Capability 6.0
2020-01-09 19:56:40.466656: I tensorflow/core/common_runtime/gpu/gpu_device.cc:1433] Found device 0 with properties: 
name: Tesla P100-PCIE-16GB major: 6 minor: 0 memoryClockRate(GHz): 1.3285
pciBusID: 0000:83:00.0
totalMemory: 15.90GiB freeMemory: 15.64GiB
2020-01-09 19:56:40.466686: I tensorflow/core/common_runtime/gpu/gpu_device.cc:1512] Adding visible gpu devices: 0
2020-01-09 19:56:40.470309: I tensorflow/core/common_runtime/gpu/gpu_device.cc:984] Device interconnect StreamExecutor with strength 1 edge matrix:
2020-01-09 19:56:40.470333: I tensorflow/core/common_runtime/gpu/gpu_device.cc:990]      0 
2020-01-09 19:56:40.470342: I tensorflow/core/common_runtime/gpu/gpu_device.cc:1003] 0:   N 
2020-01-09 19:56:40.470497: I tensorflow/core/common_runtime/gpu/gpu_device.cc:1115] Created TensorFlow device (/job:localhost/replica:0/task:0/device:GPU:0 with 15216 MB memory) -> physical GPU (device: 0, name: Tesla P100-PCIE-16GB, pci bus id: 0000:83:00.0, compute capability: 6.0)
2020-01-09 19:57:07.914623: I tensorflow/stream_executor/dso_loader.cc:152] successfully opened CUDA library libcublas.so.10.0 locally

WARNING: The TensorFlow contrib module will not be included in TensorFlow 2.0.
For more information, please see:
  * https://github.com/tensorflow/community/blob/master/rfcs/20180907-contrib-sunset.md
  * https://github.com/tensorflow/addons
If you depend on functionality not listed there, please file an issue.

=~=~=~=~=~=~=~=~=~=~=~=~=~=~=~=~=~=~=~=~
=~=~=~=~=~=~=~=~=~=~=~=~=~=~=~=~=~=~=~=~
Size of features in training data: (2900000, 15)
Size of output in training data: (2900000,)
Size of features in test data: (500, 15)
Size of output in test data: (500,)
[[ 0.22484344  0.04526439  0.03441763]
 [ 0.19363431  0.10710568  0.10765186]
 [ 0.3188563   0.03627593  0.01693877]
 ...
 [ 0.23633217  0.01415812  0.0190648 ]
 [ 0.30486196  0.00689992 -0.00594331]
 [ 0.27704104  0.00747242  0.00441363]]
[454059, 224519, 1124883, 1435575, 146838, 1060965]
[350, 267, 224, 447, 58, 276]
/homes/nramachandra/anaconda3/envs/tf_gpu/lib/python3.6/site-packages/matplotlib/figure.py:445: UserWarning: Matplotlib is currently using agg, which is a non-GUI backend, so cannot show the figure.
  % get_backend())
[30416] End job
