[0] setting up environment
2020-01-10 17:35:47.721414: I tensorflow/core/platform/cpu_feature_guard.cc:141] Your CPU supports instructions that this TensorFlow binary was not compiled to use: SSE4.1 SSE4.2 AVX AVX2 FMA
2020-01-10 17:35:47.739359: I tensorflow/core/platform/profile_utils/cpu_utils.cc:94] CPU Frequency: 2099925000 Hz
2020-01-10 17:35:47.744640: I tensorflow/compiler/xla/service/service.cc:150] XLA service 0x7f1ce6e4f800 executing computations on platform Host. Devices:
2020-01-10 17:35:47.744699: I tensorflow/compiler/xla/service/service.cc:158]   StreamExecutor device (0): <undefined>, <undefined>
2020-01-10 17:35:48.481298: I tensorflow/compiler/xla/service/service.cc:150] XLA service 0x7f1ce6eff080 executing computations on platform CUDA. Devices:
2020-01-10 17:35:48.481346: I tensorflow/compiler/xla/service/service.cc:158]   StreamExecutor device (0): Tesla P100-PCIE-16GB, Compute Capability 6.0
2020-01-10 17:35:48.481611: I tensorflow/core/common_runtime/gpu/gpu_device.cc:1433] Found device 0 with properties: 
name: Tesla P100-PCIE-16GB major: 6 minor: 0 memoryClockRate(GHz): 1.3285
pciBusID: 0000:83:00.0
totalMemory: 15.90GiB freeMemory: 15.64GiB
2020-01-10 17:35:48.481634: I tensorflow/core/common_runtime/gpu/gpu_device.cc:1512] Adding visible gpu devices: 0
2020-01-10 17:35:48.485085: I tensorflow/core/common_runtime/gpu/gpu_device.cc:984] Device interconnect StreamExecutor with strength 1 edge matrix:
2020-01-10 17:35:48.485109: I tensorflow/core/common_runtime/gpu/gpu_device.cc:990]      0 
2020-01-10 17:35:48.485119: I tensorflow/core/common_runtime/gpu/gpu_device.cc:1003] 0:   N 
2020-01-10 17:35:48.485276: I tensorflow/core/common_runtime/gpu/gpu_device.cc:1115] Created TensorFlow device (/job:localhost/replica:0/task:0/device:GPU:0 with 15216 MB memory) -> physical GPU (device: 0, name: Tesla P100-PCIE-16GB, pci bus id: 0000:83:00.0, compute capability: 6.0)
2020-01-10 17:35:58.574864: I tensorflow/stream_executor/dso_loader.cc:152] successfully opened CUDA library libcublas.so.10.0 locally

WARNING: The TensorFlow contrib module will not be included in TensorFlow 2.0.
For more information, please see:
  * https://github.com/tensorflow/community/blob/master/rfcs/20180907-contrib-sunset.md
  * https://github.com/tensorflow/addons
If you depend on functionality not listed there, please file an issue.

=~=~=~=~=~=~=~=~=~=~=~=~=~=~=~=~=~=~=~=~
=~=~=~=~=~=~=~=~=~=~=~=~=~=~=~=~=~=~=~=~
Size of features in training data: (2900000, 4)
Size of output in training data: (2900000,)
Size of features in test data: (500, 4)
Size of output in test data: (500,)
[[0.08102703 0.4147622  0.01873669]
 [0.08102703 0.4147622  0.01873669]
 [0.08102703 0.4147622  0.01873669]
 ...
 [0.08102703 0.4147622  0.01873669]
 [0.08102703 0.4147622  0.01873669]
 [0.08102703 0.4147622  0.01873669]]
[2792706, 1093222, 762378, 1177397, 863209, 2527003]
[101, 277, 90, 92, 70, 188]
/homes/nramachandra/anaconda3/envs/tf_gpu/lib/python3.6/site-packages/matplotlib/figure.py:445: UserWarning: Matplotlib is currently using agg, which is a non-GUI backend, so cannot show the figure.
  % get_backend())
[30236] End job
