[0] setting up environment
2019-12-16 22:04:00.860081: I tensorflow/core/platform/cpu_feature_guard.cc:141] Your CPU supports instructions that this TensorFlow binary was not compiled to use: SSE4.1 SSE4.2 AVX AVX2 FMA
2019-12-16 22:04:00.882004: I tensorflow/core/platform/profile_utils/cpu_utils.cc:94] CPU Frequency: 2099925000 Hz
2019-12-16 22:04:00.887729: I tensorflow/compiler/xla/service/service.cc:150] XLA service 0x7f06160241e0 executing computations on platform Host. Devices:
2019-12-16 22:04:00.887803: I tensorflow/compiler/xla/service/service.cc:158]   StreamExecutor device (0): <undefined>, <undefined>
2019-12-16 22:04:01.644593: I tensorflow/compiler/xla/service/service.cc:150] XLA service 0x7f06160d3a90 executing computations on platform CUDA. Devices:
2019-12-16 22:04:01.644662: I tensorflow/compiler/xla/service/service.cc:158]   StreamExecutor device (0): Tesla P100-PCIE-16GB, Compute Capability 6.0
2019-12-16 22:04:01.644977: I tensorflow/core/common_runtime/gpu/gpu_device.cc:1433] Found device 0 with properties: 
name: Tesla P100-PCIE-16GB major: 6 minor: 0 memoryClockRate(GHz): 1.3285
pciBusID: 0000:83:00.0
totalMemory: 15.90GiB freeMemory: 15.64GiB
2019-12-16 22:04:01.645008: I tensorflow/core/common_runtime/gpu/gpu_device.cc:1512] Adding visible gpu devices: 0
2019-12-16 22:04:01.648735: I tensorflow/core/common_runtime/gpu/gpu_device.cc:984] Device interconnect StreamExecutor with strength 1 edge matrix:
2019-12-16 22:04:01.648766: I tensorflow/core/common_runtime/gpu/gpu_device.cc:990]      0 
2019-12-16 22:04:01.648777: I tensorflow/core/common_runtime/gpu/gpu_device.cc:1003] 0:   N 
2019-12-16 22:04:01.648929: I tensorflow/core/common_runtime/gpu/gpu_device.cc:1115] Created TensorFlow device (/job:localhost/replica:0/task:0/device:GPU:0 with 15216 MB memory) -> physical GPU (device: 0, name: Tesla P100-PCIE-16GB, pci bus id: 0000:83:00.0, compute capability: 6.0)
2019-12-16 22:04:04.126535: I tensorflow/stream_executor/dso_loader.cc:152] successfully opened CUDA library libcublas.so.10.0 locally

WARNING: The TensorFlow contrib module will not be included in TensorFlow 2.0.
For more information, please see:
  * https://github.com/tensorflow/community/blob/master/rfcs/20180907-contrib-sunset.md
  * https://github.com/tensorflow/addons
If you depend on functionality not listed there, please file an issue.

=~=~=~=~=~=~=~=~=~=~=~=~=~=~=~=~=~=~=~=~
=~=~=~=~=~=~=~=~=~=~=~=~=~=~=~=~=~=~=~=~
hub_mod_Synthetic_False_lr_0.0001_dr0.01_step100_ne200_k3_nt800
(6304534, 6)
(7237871, 6)
(456685, 5)
(423353, 5)
Size of features in training data: (800, 5)
Size of output in training data: (800,)
Size of features in test data: (4999, 5)
Size of output in test data: (4999,)
[[ 0.21178566 -0.15710444  0.03991582]
 [ 0.19542074 -0.17733592  0.01846174]
 [ 0.25022587 -0.16544308  0.03739716]
 ...
 [ 0.21278114 -0.2051522   0.02256139]
 [ 0.21385966 -0.20500931  0.01962436]
 [ 0.205576   -0.19723827  0.02134856]]
[519, 24, 105, 121, 670, 754]
[2670, 1033, 4345, 3808, 3770, 4903]
/homes/nramachandra/anaconda3/envs/tf_gpu/lib/python3.6/site-packages/matplotlib/figure.py:445: UserWarning: Matplotlib is currently using agg, which is a non-GUI backend, so cannot show the figure.
  % get_backend())
Traceback (most recent call last):
  File "mdn_hub2.py", line 596, in <module>
    plot_pdfs(test_means,test_weights,test_std,train=False)
  File "mdn_hub2.py", line 335, in plot_pdfs
    axes[i].axvline(x=y_train[obj][i], color='black', alpha=0.5)
IndexError: index 2670 is out of bounds for axis 0 with size 800
srun: error: cp1-p: task 0: Exited with exit code 1
[19] End job
