[0] setting up environment
2019-12-19 23:17:22.812969: I tensorflow/core/platform/cpu_feature_guard.cc:141] Your CPU supports instructions that this TensorFlow binary was not compiled to use: SSE4.1 SSE4.2 AVX AVX2 FMA
2019-12-19 23:17:22.833844: I tensorflow/core/platform/profile_utils/cpu_utils.cc:94] CPU Frequency: 2099925000 Hz
2019-12-19 23:17:22.839055: I tensorflow/compiler/xla/service/service.cc:150] XLA service 0x7fb994f4a890 executing computations on platform Host. Devices:
2019-12-19 23:17:22.839120: I tensorflow/compiler/xla/service/service.cc:158]   StreamExecutor device (0): <undefined>, <undefined>
2019-12-19 23:17:23.566064: I tensorflow/compiler/xla/service/service.cc:150] XLA service 0x7fb994ffa110 executing computations on platform CUDA. Devices:
2019-12-19 23:17:23.566111: I tensorflow/compiler/xla/service/service.cc:158]   StreamExecutor device (0): Tesla P100-PCIE-16GB, Compute Capability 6.0
2019-12-19 23:17:23.566359: I tensorflow/core/common_runtime/gpu/gpu_device.cc:1433] Found device 0 with properties: 
name: Tesla P100-PCIE-16GB major: 6 minor: 0 memoryClockRate(GHz): 1.3285
pciBusID: 0000:83:00.0
totalMemory: 15.90GiB freeMemory: 15.64GiB
2019-12-19 23:17:23.566387: I tensorflow/core/common_runtime/gpu/gpu_device.cc:1512] Adding visible gpu devices: 0
2019-12-19 23:17:23.570064: I tensorflow/core/common_runtime/gpu/gpu_device.cc:984] Device interconnect StreamExecutor with strength 1 edge matrix:
2019-12-19 23:17:23.570088: I tensorflow/core/common_runtime/gpu/gpu_device.cc:990]      0 
2019-12-19 23:17:23.570098: I tensorflow/core/common_runtime/gpu/gpu_device.cc:1003] 0:   N 
2019-12-19 23:17:23.570250: I tensorflow/core/common_runtime/gpu/gpu_device.cc:1115] Created TensorFlow device (/job:localhost/replica:0/task:0/device:GPU:0 with 15216 MB memory) -> physical GPU (device: 0, name: Tesla P100-PCIE-16GB, pci bus id: 0000:83:00.0, compute capability: 6.0)
2019-12-19 23:17:33.566123: I tensorflow/stream_executor/dso_loader.cc:152] successfully opened CUDA library libcublas.so.10.0 locally

WARNING: The TensorFlow contrib module will not be included in TensorFlow 2.0.
For more information, please see:
  * https://github.com/tensorflow/community/blob/master/rfcs/20180907-contrib-sunset.md
  * https://github.com/tensorflow/addons
If you depend on functionality not listed there, please file an issue.

=~=~=~=~=~=~=~=~=~=~=~=~=~=~=~=~=~=~=~=~
=~=~=~=~=~=~=~=~=~=~=~=~=~=~=~=~=~=~=~=~
Size of features in training data: (2900000, 4)
Size of output in training data: (2900000,)
Size of features in test data: (500, 4)
Size of output in test data: (500,)
[[0.01558942 0.14470821 0.19540588]
 [0.01771025 0.16594254 0.35795875]
 [0.00991037 0.08362159 0.02842824]
 ...
 [0.02911486 0.19336835 0.36667135]
 [0.01125235 0.12878625 0.23338553]
 [0.01209788 0.13846091 0.15545578]]
[387706, 787391, 1658042, 638523, 1455015, 1066608]
[305, 129, 323, 75, 329, 199]
/homes/nramachandra/anaconda3/envs/tf_gpu/lib/python3.6/site-packages/matplotlib/figure.py:445: UserWarning: Matplotlib is currently using agg, which is a non-GUI backend, so cannot show the figure.
  % get_backend())
[29987] End job
