[0] setting up environment
2019-10-01 16:17:35.842436: I tensorflow/core/platform/cpu_feature_guard.cc:141] Your CPU supports instructions that this TensorFlow binary was not compiled to use: SSE4.1 SSE4.2 AVX AVX2 FMA
2019-10-01 16:17:35.856336: I tensorflow/core/platform/profile_utils/cpu_utils.cc:94] CPU Frequency: 2099945000 Hz
2019-10-01 16:17:35.861295: I tensorflow/compiler/xla/service/service.cc:150] XLA service 0x7f4545a6b5d0 executing computations on platform Host. Devices:
2019-10-01 16:17:35.861346: I tensorflow/compiler/xla/service/service.cc:158]   StreamExecutor device (0): <undefined>, <undefined>
2019-10-01 16:17:36.613523: I tensorflow/compiler/xla/service/service.cc:150] XLA service 0x7f4545b1ae60 executing computations on platform CUDA. Devices:
2019-10-01 16:17:36.613569: I tensorflow/compiler/xla/service/service.cc:158]   StreamExecutor device (0): Tesla P100-PCIE-16GB, Compute Capability 6.0
2019-10-01 16:17:36.613812: I tensorflow/core/common_runtime/gpu/gpu_device.cc:1433] Found device 0 with properties: 
name: Tesla P100-PCIE-16GB major: 6 minor: 0 memoryClockRate(GHz): 1.3285
pciBusID: 0000:83:00.0
totalMemory: 15.90GiB freeMemory: 15.64GiB
2019-10-01 16:17:36.613840: I tensorflow/core/common_runtime/gpu/gpu_device.cc:1512] Adding visible gpu devices: 0
2019-10-01 16:17:36.620718: I tensorflow/core/common_runtime/gpu/gpu_device.cc:984] Device interconnect StreamExecutor with strength 1 edge matrix:
2019-10-01 16:17:36.620741: I tensorflow/core/common_runtime/gpu/gpu_device.cc:990]      0 
2019-10-01 16:17:36.620750: I tensorflow/core/common_runtime/gpu/gpu_device.cc:1003] 0:   N 
2019-10-01 16:17:36.620897: I tensorflow/core/common_runtime/gpu/gpu_device.cc:1115] Created TensorFlow device (/job:localhost/replica:0/task:0/device:GPU:0 with 15216 MB memory) -> physical GPU (device: 0, name: Tesla P100-PCIE-16GB, pci bus id: 0000:83:00.0, compute capability: 6.0)
2019-10-01 16:18:22.380078: I tensorflow/stream_executor/dso_loader.cc:152] successfully opened CUDA library libcublas.so.10.0 locally

WARNING: The TensorFlow contrib module will not be included in TensorFlow 2.0.
For more information, please see:
  * https://github.com/tensorflow/community/blob/master/rfcs/20180907-contrib-sunset.md
  * https://github.com/tensorflow/addons
If you depend on functionality not listed there, please file an issue.

=~=~=~=~=~=~=~=~=~=~=~=~=~=~=~=~=~=~=~=~
=~=~=~=~=~=~=~=~=~=~=~=~=~=~=~=~=~=~=~=~
(6304534, 6)
(7237871, 6)
(456685, 5)
(423353, 5)
Size of features in training data: (12000000, 5)
Size of output in training data: (12000000,)
Size of features in test data: (5000, 5)
Size of output in test data: (5000,)
[[0.68575274 0.82722447 0.87640245]
 [0.38271824 0.54881    0.48553137]
 [0.43162354 0.59374198 0.54861219]
 ...
 [0.49328451 0.65039331 0.628146  ]
 [0.0465043  0.23991175 0.05186356]
 [0.27744673 0.45209127 0.34974621]]
[2366677, 9206964, 6176291, 4957613, 6277329, 9892796]
[292, 775, 1640, 3266, 3043, 2161]
/homes/nramachandra/anaconda3/envs/tf_gpu/lib/python3.6/site-packages/matplotlib/figure.py:445: UserWarning: Matplotlib is currently using agg, which is a non-GUI backend, so cannot show the figure.
  % get_backend())
[126262] End job
