[0] setting up environment
2020-01-29 03:36:29.227790: I tensorflow/core/platform/cpu_feature_guard.cc:141] Your CPU supports instructions that this TensorFlow binary was not compiled to use: SSE4.1 SSE4.2 AVX AVX2 FMA
2020-01-29 03:36:29.249369: I tensorflow/core/platform/profile_utils/cpu_utils.cc:94] CPU Frequency: 2099815000 Hz
2020-01-29 03:36:29.255492: I tensorflow/compiler/xla/service/service.cc:150] XLA service 0x7f21112f5dc0 executing computations on platform Host. Devices:
2020-01-29 03:36:29.255557: I tensorflow/compiler/xla/service/service.cc:158]   StreamExecutor device (0): <undefined>, <undefined>
2020-01-29 03:36:29.985202: I tensorflow/compiler/xla/service/service.cc:150] XLA service 0x7f21113a5660 executing computations on platform CUDA. Devices:
2020-01-29 03:36:29.985267: I tensorflow/compiler/xla/service/service.cc:158]   StreamExecutor device (0): Tesla P100-PCIE-16GB, Compute Capability 6.0
2020-01-29 03:36:29.985525: I tensorflow/core/common_runtime/gpu/gpu_device.cc:1433] Found device 0 with properties: 
name: Tesla P100-PCIE-16GB major: 6 minor: 0 memoryClockRate(GHz): 1.3285
pciBusID: 0000:83:00.0
totalMemory: 15.90GiB freeMemory: 15.64GiB
2020-01-29 03:36:29.985556: I tensorflow/core/common_runtime/gpu/gpu_device.cc:1512] Adding visible gpu devices: 0
2020-01-29 03:36:29.989252: I tensorflow/core/common_runtime/gpu/gpu_device.cc:984] Device interconnect StreamExecutor with strength 1 edge matrix:
2020-01-29 03:36:29.989275: I tensorflow/core/common_runtime/gpu/gpu_device.cc:990]      0 
2020-01-29 03:36:29.989284: I tensorflow/core/common_runtime/gpu/gpu_device.cc:1003] 0:   N 
2020-01-29 03:36:29.989433: I tensorflow/core/common_runtime/gpu/gpu_device.cc:1115] Created TensorFlow device (/job:localhost/replica:0/task:0/device:GPU:0 with 15216 MB memory) -> physical GPU (device: 0, name: Tesla P100-PCIE-16GB, pci bus id: 0000:83:00.0, compute capability: 6.0)
2020-01-29 03:37:49.714944: I tensorflow/stream_executor/dso_loader.cc:152] successfully opened CUDA library libcublas.so.10.0 locally

WARNING: The TensorFlow contrib module will not be included in TensorFlow 2.0.
For more information, please see:
  * https://github.com/tensorflow/community/blob/master/rfcs/20180907-contrib-sunset.md
  * https://github.com/tensorflow/addons
If you depend on functionality not listed there, please file an issue.

=~=~=~=~=~=~=~=~=~=~=~=~=~=~=~=~=~=~=~=~
=~=~=~=~=~=~=~=~=~=~=~=~=~=~=~=~=~=~=~=~
Size of features in training data: (8000000, 16)
Size of output in training data: (8000000,)
Size of features in test data: (499, 16)
Size of output in test data: (499,)
[[0.30542788 0.34461742 0.47138834]
 [0.12549893 0.15433236 0.35041619]
 [0.4152179  0.46072658 0.54520378]
 ...
 [0.21596907 0.25000966 0.41124224]
 [0.00813389 0.03021219 0.27150783]
 [0.29851847 0.33731032 0.46674292]]
[7415930, 2427163, 5920601, 4749915, 6290872, 831797]
[488, 407, 0, 261, 303, 456]
/homes/nramachandra/anaconda3/envs/tf_gpu/lib/python3.6/site-packages/matplotlib/figure.py:445: UserWarning: Matplotlib is currently using agg, which is a non-GUI backend, so cannot show the figure.
  % get_backend())
[82670] End job
